[0.121s] DEBUG:colcon:Command line arguments: ['/usr/bin/colcon', 'build']
[0.121s] DEBUG:colcon:Parsed command line arguments: Namespace(log_base=None, log_level=None, verb_name='build', build_base='build', install_base='install', merge_install=False, symlink_install=False, test_result_base=None, continue_on_error=False, executor='parallel', parallel_workers=12, event_handlers=None, ignore_user_meta=False, metas=['./colcon.meta'], base_paths=['.'], packages_ignore=None, packages_ignore_regex=None, paths=None, packages_up_to=None, packages_up_to_regex=None, packages_above=None, packages_above_and_dependencies=None, packages_above_depth=None, packages_select_by_dep=None, packages_skip_by_dep=None, packages_skip_up_to=None, packages_select_build_failed=False, packages_skip_build_finished=False, packages_select_test_failures=False, packages_skip_test_passed=False, packages_select=None, packages_skip=None, packages_select_regex=None, packages_skip_regex=None, packages_start=None, packages_end=None, allow_overriding=[], cmake_args=None, cmake_target=None, cmake_target_skip_unavailable=False, cmake_clean_cache=False, cmake_clean_first=False, cmake_force_configure=False, ament_cmake_args=None, catkin_cmake_args=None, catkin_skip_building_tests=False, mixin_files=None, mixin=None, verb_parser=<colcon_mixin.mixin.mixin_argument.MixinArgumentDecorator object at 0x79b9d857f670>, verb_extension=<colcon_core.verb.build.BuildVerb object at 0x79b9d857f100>, main=<bound method BuildVerb.main of <colcon_core.verb.build.BuildVerb object at 0x79b9d857f100>>, mixin_verb=('build',))
[0.345s] Level 1:colcon.colcon_core.package_discovery:discover_packages(colcon_meta) check parameters
[0.346s] Level 1:colcon.colcon_core.package_discovery:discover_packages(recursive) check parameters
[0.346s] Level 1:colcon.colcon_core.package_discovery:discover_packages(ignore) check parameters
[0.346s] Level 1:colcon.colcon_core.package_discovery:discover_packages(path) check parameters
[0.346s] Level 1:colcon.colcon_core.package_discovery:discover_packages(colcon_meta) discover
[0.346s] Level 1:colcon.colcon_core.package_discovery:discover_packages(recursive) discover
[0.346s] INFO:colcon.colcon_core.package_discovery:Crawling recursively for packages in '/homes/obluman/Robotics_Lab/ros2_ws'
[0.346s] Level 1:colcon.colcon_core.package_identification:_identify(.) by extensions ['ignore', 'ignore_ament_install']
[0.346s] Level 1:colcon.colcon_core.package_identification:_identify(.) by extension 'ignore'
[0.346s] Level 1:colcon.colcon_core.package_identification:_identify(.) by extension 'ignore_ament_install'
[0.346s] Level 1:colcon.colcon_core.package_identification:_identify(.) by extensions ['colcon_pkg']
[0.346s] Level 1:colcon.colcon_core.package_identification:_identify(.) by extension 'colcon_pkg'
[0.346s] Level 1:colcon.colcon_core.package_identification:_identify(.) by extensions ['colcon_meta']
[0.346s] Level 1:colcon.colcon_core.package_identification:_identify(.) by extension 'colcon_meta'
[0.346s] Level 1:colcon.colcon_core.package_identification:_identify(.) by extensions ['ros']
[0.347s] Level 1:colcon.colcon_core.package_identification:_identify(.) by extension 'ros'
[0.358s] Level 1:colcon.colcon_core.package_identification:_identify(.) by extensions ['cmake', 'python']
[0.358s] Level 1:colcon.colcon_core.package_identification:_identify(.) by extension 'cmake'
[0.358s] Level 1:colcon.colcon_core.package_identification:_identify(.) by extension 'python'
[0.358s] Level 1:colcon.colcon_core.package_identification:_identify(.) by extensions ['python_setup_py']
[0.358s] Level 1:colcon.colcon_core.package_identification:_identify(.) by extension 'python_setup_py'
[0.358s] Level 1:colcon.colcon_core.package_identification:_identify(build) by extensions ['ignore', 'ignore_ament_install']
[0.359s] Level 1:colcon.colcon_core.package_identification:_identify(build) by extension 'ignore'
[0.359s] Level 1:colcon.colcon_core.package_identification:_identify(build) ignored
[0.359s] Level 1:colcon.colcon_core.package_identification:_identify(install) by extensions ['ignore', 'ignore_ament_install']
[0.359s] Level 1:colcon.colcon_core.package_identification:_identify(install) by extension 'ignore'
[0.359s] Level 1:colcon.colcon_core.package_identification:_identify(install) ignored
[0.360s] Level 1:colcon.colcon_core.package_identification:_identify(log) by extensions ['ignore', 'ignore_ament_install']
[0.360s] Level 1:colcon.colcon_core.package_identification:_identify(log) by extension 'ignore'
[0.361s] Level 1:colcon.colcon_core.package_identification:_identify(log) ignored
[0.361s] Level 1:colcon.colcon_core.package_identification:_identify(output) by extensions ['ignore', 'ignore_ament_install']
[0.361s] Level 1:colcon.colcon_core.package_identification:_identify(output) by extension 'ignore'
[0.361s] Level 1:colcon.colcon_core.package_identification:_identify(output) by extension 'ignore_ament_install'
[0.361s] Level 1:colcon.colcon_core.package_identification:_identify(output) by extensions ['colcon_pkg']
[0.361s] Level 1:colcon.colcon_core.package_identification:_identify(output) by extension 'colcon_pkg'
[0.361s] Level 1:colcon.colcon_core.package_identification:_identify(output) by extensions ['colcon_meta']
[0.361s] Level 1:colcon.colcon_core.package_identification:_identify(output) by extension 'colcon_meta'
[0.362s] Level 1:colcon.colcon_core.package_identification:_identify(output) by extensions ['ros']
[0.362s] Level 1:colcon.colcon_core.package_identification:_identify(output) by extension 'ros'
[0.362s] Level 1:colcon.colcon_core.package_identification:_identify(output) by extensions ['cmake', 'python']
[0.362s] Level 1:colcon.colcon_core.package_identification:_identify(output) by extension 'cmake'
[0.362s] Level 1:colcon.colcon_core.package_identification:_identify(output) by extension 'python'
[0.362s] Level 1:colcon.colcon_core.package_identification:_identify(output) by extensions ['python_setup_py']
[0.362s] Level 1:colcon.colcon_core.package_identification:_identify(output) by extension 'python_setup_py'
[0.362s] Level 1:colcon.colcon_core.package_identification:_identify(output/left_camera) by extensions ['ignore', 'ignore_ament_install']
[0.362s] Level 1:colcon.colcon_core.package_identification:_identify(output/left_camera) by extension 'ignore'
[0.362s] Level 1:colcon.colcon_core.package_identification:_identify(output/left_camera) by extension 'ignore_ament_install'
[0.362s] Level 1:colcon.colcon_core.package_identification:_identify(output/left_camera) by extensions ['colcon_pkg']
[0.362s] Level 1:colcon.colcon_core.package_identification:_identify(output/left_camera) by extension 'colcon_pkg'
[0.362s] Level 1:colcon.colcon_core.package_identification:_identify(output/left_camera) by extensions ['colcon_meta']
[0.362s] Level 1:colcon.colcon_core.package_identification:_identify(output/left_camera) by extension 'colcon_meta'
[0.362s] Level 1:colcon.colcon_core.package_identification:_identify(output/left_camera) by extensions ['ros']
[0.363s] Level 1:colcon.colcon_core.package_identification:_identify(output/left_camera) by extension 'ros'
[0.363s] Level 1:colcon.colcon_core.package_identification:_identify(output/left_camera) by extensions ['cmake', 'python']
[0.363s] Level 1:colcon.colcon_core.package_identification:_identify(output/left_camera) by extension 'cmake'
[0.363s] Level 1:colcon.colcon_core.package_identification:_identify(output/left_camera) by extension 'python'
[0.363s] Level 1:colcon.colcon_core.package_identification:_identify(output/left_camera) by extensions ['python_setup_py']
[0.363s] Level 1:colcon.colcon_core.package_identification:_identify(output/left_camera) by extension 'python_setup_py'
[0.363s] Level 1:colcon.colcon_core.package_identification:_identify(output/right_camera) by extensions ['ignore', 'ignore_ament_install']
[0.363s] Level 1:colcon.colcon_core.package_identification:_identify(output/right_camera) by extension 'ignore'
[0.363s] Level 1:colcon.colcon_core.package_identification:_identify(output/right_camera) by extension 'ignore_ament_install'
[0.363s] Level 1:colcon.colcon_core.package_identification:_identify(output/right_camera) by extensions ['colcon_pkg']
[0.363s] Level 1:colcon.colcon_core.package_identification:_identify(output/right_camera) by extension 'colcon_pkg'
[0.363s] Level 1:colcon.colcon_core.package_identification:_identify(output/right_camera) by extensions ['colcon_meta']
[0.363s] Level 1:colcon.colcon_core.package_identification:_identify(output/right_camera) by extension 'colcon_meta'
[0.363s] Level 1:colcon.colcon_core.package_identification:_identify(output/right_camera) by extensions ['ros']
[0.364s] Level 1:colcon.colcon_core.package_identification:_identify(output/right_camera) by extension 'ros'
[0.364s] Level 1:colcon.colcon_core.package_identification:_identify(output/right_camera) by extensions ['cmake', 'python']
[0.364s] Level 1:colcon.colcon_core.package_identification:_identify(output/right_camera) by extension 'cmake'
[0.364s] Level 1:colcon.colcon_core.package_identification:_identify(output/right_camera) by extension 'python'
[0.364s] Level 1:colcon.colcon_core.package_identification:_identify(output/right_camera) by extensions ['python_setup_py']
[0.364s] Level 1:colcon.colcon_core.package_identification:_identify(output/right_camera) by extension 'python_setup_py'
[0.364s] Level 1:colcon.colcon_core.package_identification:_identify(src) by extensions ['ignore', 'ignore_ament_install']
[0.364s] Level 1:colcon.colcon_core.package_identification:_identify(src) by extension 'ignore'
[0.364s] Level 1:colcon.colcon_core.package_identification:_identify(src) by extension 'ignore_ament_install'
[0.364s] Level 1:colcon.colcon_core.package_identification:_identify(src) by extensions ['colcon_pkg']
[0.364s] Level 1:colcon.colcon_core.package_identification:_identify(src) by extension 'colcon_pkg'
[0.365s] Level 1:colcon.colcon_core.package_identification:_identify(src) by extensions ['colcon_meta']
[0.365s] Level 1:colcon.colcon_core.package_identification:_identify(src) by extension 'colcon_meta'
[0.365s] Level 1:colcon.colcon_core.package_identification:_identify(src) by extensions ['ros']
[0.365s] Level 1:colcon.colcon_core.package_identification:_identify(src) by extension 'ros'
[0.365s] Level 1:colcon.colcon_core.package_identification:_identify(src) by extensions ['cmake', 'python']
[0.365s] Level 1:colcon.colcon_core.package_identification:_identify(src) by extension 'cmake'
[0.365s] Level 1:colcon.colcon_core.package_identification:_identify(src) by extension 'python'
[0.365s] Level 1:colcon.colcon_core.package_identification:_identify(src) by extensions ['python_setup_py']
[0.365s] Level 1:colcon.colcon_core.package_identification:_identify(src) by extension 'python_setup_py'
[0.365s] Level 1:colcon.colcon_core.package_identification:_identify(src/location_pub) by extensions ['ignore', 'ignore_ament_install']
[0.365s] Level 1:colcon.colcon_core.package_identification:_identify(src/location_pub) by extension 'ignore'
[0.366s] Level 1:colcon.colcon_core.package_identification:_identify(src/location_pub) by extension 'ignore_ament_install'
[0.366s] Level 1:colcon.colcon_core.package_identification:_identify(src/location_pub) by extensions ['colcon_pkg']
[0.366s] Level 1:colcon.colcon_core.package_identification:_identify(src/location_pub) by extension 'colcon_pkg'
[0.366s] Level 1:colcon.colcon_core.package_identification:_identify(src/location_pub) by extensions ['colcon_meta']
[0.366s] Level 1:colcon.colcon_core.package_identification:_identify(src/location_pub) by extension 'colcon_meta'
[0.366s] Level 1:colcon.colcon_core.package_identification:_identify(src/location_pub) by extensions ['ros']
[0.366s] Level 1:colcon.colcon_core.package_identification:_identify(src/location_pub) by extension 'ros'
[0.376s] DEBUG:colcon.colcon_core.package_identification:Package 'src/location_pub' with type 'ros.ament_python' and name 'location_pub'
[0.376s] Level 1:colcon.colcon_core.package_identification:_identify(src/rgbd_process) by extensions ['ignore', 'ignore_ament_install']
[0.376s] Level 1:colcon.colcon_core.package_identification:_identify(src/rgbd_process) by extension 'ignore'
[0.377s] Level 1:colcon.colcon_core.package_identification:_identify(src/rgbd_process) by extension 'ignore_ament_install'
[0.377s] Level 1:colcon.colcon_core.package_identification:_identify(src/rgbd_process) by extensions ['colcon_pkg']
[0.377s] Level 1:colcon.colcon_core.package_identification:_identify(src/rgbd_process) by extension 'colcon_pkg'
[0.377s] Level 1:colcon.colcon_core.package_identification:_identify(src/rgbd_process) by extensions ['colcon_meta']
[0.377s] Level 1:colcon.colcon_core.package_identification:_identify(src/rgbd_process) by extension 'colcon_meta'
[0.377s] Level 1:colcon.colcon_core.package_identification:_identify(src/rgbd_process) by extensions ['ros']
[0.377s] Level 1:colcon.colcon_core.package_identification:_identify(src/rgbd_process) by extension 'ros'
[0.378s] DEBUG:colcon.colcon_core.package_identification:Package 'src/rgbd_process' with type 'ros.ament_python' and name 'rgbd_process'
[0.378s] Level 1:colcon.colcon_core.package_identification:_identify(src/server_client) by extensions ['ignore', 'ignore_ament_install']
[0.379s] Level 1:colcon.colcon_core.package_identification:_identify(src/server_client) by extension 'ignore'
[0.379s] Level 1:colcon.colcon_core.package_identification:_identify(src/server_client) by extension 'ignore_ament_install'
[0.379s] Level 1:colcon.colcon_core.package_identification:_identify(src/server_client) by extensions ['colcon_pkg']
[0.379s] Level 1:colcon.colcon_core.package_identification:_identify(src/server_client) by extension 'colcon_pkg'
[0.379s] Level 1:colcon.colcon_core.package_identification:_identify(src/server_client) by extensions ['colcon_meta']
[0.379s] Level 1:colcon.colcon_core.package_identification:_identify(src/server_client) by extension 'colcon_meta'
[0.379s] Level 1:colcon.colcon_core.package_identification:_identify(src/server_client) by extensions ['ros']
[0.379s] Level 1:colcon.colcon_core.package_identification:_identify(src/server_client) by extension 'ros'
[0.380s] DEBUG:colcon.colcon_core.package_identification:Package 'src/server_client' with type 'ros.ament_python' and name 'server_client'
[0.381s] Level 1:colcon.colcon_core.package_identification:_identify(src/talker_listener) by extensions ['ignore', 'ignore_ament_install']
[0.381s] Level 1:colcon.colcon_core.package_identification:_identify(src/talker_listener) by extension 'ignore'
[0.381s] Level 1:colcon.colcon_core.package_identification:_identify(src/talker_listener) by extension 'ignore_ament_install'
[0.381s] Level 1:colcon.colcon_core.package_identification:_identify(src/talker_listener) by extensions ['colcon_pkg']
[0.381s] Level 1:colcon.colcon_core.package_identification:_identify(src/talker_listener) by extension 'colcon_pkg'
[0.381s] Level 1:colcon.colcon_core.package_identification:_identify(src/talker_listener) by extensions ['colcon_meta']
[0.381s] Level 1:colcon.colcon_core.package_identification:_identify(src/talker_listener) by extension 'colcon_meta'
[0.381s] Level 1:colcon.colcon_core.package_identification:_identify(src/talker_listener) by extensions ['ros']
[0.381s] Level 1:colcon.colcon_core.package_identification:_identify(src/talker_listener) by extension 'ros'
[0.382s] DEBUG:colcon.colcon_core.package_identification:Package 'src/talker_listener' with type 'ros.ament_python' and name 'talker_listener'
[0.383s] Level 1:colcon.colcon_core.package_identification:_identify(~) by extensions ['ignore', 'ignore_ament_install']
[0.383s] Level 1:colcon.colcon_core.package_identification:_identify(~) by extension 'ignore'
[0.383s] Level 1:colcon.colcon_core.package_identification:_identify(~) by extension 'ignore_ament_install'
[0.383s] Level 1:colcon.colcon_core.package_identification:_identify(~) by extensions ['colcon_pkg']
[0.383s] Level 1:colcon.colcon_core.package_identification:_identify(~) by extension 'colcon_pkg'
[0.383s] Level 1:colcon.colcon_core.package_identification:_identify(~) by extensions ['colcon_meta']
[0.383s] Level 1:colcon.colcon_core.package_identification:_identify(~) by extension 'colcon_meta'
[0.383s] Level 1:colcon.colcon_core.package_identification:_identify(~) by extensions ['ros']
[0.383s] Level 1:colcon.colcon_core.package_identification:_identify(~) by extension 'ros'
[0.383s] Level 1:colcon.colcon_core.package_identification:_identify(~) by extensions ['cmake', 'python']
[0.383s] Level 1:colcon.colcon_core.package_identification:_identify(~) by extension 'cmake'
[0.383s] Level 1:colcon.colcon_core.package_identification:_identify(~) by extension 'python'
[0.383s] Level 1:colcon.colcon_core.package_identification:_identify(~) by extensions ['python_setup_py']
[0.383s] Level 1:colcon.colcon_core.package_identification:_identify(~) by extension 'python_setup_py'
[0.384s] Level 1:colcon.colcon_core.package_identification:_identify(~/subscribed_data) by extensions ['ignore', 'ignore_ament_install']
[0.384s] Level 1:colcon.colcon_core.package_identification:_identify(~/subscribed_data) by extension 'ignore'
[0.384s] Level 1:colcon.colcon_core.package_identification:_identify(~/subscribed_data) by extension 'ignore_ament_install'
[0.384s] Level 1:colcon.colcon_core.package_identification:_identify(~/subscribed_data) by extensions ['colcon_pkg']
[0.384s] Level 1:colcon.colcon_core.package_identification:_identify(~/subscribed_data) by extension 'colcon_pkg'
[0.384s] Level 1:colcon.colcon_core.package_identification:_identify(~/subscribed_data) by extensions ['colcon_meta']
[0.384s] Level 1:colcon.colcon_core.package_identification:_identify(~/subscribed_data) by extension 'colcon_meta'
[0.384s] Level 1:colcon.colcon_core.package_identification:_identify(~/subscribed_data) by extensions ['ros']
[0.384s] Level 1:colcon.colcon_core.package_identification:_identify(~/subscribed_data) by extension 'ros'
[0.384s] Level 1:colcon.colcon_core.package_identification:_identify(~/subscribed_data) by extensions ['cmake', 'python']
[0.384s] Level 1:colcon.colcon_core.package_identification:_identify(~/subscribed_data) by extension 'cmake'
[0.384s] Level 1:colcon.colcon_core.package_identification:_identify(~/subscribed_data) by extension 'python'
[0.384s] Level 1:colcon.colcon_core.package_identification:_identify(~/subscribed_data) by extensions ['python_setup_py']
[0.384s] Level 1:colcon.colcon_core.package_identification:_identify(~/subscribed_data) by extension 'python_setup_py'
[0.385s] Level 1:colcon.colcon_core.package_identification:_identify(~/subscribed_data/left_camera) by extensions ['ignore', 'ignore_ament_install']
[0.385s] Level 1:colcon.colcon_core.package_identification:_identify(~/subscribed_data/left_camera) by extension 'ignore'
[0.385s] Level 1:colcon.colcon_core.package_identification:_identify(~/subscribed_data/left_camera) by extension 'ignore_ament_install'
[0.385s] Level 1:colcon.colcon_core.package_identification:_identify(~/subscribed_data/left_camera) by extensions ['colcon_pkg']
[0.385s] Level 1:colcon.colcon_core.package_identification:_identify(~/subscribed_data/left_camera) by extension 'colcon_pkg'
[0.386s] Level 1:colcon.colcon_core.package_identification:_identify(~/subscribed_data/left_camera) by extensions ['colcon_meta']
[0.386s] Level 1:colcon.colcon_core.package_identification:_identify(~/subscribed_data/left_camera) by extension 'colcon_meta'
[0.386s] Level 1:colcon.colcon_core.package_identification:_identify(~/subscribed_data/left_camera) by extensions ['ros']
[0.386s] Level 1:colcon.colcon_core.package_identification:_identify(~/subscribed_data/left_camera) by extension 'ros'
[0.387s] Level 1:colcon.colcon_core.package_identification:_identify(~/subscribed_data/left_camera) by extensions ['cmake', 'python']
[0.387s] Level 1:colcon.colcon_core.package_identification:_identify(~/subscribed_data/left_camera) by extension 'cmake'
[0.387s] Level 1:colcon.colcon_core.package_identification:_identify(~/subscribed_data/left_camera) by extension 'python'
[0.387s] Level 1:colcon.colcon_core.package_identification:_identify(~/subscribed_data/left_camera) by extensions ['python_setup_py']
[0.387s] Level 1:colcon.colcon_core.package_identification:_identify(~/subscribed_data/left_camera) by extension 'python_setup_py'
[0.388s] Level 1:colcon.colcon_core.package_identification:_identify(~/subscribed_data/right_camera) by extensions ['ignore', 'ignore_ament_install']
[0.388s] Level 1:colcon.colcon_core.package_identification:_identify(~/subscribed_data/right_camera) by extension 'ignore'
[0.388s] Level 1:colcon.colcon_core.package_identification:_identify(~/subscribed_data/right_camera) by extension 'ignore_ament_install'
[0.388s] Level 1:colcon.colcon_core.package_identification:_identify(~/subscribed_data/right_camera) by extensions ['colcon_pkg']
[0.389s] Level 1:colcon.colcon_core.package_identification:_identify(~/subscribed_data/right_camera) by extension 'colcon_pkg'
[0.389s] Level 1:colcon.colcon_core.package_identification:_identify(~/subscribed_data/right_camera) by extensions ['colcon_meta']
[0.389s] Level 1:colcon.colcon_core.package_identification:_identify(~/subscribed_data/right_camera) by extension 'colcon_meta'
[0.389s] Level 1:colcon.colcon_core.package_identification:_identify(~/subscribed_data/right_camera) by extensions ['ros']
[0.389s] Level 1:colcon.colcon_core.package_identification:_identify(~/subscribed_data/right_camera) by extension 'ros'
[0.390s] Level 1:colcon.colcon_core.package_identification:_identify(~/subscribed_data/right_camera) by extensions ['cmake', 'python']
[0.390s] Level 1:colcon.colcon_core.package_identification:_identify(~/subscribed_data/right_camera) by extension 'cmake'
[0.390s] Level 1:colcon.colcon_core.package_identification:_identify(~/subscribed_data/right_camera) by extension 'python'
[0.390s] Level 1:colcon.colcon_core.package_identification:_identify(~/subscribed_data/right_camera) by extensions ['python_setup_py']
[0.391s] Level 1:colcon.colcon_core.package_identification:_identify(~/subscribed_data/right_camera) by extension 'python_setup_py'
[0.391s] Level 1:colcon.colcon_core.package_discovery:discover_packages(recursive) using defaults
[0.391s] Level 1:colcon.colcon_core.package_discovery:discover_packages(ignore) discover
[0.391s] Level 1:colcon.colcon_core.package_discovery:discover_packages(ignore) using defaults
[0.391s] Level 1:colcon.colcon_core.package_discovery:discover_packages(path) discover
[0.391s] Level 1:colcon.colcon_core.package_discovery:discover_packages(path) using defaults
[0.414s] Level 1:colcon.colcon_core.package_discovery:discover_packages(prefix_path) check parameters
[0.414s] Level 1:colcon.colcon_core.package_discovery:discover_packages(prefix_path) discover
[0.434s] DEBUG:colcon.colcon_installed_package_information.package_discovery:Found 14 installed packages in /bigdata/thao/franka_ros2_ws/install
[0.435s] DEBUG:colcon.colcon_installed_package_information.package_discovery:Found 277 installed packages in /opt/ros/humble
[0.437s] Level 1:colcon.colcon_core.package_discovery:discover_packages(prefix_path) using defaults
[0.511s] Level 5:colcon.colcon_core.verb:set package 'location_pub' build argument 'cmake_args' from command line to 'None'
[0.512s] Level 5:colcon.colcon_core.verb:set package 'location_pub' build argument 'cmake_target' from command line to 'None'
[0.512s] Level 5:colcon.colcon_core.verb:set package 'location_pub' build argument 'cmake_target_skip_unavailable' from command line to 'False'
[0.512s] Level 5:colcon.colcon_core.verb:set package 'location_pub' build argument 'cmake_clean_cache' from command line to 'False'
[0.512s] Level 5:colcon.colcon_core.verb:set package 'location_pub' build argument 'cmake_clean_first' from command line to 'False'
[0.512s] Level 5:colcon.colcon_core.verb:set package 'location_pub' build argument 'cmake_force_configure' from command line to 'False'
[0.512s] Level 5:colcon.colcon_core.verb:set package 'location_pub' build argument 'ament_cmake_args' from command line to 'None'
[0.512s] Level 5:colcon.colcon_core.verb:set package 'location_pub' build argument 'catkin_cmake_args' from command line to 'None'
[0.512s] Level 5:colcon.colcon_core.verb:set package 'location_pub' build argument 'catkin_skip_building_tests' from command line to 'False'
[0.512s] DEBUG:colcon.colcon_core.verb:Building package 'location_pub' with the following arguments: {'ament_cmake_args': None, 'build_base': '/homes/obluman/Robotics_Lab/ros2_ws/build/location_pub', 'catkin_cmake_args': None, 'catkin_skip_building_tests': False, 'cmake_args': None, 'cmake_clean_cache': False, 'cmake_clean_first': False, 'cmake_force_configure': False, 'cmake_target': None, 'cmake_target_skip_unavailable': False, 'install_base': '/homes/obluman/Robotics_Lab/ros2_ws/install/location_pub', 'merge_install': False, 'path': '/homes/obluman/Robotics_Lab/ros2_ws/src/location_pub', 'symlink_install': False, 'test_result_base': None}
[0.512s] Level 5:colcon.colcon_core.verb:set package 'rgbd_process' build argument 'cmake_args' from command line to 'None'
[0.512s] Level 5:colcon.colcon_core.verb:set package 'rgbd_process' build argument 'cmake_target' from command line to 'None'
[0.512s] Level 5:colcon.colcon_core.verb:set package 'rgbd_process' build argument 'cmake_target_skip_unavailable' from command line to 'False'
[0.512s] Level 5:colcon.colcon_core.verb:set package 'rgbd_process' build argument 'cmake_clean_cache' from command line to 'False'
[0.512s] Level 5:colcon.colcon_core.verb:set package 'rgbd_process' build argument 'cmake_clean_first' from command line to 'False'
[0.512s] Level 5:colcon.colcon_core.verb:set package 'rgbd_process' build argument 'cmake_force_configure' from command line to 'False'
[0.512s] Level 5:colcon.colcon_core.verb:set package 'rgbd_process' build argument 'ament_cmake_args' from command line to 'None'
[0.512s] Level 5:colcon.colcon_core.verb:set package 'rgbd_process' build argument 'catkin_cmake_args' from command line to 'None'
[0.512s] Level 5:colcon.colcon_core.verb:set package 'rgbd_process' build argument 'catkin_skip_building_tests' from command line to 'False'
[0.512s] DEBUG:colcon.colcon_core.verb:Building package 'rgbd_process' with the following arguments: {'ament_cmake_args': None, 'build_base': '/homes/obluman/Robotics_Lab/ros2_ws/build/rgbd_process', 'catkin_cmake_args': None, 'catkin_skip_building_tests': False, 'cmake_args': None, 'cmake_clean_cache': False, 'cmake_clean_first': False, 'cmake_force_configure': False, 'cmake_target': None, 'cmake_target_skip_unavailable': False, 'install_base': '/homes/obluman/Robotics_Lab/ros2_ws/install/rgbd_process', 'merge_install': False, 'path': '/homes/obluman/Robotics_Lab/ros2_ws/src/rgbd_process', 'symlink_install': False, 'test_result_base': None}
[0.513s] Level 5:colcon.colcon_core.verb:set package 'server_client' build argument 'cmake_args' from command line to 'None'
[0.513s] Level 5:colcon.colcon_core.verb:set package 'server_client' build argument 'cmake_target' from command line to 'None'
[0.513s] Level 5:colcon.colcon_core.verb:set package 'server_client' build argument 'cmake_target_skip_unavailable' from command line to 'False'
[0.513s] Level 5:colcon.colcon_core.verb:set package 'server_client' build argument 'cmake_clean_cache' from command line to 'False'
[0.513s] Level 5:colcon.colcon_core.verb:set package 'server_client' build argument 'cmake_clean_first' from command line to 'False'
[0.513s] Level 5:colcon.colcon_core.verb:set package 'server_client' build argument 'cmake_force_configure' from command line to 'False'
[0.513s] Level 5:colcon.colcon_core.verb:set package 'server_client' build argument 'ament_cmake_args' from command line to 'None'
[0.513s] Level 5:colcon.colcon_core.verb:set package 'server_client' build argument 'catkin_cmake_args' from command line to 'None'
[0.513s] Level 5:colcon.colcon_core.verb:set package 'server_client' build argument 'catkin_skip_building_tests' from command line to 'False'
[0.513s] DEBUG:colcon.colcon_core.verb:Building package 'server_client' with the following arguments: {'ament_cmake_args': None, 'build_base': '/homes/obluman/Robotics_Lab/ros2_ws/build/server_client', 'catkin_cmake_args': None, 'catkin_skip_building_tests': False, 'cmake_args': None, 'cmake_clean_cache': False, 'cmake_clean_first': False, 'cmake_force_configure': False, 'cmake_target': None, 'cmake_target_skip_unavailable': False, 'install_base': '/homes/obluman/Robotics_Lab/ros2_ws/install/server_client', 'merge_install': False, 'path': '/homes/obluman/Robotics_Lab/ros2_ws/src/server_client', 'symlink_install': False, 'test_result_base': None}
[0.513s] Level 5:colcon.colcon_core.verb:set package 'talker_listener' build argument 'cmake_args' from command line to 'None'
[0.513s] Level 5:colcon.colcon_core.verb:set package 'talker_listener' build argument 'cmake_target' from command line to 'None'
[0.513s] Level 5:colcon.colcon_core.verb:set package 'talker_listener' build argument 'cmake_target_skip_unavailable' from command line to 'False'
[0.513s] Level 5:colcon.colcon_core.verb:set package 'talker_listener' build argument 'cmake_clean_cache' from command line to 'False'
[0.513s] Level 5:colcon.colcon_core.verb:set package 'talker_listener' build argument 'cmake_clean_first' from command line to 'False'
[0.513s] Level 5:colcon.colcon_core.verb:set package 'talker_listener' build argument 'cmake_force_configure' from command line to 'False'
[0.513s] Level 5:colcon.colcon_core.verb:set package 'talker_listener' build argument 'ament_cmake_args' from command line to 'None'
[0.513s] Level 5:colcon.colcon_core.verb:set package 'talker_listener' build argument 'catkin_cmake_args' from command line to 'None'
[0.513s] Level 5:colcon.colcon_core.verb:set package 'talker_listener' build argument 'catkin_skip_building_tests' from command line to 'False'
[0.513s] DEBUG:colcon.colcon_core.verb:Building package 'talker_listener' with the following arguments: {'ament_cmake_args': None, 'build_base': '/homes/obluman/Robotics_Lab/ros2_ws/build/talker_listener', 'catkin_cmake_args': None, 'catkin_skip_building_tests': False, 'cmake_args': None, 'cmake_clean_cache': False, 'cmake_clean_first': False, 'cmake_force_configure': False, 'cmake_target': None, 'cmake_target_skip_unavailable': False, 'install_base': '/homes/obluman/Robotics_Lab/ros2_ws/install/talker_listener', 'merge_install': False, 'path': '/homes/obluman/Robotics_Lab/ros2_ws/src/talker_listener', 'symlink_install': False, 'test_result_base': None}
[0.513s] INFO:colcon.colcon_core.executor:Executing jobs using 'parallel' executor
[0.514s] DEBUG:colcon.colcon_parallel_executor.executor.parallel:run_until_complete
[0.514s] INFO:colcon.colcon_ros.task.ament_python.build:Building ROS package in '/homes/obluman/Robotics_Lab/ros2_ws/src/location_pub' with build type 'ament_python'
[0.515s] Level 1:colcon.colcon_core.shell:create_environment_hook('location_pub', 'ament_prefix_path')
[0.517s] INFO:colcon.colcon_core.plugin_system:Skipping extension 'colcon_core.shell.bat': Not used on non-Windows systems
[0.517s] INFO:colcon.colcon_core.shell:Creating environment hook '/homes/obluman/Robotics_Lab/ros2_ws/install/location_pub/share/location_pub/hook/ament_prefix_path.ps1'
[0.519s] INFO:colcon.colcon_core.shell:Creating environment descriptor '/homes/obluman/Robotics_Lab/ros2_ws/install/location_pub/share/location_pub/hook/ament_prefix_path.dsv'
[0.521s] INFO:colcon.colcon_core.shell:Creating environment hook '/homes/obluman/Robotics_Lab/ros2_ws/install/location_pub/share/location_pub/hook/ament_prefix_path.sh'
[0.523s] INFO:colcon.colcon_core.shell:Skip shell extension 'powershell' for command environment: Not usable outside of PowerShell
[0.523s] DEBUG:colcon.colcon_core.shell:Skip shell extension 'dsv' for command environment
[0.533s] INFO:colcon.colcon_ros.task.ament_python.build:Building ROS package in '/homes/obluman/Robotics_Lab/ros2_ws/src/rgbd_process' with build type 'ament_python'
[0.533s] Level 1:colcon.colcon_core.shell:create_environment_hook('rgbd_process', 'ament_prefix_path')
[0.533s] INFO:colcon.colcon_core.shell:Creating environment hook '/homes/obluman/Robotics_Lab/ros2_ws/install/rgbd_process/share/rgbd_process/hook/ament_prefix_path.ps1'
[0.536s] INFO:colcon.colcon_core.shell:Creating environment descriptor '/homes/obluman/Robotics_Lab/ros2_ws/install/rgbd_process/share/rgbd_process/hook/ament_prefix_path.dsv'
[0.537s] INFO:colcon.colcon_core.shell:Creating environment hook '/homes/obluman/Robotics_Lab/ros2_ws/install/rgbd_process/share/rgbd_process/hook/ament_prefix_path.sh'
[0.539s] INFO:colcon.colcon_core.shell:Skip shell extension 'powershell' for command environment: Not usable outside of PowerShell
[0.539s] DEBUG:colcon.colcon_core.shell:Skip shell extension 'dsv' for command environment
[0.548s] INFO:colcon.colcon_ros.task.ament_python.build:Building ROS package in '/homes/obluman/Robotics_Lab/ros2_ws/src/server_client' with build type 'ament_python'
[0.548s] Level 1:colcon.colcon_core.shell:create_environment_hook('server_client', 'ament_prefix_path')
[0.548s] INFO:colcon.colcon_core.shell:Creating environment hook '/homes/obluman/Robotics_Lab/ros2_ws/install/server_client/share/server_client/hook/ament_prefix_path.ps1'
[0.550s] INFO:colcon.colcon_core.shell:Creating environment descriptor '/homes/obluman/Robotics_Lab/ros2_ws/install/server_client/share/server_client/hook/ament_prefix_path.dsv'
[0.552s] INFO:colcon.colcon_core.shell:Creating environment hook '/homes/obluman/Robotics_Lab/ros2_ws/install/server_client/share/server_client/hook/ament_prefix_path.sh'
[0.553s] INFO:colcon.colcon_core.shell:Skip shell extension 'powershell' for command environment: Not usable outside of PowerShell
[0.553s] DEBUG:colcon.colcon_core.shell:Skip shell extension 'dsv' for command environment
[0.562s] INFO:colcon.colcon_ros.task.ament_python.build:Building ROS package in '/homes/obluman/Robotics_Lab/ros2_ws/src/talker_listener' with build type 'ament_python'
[0.562s] Level 1:colcon.colcon_core.shell:create_environment_hook('talker_listener', 'ament_prefix_path')
[0.563s] INFO:colcon.colcon_core.shell:Creating environment hook '/homes/obluman/Robotics_Lab/ros2_ws/install/talker_listener/share/talker_listener/hook/ament_prefix_path.ps1'
[0.564s] INFO:colcon.colcon_core.shell:Creating environment descriptor '/homes/obluman/Robotics_Lab/ros2_ws/install/talker_listener/share/talker_listener/hook/ament_prefix_path.dsv'
[0.566s] INFO:colcon.colcon_core.shell:Creating environment hook '/homes/obluman/Robotics_Lab/ros2_ws/install/talker_listener/share/talker_listener/hook/ament_prefix_path.sh'
[0.567s] INFO:colcon.colcon_core.shell:Skip shell extension 'powershell' for command environment: Not usable outside of PowerShell
[0.568s] DEBUG:colcon.colcon_core.shell:Skip shell extension 'dsv' for command environment
[0.898s] INFO:colcon.colcon_core.task.python.build:Building Python package in '/homes/obluman/Robotics_Lab/ros2_ws/src/location_pub'
[0.898s] INFO:colcon.colcon_core.shell:Skip shell extension 'powershell' for command environment: Not usable outside of PowerShell
[0.898s] DEBUG:colcon.colcon_core.shell:Skip shell extension 'dsv' for command environment
[1.213s] INFO:colcon.colcon_core.task.python.build:Building Python package in '/homes/obluman/Robotics_Lab/ros2_ws/src/rgbd_process'
[1.214s] INFO:colcon.colcon_core.shell:Skip shell extension 'powershell' for command environment: Not usable outside of PowerShell
[1.214s] DEBUG:colcon.colcon_core.shell:Skip shell extension 'dsv' for command environment
[1.509s] INFO:colcon.colcon_core.task.python.build:Building Python package in '/homes/obluman/Robotics_Lab/ros2_ws/src/server_client'
[1.509s] INFO:colcon.colcon_core.shell:Skip shell extension 'powershell' for command environment: Not usable outside of PowerShell
[1.509s] DEBUG:colcon.colcon_core.shell:Skip shell extension 'dsv' for command environment
[1.850s] INFO:colcon.colcon_core.task.python.build:Building Python package in '/homes/obluman/Robotics_Lab/ros2_ws/src/talker_listener'
[1.850s] INFO:colcon.colcon_core.shell:Skip shell extension 'powershell' for command environment: Not usable outside of PowerShell
[1.850s] DEBUG:colcon.colcon_core.shell:Skip shell extension 'dsv' for command environment
[2.341s] DEBUG:colcon.colcon_core.event_handler.log_command:Invoking command in '/homes/obluman/Robotics_Lab/ros2_ws/src/rgbd_process': PYTHONPATH=/homes/obluman/Robotics_Lab/ros2_ws/build/rgbd_process/prefix_override:/usr/lib/python3/dist-packages/colcon_core/task/python/colcon_distutils_commands:/homes/obluman/Robotics_Lab/ros2_ws/install/rgbd_process/lib/python3.10/site-packages:${PYTHONPATH} /usr/bin/python3 -W ignore:setup.py install is deprecated -W ignore:easy_install command is deprecated setup.py egg_info --egg-base ../../build/rgbd_process build --build-base /homes/obluman/Robotics_Lab/ros2_ws/build/rgbd_process/build install --record /homes/obluman/Robotics_Lab/ros2_ws/build/rgbd_process/install.log --single-version-externally-managed install_data
[2.363s] DEBUG:colcon.colcon_core.event_handler.log_command:Invoking command in '/homes/obluman/Robotics_Lab/ros2_ws/src/talker_listener': PYTHONPATH=/homes/obluman/Robotics_Lab/ros2_ws/build/talker_listener/prefix_override:/usr/lib/python3/dist-packages/colcon_core/task/python/colcon_distutils_commands:/homes/obluman/Robotics_Lab/ros2_ws/install/talker_listener/lib/python3.10/site-packages:${PYTHONPATH} /usr/bin/python3 -W ignore:setup.py install is deprecated -W ignore:easy_install command is deprecated setup.py egg_info --egg-base ../../build/talker_listener build --build-base /homes/obluman/Robotics_Lab/ros2_ws/build/talker_listener/build install --record /homes/obluman/Robotics_Lab/ros2_ws/build/talker_listener/install.log --single-version-externally-managed install_data
[2.384s] DEBUG:colcon.colcon_core.event_handler.log_command:Invoking command in '/homes/obluman/Robotics_Lab/ros2_ws/src/server_client': PYTHONPATH=/homes/obluman/Robotics_Lab/ros2_ws/build/server_client/prefix_override:/usr/lib/python3/dist-packages/colcon_core/task/python/colcon_distutils_commands:/homes/obluman/Robotics_Lab/ros2_ws/install/server_client/lib/python3.10/site-packages:${PYTHONPATH} /usr/bin/python3 -W ignore:setup.py install is deprecated -W ignore:easy_install command is deprecated setup.py egg_info --egg-base ../../build/server_client build --build-base /homes/obluman/Robotics_Lab/ros2_ws/build/server_client/build install --record /homes/obluman/Robotics_Lab/ros2_ws/build/server_client/install.log --single-version-externally-managed install_data
[2.387s] DEBUG:colcon.colcon_core.event_handler.log_command:Invoking command in '/homes/obluman/Robotics_Lab/ros2_ws/src/location_pub': PYTHONPATH=/homes/obluman/Robotics_Lab/ros2_ws/build/location_pub/prefix_override:/usr/lib/python3/dist-packages/colcon_core/task/python/colcon_distutils_commands:/homes/obluman/Robotics_Lab/ros2_ws/install/location_pub/lib/python3.10/site-packages:${PYTHONPATH} /usr/bin/python3 -W ignore:setup.py install is deprecated -W ignore:easy_install command is deprecated setup.py egg_info --egg-base ../../build/location_pub build --build-base /homes/obluman/Robotics_Lab/ros2_ws/build/location_pub/build install --record /homes/obluman/Robotics_Lab/ros2_ws/build/location_pub/install.log --single-version-externally-managed install_data
[2.768s] DEBUG:colcon.colcon_core.event_handler.log_command:Invoked command in '/homes/obluman/Robotics_Lab/ros2_ws/src/rgbd_process' returned '0': PYTHONPATH=/homes/obluman/Robotics_Lab/ros2_ws/build/rgbd_process/prefix_override:/usr/lib/python3/dist-packages/colcon_core/task/python/colcon_distutils_commands:/homes/obluman/Robotics_Lab/ros2_ws/install/rgbd_process/lib/python3.10/site-packages:${PYTHONPATH} /usr/bin/python3 -W ignore:setup.py install is deprecated -W ignore:easy_install command is deprecated setup.py egg_info --egg-base ../../build/rgbd_process build --build-base /homes/obluman/Robotics_Lab/ros2_ws/build/rgbd_process/build install --record /homes/obluman/Robotics_Lab/ros2_ws/build/rgbd_process/install.log --single-version-externally-managed install_data
[2.771s] Level 1:colcon.colcon_core.environment:checking '/homes/obluman/Robotics_Lab/ros2_ws/install/rgbd_process' for CMake module files
[2.773s] Level 1:colcon.colcon_core.environment:checking '/homes/obluman/Robotics_Lab/ros2_ws/install/rgbd_process' for CMake config files
[2.778s] Level 1:colcon.colcon_core.environment:checking '/homes/obluman/Robotics_Lab/ros2_ws/install/rgbd_process/lib'
[2.779s] Level 1:colcon.colcon_core.environment:checking '/homes/obluman/Robotics_Lab/ros2_ws/install/rgbd_process/bin'
[2.779s] Level 1:colcon.colcon_core.environment:checking '/homes/obluman/Robotics_Lab/ros2_ws/install/rgbd_process/lib/pkgconfig/rgbd_process.pc'
[2.779s] Level 1:colcon.colcon_core.environment:checking '/homes/obluman/Robotics_Lab/ros2_ws/install/rgbd_process/lib/python3.10/site-packages'
[2.779s] Level 1:colcon.colcon_core.shell:create_environment_hook('rgbd_process', 'pythonpath')
[2.780s] INFO:colcon.colcon_core.shell:Creating environment hook '/homes/obluman/Robotics_Lab/ros2_ws/install/rgbd_process/share/rgbd_process/hook/pythonpath.ps1'
[2.781s] INFO:colcon.colcon_core.shell:Creating environment descriptor '/homes/obluman/Robotics_Lab/ros2_ws/install/rgbd_process/share/rgbd_process/hook/pythonpath.dsv'
[2.783s] INFO:colcon.colcon_core.shell:Creating environment hook '/homes/obluman/Robotics_Lab/ros2_ws/install/rgbd_process/share/rgbd_process/hook/pythonpath.sh'
[2.785s] Level 1:colcon.colcon_core.environment:checking '/homes/obluman/Robotics_Lab/ros2_ws/install/rgbd_process/bin'
[2.785s] Level 1:colcon.colcon_core.environment:create_environment_scripts_only(rgbd_process)
[2.785s] INFO:colcon.colcon_core.shell:Creating package script '/homes/obluman/Robotics_Lab/ros2_ws/install/rgbd_process/share/rgbd_process/package.ps1'
[2.787s] INFO:colcon.colcon_core.shell:Creating package descriptor '/homes/obluman/Robotics_Lab/ros2_ws/install/rgbd_process/share/rgbd_process/package.dsv'
[2.789s] INFO:colcon.colcon_core.shell:Creating package script '/homes/obluman/Robotics_Lab/ros2_ws/install/rgbd_process/share/rgbd_process/package.sh'
[2.791s] INFO:colcon.colcon_core.shell:Creating package script '/homes/obluman/Robotics_Lab/ros2_ws/install/rgbd_process/share/rgbd_process/package.bash'
[2.792s] INFO:colcon.colcon_core.shell:Creating package script '/homes/obluman/Robotics_Lab/ros2_ws/install/rgbd_process/share/rgbd_process/package.zsh'
[2.794s] Level 1:colcon.colcon_core.environment:create_file_with_runtime_dependencies(/homes/obluman/Robotics_Lab/ros2_ws/install/rgbd_process/share/colcon-core/packages/rgbd_process)
[2.796s] Level 1:colcon.colcon_core.environment:checking '/homes/obluman/Robotics_Lab/ros2_ws/install/location_pub' for CMake module files
[2.798s] Level 1:colcon.colcon_core.environment:checking '/homes/obluman/Robotics_Lab/ros2_ws/install/location_pub' for CMake config files
[2.799s] DEBUG:colcon.colcon_core.event_handler.log_command:Invoked command in '/homes/obluman/Robotics_Lab/ros2_ws/src/location_pub' returned '0': PYTHONPATH=/homes/obluman/Robotics_Lab/ros2_ws/build/location_pub/prefix_override:/usr/lib/python3/dist-packages/colcon_core/task/python/colcon_distutils_commands:/homes/obluman/Robotics_Lab/ros2_ws/install/location_pub/lib/python3.10/site-packages:${PYTHONPATH} /usr/bin/python3 -W ignore:setup.py install is deprecated -W ignore:easy_install command is deprecated setup.py egg_info --egg-base ../../build/location_pub build --build-base /homes/obluman/Robotics_Lab/ros2_ws/build/location_pub/build install --record /homes/obluman/Robotics_Lab/ros2_ws/build/location_pub/install.log --single-version-externally-managed install_data
[2.804s] Level 1:colcon.colcon_core.environment:checking '/homes/obluman/Robotics_Lab/ros2_ws/install/location_pub/lib'
[2.804s] Level 1:colcon.colcon_core.environment:checking '/homes/obluman/Robotics_Lab/ros2_ws/install/location_pub/bin'
[2.804s] Level 1:colcon.colcon_core.environment:checking '/homes/obluman/Robotics_Lab/ros2_ws/install/location_pub/lib/pkgconfig/location_pub.pc'
[2.804s] Level 1:colcon.colcon_core.environment:checking '/homes/obluman/Robotics_Lab/ros2_ws/install/location_pub/lib/python3.10/site-packages'
[2.805s] Level 1:colcon.colcon_core.shell:create_environment_hook('location_pub', 'pythonpath')
[2.805s] INFO:colcon.colcon_core.shell:Creating environment hook '/homes/obluman/Robotics_Lab/ros2_ws/install/location_pub/share/location_pub/hook/pythonpath.ps1'
[2.807s] INFO:colcon.colcon_core.shell:Creating environment descriptor '/homes/obluman/Robotics_Lab/ros2_ws/install/location_pub/share/location_pub/hook/pythonpath.dsv'
[2.808s] INFO:colcon.colcon_core.shell:Creating environment hook '/homes/obluman/Robotics_Lab/ros2_ws/install/location_pub/share/location_pub/hook/pythonpath.sh'
[2.810s] Level 1:colcon.colcon_core.environment:checking '/homes/obluman/Robotics_Lab/ros2_ws/install/location_pub/bin'
[2.810s] Level 1:colcon.colcon_core.environment:create_environment_scripts_only(location_pub)
[2.811s] INFO:colcon.colcon_core.shell:Creating package script '/homes/obluman/Robotics_Lab/ros2_ws/install/location_pub/share/location_pub/package.ps1'
[2.812s] INFO:colcon.colcon_core.shell:Creating package descriptor '/homes/obluman/Robotics_Lab/ros2_ws/install/location_pub/share/location_pub/package.dsv'
[2.814s] INFO:colcon.colcon_core.shell:Creating package script '/homes/obluman/Robotics_Lab/ros2_ws/install/location_pub/share/location_pub/package.sh'
[2.815s] INFO:colcon.colcon_core.shell:Creating package script '/homes/obluman/Robotics_Lab/ros2_ws/install/location_pub/share/location_pub/package.bash'
[2.816s] INFO:colcon.colcon_core.shell:Creating package script '/homes/obluman/Robotics_Lab/ros2_ws/install/location_pub/share/location_pub/package.zsh'
[2.818s] Level 1:colcon.colcon_core.environment:create_file_with_runtime_dependencies(/homes/obluman/Robotics_Lab/ros2_ws/install/location_pub/share/colcon-core/packages/location_pub)
[2.819s] Level 1:colcon.colcon_core.environment:checking '/homes/obluman/Robotics_Lab/ros2_ws/install/talker_listener' for CMake module files
[2.821s] Level 1:colcon.colcon_core.environment:checking '/homes/obluman/Robotics_Lab/ros2_ws/install/talker_listener' for CMake config files
[2.822s] DEBUG:colcon.colcon_core.event_handler.log_command:Invoked command in '/homes/obluman/Robotics_Lab/ros2_ws/src/talker_listener' returned '0': PYTHONPATH=/homes/obluman/Robotics_Lab/ros2_ws/build/talker_listener/prefix_override:/usr/lib/python3/dist-packages/colcon_core/task/python/colcon_distutils_commands:/homes/obluman/Robotics_Lab/ros2_ws/install/talker_listener/lib/python3.10/site-packages:${PYTHONPATH} /usr/bin/python3 -W ignore:setup.py install is deprecated -W ignore:easy_install command is deprecated setup.py egg_info --egg-base ../../build/talker_listener build --build-base /homes/obluman/Robotics_Lab/ros2_ws/build/talker_listener/build install --record /homes/obluman/Robotics_Lab/ros2_ws/build/talker_listener/install.log --single-version-externally-managed install_data
[2.827s] Level 1:colcon.colcon_core.environment:checking '/homes/obluman/Robotics_Lab/ros2_ws/install/talker_listener/lib'
[2.827s] Level 1:colcon.colcon_core.environment:checking '/homes/obluman/Robotics_Lab/ros2_ws/install/talker_listener/bin'
[2.827s] Level 1:colcon.colcon_core.environment:checking '/homes/obluman/Robotics_Lab/ros2_ws/install/talker_listener/lib/pkgconfig/talker_listener.pc'
[2.827s] Level 1:colcon.colcon_core.environment:checking '/homes/obluman/Robotics_Lab/ros2_ws/install/talker_listener/lib/python3.10/site-packages'
[2.828s] Level 1:colcon.colcon_core.shell:create_environment_hook('talker_listener', 'pythonpath')
[2.828s] INFO:colcon.colcon_core.shell:Creating environment hook '/homes/obluman/Robotics_Lab/ros2_ws/install/talker_listener/share/talker_listener/hook/pythonpath.ps1'
[2.829s] INFO:colcon.colcon_core.shell:Creating environment descriptor '/homes/obluman/Robotics_Lab/ros2_ws/install/talker_listener/share/talker_listener/hook/pythonpath.dsv'
[2.831s] INFO:colcon.colcon_core.shell:Creating environment hook '/homes/obluman/Robotics_Lab/ros2_ws/install/talker_listener/share/talker_listener/hook/pythonpath.sh'
[2.833s] Level 1:colcon.colcon_core.environment:checking '/homes/obluman/Robotics_Lab/ros2_ws/install/talker_listener/bin'
[2.833s] Level 1:colcon.colcon_core.environment:create_environment_scripts_only(talker_listener)
[2.833s] INFO:colcon.colcon_core.shell:Creating package script '/homes/obluman/Robotics_Lab/ros2_ws/install/talker_listener/share/talker_listener/package.ps1'
[2.834s] INFO:colcon.colcon_core.shell:Creating package descriptor '/homes/obluman/Robotics_Lab/ros2_ws/install/talker_listener/share/talker_listener/package.dsv'
[2.836s] INFO:colcon.colcon_core.shell:Creating package script '/homes/obluman/Robotics_Lab/ros2_ws/install/talker_listener/share/talker_listener/package.sh'
[2.837s] INFO:colcon.colcon_core.shell:Creating package script '/homes/obluman/Robotics_Lab/ros2_ws/install/talker_listener/share/talker_listener/package.bash'
[2.838s] INFO:colcon.colcon_core.shell:Creating package script '/homes/obluman/Robotics_Lab/ros2_ws/install/talker_listener/share/talker_listener/package.zsh'
[2.840s] Level 1:colcon.colcon_core.environment:create_file_with_runtime_dependencies(/homes/obluman/Robotics_Lab/ros2_ws/install/talker_listener/share/colcon-core/packages/talker_listener)
[2.842s] Level 1:colcon.colcon_core.environment:checking '/homes/obluman/Robotics_Lab/ros2_ws/install/server_client' for CMake module files
[2.844s] Level 1:colcon.colcon_core.environment:checking '/homes/obluman/Robotics_Lab/ros2_ws/install/server_client' for CMake config files
[2.845s] DEBUG:colcon.colcon_core.event_handler.log_command:Invoked command in '/homes/obluman/Robotics_Lab/ros2_ws/src/server_client' returned '0': PYTHONPATH=/homes/obluman/Robotics_Lab/ros2_ws/build/server_client/prefix_override:/usr/lib/python3/dist-packages/colcon_core/task/python/colcon_distutils_commands:/homes/obluman/Robotics_Lab/ros2_ws/install/server_client/lib/python3.10/site-packages:${PYTHONPATH} /usr/bin/python3 -W ignore:setup.py install is deprecated -W ignore:easy_install command is deprecated setup.py egg_info --egg-base ../../build/server_client build --build-base /homes/obluman/Robotics_Lab/ros2_ws/build/server_client/build install --record /homes/obluman/Robotics_Lab/ros2_ws/build/server_client/install.log --single-version-externally-managed install_data
[2.848s] Level 1:colcon.colcon_core.environment:checking '/homes/obluman/Robotics_Lab/ros2_ws/install/server_client/lib'
[2.849s] Level 1:colcon.colcon_core.environment:checking '/homes/obluman/Robotics_Lab/ros2_ws/install/server_client/bin'
[2.849s] Level 1:colcon.colcon_core.environment:checking '/homes/obluman/Robotics_Lab/ros2_ws/install/server_client/lib/pkgconfig/server_client.pc'
[2.849s] Level 1:colcon.colcon_core.environment:checking '/homes/obluman/Robotics_Lab/ros2_ws/install/server_client/lib/python3.10/site-packages'
[2.849s] Level 1:colcon.colcon_core.shell:create_environment_hook('server_client', 'pythonpath')
[2.850s] INFO:colcon.colcon_core.shell:Creating environment hook '/homes/obluman/Robotics_Lab/ros2_ws/install/server_client/share/server_client/hook/pythonpath.ps1'
[2.851s] INFO:colcon.colcon_core.shell:Creating environment descriptor '/homes/obluman/Robotics_Lab/ros2_ws/install/server_client/share/server_client/hook/pythonpath.dsv'
[2.853s] INFO:colcon.colcon_core.shell:Creating environment hook '/homes/obluman/Robotics_Lab/ros2_ws/install/server_client/share/server_client/hook/pythonpath.sh'
[2.855s] Level 1:colcon.colcon_core.environment:checking '/homes/obluman/Robotics_Lab/ros2_ws/install/server_client/bin'
[2.855s] Level 1:colcon.colcon_core.environment:create_environment_scripts_only(server_client)
[2.855s] INFO:colcon.colcon_core.shell:Creating package script '/homes/obluman/Robotics_Lab/ros2_ws/install/server_client/share/server_client/package.ps1'
[2.857s] INFO:colcon.colcon_core.shell:Creating package descriptor '/homes/obluman/Robotics_Lab/ros2_ws/install/server_client/share/server_client/package.dsv'
[2.858s] INFO:colcon.colcon_core.shell:Creating package script '/homes/obluman/Robotics_Lab/ros2_ws/install/server_client/share/server_client/package.sh'
[2.860s] INFO:colcon.colcon_core.shell:Creating package script '/homes/obluman/Robotics_Lab/ros2_ws/install/server_client/share/server_client/package.bash'
[2.861s] INFO:colcon.colcon_core.shell:Creating package script '/homes/obluman/Robotics_Lab/ros2_ws/install/server_client/share/server_client/package.zsh'
[2.863s] Level 1:colcon.colcon_core.environment:create_file_with_runtime_dependencies(/homes/obluman/Robotics_Lab/ros2_ws/install/server_client/share/colcon-core/packages/server_client)
[2.864s] DEBUG:colcon.colcon_parallel_executor.executor.parallel:closing loop
[2.864s] DEBUG:colcon.colcon_parallel_executor.executor.parallel:loop closed
[2.864s] DEBUG:colcon.colcon_parallel_executor.executor.parallel:run_until_complete finished with '0'
[2.864s] DEBUG:colcon.colcon_core.event_reactor:joining thread
[2.872s] INFO:colcon.colcon_core.plugin_system:Skipping extension 'colcon_notification.desktop_notification.terminal_notifier': Not used on non-Darwin systems
[2.872s] INFO:colcon.colcon_core.plugin_system:Skipping extension 'colcon_notification.desktop_notification.win32': Not used on non-Windows systems
[2.872s] INFO:colcon.colcon_notification.desktop_notification:Sending desktop notification using 'notify2'
[3.095s] DEBUG:colcon.colcon_notification.desktop_notification.notify2:Failed to initialize notify2: org.freedesktop.DBus.Error.ServiceUnknown: The name org.freedesktop.Notifications was not provided by any .service files
[3.095s] DEBUG:colcon.colcon_core.event_reactor:joined thread
[3.096s] INFO:colcon.colcon_core.shell:Creating prefix script '/homes/obluman/Robotics_Lab/ros2_ws/install/local_setup.ps1'
[3.098s] INFO:colcon.colcon_core.shell:Creating prefix util module '/homes/obluman/Robotics_Lab/ros2_ws/install/_local_setup_util_ps1.py'
[3.101s] INFO:colcon.colcon_core.shell:Creating prefix chain script '/homes/obluman/Robotics_Lab/ros2_ws/install/setup.ps1'
[3.107s] INFO:colcon.colcon_core.shell:Creating prefix script '/homes/obluman/Robotics_Lab/ros2_ws/install/local_setup.sh'
[3.109s] INFO:colcon.colcon_core.shell:Creating prefix util module '/homes/obluman/Robotics_Lab/ros2_ws/install/_local_setup_util_sh.py'
[3.111s] INFO:colcon.colcon_core.shell:Creating prefix chain script '/homes/obluman/Robotics_Lab/ros2_ws/install/setup.sh'
[3.117s] INFO:colcon.colcon_core.shell:Creating prefix script '/homes/obluman/Robotics_Lab/ros2_ws/install/local_setup.bash'
[3.119s] INFO:colcon.colcon_core.shell:Creating prefix chain script '/homes/obluman/Robotics_Lab/ros2_ws/install/setup.bash'
[3.124s] INFO:colcon.colcon_core.shell:Creating prefix script '/homes/obluman/Robotics_Lab/ros2_ws/install/local_setup.zsh'
[3.126s] INFO:colcon.colcon_core.shell:Creating prefix chain script '/homes/obluman/Robotics_Lab/ros2_ws/install/setup.zsh'
