[1.001s] Invoking command in '/homes/tlei/ros2_ws/src/rgbd_process': PYTHONPATH=/homes/tlei/ros2_ws/build/rgbd_process/prefix_override:/usr/lib/python3/dist-packages/colcon_core/task/python/colcon_distutils_commands:/homes/tlei/ros2_ws/install/rgbd_process/lib/python3.10/site-packages:${PYTHONPATH} VIRTUAL_ENV_PROMPT=(.env) /usr/bin/python3 -W ignore:setup.py install is deprecated -W ignore:easy_install command is deprecated setup.py egg_info --egg-base ../../build/rgbd_process build --build-base /homes/tlei/ros2_ws/build/rgbd_process/build install --record /homes/tlei/ros2_ws/build/rgbd_process/install.log --single-version-externally-managed install_data
[1.261s] running egg_info
[1.261s] writing ../../build/rgbd_process/rgbd_process.egg-info/PKG-INFO
[1.263s] writing dependency_links to ../../build/rgbd_process/rgbd_process.egg-info/dependency_links.txt
[1.264s] writing entry points to ../../build/rgbd_process/rgbd_process.egg-info/entry_points.txt
[1.265s] writing requirements to ../../build/rgbd_process/rgbd_process.egg-info/requires.txt
[1.266s] writing top-level names to ../../build/rgbd_process/rgbd_process.egg-info/top_level.txt
[1.272s] reading manifest file '../../build/rgbd_process/rgbd_process.egg-info/SOURCES.txt'
[1.273s] adding license file 'LICENSE'
[1.274s] writing manifest file '../../build/rgbd_process/rgbd_process.egg-info/SOURCES.txt'
[1.275s] running build
[1.275s] running build_py
[1.277s] copying rgbd_process/rgbd_recorder.py -> /homes/tlei/ros2_ws/build/rgbd_process/build/lib/rgbd_process
[1.279s] running install
[1.280s] running install_lib
[1.282s] copying /homes/tlei/ros2_ws/build/rgbd_process/build/lib/rgbd_process/rgbd_recorder.py -> /homes/tlei/ros2_ws/install/rgbd_process/lib/python3.10/site-packages/rgbd_process
[1.285s] byte-compiling /homes/tlei/ros2_ws/install/rgbd_process/lib/python3.10/site-packages/rgbd_process/rgbd_recorder.py to rgbd_recorder.cpython-310.pyc
[1.288s] running install_data
[1.288s] running install_egg_info
[1.290s] removing '/homes/tlei/ros2_ws/install/rgbd_process/lib/python3.10/site-packages/rgbd_process-0.0.0-py3.10.egg-info' (and everything under it)
[1.293s] Copying ../../build/rgbd_process/rgbd_process.egg-info to /homes/tlei/ros2_ws/install/rgbd_process/lib/python3.10/site-packages/rgbd_process-0.0.0-py3.10.egg-info
[1.310s] running install_scripts
[1.331s] Installing recorder script to /homes/tlei/ros2_ws/install/rgbd_process/lib/rgbd_process
[1.333s] writing list of installed files to '/homes/tlei/ros2_ws/build/rgbd_process/install.log'
[1.359s] Invoked command in '/homes/tlei/ros2_ws/src/rgbd_process' returned '0': PYTHONPATH=/homes/tlei/ros2_ws/build/rgbd_process/prefix_override:/usr/lib/python3/dist-packages/colcon_core/task/python/colcon_distutils_commands:/homes/tlei/ros2_ws/install/rgbd_process/lib/python3.10/site-packages:${PYTHONPATH} VIRTUAL_ENV_PROMPT=(.env) /usr/bin/python3 -W ignore:setup.py install is deprecated -W ignore:easy_install command is deprecated setup.py egg_info --egg-base ../../build/rgbd_process build --build-base /homes/tlei/ros2_ws/build/rgbd_process/build install --record /homes/tlei/ros2_ws/build/rgbd_process/install.log --single-version-externally-managed install_data
