[0.116s] DEBUG:colcon:Command line arguments: ['/usr/bin/colcon', 'build', '--packages-select', 'custom_controller']
[0.116s] DEBUG:colcon:Parsed command line arguments: Namespace(log_base=None, log_level=None, verb_name='build', build_base='build', install_base='install', merge_install=False, symlink_install=False, test_result_base=None, continue_on_error=False, executor='parallel', parallel_workers=12, event_handlers=None, ignore_user_meta=False, metas=['./colcon.meta'], base_paths=['.'], packages_ignore=None, packages_ignore_regex=None, paths=None, packages_up_to=None, packages_up_to_regex=None, packages_above=None, packages_above_and_dependencies=None, packages_above_depth=None, packages_select_by_dep=None, packages_skip_by_dep=None, packages_skip_up_to=None, packages_select_build_failed=False, packages_skip_build_finished=False, packages_select_test_failures=False, packages_skip_test_passed=False, packages_select=['custom_controller'], packages_skip=None, packages_select_regex=None, packages_skip_regex=None, packages_start=None, packages_end=None, allow_overriding=[], cmake_args=None, cmake_target=None, cmake_target_skip_unavailable=False, cmake_clean_cache=False, cmake_clean_first=False, cmake_force_configure=False, ament_cmake_args=None, catkin_cmake_args=None, catkin_skip_building_tests=False, mixin_files=None, mixin=None, verb_parser=<colcon_mixin.mixin.mixin_argument.MixinArgumentDecorator object at 0x7ff073073850>, verb_extension=<colcon_core.verb.build.BuildVerb object at 0x7ff073073190>, main=<bound method BuildVerb.main of <colcon_core.verb.build.BuildVerb object at 0x7ff073073190>>, mixin_verb=('build',))
[0.337s] Level 1:colcon.colcon_core.package_discovery:discover_packages(colcon_meta) check parameters
[0.338s] Level 1:colcon.colcon_core.package_discovery:discover_packages(recursive) check parameters
[0.338s] Level 1:colcon.colcon_core.package_discovery:discover_packages(ignore) check parameters
[0.338s] Level 1:colcon.colcon_core.package_discovery:discover_packages(path) check parameters
[0.338s] Level 1:colcon.colcon_core.package_discovery:discover_packages(colcon_meta) discover
[0.338s] Level 1:colcon.colcon_core.package_discovery:discover_packages(recursive) discover
[0.338s] INFO:colcon.colcon_core.package_discovery:Crawling recursively for packages in '/homes/obluman/robotics_ws'
[0.339s] Level 1:colcon.colcon_core.package_identification:_identify(.) by extensions ['ignore', 'ignore_ament_install']
[0.339s] Level 1:colcon.colcon_core.package_identification:_identify(.) by extension 'ignore'
[0.339s] Level 1:colcon.colcon_core.package_identification:_identify(.) by extension 'ignore_ament_install'
[0.339s] Level 1:colcon.colcon_core.package_identification:_identify(.) by extensions ['colcon_pkg']
[0.339s] Level 1:colcon.colcon_core.package_identification:_identify(.) by extension 'colcon_pkg'
[0.339s] Level 1:colcon.colcon_core.package_identification:_identify(.) by extensions ['colcon_meta']
[0.339s] Level 1:colcon.colcon_core.package_identification:_identify(.) by extension 'colcon_meta'
[0.339s] Level 1:colcon.colcon_core.package_identification:_identify(.) by extensions ['ros']
[0.339s] Level 1:colcon.colcon_core.package_identification:_identify(.) by extension 'ros'
[0.357s] Level 1:colcon.colcon_core.package_identification:_identify(.) by extensions ['cmake', 'python']
[0.357s] Level 1:colcon.colcon_core.package_identification:_identify(.) by extension 'cmake'
[0.357s] Level 1:colcon.colcon_core.package_identification:_identify(.) by extension 'python'
[0.357s] Level 1:colcon.colcon_core.package_identification:_identify(.) by extensions ['python_setup_py']
[0.357s] Level 1:colcon.colcon_core.package_identification:_identify(.) by extension 'python_setup_py'
[0.359s] Level 1:colcon.colcon_core.package_identification:_identify(build) by extensions ['ignore', 'ignore_ament_install']
[0.359s] Level 1:colcon.colcon_core.package_identification:_identify(build) by extension 'ignore'
[0.360s] Level 1:colcon.colcon_core.package_identification:_identify(build) ignored
[0.361s] Level 1:colcon.colcon_core.package_identification:_identify(install) by extensions ['ignore', 'ignore_ament_install']
[0.361s] Level 1:colcon.colcon_core.package_identification:_identify(install) by extension 'ignore'
[0.362s] Level 1:colcon.colcon_core.package_identification:_identify(install) ignored
[0.363s] Level 1:colcon.colcon_core.package_identification:_identify(log) by extensions ['ignore', 'ignore_ament_install']
[0.363s] Level 1:colcon.colcon_core.package_identification:_identify(log) by extension 'ignore'
[0.364s] Level 1:colcon.colcon_core.package_identification:_identify(log) ignored
[0.364s] Level 1:colcon.colcon_core.package_identification:_identify(src) by extensions ['ignore', 'ignore_ament_install']
[0.364s] Level 1:colcon.colcon_core.package_identification:_identify(src) by extension 'ignore'
[0.364s] Level 1:colcon.colcon_core.package_identification:_identify(src) by extension 'ignore_ament_install'
[0.364s] Level 1:colcon.colcon_core.package_identification:_identify(src) by extensions ['colcon_pkg']
[0.364s] Level 1:colcon.colcon_core.package_identification:_identify(src) by extension 'colcon_pkg'
[0.364s] Level 1:colcon.colcon_core.package_identification:_identify(src) by extensions ['colcon_meta']
[0.364s] Level 1:colcon.colcon_core.package_identification:_identify(src) by extension 'colcon_meta'
[0.364s] Level 1:colcon.colcon_core.package_identification:_identify(src) by extensions ['ros']
[0.364s] Level 1:colcon.colcon_core.package_identification:_identify(src) by extension 'ros'
[0.365s] Level 1:colcon.colcon_core.package_identification:_identify(src) by extensions ['cmake', 'python']
[0.365s] Level 1:colcon.colcon_core.package_identification:_identify(src) by extension 'cmake'
[0.365s] Level 1:colcon.colcon_core.package_identification:_identify(src) by extension 'python'
[0.365s] Level 1:colcon.colcon_core.package_identification:_identify(src) by extensions ['python_setup_py']
[0.365s] Level 1:colcon.colcon_core.package_identification:_identify(src) by extension 'python_setup_py'
[0.366s] Level 1:colcon.colcon_core.package_identification:_identify(src/custom_controller) by extensions ['ignore', 'ignore_ament_install']
[0.366s] Level 1:colcon.colcon_core.package_identification:_identify(src/custom_controller) by extension 'ignore'
[0.367s] Level 1:colcon.colcon_core.package_identification:_identify(src/custom_controller) by extension 'ignore_ament_install'
[0.368s] Level 1:colcon.colcon_core.package_identification:_identify(src/custom_controller) by extensions ['colcon_pkg']
[0.368s] Level 1:colcon.colcon_core.package_identification:_identify(src/custom_controller) by extension 'colcon_pkg'
[0.368s] Level 1:colcon.colcon_core.package_identification:_identify(src/custom_controller) by extensions ['colcon_meta']
[0.368s] Level 1:colcon.colcon_core.package_identification:_identify(src/custom_controller) by extension 'colcon_meta'
[0.368s] Level 1:colcon.colcon_core.package_identification:_identify(src/custom_controller) by extensions ['ros']
[0.368s] Level 1:colcon.colcon_core.package_identification:_identify(src/custom_controller) by extension 'ros'
[0.373s] DEBUG:colcon.colcon_core.package_identification:Package 'src/custom_controller' with type 'ros.ament_cmake' and name 'custom_controller'
[0.373s] Level 1:colcon.colcon_core.package_discovery:discover_packages(recursive) using defaults
[0.373s] Level 1:colcon.colcon_core.package_discovery:discover_packages(ignore) discover
[0.373s] Level 1:colcon.colcon_core.package_discovery:discover_packages(ignore) using defaults
[0.373s] Level 1:colcon.colcon_core.package_discovery:discover_packages(path) discover
[0.373s] Level 1:colcon.colcon_core.package_discovery:discover_packages(path) using defaults
[0.390s] Level 1:colcon.colcon_core.package_discovery:discover_packages(prefix_path) check parameters
[0.390s] Level 1:colcon.colcon_core.package_discovery:discover_packages(prefix_path) discover
[0.392s] WARNING:colcon.colcon_ros.prefix_path.ament:The path '/homes/obluman/robotics_ws/install/custom_controller' in the environment variable AMENT_PREFIX_PATH doesn't exist
[0.399s] WARNING:colcon.colcon_ros.prefix_path.catkin:The path '/homes/obluman/robotics_ws/install/custom_controller' in the environment variable CMAKE_PREFIX_PATH doesn't exist
[0.402s] DEBUG:colcon.colcon_installed_package_information.package_discovery:Found 0 installed packages in /homes/obluman/robotics_ws/install
[0.405s] DEBUG:colcon.colcon_installed_package_information.package_discovery:Found 0 installed packages in /homes/obluman/robo_ws/src/my_franka_controller/launch/install
[0.409s] DEBUG:colcon.colcon_installed_package_information.package_discovery:Found 2 installed packages in /homes/obluman/robo_ws/install
[0.421s] DEBUG:colcon.colcon_installed_package_information.package_discovery:Found 14 installed packages in /bigdata/thao/franka_ros2_ws/install
[0.423s] DEBUG:colcon.colcon_installed_package_information.package_discovery:Found 336 installed packages in /opt/ros/humble
[0.424s] Level 1:colcon.colcon_core.package_discovery:discover_packages(prefix_path) using defaults
[0.510s] Level 5:colcon.colcon_core.verb:set package 'custom_controller' build argument 'cmake_args' from command line to 'None'
[0.510s] Level 5:colcon.colcon_core.verb:set package 'custom_controller' build argument 'cmake_target' from command line to 'None'
[0.510s] Level 5:colcon.colcon_core.verb:set package 'custom_controller' build argument 'cmake_target_skip_unavailable' from command line to 'False'
[0.510s] Level 5:colcon.colcon_core.verb:set package 'custom_controller' build argument 'cmake_clean_cache' from command line to 'False'
[0.510s] Level 5:colcon.colcon_core.verb:set package 'custom_controller' build argument 'cmake_clean_first' from command line to 'False'
[0.510s] Level 5:colcon.colcon_core.verb:set package 'custom_controller' build argument 'cmake_force_configure' from command line to 'False'
[0.510s] Level 5:colcon.colcon_core.verb:set package 'custom_controller' build argument 'ament_cmake_args' from command line to 'None'
[0.510s] Level 5:colcon.colcon_core.verb:set package 'custom_controller' build argument 'catkin_cmake_args' from command line to 'None'
[0.510s] Level 5:colcon.colcon_core.verb:set package 'custom_controller' build argument 'catkin_skip_building_tests' from command line to 'False'
[0.511s] DEBUG:colcon.colcon_core.verb:Building package 'custom_controller' with the following arguments: {'ament_cmake_args': None, 'build_base': '/homes/obluman/robotics_ws/build/custom_controller', 'catkin_cmake_args': None, 'catkin_skip_building_tests': False, 'cmake_args': None, 'cmake_clean_cache': False, 'cmake_clean_first': False, 'cmake_force_configure': False, 'cmake_target': None, 'cmake_target_skip_unavailable': False, 'install_base': '/homes/obluman/robotics_ws/install/custom_controller', 'merge_install': False, 'path': '/homes/obluman/robotics_ws/src/custom_controller', 'symlink_install': False, 'test_result_base': None}
[0.511s] INFO:colcon.colcon_core.executor:Executing jobs using 'parallel' executor
[0.511s] DEBUG:colcon.colcon_parallel_executor.executor.parallel:run_until_complete
[0.512s] INFO:colcon.colcon_ros.task.ament_cmake.build:Building ROS package in '/homes/obluman/robotics_ws/src/custom_controller' with build type 'ament_cmake'
[0.512s] INFO:colcon.colcon_cmake.task.cmake.build:Building CMake package in '/homes/obluman/robotics_ws/src/custom_controller'
[0.513s] INFO:colcon.colcon_core.plugin_system:Skipping extension 'colcon_core.shell.bat': Not used on non-Windows systems
[0.514s] INFO:colcon.colcon_core.shell:Skip shell extension 'powershell' for command environment: Not usable outside of PowerShell
[0.514s] DEBUG:colcon.colcon_core.shell:Skip shell extension 'dsv' for command environment
[0.542s] DEBUG:colcon.colcon_core.event_handler.log_command:Invoking command in '/homes/obluman/robotics_ws/build/custom_controller': CMAKE_PREFIX_PATH=/homes/obluman/robotics_ws/install/custom_controller:/opt/ros/humble:/homes/obluman/robo_ws/install/my_custom_controller:/bigdata/thao/franka_ros2_ws/install/franka_ros2:/bigdata/thao/franka_ros2_ws/install/franka_bringup:/bigdata/thao/franka_ros2_ws/install/franka_robot_state_broadcaster:/bigdata/thao/franka_ros2_ws/install/franka_example_controllers:/bigdata/thao/franka_ros2_ws/install/franka_semantic_components:/bigdata/thao/franka_ros2_ws/install/franka_gazebo_bringup:/bigdata/thao/franka_ros2_ws/install/franka_ign_ros2_control:/bigdata/thao/franka_ros2_ws/install/franka_fr3_moveit_config:/bigdata/thao/franka_ros2_ws/install/franka_hardware:/bigdata/thao/franka_ros2_ws/install/franka_gripper:/bigdata/thao/franka_ros2_ws/install/libfranka:/bigdata/thao/franka_ros2_ws/install/integration_launch_testing:/bigdata/thao/franka_ros2_ws/install/franka_msgs:/bigdata/thao/franka_ros2_ws/install/franka_description /usr/bin/cmake /homes/obluman/robotics_ws/src/custom_controller -DCMAKE_INSTALL_PREFIX=/homes/obluman/robotics_ws/install/custom_controller
[3.097s] DEBUG:colcon.colcon_core.event_handler.log_command:Invoked command in '/homes/obluman/robotics_ws/build/custom_controller' returned '0': CMAKE_PREFIX_PATH=/homes/obluman/robotics_ws/install/custom_controller:/opt/ros/humble:/homes/obluman/robo_ws/install/my_custom_controller:/bigdata/thao/franka_ros2_ws/install/franka_ros2:/bigdata/thao/franka_ros2_ws/install/franka_bringup:/bigdata/thao/franka_ros2_ws/install/franka_robot_state_broadcaster:/bigdata/thao/franka_ros2_ws/install/franka_example_controllers:/bigdata/thao/franka_ros2_ws/install/franka_semantic_components:/bigdata/thao/franka_ros2_ws/install/franka_gazebo_bringup:/bigdata/thao/franka_ros2_ws/install/franka_ign_ros2_control:/bigdata/thao/franka_ros2_ws/install/franka_fr3_moveit_config:/bigdata/thao/franka_ros2_ws/install/franka_hardware:/bigdata/thao/franka_ros2_ws/install/franka_gripper:/bigdata/thao/franka_ros2_ws/install/libfranka:/bigdata/thao/franka_ros2_ws/install/integration_launch_testing:/bigdata/thao/franka_ros2_ws/install/franka_msgs:/bigdata/thao/franka_ros2_ws/install/franka_description /usr/bin/cmake /homes/obluman/robotics_ws/src/custom_controller -DCMAKE_INSTALL_PREFIX=/homes/obluman/robotics_ws/install/custom_controller
[3.103s] DEBUG:colcon.colcon_core.event_handler.log_command:Invoking command in '/homes/obluman/robotics_ws/build/custom_controller': CMAKE_PREFIX_PATH=/homes/obluman/robotics_ws/install/custom_controller:/opt/ros/humble:/homes/obluman/robo_ws/install/my_custom_controller:/bigdata/thao/franka_ros2_ws/install/franka_ros2:/bigdata/thao/franka_ros2_ws/install/franka_bringup:/bigdata/thao/franka_ros2_ws/install/franka_robot_state_broadcaster:/bigdata/thao/franka_ros2_ws/install/franka_example_controllers:/bigdata/thao/franka_ros2_ws/install/franka_semantic_components:/bigdata/thao/franka_ros2_ws/install/franka_gazebo_bringup:/bigdata/thao/franka_ros2_ws/install/franka_ign_ros2_control:/bigdata/thao/franka_ros2_ws/install/franka_fr3_moveit_config:/bigdata/thao/franka_ros2_ws/install/franka_hardware:/bigdata/thao/franka_ros2_ws/install/franka_gripper:/bigdata/thao/franka_ros2_ws/install/libfranka:/bigdata/thao/franka_ros2_ws/install/integration_launch_testing:/bigdata/thao/franka_ros2_ws/install/franka_msgs:/bigdata/thao/franka_ros2_ws/install/franka_description /usr/bin/cmake --build /homes/obluman/robotics_ws/build/custom_controller -- -j12 -l12
[6.083s] DEBUG:colcon.colcon_core.event_handler.log_command:Invoked command in '/homes/obluman/robotics_ws/build/custom_controller' returned '2': CMAKE_PREFIX_PATH=/homes/obluman/robotics_ws/install/custom_controller:/opt/ros/humble:/homes/obluman/robo_ws/install/my_custom_controller:/bigdata/thao/franka_ros2_ws/install/franka_ros2:/bigdata/thao/franka_ros2_ws/install/franka_bringup:/bigdata/thao/franka_ros2_ws/install/franka_robot_state_broadcaster:/bigdata/thao/franka_ros2_ws/install/franka_example_controllers:/bigdata/thao/franka_ros2_ws/install/franka_semantic_components:/bigdata/thao/franka_ros2_ws/install/franka_gazebo_bringup:/bigdata/thao/franka_ros2_ws/install/franka_ign_ros2_control:/bigdata/thao/franka_ros2_ws/install/franka_fr3_moveit_config:/bigdata/thao/franka_ros2_ws/install/franka_hardware:/bigdata/thao/franka_ros2_ws/install/franka_gripper:/bigdata/thao/franka_ros2_ws/install/libfranka:/bigdata/thao/franka_ros2_ws/install/integration_launch_testing:/bigdata/thao/franka_ros2_ws/install/franka_msgs:/bigdata/thao/franka_ros2_ws/install/franka_description /usr/bin/cmake --build /homes/obluman/robotics_ws/build/custom_controller -- -j12 -l12
[6.086s] Level 1:colcon.colcon_core.environment:create_environment_scripts_only(custom_controller)
[6.088s] Level 1:colcon.colcon_core.environment:checking '/homes/obluman/robotics_ws/install/custom_controller' for CMake module files
[6.088s] Level 1:colcon.colcon_core.environment:checking '/homes/obluman/robotics_ws/install/custom_controller' for CMake config files
[6.088s] Level 1:colcon.colcon_core.environment:checking '/homes/obluman/robotics_ws/install/custom_controller/bin'
[6.088s] Level 1:colcon.colcon_core.environment:checking '/homes/obluman/robotics_ws/install/custom_controller/lib/pkgconfig/custom_controller.pc'
[6.089s] Level 1:colcon.colcon_core.environment:checking '/homes/obluman/robotics_ws/install/custom_controller/lib/python3.10/site-packages'
[6.089s] Level 1:colcon.colcon_core.environment:checking '/homes/obluman/robotics_ws/install/custom_controller/bin'
[6.089s] INFO:colcon.colcon_core.shell:Creating package script '/homes/obluman/robotics_ws/install/custom_controller/share/custom_controller/package.ps1'
[6.092s] INFO:colcon.colcon_core.shell:Creating package descriptor '/homes/obluman/robotics_ws/install/custom_controller/share/custom_controller/package.dsv'
[6.093s] INFO:colcon.colcon_core.shell:Creating package script '/homes/obluman/robotics_ws/install/custom_controller/share/custom_controller/package.sh'
[6.096s] INFO:colcon.colcon_core.shell:Creating package script '/homes/obluman/robotics_ws/install/custom_controller/share/custom_controller/package.bash'
[6.099s] INFO:colcon.colcon_core.shell:Creating package script '/homes/obluman/robotics_ws/install/custom_controller/share/custom_controller/package.zsh'
[6.101s] Level 1:colcon.colcon_core.environment:create_file_with_runtime_dependencies(/homes/obluman/robotics_ws/install/custom_controller/share/colcon-core/packages/custom_controller)
[6.114s] DEBUG:colcon.colcon_parallel_executor.executor.parallel:closing loop
[6.114s] DEBUG:colcon.colcon_parallel_executor.executor.parallel:loop closed
[6.114s] DEBUG:colcon.colcon_parallel_executor.executor.parallel:run_until_complete finished with '2'
[6.115s] DEBUG:colcon.colcon_core.event_reactor:joining thread
[6.126s] INFO:colcon.colcon_core.plugin_system:Skipping extension 'colcon_notification.desktop_notification.terminal_notifier': Not used on non-Darwin systems
[6.126s] INFO:colcon.colcon_core.plugin_system:Skipping extension 'colcon_notification.desktop_notification.win32': Not used on non-Windows systems
[6.126s] INFO:colcon.colcon_notification.desktop_notification:Sending desktop notification using 'notify2'
[6.390s] DEBUG:colcon.colcon_notification.desktop_notification.notify2:Failed to initialize notify2: org.freedesktop.DBus.Error.NoServer: Failed to connect to socket /tmp/dbus-ikVaMhDMW7: Connection refused
[6.392s] DEBUG:colcon.colcon_core.event_reactor:joined thread
[6.394s] INFO:colcon.colcon_core.shell:Creating prefix script '/homes/obluman/robotics_ws/install/local_setup.ps1'
[6.399s] INFO:colcon.colcon_core.shell:Creating prefix util module '/homes/obluman/robotics_ws/install/_local_setup_util_ps1.py'
[6.403s] INFO:colcon.colcon_core.shell:Creating prefix chain script '/homes/obluman/robotics_ws/install/setup.ps1'
[6.415s] INFO:colcon.colcon_core.shell:Creating prefix script '/homes/obluman/robotics_ws/install/local_setup.sh'
[6.417s] INFO:colcon.colcon_core.shell:Creating prefix util module '/homes/obluman/robotics_ws/install/_local_setup_util_sh.py'
[6.419s] INFO:colcon.colcon_core.shell:Creating prefix chain script '/homes/obluman/robotics_ws/install/setup.sh'
[6.427s] INFO:colcon.colcon_core.shell:Creating prefix script '/homes/obluman/robotics_ws/install/local_setup.bash'
[6.429s] INFO:colcon.colcon_core.shell:Creating prefix chain script '/homes/obluman/robotics_ws/install/setup.bash'
[6.435s] INFO:colcon.colcon_core.shell:Creating prefix script '/homes/obluman/robotics_ws/install/local_setup.zsh'
[6.437s] INFO:colcon.colcon_core.shell:Creating prefix chain script '/homes/obluman/robotics_ws/install/setup.zsh'
