[0.121s] DEBUG:colcon:Command line arguments: ['/usr/bin/colcon', 'build', '--packages-select', 'rgbd_process']
[0.121s] DEBUG:colcon:Parsed command line arguments: Namespace(log_base=None, log_level=None, verb_name='build', build_base='build', install_base='install', merge_install=False, symlink_install=False, test_result_base=None, continue_on_error=False, executor='parallel', parallel_workers=12, event_handlers=None, ignore_user_meta=False, metas=['./colcon.meta'], base_paths=['.'], packages_ignore=None, packages_ignore_regex=None, paths=None, packages_up_to=None, packages_up_to_regex=None, packages_above=None, packages_above_and_dependencies=None, packages_above_depth=None, packages_select_by_dep=None, packages_skip_by_dep=None, packages_skip_up_to=None, packages_select_build_failed=False, packages_skip_build_finished=False, packages_select_test_failures=False, packages_skip_test_passed=False, packages_select=['rgbd_process'], packages_skip=None, packages_select_regex=None, packages_skip_regex=None, packages_start=None, packages_end=None, allow_overriding=[], cmake_args=None, cmake_target=None, cmake_target_skip_unavailable=False, cmake_clean_cache=False, cmake_clean_first=False, cmake_force_configure=False, ament_cmake_args=None, catkin_cmake_args=None, catkin_skip_building_tests=False, mixin_files=None, mixin=None, verb_parser=<colcon_mixin.mixin.mixin_argument.MixinArgumentDecorator object at 0x721e16d6bdc0>, verb_extension=<colcon_core.verb.build.BuildVerb object at 0x721e16d6b850>, main=<bound method BuildVerb.main of <colcon_core.verb.build.BuildVerb object at 0x721e16d6b850>>, mixin_verb=('build',))
[0.326s] Level 1:colcon.colcon_core.package_discovery:discover_packages(colcon_meta) check parameters
[0.326s] Level 1:colcon.colcon_core.package_discovery:discover_packages(recursive) check parameters
[0.326s] Level 1:colcon.colcon_core.package_discovery:discover_packages(ignore) check parameters
[0.326s] Level 1:colcon.colcon_core.package_discovery:discover_packages(path) check parameters
[0.329s] Level 1:colcon.colcon_core.package_discovery:discover_packages(colcon_meta) discover
[0.331s] Level 1:colcon.colcon_core.package_discovery:discover_packages(recursive) discover
[0.331s] INFO:colcon.colcon_core.package_discovery:Crawling recursively for packages in '/homes/tlei/Robotics_Lab/ros2_ws'
[0.334s] Level 1:colcon.colcon_core.package_identification:_identify(.) by extensions ['ignore', 'ignore_ament_install']
[0.336s] Level 1:colcon.colcon_core.package_identification:_identify(.) by extension 'ignore'
[0.340s] Level 1:colcon.colcon_core.package_identification:_identify(.) by extension 'ignore_ament_install'
[0.344s] Level 1:colcon.colcon_core.package_identification:_identify(.) by extensions ['colcon_pkg']
[0.344s] Level 1:colcon.colcon_core.package_identification:_identify(.) by extension 'colcon_pkg'
[0.344s] Level 1:colcon.colcon_core.package_identification:_identify(.) by extensions ['colcon_meta']
[0.344s] Level 1:colcon.colcon_core.package_identification:_identify(.) by extension 'colcon_meta'
[0.345s] Level 1:colcon.colcon_core.package_identification:_identify(.) by extensions ['ros']
[0.347s] Level 1:colcon.colcon_core.package_identification:_identify(.) by extension 'ros'
[0.370s] Level 1:colcon.colcon_core.package_identification:_identify(.) by extensions ['cmake', 'python']
[0.370s] Level 1:colcon.colcon_core.package_identification:_identify(.) by extension 'cmake'
[0.370s] Level 1:colcon.colcon_core.package_identification:_identify(.) by extension 'python'
[0.372s] Level 1:colcon.colcon_core.package_identification:_identify(.) by extensions ['python_setup_py']
[0.373s] Level 1:colcon.colcon_core.package_identification:_identify(.) by extension 'python_setup_py'
[0.375s] Level 1:colcon.colcon_core.package_identification:_identify(build) by extensions ['ignore', 'ignore_ament_install']
[0.377s] Level 1:colcon.colcon_core.package_identification:_identify(build) by extension 'ignore'
[0.378s] Level 1:colcon.colcon_core.package_identification:_identify(build) ignored
[0.380s] Level 1:colcon.colcon_core.package_identification:_identify(install) by extensions ['ignore', 'ignore_ament_install']
[0.382s] Level 1:colcon.colcon_core.package_identification:_identify(install) by extension 'ignore'
[0.382s] Level 1:colcon.colcon_core.package_identification:_identify(install) ignored
[0.388s] Level 1:colcon.colcon_core.package_identification:_identify(log) by extensions ['ignore', 'ignore_ament_install']
[0.388s] Level 1:colcon.colcon_core.package_identification:_identify(log) by extension 'ignore'
[0.391s] Level 1:colcon.colcon_core.package_identification:_identify(log) ignored
[0.392s] Level 1:colcon.colcon_core.package_identification:_identify(src) by extensions ['ignore', 'ignore_ament_install']
[0.392s] Level 1:colcon.colcon_core.package_identification:_identify(src) by extension 'ignore'
[0.393s] Level 1:colcon.colcon_core.package_identification:_identify(src) by extension 'ignore_ament_install'
[0.395s] Level 1:colcon.colcon_core.package_identification:_identify(src) by extensions ['colcon_pkg']
[0.396s] Level 1:colcon.colcon_core.package_identification:_identify(src) by extension 'colcon_pkg'
[0.396s] Level 1:colcon.colcon_core.package_identification:_identify(src) by extensions ['colcon_meta']
[0.396s] Level 1:colcon.colcon_core.package_identification:_identify(src) by extension 'colcon_meta'
[0.397s] Level 1:colcon.colcon_core.package_identification:_identify(src) by extensions ['ros']
[0.400s] Level 1:colcon.colcon_core.package_identification:_identify(src) by extension 'ros'
[0.400s] Level 1:colcon.colcon_core.package_identification:_identify(src) by extensions ['cmake', 'python']
[0.401s] Level 1:colcon.colcon_core.package_identification:_identify(src) by extension 'cmake'
[0.403s] Level 1:colcon.colcon_core.package_identification:_identify(src) by extension 'python'
[0.405s] Level 1:colcon.colcon_core.package_identification:_identify(src) by extensions ['python_setup_py']
[0.406s] Level 1:colcon.colcon_core.package_identification:_identify(src) by extension 'python_setup_py'
[0.410s] Level 1:colcon.colcon_core.package_identification:_identify(src/location_pub) by extensions ['ignore', 'ignore_ament_install']
[0.410s] Level 1:colcon.colcon_core.package_identification:_identify(src/location_pub) by extension 'ignore'
[0.411s] Level 1:colcon.colcon_core.package_identification:_identify(src/location_pub) by extension 'ignore_ament_install'
[0.411s] Level 1:colcon.colcon_core.package_identification:_identify(src/location_pub) by extensions ['colcon_pkg']
[0.411s] Level 1:colcon.colcon_core.package_identification:_identify(src/location_pub) by extension 'colcon_pkg'
[0.411s] Level 1:colcon.colcon_core.package_identification:_identify(src/location_pub) by extensions ['colcon_meta']
[0.411s] Level 1:colcon.colcon_core.package_identification:_identify(src/location_pub) by extension 'colcon_meta'
[0.412s] Level 1:colcon.colcon_core.package_identification:_identify(src/location_pub) by extensions ['ros']
[0.412s] Level 1:colcon.colcon_core.package_identification:_identify(src/location_pub) by extension 'ros'
[0.419s] DEBUG:colcon.colcon_core.package_identification:Package 'src/location_pub' with type 'ros.ament_python' and name 'location_pub'
[0.421s] Level 1:colcon.colcon_core.package_identification:_identify(src/rgbd_process) by extensions ['ignore', 'ignore_ament_install']
[0.423s] Level 1:colcon.colcon_core.package_identification:_identify(src/rgbd_process) by extension 'ignore'
[0.425s] Level 1:colcon.colcon_core.package_identification:_identify(src/rgbd_process) by extension 'ignore_ament_install'
[0.426s] Level 1:colcon.colcon_core.package_identification:_identify(src/rgbd_process) by extensions ['colcon_pkg']
[0.426s] Level 1:colcon.colcon_core.package_identification:_identify(src/rgbd_process) by extension 'colcon_pkg'
[0.426s] Level 1:colcon.colcon_core.package_identification:_identify(src/rgbd_process) by extensions ['colcon_meta']
[0.426s] Level 1:colcon.colcon_core.package_identification:_identify(src/rgbd_process) by extension 'colcon_meta'
[0.426s] Level 1:colcon.colcon_core.package_identification:_identify(src/rgbd_process) by extensions ['ros']
[0.427s] Level 1:colcon.colcon_core.package_identification:_identify(src/rgbd_process) by extension 'ros'
[0.428s] DEBUG:colcon.colcon_core.package_identification:Package 'src/rgbd_process' with type 'ros.ament_python' and name 'rgbd_process'
[0.430s] Level 1:colcon.colcon_core.package_identification:_identify(src/talker_listener) by extensions ['ignore', 'ignore_ament_install']
[0.432s] Level 1:colcon.colcon_core.package_identification:_identify(src/talker_listener) by extension 'ignore'
[0.432s] Level 1:colcon.colcon_core.package_identification:_identify(src/talker_listener) by extension 'ignore_ament_install'
[0.432s] Level 1:colcon.colcon_core.package_identification:_identify(src/talker_listener) by extensions ['colcon_pkg']
[0.434s] Level 1:colcon.colcon_core.package_identification:_identify(src/talker_listener) by extension 'colcon_pkg'
[0.434s] Level 1:colcon.colcon_core.package_identification:_identify(src/talker_listener) by extensions ['colcon_meta']
[0.435s] Level 1:colcon.colcon_core.package_identification:_identify(src/talker_listener) by extension 'colcon_meta'
[0.435s] Level 1:colcon.colcon_core.package_identification:_identify(src/talker_listener) by extensions ['ros']
[0.437s] Level 1:colcon.colcon_core.package_identification:_identify(src/talker_listener) by extension 'ros'
[0.441s] DEBUG:colcon.colcon_core.package_identification:Package 'src/talker_listener' with type 'ros.ament_python' and name 'talker_listener'
[0.441s] Level 1:colcon.colcon_core.package_discovery:discover_packages(recursive) using defaults
[0.441s] Level 1:colcon.colcon_core.package_discovery:discover_packages(ignore) discover
[0.443s] Level 1:colcon.colcon_core.package_discovery:discover_packages(ignore) using defaults
[0.443s] Level 1:colcon.colcon_core.package_discovery:discover_packages(path) discover
[0.445s] Level 1:colcon.colcon_core.package_discovery:discover_packages(path) using defaults
[0.478s] INFO:colcon.colcon_core.package_selection:Skipping not selected package 'location_pub' in 'src/location_pub'
[0.478s] INFO:colcon.colcon_core.package_selection:Skipping not selected package 'talker_listener' in 'src/talker_listener'
[0.478s] Level 1:colcon.colcon_core.package_discovery:discover_packages(prefix_path) check parameters
[0.478s] Level 1:colcon.colcon_core.package_discovery:discover_packages(prefix_path) discover
[0.500s] DEBUG:colcon.colcon_installed_package_information.package_discovery:Found 3 installed packages in /homes/tlei/Robotics_Lab/ros2_ws/install
[0.502s] DEBUG:colcon.colcon_installed_package_information.package_discovery:Found 277 installed packages in /opt/ros/humble
[0.506s] Level 1:colcon.colcon_core.package_discovery:discover_packages(prefix_path) using defaults
[0.564s] Level 5:colcon.colcon_core.verb:set package 'rgbd_process' build argument 'cmake_args' from command line to 'None'
[0.564s] Level 5:colcon.colcon_core.verb:set package 'rgbd_process' build argument 'cmake_target' from command line to 'None'
[0.564s] Level 5:colcon.colcon_core.verb:set package 'rgbd_process' build argument 'cmake_target_skip_unavailable' from command line to 'False'
[0.564s] Level 5:colcon.colcon_core.verb:set package 'rgbd_process' build argument 'cmake_clean_cache' from command line to 'False'
[0.565s] Level 5:colcon.colcon_core.verb:set package 'rgbd_process' build argument 'cmake_clean_first' from command line to 'False'
[0.566s] Level 5:colcon.colcon_core.verb:set package 'rgbd_process' build argument 'cmake_force_configure' from command line to 'False'
[0.566s] Level 5:colcon.colcon_core.verb:set package 'rgbd_process' build argument 'ament_cmake_args' from command line to 'None'
[0.566s] Level 5:colcon.colcon_core.verb:set package 'rgbd_process' build argument 'catkin_cmake_args' from command line to 'None'
[0.566s] Level 5:colcon.colcon_core.verb:set package 'rgbd_process' build argument 'catkin_skip_building_tests' from command line to 'False'
[0.569s] DEBUG:colcon.colcon_core.verb:Building package 'rgbd_process' with the following arguments: {'ament_cmake_args': None, 'build_base': '/homes/tlei/Robotics_Lab/ros2_ws/build/rgbd_process', 'catkin_cmake_args': None, 'catkin_skip_building_tests': False, 'cmake_args': None, 'cmake_clean_cache': False, 'cmake_clean_first': False, 'cmake_force_configure': False, 'cmake_target': None, 'cmake_target_skip_unavailable': False, 'install_base': '/homes/tlei/Robotics_Lab/ros2_ws/install/rgbd_process', 'merge_install': False, 'path': '/homes/tlei/Robotics_Lab/ros2_ws/src/rgbd_process', 'symlink_install': False, 'test_result_base': None}
[0.571s] INFO:colcon.colcon_core.executor:Executing jobs using 'parallel' executor
[0.574s] DEBUG:colcon.colcon_parallel_executor.executor.parallel:run_until_complete
[0.574s] INFO:colcon.colcon_ros.task.ament_python.build:Building ROS package in '/homes/tlei/Robotics_Lab/ros2_ws/src/rgbd_process' with build type 'ament_python'
[0.577s] Level 1:colcon.colcon_core.shell:create_environment_hook('rgbd_process', 'ament_prefix_path')
[0.579s] INFO:colcon.colcon_core.plugin_system:Skipping extension 'colcon_core.shell.bat': Not used on non-Windows systems
[0.580s] INFO:colcon.colcon_core.shell:Creating environment hook '/homes/tlei/Robotics_Lab/ros2_ws/install/rgbd_process/share/rgbd_process/hook/ament_prefix_path.ps1'
[0.592s] INFO:colcon.colcon_core.shell:Creating environment descriptor '/homes/tlei/Robotics_Lab/ros2_ws/install/rgbd_process/share/rgbd_process/hook/ament_prefix_path.dsv'
[0.603s] INFO:colcon.colcon_core.shell:Creating environment hook '/homes/tlei/Robotics_Lab/ros2_ws/install/rgbd_process/share/rgbd_process/hook/ament_prefix_path.sh'
[0.611s] INFO:colcon.colcon_core.shell:Skip shell extension 'powershell' for command environment: Not usable outside of PowerShell
[0.611s] DEBUG:colcon.colcon_core.shell:Skip shell extension 'dsv' for command environment
[0.965s] INFO:colcon.colcon_core.task.python.build:Building Python package in '/homes/tlei/Robotics_Lab/ros2_ws/src/rgbd_process'
[0.965s] INFO:colcon.colcon_core.shell:Skip shell extension 'powershell' for command environment: Not usable outside of PowerShell
[0.967s] DEBUG:colcon.colcon_core.shell:Skip shell extension 'dsv' for command environment
[1.492s] DEBUG:colcon.colcon_core.event_handler.log_command:Invoking command in '/homes/tlei/Robotics_Lab/ros2_ws/src/rgbd_process': PYTHONPATH=/homes/tlei/Robotics_Lab/ros2_ws/build/rgbd_process/prefix_override:/usr/lib/python3/dist-packages/colcon_core/task/python/colcon_distutils_commands:/homes/tlei/Robotics_Lab/ros2_ws/install/rgbd_process/lib/python3.10/site-packages:${PYTHONPATH} VIRTUAL_ENV_PROMPT=(.env) /usr/bin/python3 -W ignore:setup.py install is deprecated -W ignore:easy_install command is deprecated setup.py egg_info --egg-base ../../build/rgbd_process build --build-base /homes/tlei/Robotics_Lab/ros2_ws/build/rgbd_process/build install --record /homes/tlei/Robotics_Lab/ros2_ws/build/rgbd_process/install.log --single-version-externally-managed install_data
[1.866s] DEBUG:colcon.colcon_core.event_handler.log_command:Invoked command in '/homes/tlei/Robotics_Lab/ros2_ws/src/rgbd_process' returned '0': PYTHONPATH=/homes/tlei/Robotics_Lab/ros2_ws/build/rgbd_process/prefix_override:/usr/lib/python3/dist-packages/colcon_core/task/python/colcon_distutils_commands:/homes/tlei/Robotics_Lab/ros2_ws/install/rgbd_process/lib/python3.10/site-packages:${PYTHONPATH} VIRTUAL_ENV_PROMPT=(.env) /usr/bin/python3 -W ignore:setup.py install is deprecated -W ignore:easy_install command is deprecated setup.py egg_info --egg-base ../../build/rgbd_process build --build-base /homes/tlei/Robotics_Lab/ros2_ws/build/rgbd_process/build install --record /homes/tlei/Robotics_Lab/ros2_ws/build/rgbd_process/install.log --single-version-externally-managed install_data
[1.869s] Level 1:colcon.colcon_core.environment:checking '/homes/tlei/Robotics_Lab/ros2_ws/install/rgbd_process' for CMake module files
[1.871s] Level 1:colcon.colcon_core.environment:checking '/homes/tlei/Robotics_Lab/ros2_ws/install/rgbd_process' for CMake config files
[1.877s] Level 1:colcon.colcon_core.environment:checking '/homes/tlei/Robotics_Lab/ros2_ws/install/rgbd_process/lib'
[1.877s] Level 1:colcon.colcon_core.environment:checking '/homes/tlei/Robotics_Lab/ros2_ws/install/rgbd_process/bin'
[1.877s] Level 1:colcon.colcon_core.environment:checking '/homes/tlei/Robotics_Lab/ros2_ws/install/rgbd_process/lib/pkgconfig/rgbd_process.pc'
[1.877s] Level 1:colcon.colcon_core.environment:checking '/homes/tlei/Robotics_Lab/ros2_ws/install/rgbd_process/lib/python3.10/site-packages'
[1.878s] Level 1:colcon.colcon_core.shell:create_environment_hook('rgbd_process', 'pythonpath')
[1.878s] INFO:colcon.colcon_core.shell:Creating environment hook '/homes/tlei/Robotics_Lab/ros2_ws/install/rgbd_process/share/rgbd_process/hook/pythonpath.ps1'
[1.879s] INFO:colcon.colcon_core.shell:Creating environment descriptor '/homes/tlei/Robotics_Lab/ros2_ws/install/rgbd_process/share/rgbd_process/hook/pythonpath.dsv'
[1.881s] INFO:colcon.colcon_core.shell:Creating environment hook '/homes/tlei/Robotics_Lab/ros2_ws/install/rgbd_process/share/rgbd_process/hook/pythonpath.sh'
[1.882s] Level 1:colcon.colcon_core.environment:checking '/homes/tlei/Robotics_Lab/ros2_ws/install/rgbd_process/bin'
[1.882s] Level 1:colcon.colcon_core.environment:create_environment_scripts_only(rgbd_process)
[1.883s] INFO:colcon.colcon_core.shell:Creating package script '/homes/tlei/Robotics_Lab/ros2_ws/install/rgbd_process/share/rgbd_process/package.ps1'
[1.885s] INFO:colcon.colcon_core.shell:Creating package descriptor '/homes/tlei/Robotics_Lab/ros2_ws/install/rgbd_process/share/rgbd_process/package.dsv'
[1.886s] INFO:colcon.colcon_core.shell:Creating package script '/homes/tlei/Robotics_Lab/ros2_ws/install/rgbd_process/share/rgbd_process/package.sh'
[1.888s] INFO:colcon.colcon_core.shell:Creating package script '/homes/tlei/Robotics_Lab/ros2_ws/install/rgbd_process/share/rgbd_process/package.bash'
[1.890s] INFO:colcon.colcon_core.shell:Creating package script '/homes/tlei/Robotics_Lab/ros2_ws/install/rgbd_process/share/rgbd_process/package.zsh'
[1.892s] Level 1:colcon.colcon_core.environment:create_file_with_runtime_dependencies(/homes/tlei/Robotics_Lab/ros2_ws/install/rgbd_process/share/colcon-core/packages/rgbd_process)
[1.893s] DEBUG:colcon.colcon_parallel_executor.executor.parallel:closing loop
[1.893s] DEBUG:colcon.colcon_parallel_executor.executor.parallel:loop closed
[1.894s] DEBUG:colcon.colcon_parallel_executor.executor.parallel:run_until_complete finished with '0'
[1.894s] DEBUG:colcon.colcon_core.event_reactor:joining thread
[1.901s] INFO:colcon.colcon_core.plugin_system:Skipping extension 'colcon_notification.desktop_notification.terminal_notifier': Not used on non-Darwin systems
[1.901s] INFO:colcon.colcon_core.plugin_system:Skipping extension 'colcon_notification.desktop_notification.win32': Not used on non-Windows systems
[1.901s] INFO:colcon.colcon_notification.desktop_notification:Sending desktop notification using 'notify2'
[1.901s] DEBUG:colcon.colcon_notification.desktop_notification.notify2:Failed to initialize notify2: org.freedesktop.DBus.Error.NotSupported: Unable to autolaunch a dbus-daemon without a $DISPLAY for X11
[1.901s] DEBUG:colcon.colcon_core.event_reactor:joined thread
[1.902s] INFO:colcon.colcon_core.shell:Creating prefix script '/homes/tlei/Robotics_Lab/ros2_ws/install/local_setup.ps1'
[1.904s] INFO:colcon.colcon_core.shell:Creating prefix util module '/homes/tlei/Robotics_Lab/ros2_ws/install/_local_setup_util_ps1.py'
[1.907s] INFO:colcon.colcon_core.shell:Creating prefix chain script '/homes/tlei/Robotics_Lab/ros2_ws/install/setup.ps1'
[1.910s] INFO:colcon.colcon_core.shell:Creating prefix script '/homes/tlei/Robotics_Lab/ros2_ws/install/local_setup.sh'
[1.912s] INFO:colcon.colcon_core.shell:Creating prefix util module '/homes/tlei/Robotics_Lab/ros2_ws/install/_local_setup_util_sh.py'
[1.914s] INFO:colcon.colcon_core.shell:Creating prefix chain script '/homes/tlei/Robotics_Lab/ros2_ws/install/setup.sh'
[1.916s] INFO:colcon.colcon_core.shell:Creating prefix script '/homes/tlei/Robotics_Lab/ros2_ws/install/local_setup.bash'
[1.918s] INFO:colcon.colcon_core.shell:Creating prefix chain script '/homes/tlei/Robotics_Lab/ros2_ws/install/setup.bash'
[1.921s] INFO:colcon.colcon_core.shell:Creating prefix script '/homes/tlei/Robotics_Lab/ros2_ws/install/local_setup.zsh'
[1.923s] INFO:colcon.colcon_core.shell:Creating prefix chain script '/homes/tlei/Robotics_Lab/ros2_ws/install/setup.zsh'
