[1.970s] Invoking command in '/homes/obluman/Robotics_Lab/ros2_ws/src/rgbd_process': PS1=(.env) PYTHONPATH=/homes/obluman/Robotics_Lab/ros2_ws/build/rgbd_process/prefix_override:/usr/lib/python3/dist-packages/colcon_core/task/python/colcon_distutils_commands:/homes/obluman/Robotics_Lab/ros2_ws/install/rgbd_process/lib/python3.10/site-packages:${PYTHONPATH} VIRTUAL_ENV_PROMPT=(.env) /usr/bin/python3 -W ignore:setup.py install is deprecated -W ignore:easy_install command is deprecated setup.py egg_info --egg-base ../../build/rgbd_process build --build-base /homes/obluman/Robotics_Lab/ros2_ws/build/rgbd_process/build install --record /homes/obluman/Robotics_Lab/ros2_ws/build/rgbd_process/install.log --single-version-externally-managed install_data
[2.257s] running egg_info
[2.258s] writing ../../build/rgbd_process/rgbd_process.egg-info/PKG-INFO
[2.260s] writing dependency_links to ../../build/rgbd_process/rgbd_process.egg-info/dependency_links.txt
[2.262s] writing entry points to ../../build/rgbd_process/rgbd_process.egg-info/entry_points.txt
[2.263s] writing requirements to ../../build/rgbd_process/rgbd_process.egg-info/requires.txt
[2.264s] writing top-level names to ../../build/rgbd_process/rgbd_process.egg-info/top_level.txt
[2.271s] reading manifest file '../../build/rgbd_process/rgbd_process.egg-info/SOURCES.txt'
[2.273s] adding license file 'LICENSE'
[2.274s] writing manifest file '../../build/rgbd_process/rgbd_process.egg-info/SOURCES.txt'
[2.275s] running build
[2.275s] running build_py
[2.276s] copying rgbd_process/__init__.py -> /homes/obluman/Robotics_Lab/ros2_ws/build/rgbd_process/build/lib/rgbd_process
[2.279s] copying rgbd_process/rgbd_recorder.py -> /homes/obluman/Robotics_Lab/ros2_ws/build/rgbd_process/build/lib/rgbd_process
[2.281s] running install
[2.282s] running install_lib
[2.284s] copying /homes/obluman/Robotics_Lab/ros2_ws/build/rgbd_process/build/lib/rgbd_process/__init__.py -> /homes/obluman/Robotics_Lab/ros2_ws/install/rgbd_process/lib/python3.10/site-packages/rgbd_process
[2.286s] copying /homes/obluman/Robotics_Lab/ros2_ws/build/rgbd_process/build/lib/rgbd_process/rgbd_recorder.py -> /homes/obluman/Robotics_Lab/ros2_ws/install/rgbd_process/lib/python3.10/site-packages/rgbd_process
[2.289s] byte-compiling /homes/obluman/Robotics_Lab/ros2_ws/install/rgbd_process/lib/python3.10/site-packages/rgbd_process/__init__.py to __init__.cpython-310.pyc
[2.292s] byte-compiling /homes/obluman/Robotics_Lab/ros2_ws/install/rgbd_process/lib/python3.10/site-packages/rgbd_process/rgbd_recorder.py to rgbd_recorder.cpython-310.pyc
[2.295s] running install_data
[2.296s] copying resource/rgbd_process -> /homes/obluman/Robotics_Lab/ros2_ws/install/rgbd_process/share/ament_index/resource_index/packages
[2.298s] copying package.xml -> /homes/obluman/Robotics_Lab/ros2_ws/install/rgbd_process/share/rgbd_process
[2.300s] running install_egg_info
[2.302s] removing '/homes/obluman/Robotics_Lab/ros2_ws/install/rgbd_process/lib/python3.10/site-packages/rgbd_process-0.0.0-py3.10.egg-info' (and everything under it)
[2.305s] Copying ../../build/rgbd_process/rgbd_process.egg-info to /homes/obluman/Robotics_Lab/ros2_ws/install/rgbd_process/lib/python3.10/site-packages/rgbd_process-0.0.0-py3.10.egg-info
[2.325s] running install_scripts
[2.347s] Installing recorder script to /homes/obluman/Robotics_Lab/ros2_ws/install/rgbd_process/lib/rgbd_process
[2.349s] writing list of installed files to '/homes/obluman/Robotics_Lab/ros2_ws/build/rgbd_process/install.log'
[2.381s] Invoked command in '/homes/obluman/Robotics_Lab/ros2_ws/src/rgbd_process' returned '0': PS1=(.env) PYTHONPATH=/homes/obluman/Robotics_Lab/ros2_ws/build/rgbd_process/prefix_override:/usr/lib/python3/dist-packages/colcon_core/task/python/colcon_distutils_commands:/homes/obluman/Robotics_Lab/ros2_ws/install/rgbd_process/lib/python3.10/site-packages:${PYTHONPATH} VIRTUAL_ENV_PROMPT=(.env) /usr/bin/python3 -W ignore:setup.py install is deprecated -W ignore:easy_install command is deprecated setup.py egg_info --egg-base ../../build/rgbd_process build --build-base /homes/obluman/Robotics_Lab/ros2_ws/build/rgbd_process/build install --record /homes/obluman/Robotics_Lab/ros2_ws/build/rgbd_process/install.log --single-version-externally-managed install_data
