[2.434s] Invoking command in '/homes/tlei/ros2_ws/src/rgbd_process': PYTHONPATH=/homes/tlei/ros2_ws/build/rgbd_process/prefix_override:/usr/lib/python3/dist-packages/colcon_core/task/python/colcon_distutils_commands:/homes/tlei/ros2_ws/install/rgbd_process/lib/python3.10/site-packages:${PYTHONPATH} VIRTUAL_ENV_PROMPT=(.env) /usr/bin/python3 -W ignore:setup.py install is deprecated -W ignore:easy_install command is deprecated setup.py egg_info --egg-base ../../build/rgbd_process build --build-base /homes/tlei/ros2_ws/build/rgbd_process/build install --record /homes/tlei/ros2_ws/build/rgbd_process/install.log --single-version-externally-managed install_data
[2.900s] running egg_info
[2.908s] writing ../../build/rgbd_process/rgbd_process.egg-info/PKG-INFO
[2.921s] writing dependency_links to ../../build/rgbd_process/rgbd_process.egg-info/dependency_links.txt
[2.937s] writing entry points to ../../build/rgbd_process/rgbd_process.egg-info/entry_points.txt
[2.953s] writing requirements to ../../build/rgbd_process/rgbd_process.egg-info/requires.txt
[2.957s] writing top-level names to ../../build/rgbd_process/rgbd_process.egg-info/top_level.txt
[2.987s] reading manifest file '../../build/rgbd_process/rgbd_process.egg-info/SOURCES.txt'
[2.999s] adding license file 'LICENSE'
[3.006s] writing manifest file '../../build/rgbd_process/rgbd_process.egg-info/SOURCES.txt'
[3.009s] running build
[3.009s] running build_py
[3.029s] running install
[3.033s] running install_lib
[3.056s] running install_data
[3.070s] running install_egg_info
[3.073s] removing '/homes/tlei/ros2_ws/install/rgbd_process/lib/python3.10/site-packages/rgbd_process-0.0.0-py3.10.egg-info' (and everything under it)
[3.129s] Copying ../../build/rgbd_process/rgbd_process.egg-info to /homes/tlei/ros2_ws/install/rgbd_process/lib/python3.10/site-packages/rgbd_process-0.0.0-py3.10.egg-info
[3.340s] running install_scripts
[3.402s] Installing recorder script to /homes/tlei/ros2_ws/install/rgbd_process/lib/rgbd_process
[3.435s] writing list of installed files to '/homes/tlei/ros2_ws/build/rgbd_process/install.log'
[3.478s] Invoked command in '/homes/tlei/ros2_ws/src/rgbd_process' returned '0': PYTHONPATH=/homes/tlei/ros2_ws/build/rgbd_process/prefix_override:/usr/lib/python3/dist-packages/colcon_core/task/python/colcon_distutils_commands:/homes/tlei/ros2_ws/install/rgbd_process/lib/python3.10/site-packages:${PYTHONPATH} VIRTUAL_ENV_PROMPT=(.env) /usr/bin/python3 -W ignore:setup.py install is deprecated -W ignore:easy_install command is deprecated setup.py egg_info --egg-base ../../build/rgbd_process build --build-base /homes/tlei/ros2_ws/build/rgbd_process/build install --record /homes/tlei/ros2_ws/build/rgbd_process/install.log --single-version-externally-managed install_data
