[1.170s] Invoking command in '/homes/tlei/ros2_ws/src/rgbd_process': PYTHONPATH=/homes/tlei/ros2_ws/build/rgbd_process/prefix_override:/usr/lib/python3/dist-packages/colcon_core/task/python/colcon_distutils_commands:/homes/tlei/ros2_ws/install/rgbd_process/lib/python3.10/site-packages:${PYTHONPATH} VIRTUAL_ENV_PROMPT=(.env) /usr/bin/python3 -W ignore:setup.py install is deprecated -W ignore:easy_install command is deprecated setup.py egg_info --egg-base ../../build/rgbd_process build --build-base /homes/tlei/ros2_ws/build/rgbd_process/build install --record /homes/tlei/ros2_ws/build/rgbd_process/install.log --single-version-externally-managed install_data
[1.430s] running egg_info
[1.431s] creating ../../build/rgbd_process/rgbd_process.egg-info
[1.431s] writing ../../build/rgbd_process/rgbd_process.egg-info/PKG-INFO
[1.433s] writing dependency_links to ../../build/rgbd_process/rgbd_process.egg-info/dependency_links.txt
[1.435s] writing entry points to ../../build/rgbd_process/rgbd_process.egg-info/entry_points.txt
[1.436s] writing requirements to ../../build/rgbd_process/rgbd_process.egg-info/requires.txt
[1.437s] writing top-level names to ../../build/rgbd_process/rgbd_process.egg-info/top_level.txt
[1.438s] writing manifest file '../../build/rgbd_process/rgbd_process.egg-info/SOURCES.txt'
[1.442s] reading manifest file '../../build/rgbd_process/rgbd_process.egg-info/SOURCES.txt'
[1.443s] adding license file 'LICENSE'
[1.444s] writing manifest file '../../build/rgbd_process/rgbd_process.egg-info/SOURCES.txt'
[1.445s] running build
[1.445s] running build_py
[1.446s] creating /homes/tlei/ros2_ws/build/rgbd_process/build
[1.446s] creating /homes/tlei/ros2_ws/build/rgbd_process/build/lib
[1.446s] creating /homes/tlei/ros2_ws/build/rgbd_process/build/lib/rgbd_process
[1.448s] copying rgbd_process/__init__.py -> /homes/tlei/ros2_ws/build/rgbd_process/build/lib/rgbd_process
[1.449s] copying rgbd_process/rgbd_recorder.py -> /homes/tlei/ros2_ws/build/rgbd_process/build/lib/rgbd_process
[1.451s] running install
[1.451s] running install_lib
[1.453s] creating /homes/tlei/ros2_ws/install/rgbd_process/lib/python3.10/site-packages/rgbd_process
[1.454s] copying /homes/tlei/ros2_ws/build/rgbd_process/build/lib/rgbd_process/__init__.py -> /homes/tlei/ros2_ws/install/rgbd_process/lib/python3.10/site-packages/rgbd_process
[1.455s] copying /homes/tlei/ros2_ws/build/rgbd_process/build/lib/rgbd_process/rgbd_recorder.py -> /homes/tlei/ros2_ws/install/rgbd_process/lib/python3.10/site-packages/rgbd_process
[1.458s] byte-compiling /homes/tlei/ros2_ws/install/rgbd_process/lib/python3.10/site-packages/rgbd_process/__init__.py to __init__.cpython-310.pyc
[1.460s] byte-compiling /homes/tlei/ros2_ws/install/rgbd_process/lib/python3.10/site-packages/rgbd_process/rgbd_recorder.py to rgbd_recorder.cpython-310.pyc
[1.463s] running install_data
[1.464s] creating /homes/tlei/ros2_ws/install/rgbd_process/share/ament_index
[1.465s] creating /homes/tlei/ros2_ws/install/rgbd_process/share/ament_index/resource_index
[1.465s] creating /homes/tlei/ros2_ws/install/rgbd_process/share/ament_index/resource_index/packages
[1.465s] copying resource/rgbd_process -> /homes/tlei/ros2_ws/install/rgbd_process/share/ament_index/resource_index/packages
[1.467s] copying package.xml -> /homes/tlei/ros2_ws/install/rgbd_process/share/rgbd_process
[1.468s] running install_egg_info
[1.471s] Copying ../../build/rgbd_process/rgbd_process.egg-info to /homes/tlei/ros2_ws/install/rgbd_process/lib/python3.10/site-packages/rgbd_process-0.0.0-py3.10.egg-info
[1.487s] running install_scripts
[1.507s] Installing rgbd_recorder script to /homes/tlei/ros2_ws/install/rgbd_process/lib/rgbd_process
[1.509s] writing list of installed files to '/homes/tlei/ros2_ws/build/rgbd_process/install.log'
[1.528s] Invoked command in '/homes/tlei/ros2_ws/src/rgbd_process' returned '0': PYTHONPATH=/homes/tlei/ros2_ws/build/rgbd_process/prefix_override:/usr/lib/python3/dist-packages/colcon_core/task/python/colcon_distutils_commands:/homes/tlei/ros2_ws/install/rgbd_process/lib/python3.10/site-packages:${PYTHONPATH} VIRTUAL_ENV_PROMPT=(.env) /usr/bin/python3 -W ignore:setup.py install is deprecated -W ignore:easy_install command is deprecated setup.py egg_info --egg-base ../../build/rgbd_process build --build-base /homes/tlei/ros2_ws/build/rgbd_process/build install --record /homes/tlei/ros2_ws/build/rgbd_process/install.log --single-version-externally-managed install_data
