[1.027s] Invoking command in '/homes/tlei/ros2_ws/src/talker_listener': PYTHONPATH=/homes/tlei/ros2_ws/build/talker_listener/prefix_override:/usr/lib/python3/dist-packages/colcon_core/task/python/colcon_distutils_commands:/homes/tlei/ros2_ws/install/talker_listener/lib/python3.10/site-packages:${PYTHONPATH} VIRTUAL_ENV_PROMPT=(.env) /usr/bin/python3 -W ignore:setup.py install is deprecated -W ignore:easy_install command is deprecated setup.py egg_info --egg-base ../../build/talker_listener build --build-base /homes/tlei/ros2_ws/build/talker_listener/build install --record /homes/tlei/ros2_ws/build/talker_listener/install.log --single-version-externally-managed install_data
[1.301s] running egg_info
[1.302s] writing ../../build/talker_listener/talker_listener.egg-info/PKG-INFO
[1.303s] writing dependency_links to ../../build/talker_listener/talker_listener.egg-info/dependency_links.txt
[1.305s] writing entry points to ../../build/talker_listener/talker_listener.egg-info/entry_points.txt
[1.306s] writing requirements to ../../build/talker_listener/talker_listener.egg-info/requires.txt
[1.307s] writing top-level names to ../../build/talker_listener/talker_listener.egg-info/top_level.txt
[1.311s] reading manifest file '../../build/talker_listener/talker_listener.egg-info/SOURCES.txt'
[1.314s] writing manifest file '../../build/talker_listener/talker_listener.egg-info/SOURCES.txt'
[1.315s] running build
[1.315s] running build_py
[1.317s] running install
[1.317s] running install_lib
[1.320s] running install_data
[1.321s] running install_egg_info
[1.322s] removing '/homes/tlei/ros2_ws/install/talker_listener/lib/python3.10/site-packages/talker_listener-0.0.0-py3.10.egg-info' (and everything under it)
[1.325s] Copying ../../build/talker_listener/talker_listener.egg-info to /homes/tlei/ros2_ws/install/talker_listener/lib/python3.10/site-packages/talker_listener-0.0.0-py3.10.egg-info
[1.343s] running install_scripts
[1.367s] Installing listener script to /homes/tlei/ros2_ws/install/talker_listener/lib/talker_listener
[1.368s] Installing talker script to /homes/tlei/ros2_ws/install/talker_listener/lib/talker_listener
[1.370s] writing list of installed files to '/homes/tlei/ros2_ws/build/talker_listener/install.log'
[1.395s] Invoked command in '/homes/tlei/ros2_ws/src/talker_listener' returned '0': PYTHONPATH=/homes/tlei/ros2_ws/build/talker_listener/prefix_override:/usr/lib/python3/dist-packages/colcon_core/task/python/colcon_distutils_commands:/homes/tlei/ros2_ws/install/talker_listener/lib/python3.10/site-packages:${PYTHONPATH} VIRTUAL_ENV_PROMPT=(.env) /usr/bin/python3 -W ignore:setup.py install is deprecated -W ignore:easy_install command is deprecated setup.py egg_info --egg-base ../../build/talker_listener build --build-base /homes/tlei/ros2_ws/build/talker_listener/build install --record /homes/tlei/ros2_ws/build/talker_listener/install.log --single-version-externally-managed install_data
