[0.030s] Invoking command in '/homes/obluman/robotics_ws/build/custom_controller': CMAKE_PREFIX_PATH=/homes/obluman/robotics_ws/install/custom_controller:/opt/ros/humble:/homes/obluman/robo_ws/install/my_custom_controller:/bigdata/thao/franka_ros2_ws/install/franka_ros2:/bigdata/thao/franka_ros2_ws/install/franka_bringup:/bigdata/thao/franka_ros2_ws/install/franka_robot_state_broadcaster:/bigdata/thao/franka_ros2_ws/install/franka_example_controllers:/bigdata/thao/franka_ros2_ws/install/franka_semantic_components:/bigdata/thao/franka_ros2_ws/install/franka_gazebo_bringup:/bigdata/thao/franka_ros2_ws/install/franka_ign_ros2_control:/bigdata/thao/franka_ros2_ws/install/franka_fr3_moveit_config:/bigdata/thao/franka_ros2_ws/install/franka_hardware:/bigdata/thao/franka_ros2_ws/install/franka_gripper:/bigdata/thao/franka_ros2_ws/install/libfranka:/bigdata/thao/franka_ros2_ws/install/integration_launch_testing:/bigdata/thao/franka_ros2_ws/install/franka_msgs:/bigdata/thao/franka_ros2_ws/install/franka_description /usr/bin/cmake --build /homes/obluman/robotics_ws/build/custom_controller -- -j12 -l12
[0.154s] [100%] Built target custom_controller
[0.180s] Invoked command in '/homes/obluman/robotics_ws/build/custom_controller' returned '0': CMAKE_PREFIX_PATH=/homes/obluman/robotics_ws/install/custom_controller:/opt/ros/humble:/homes/obluman/robo_ws/install/my_custom_controller:/bigdata/thao/franka_ros2_ws/install/franka_ros2:/bigdata/thao/franka_ros2_ws/install/franka_bringup:/bigdata/thao/franka_ros2_ws/install/franka_robot_state_broadcaster:/bigdata/thao/franka_ros2_ws/install/franka_example_controllers:/bigdata/thao/franka_ros2_ws/install/franka_semantic_components:/bigdata/thao/franka_ros2_ws/install/franka_gazebo_bringup:/bigdata/thao/franka_ros2_ws/install/franka_ign_ros2_control:/bigdata/thao/franka_ros2_ws/install/franka_fr3_moveit_config:/bigdata/thao/franka_ros2_ws/install/franka_hardware:/bigdata/thao/franka_ros2_ws/install/franka_gripper:/bigdata/thao/franka_ros2_ws/install/libfranka:/bigdata/thao/franka_ros2_ws/install/integration_launch_testing:/bigdata/thao/franka_ros2_ws/install/franka_msgs:/bigdata/thao/franka_ros2_ws/install/franka_description /usr/bin/cmake --build /homes/obluman/robotics_ws/build/custom_controller -- -j12 -l12
[0.204s] Invoking command in '/homes/obluman/robotics_ws/build/custom_controller': CMAKE_PREFIX_PATH=/homes/obluman/robotics_ws/install/custom_controller:/opt/ros/humble:/homes/obluman/robo_ws/install/my_custom_controller:/bigdata/thao/franka_ros2_ws/install/franka_ros2:/bigdata/thao/franka_ros2_ws/install/franka_bringup:/bigdata/thao/franka_ros2_ws/install/franka_robot_state_broadcaster:/bigdata/thao/franka_ros2_ws/install/franka_example_controllers:/bigdata/thao/franka_ros2_ws/install/franka_semantic_components:/bigdata/thao/franka_ros2_ws/install/franka_gazebo_bringup:/bigdata/thao/franka_ros2_ws/install/franka_ign_ros2_control:/bigdata/thao/franka_ros2_ws/install/franka_fr3_moveit_config:/bigdata/thao/franka_ros2_ws/install/franka_hardware:/bigdata/thao/franka_ros2_ws/install/franka_gripper:/bigdata/thao/franka_ros2_ws/install/libfranka:/bigdata/thao/franka_ros2_ws/install/integration_launch_testing:/bigdata/thao/franka_ros2_ws/install/franka_msgs:/bigdata/thao/franka_ros2_ws/install/franka_description /usr/bin/cmake --install /homes/obluman/robotics_ws/build/custom_controller
[0.219s] -- Install configuration: ""
[0.223s] -- Up-to-date: /homes/obluman/robotics_ws/install/custom_controller/lib/custom_controller/custom_controller
[0.228s] -- Up-to-date: /homes/obluman/robotics_ws/install/custom_controller/share/custom_controller/launch
[0.230s] -- Installing: /homes/obluman/robotics_ws/install/custom_controller/share/custom_controller/launch/custom_controller_launch.py
[0.234s] -- Up-to-date: /homes/obluman/robotics_ws/install/custom_controller/share/custom_controller/config
[0.235s] -- Up-to-date: /homes/obluman/robotics_ws/install/custom_controller/share/custom_controller/config/controllers.yaml
[0.236s] -- Up-to-date: /homes/obluman/robotics_ws/install/custom_controller/share/ament_index/resource_index/package_run_dependencies/custom_controller
[0.237s] -- Up-to-date: /homes/obluman/robotics_ws/install/custom_controller/share/ament_index/resource_index/parent_prefix_path/custom_controller
[0.238s] -- Up-to-date: /homes/obluman/robotics_ws/install/custom_controller/share/custom_controller/environment/ament_prefix_path.sh
[0.239s] -- Up-to-date: /homes/obluman/robotics_ws/install/custom_controller/share/custom_controller/environment/ament_prefix_path.dsv
[0.240s] -- Up-to-date: /homes/obluman/robotics_ws/install/custom_controller/share/custom_controller/environment/path.sh
[0.240s] -- Up-to-date: /homes/obluman/robotics_ws/install/custom_controller/share/custom_controller/environment/path.dsv
[0.241s] -- Up-to-date: /homes/obluman/robotics_ws/install/custom_controller/share/custom_controller/local_setup.bash
[0.242s] -- Up-to-date: /homes/obluman/robotics_ws/install/custom_controller/share/custom_controller/local_setup.sh
[0.243s] -- Up-to-date: /homes/obluman/robotics_ws/install/custom_controller/share/custom_controller/local_setup.zsh
[0.244s] -- Up-to-date: /homes/obluman/robotics_ws/install/custom_controller/share/custom_controller/local_setup.dsv
[0.245s] -- Installing: /homes/obluman/robotics_ws/install/custom_controller/share/custom_controller/package.dsv
[0.249s] -- Up-to-date: /homes/obluman/robotics_ws/install/custom_controller/share/ament_index/resource_index/packages/custom_controller
[0.250s] -- Up-to-date: /homes/obluman/robotics_ws/install/custom_controller/share/custom_controller/cmake/custom_controllerConfig.cmake
[0.250s] -- Up-to-date: /homes/obluman/robotics_ws/install/custom_controller/share/custom_controller/cmake/custom_controllerConfig-version.cmake
[0.251s] -- Up-to-date: /homes/obluman/robotics_ws/install/custom_controller/share/custom_controller/package.xml
[0.256s] Invoked command in '/homes/obluman/robotics_ws/build/custom_controller' returned '0': CMAKE_PREFIX_PATH=/homes/obluman/robotics_ws/install/custom_controller:/opt/ros/humble:/homes/obluman/robo_ws/install/my_custom_controller:/bigdata/thao/franka_ros2_ws/install/franka_ros2:/bigdata/thao/franka_ros2_ws/install/franka_bringup:/bigdata/thao/franka_ros2_ws/install/franka_robot_state_broadcaster:/bigdata/thao/franka_ros2_ws/install/franka_example_controllers:/bigdata/thao/franka_ros2_ws/install/franka_semantic_components:/bigdata/thao/franka_ros2_ws/install/franka_gazebo_bringup:/bigdata/thao/franka_ros2_ws/install/franka_ign_ros2_control:/bigdata/thao/franka_ros2_ws/install/franka_fr3_moveit_config:/bigdata/thao/franka_ros2_ws/install/franka_hardware:/bigdata/thao/franka_ros2_ws/install/franka_gripper:/bigdata/thao/franka_ros2_ws/install/libfranka:/bigdata/thao/franka_ros2_ws/install/integration_launch_testing:/bigdata/thao/franka_ros2_ws/install/franka_msgs:/bigdata/thao/franka_ros2_ws/install/franka_description /usr/bin/cmake --install /homes/obluman/robotics_ws/build/custom_controller
