[2.443s] Invoking command in '/homes/obluman/Robotics_Lab/ros2_ws/src/location_pub': PYTHONPATH=/homes/obluman/Robotics_Lab/ros2_ws/build/location_pub/prefix_override:/usr/lib/python3/dist-packages/colcon_core/task/python/colcon_distutils_commands:/homes/obluman/Robotics_Lab/ros2_ws/install/location_pub/lib/python3.10/site-packages:${PYTHONPATH} /usr/bin/python3 -W ignore:setup.py install is deprecated -W ignore:easy_install command is deprecated setup.py egg_info --egg-base ../../build/location_pub build --build-base /homes/obluman/Robotics_Lab/ros2_ws/build/location_pub/build install --record /homes/obluman/Robotics_Lab/ros2_ws/build/location_pub/install.log --single-version-externally-managed install_data
[2.782s] running egg_info
[2.783s] writing ../../build/location_pub/location_pub.egg-info/PKG-INFO
[2.785s] writing dependency_links to ../../build/location_pub/location_pub.egg-info/dependency_links.txt
[2.787s] writing entry points to ../../build/location_pub/location_pub.egg-info/entry_points.txt
[2.889s] writing requirements to ../../build/location_pub/location_pub.egg-info/requires.txt
[2.890s] writing top-level names to ../../build/location_pub/location_pub.egg-info/top_level.txt
[2.895s] reading manifest file '../../build/location_pub/location_pub.egg-info/SOURCES.txt'
[2.897s] adding license file 'LICENSE'
[2.898s] writing manifest file '../../build/location_pub/location_pub.egg-info/SOURCES.txt'
[3.005s] running build
[3.005s] running build_py
[3.006s] running install
[3.007s] running install_lib
[3.009s] running install_data
[3.010s] running install_egg_info
[3.012s] removing '/homes/obluman/Robotics_Lab/ros2_ws/install/location_pub/lib/python3.10/site-packages/location_pub-0.0.0-py3.10.egg-info' (and everything under it)
[3.015s] Copying ../../build/location_pub/location_pub.egg-info to /homes/obluman/Robotics_Lab/ros2_ws/install/location_pub/lib/python3.10/site-packages/location_pub-0.0.0-py3.10.egg-info
[3.034s] running install_scripts
[3.058s] Installing publisher script to /homes/obluman/Robotics_Lab/ros2_ws/install/location_pub/lib/location_pub
[3.060s] writing list of installed files to '/homes/obluman/Robotics_Lab/ros2_ws/build/location_pub/install.log'
[3.081s] Invoked command in '/homes/obluman/Robotics_Lab/ros2_ws/src/location_pub' returned '0': PYTHONPATH=/homes/obluman/Robotics_Lab/ros2_ws/build/location_pub/prefix_override:/usr/lib/python3/dist-packages/colcon_core/task/python/colcon_distutils_commands:/homes/obluman/Robotics_Lab/ros2_ws/install/location_pub/lib/python3.10/site-packages:${PYTHONPATH} /usr/bin/python3 -W ignore:setup.py install is deprecated -W ignore:easy_install command is deprecated setup.py egg_info --egg-base ../../build/location_pub build --build-base /homes/obluman/Robotics_Lab/ros2_ws/build/location_pub/build install --record /homes/obluman/Robotics_Lab/ros2_ws/build/location_pub/install.log --single-version-externally-managed install_data
