[0.793s] Invoking command in '/homes/tlei/Robotics_Lab/ros2_ws/src/server_client': PYTHONPATH=/homes/tlei/Robotics_Lab/ros2_ws/build/server_client/prefix_override:/usr/lib/python3/dist-packages/colcon_core/task/python/colcon_distutils_commands:/homes/tlei/Robotics_Lab/ros2_ws/install/server_client/lib/python3.10/site-packages:${PYTHONPATH} VIRTUAL_ENV_PROMPT=(.env) /usr/bin/python3 -W ignore:setup.py install is deprecated -W ignore:easy_install command is deprecated setup.py egg_info --egg-base ../../build/server_client build --build-base /homes/tlei/Robotics_Lab/ros2_ws/build/server_client/build install --record /homes/tlei/Robotics_Lab/ros2_ws/build/server_client/install.log --single-version-externally-managed install_data
[1.085s] running egg_info
[1.085s] writing ../../build/server_client/server_client.egg-info/PKG-INFO
[1.087s] writing dependency_links to ../../build/server_client/server_client.egg-info/dependency_links.txt
[1.089s] writing entry points to ../../build/server_client/server_client.egg-info/entry_points.txt
[1.090s] writing requirements to ../../build/server_client/server_client.egg-info/requires.txt
[1.092s] writing top-level names to ../../build/server_client/server_client.egg-info/top_level.txt
[1.096s] reading manifest file '../../build/server_client/server_client.egg-info/SOURCES.txt'
[1.098s] adding license file 'LICENSE'
[1.099s] writing manifest file '../../build/server_client/server_client.egg-info/SOURCES.txt'
[1.100s] running build
[1.100s] running build_py
[1.101s] copying server_client/server.py -> /homes/tlei/Robotics_Lab/ros2_ws/build/server_client/build/lib/server_client
[1.104s] running install
[1.104s] running install_lib
[1.106s] copying /homes/tlei/Robotics_Lab/ros2_ws/build/server_client/build/lib/server_client/server.py -> /homes/tlei/Robotics_Lab/ros2_ws/install/server_client/lib/python3.10/site-packages/server_client
[1.110s] byte-compiling /homes/tlei/Robotics_Lab/ros2_ws/install/server_client/lib/python3.10/site-packages/server_client/server.py to server.cpython-310.pyc
[1.113s] running install_data
[1.114s] running install_egg_info
[1.116s] removing '/homes/tlei/Robotics_Lab/ros2_ws/install/server_client/lib/python3.10/site-packages/server_client-0.0.0-py3.10.egg-info' (and everything under it)
[1.119s] Copying ../../build/server_client/server_client.egg-info to /homes/tlei/Robotics_Lab/ros2_ws/install/server_client/lib/python3.10/site-packages/server_client-0.0.0-py3.10.egg-info
[1.137s] running install_scripts
[1.159s] Installing client script to /homes/tlei/Robotics_Lab/ros2_ws/install/server_client/lib/server_client
[1.160s] Installing server script to /homes/tlei/Robotics_Lab/ros2_ws/install/server_client/lib/server_client
[1.162s] writing list of installed files to '/homes/tlei/Robotics_Lab/ros2_ws/build/server_client/install.log'
[1.183s] Invoked command in '/homes/tlei/Robotics_Lab/ros2_ws/src/server_client' returned '0': PYTHONPATH=/homes/tlei/Robotics_Lab/ros2_ws/build/server_client/prefix_override:/usr/lib/python3/dist-packages/colcon_core/task/python/colcon_distutils_commands:/homes/tlei/Robotics_Lab/ros2_ws/install/server_client/lib/python3.10/site-packages:${PYTHONPATH} VIRTUAL_ENV_PROMPT=(.env) /usr/bin/python3 -W ignore:setup.py install is deprecated -W ignore:easy_install command is deprecated setup.py egg_info --egg-base ../../build/server_client build --build-base /homes/tlei/Robotics_Lab/ros2_ws/build/server_client/build install --record /homes/tlei/Robotics_Lab/ros2_ws/build/server_client/install.log --single-version-externally-managed install_data
