[0.777s] Invoking command in '/homes/tlei/Robotics_Lab/ros2_ws/src/server_client': PYTHONPATH=/homes/tlei/Robotics_Lab/ros2_ws/build/server_client/prefix_override:/usr/lib/python3/dist-packages/colcon_core/task/python/colcon_distutils_commands:/homes/tlei/Robotics_Lab/ros2_ws/install/server_client/lib/python3.10/site-packages:${PYTHONPATH} VIRTUAL_ENV_PROMPT=(.env) /usr/bin/python3 -W ignore:setup.py install is deprecated -W ignore:easy_install command is deprecated setup.py egg_info --egg-base ../../build/server_client build --build-base /homes/tlei/Robotics_Lab/ros2_ws/build/server_client/build install --record /homes/tlei/Robotics_Lab/ros2_ws/build/server_client/install.log --single-version-externally-managed install_data
[1.059s] running egg_info
[1.059s] writing ../../build/server_client/server_client.egg-info/PKG-INFO
[1.061s] writing dependency_links to ../../build/server_client/server_client.egg-info/dependency_links.txt
[1.063s] writing entry points to ../../build/server_client/server_client.egg-info/entry_points.txt
[1.064s] writing requirements to ../../build/server_client/server_client.egg-info/requires.txt
[1.065s] writing top-level names to ../../build/server_client/server_client.egg-info/top_level.txt
[1.069s] reading manifest file '../../build/server_client/server_client.egg-info/SOURCES.txt'
[1.070s] adding license file 'LICENSE'
[1.072s] writing manifest file '../../build/server_client/server_client.egg-info/SOURCES.txt'
[1.073s] running build
[1.073s] running build_py
[1.074s] running install
[1.075s] running install_lib
[1.078s] running install_data
[1.078s] running install_egg_info
[1.080s] removing '/homes/tlei/Robotics_Lab/ros2_ws/install/server_client/lib/python3.10/site-packages/server_client-0.0.0-py3.10.egg-info' (and everything under it)
[1.083s] Copying ../../build/server_client/server_client.egg-info to /homes/tlei/Robotics_Lab/ros2_ws/install/server_client/lib/python3.10/site-packages/server_client-0.0.0-py3.10.egg-info
[1.099s] running install_scripts
[1.121s] Installing client script to /homes/tlei/Robotics_Lab/ros2_ws/install/server_client/lib/server_client
[1.122s] Installing server script to /homes/tlei/Robotics_Lab/ros2_ws/install/server_client/lib/server_client
[1.123s] writing list of installed files to '/homes/tlei/Robotics_Lab/ros2_ws/build/server_client/install.log'
[1.144s] Invoked command in '/homes/tlei/Robotics_Lab/ros2_ws/src/server_client' returned '0': PYTHONPATH=/homes/tlei/Robotics_Lab/ros2_ws/build/server_client/prefix_override:/usr/lib/python3/dist-packages/colcon_core/task/python/colcon_distutils_commands:/homes/tlei/Robotics_Lab/ros2_ws/install/server_client/lib/python3.10/site-packages:${PYTHONPATH} VIRTUAL_ENV_PROMPT=(.env) /usr/bin/python3 -W ignore:setup.py install is deprecated -W ignore:easy_install command is deprecated setup.py egg_info --egg-base ../../build/server_client build --build-base /homes/tlei/Robotics_Lab/ros2_ws/build/server_client/build install --record /homes/tlei/Robotics_Lab/ros2_ws/build/server_client/install.log --single-version-externally-managed install_data
