[0.112s] DEBUG:colcon:Command line arguments: ['/usr/bin/colcon', 'build']
[0.112s] DEBUG:colcon:Parsed command line arguments: Namespace(log_base=None, log_level=None, verb_name='build', build_base='build', install_base='install', merge_install=False, symlink_install=False, test_result_base=None, continue_on_error=False, executor='parallel', parallel_workers=12, event_handlers=None, ignore_user_meta=False, metas=['./colcon.meta'], base_paths=['.'], packages_ignore=None, packages_ignore_regex=None, paths=None, packages_up_to=None, packages_up_to_regex=None, packages_above=None, packages_above_and_dependencies=None, packages_above_depth=None, packages_select_by_dep=None, packages_skip_by_dep=None, packages_skip_up_to=None, packages_select_build_failed=False, packages_skip_build_finished=False, packages_select_test_failures=False, packages_skip_test_passed=False, packages_select=None, packages_skip=None, packages_select_regex=None, packages_skip_regex=None, packages_start=None, packages_end=None, allow_overriding=[], cmake_args=None, cmake_target=None, cmake_target_skip_unavailable=False, cmake_clean_cache=False, cmake_clean_first=False, cmake_force_configure=False, ament_cmake_args=None, catkin_cmake_args=None, catkin_skip_building_tests=False, mixin_files=None, mixin=None, verb_parser=<colcon_mixin.mixin.mixin_argument.MixinArgumentDecorator object at 0x7fe50a3cb9d0>, verb_extension=<colcon_core.verb.build.BuildVerb object at 0x7fe50a3cb310>, main=<bound method BuildVerb.main of <colcon_core.verb.build.BuildVerb object at 0x7fe50a3cb310>>, mixin_verb=('build',))
[0.327s] Level 1:colcon.colcon_core.package_discovery:discover_packages(colcon_meta) check parameters
[0.327s] Level 1:colcon.colcon_core.package_discovery:discover_packages(recursive) check parameters
[0.327s] Level 1:colcon.colcon_core.package_discovery:discover_packages(ignore) check parameters
[0.327s] Level 1:colcon.colcon_core.package_discovery:discover_packages(path) check parameters
[0.327s] Level 1:colcon.colcon_core.package_discovery:discover_packages(colcon_meta) discover
[0.328s] Level 1:colcon.colcon_core.package_discovery:discover_packages(recursive) discover
[0.328s] INFO:colcon.colcon_core.package_discovery:Crawling recursively for packages in '/homes/obluman/Robotics_Lab/ros2_ws'
[0.328s] Level 1:colcon.colcon_core.package_identification:_identify(.) by extensions ['ignore', 'ignore_ament_install']
[0.328s] Level 1:colcon.colcon_core.package_identification:_identify(.) by extension 'ignore'
[0.328s] Level 1:colcon.colcon_core.package_identification:_identify(.) by extension 'ignore_ament_install'
[0.328s] Level 1:colcon.colcon_core.package_identification:_identify(.) by extensions ['colcon_pkg']
[0.328s] Level 1:colcon.colcon_core.package_identification:_identify(.) by extension 'colcon_pkg'
[0.328s] Level 1:colcon.colcon_core.package_identification:_identify(.) by extensions ['colcon_meta']
[0.328s] Level 1:colcon.colcon_core.package_identification:_identify(.) by extension 'colcon_meta'
[0.328s] Level 1:colcon.colcon_core.package_identification:_identify(.) by extensions ['ros']
[0.328s] Level 1:colcon.colcon_core.package_identification:_identify(.) by extension 'ros'
[0.345s] Level 1:colcon.colcon_core.package_identification:_identify(.) by extensions ['cmake', 'python']
[0.345s] Level 1:colcon.colcon_core.package_identification:_identify(.) by extension 'cmake'
[0.345s] Level 1:colcon.colcon_core.package_identification:_identify(.) by extension 'python'
[0.345s] Level 1:colcon.colcon_core.package_identification:_identify(.) by extensions ['python_setup_py']
[0.345s] Level 1:colcon.colcon_core.package_identification:_identify(.) by extension 'python_setup_py'
[0.345s] Level 1:colcon.colcon_core.package_identification:_identify(build) by extensions ['ignore', 'ignore_ament_install']
[0.345s] Level 1:colcon.colcon_core.package_identification:_identify(build) by extension 'ignore'
[0.346s] Level 1:colcon.colcon_core.package_identification:_identify(build) ignored
[0.346s] Level 1:colcon.colcon_core.package_identification:_identify(install) by extensions ['ignore', 'ignore_ament_install']
[0.346s] Level 1:colcon.colcon_core.package_identification:_identify(install) by extension 'ignore'
[0.346s] Level 1:colcon.colcon_core.package_identification:_identify(install) ignored
[0.348s] Level 1:colcon.colcon_core.package_identification:_identify(log) by extensions ['ignore', 'ignore_ament_install']
[0.348s] Level 1:colcon.colcon_core.package_identification:_identify(log) by extension 'ignore'
[0.348s] Level 1:colcon.colcon_core.package_identification:_identify(log) ignored
[0.349s] Level 1:colcon.colcon_core.package_identification:_identify(output) by extensions ['ignore', 'ignore_ament_install']
[0.349s] Level 1:colcon.colcon_core.package_identification:_identify(output) by extension 'ignore'
[0.349s] Level 1:colcon.colcon_core.package_identification:_identify(output) by extension 'ignore_ament_install'
[0.349s] Level 1:colcon.colcon_core.package_identification:_identify(output) by extensions ['colcon_pkg']
[0.349s] Level 1:colcon.colcon_core.package_identification:_identify(output) by extension 'colcon_pkg'
[0.349s] Level 1:colcon.colcon_core.package_identification:_identify(output) by extensions ['colcon_meta']
[0.349s] Level 1:colcon.colcon_core.package_identification:_identify(output) by extension 'colcon_meta'
[0.349s] Level 1:colcon.colcon_core.package_identification:_identify(output) by extensions ['ros']
[0.349s] Level 1:colcon.colcon_core.package_identification:_identify(output) by extension 'ros'
[0.349s] Level 1:colcon.colcon_core.package_identification:_identify(output) by extensions ['cmake', 'python']
[0.349s] Level 1:colcon.colcon_core.package_identification:_identify(output) by extension 'cmake'
[0.349s] Level 1:colcon.colcon_core.package_identification:_identify(output) by extension 'python'
[0.349s] Level 1:colcon.colcon_core.package_identification:_identify(output) by extensions ['python_setup_py']
[0.349s] Level 1:colcon.colcon_core.package_identification:_identify(output) by extension 'python_setup_py'
[0.350s] Level 1:colcon.colcon_core.package_identification:_identify(output/left_camera) by extensions ['ignore', 'ignore_ament_install']
[0.350s] Level 1:colcon.colcon_core.package_identification:_identify(output/left_camera) by extension 'ignore'
[0.350s] Level 1:colcon.colcon_core.package_identification:_identify(output/left_camera) by extension 'ignore_ament_install'
[0.350s] Level 1:colcon.colcon_core.package_identification:_identify(output/left_camera) by extensions ['colcon_pkg']
[0.350s] Level 1:colcon.colcon_core.package_identification:_identify(output/left_camera) by extension 'colcon_pkg'
[0.350s] Level 1:colcon.colcon_core.package_identification:_identify(output/left_camera) by extensions ['colcon_meta']
[0.350s] Level 1:colcon.colcon_core.package_identification:_identify(output/left_camera) by extension 'colcon_meta'
[0.350s] Level 1:colcon.colcon_core.package_identification:_identify(output/left_camera) by extensions ['ros']
[0.350s] Level 1:colcon.colcon_core.package_identification:_identify(output/left_camera) by extension 'ros'
[0.350s] Level 1:colcon.colcon_core.package_identification:_identify(output/left_camera) by extensions ['cmake', 'python']
[0.350s] Level 1:colcon.colcon_core.package_identification:_identify(output/left_camera) by extension 'cmake'
[0.350s] Level 1:colcon.colcon_core.package_identification:_identify(output/left_camera) by extension 'python'
[0.350s] Level 1:colcon.colcon_core.package_identification:_identify(output/left_camera) by extensions ['python_setup_py']
[0.350s] Level 1:colcon.colcon_core.package_identification:_identify(output/left_camera) by extension 'python_setup_py'
[0.351s] Level 1:colcon.colcon_core.package_identification:_identify(output/right_camera) by extensions ['ignore', 'ignore_ament_install']
[0.351s] Level 1:colcon.colcon_core.package_identification:_identify(output/right_camera) by extension 'ignore'
[0.351s] Level 1:colcon.colcon_core.package_identification:_identify(output/right_camera) by extension 'ignore_ament_install'
[0.351s] Level 1:colcon.colcon_core.package_identification:_identify(output/right_camera) by extensions ['colcon_pkg']
[0.351s] Level 1:colcon.colcon_core.package_identification:_identify(output/right_camera) by extension 'colcon_pkg'
[0.351s] Level 1:colcon.colcon_core.package_identification:_identify(output/right_camera) by extensions ['colcon_meta']
[0.351s] Level 1:colcon.colcon_core.package_identification:_identify(output/right_camera) by extension 'colcon_meta'
[0.351s] Level 1:colcon.colcon_core.package_identification:_identify(output/right_camera) by extensions ['ros']
[0.351s] Level 1:colcon.colcon_core.package_identification:_identify(output/right_camera) by extension 'ros'
[0.351s] Level 1:colcon.colcon_core.package_identification:_identify(output/right_camera) by extensions ['cmake', 'python']
[0.351s] Level 1:colcon.colcon_core.package_identification:_identify(output/right_camera) by extension 'cmake'
[0.351s] Level 1:colcon.colcon_core.package_identification:_identify(output/right_camera) by extension 'python'
[0.351s] Level 1:colcon.colcon_core.package_identification:_identify(output/right_camera) by extensions ['python_setup_py']
[0.351s] Level 1:colcon.colcon_core.package_identification:_identify(output/right_camera) by extension 'python_setup_py'
[0.352s] Level 1:colcon.colcon_core.package_identification:_identify(src) by extensions ['ignore', 'ignore_ament_install']
[0.352s] Level 1:colcon.colcon_core.package_identification:_identify(src) by extension 'ignore'
[0.352s] Level 1:colcon.colcon_core.package_identification:_identify(src) by extension 'ignore_ament_install'
[0.352s] Level 1:colcon.colcon_core.package_identification:_identify(src) by extensions ['colcon_pkg']
[0.352s] Level 1:colcon.colcon_core.package_identification:_identify(src) by extension 'colcon_pkg'
[0.352s] Level 1:colcon.colcon_core.package_identification:_identify(src) by extensions ['colcon_meta']
[0.352s] Level 1:colcon.colcon_core.package_identification:_identify(src) by extension 'colcon_meta'
[0.352s] Level 1:colcon.colcon_core.package_identification:_identify(src) by extensions ['ros']
[0.352s] Level 1:colcon.colcon_core.package_identification:_identify(src) by extension 'ros'
[0.352s] Level 1:colcon.colcon_core.package_identification:_identify(src) by extensions ['cmake', 'python']
[0.352s] Level 1:colcon.colcon_core.package_identification:_identify(src) by extension 'cmake'
[0.353s] Level 1:colcon.colcon_core.package_identification:_identify(src) by extension 'python'
[0.353s] Level 1:colcon.colcon_core.package_identification:_identify(src) by extensions ['python_setup_py']
[0.353s] Level 1:colcon.colcon_core.package_identification:_identify(src) by extension 'python_setup_py'
[0.353s] Level 1:colcon.colcon_core.package_identification:_identify(src/location_pub) by extensions ['ignore', 'ignore_ament_install']
[0.353s] Level 1:colcon.colcon_core.package_identification:_identify(src/location_pub) by extension 'ignore'
[0.353s] Level 1:colcon.colcon_core.package_identification:_identify(src/location_pub) by extension 'ignore_ament_install'
[0.353s] Level 1:colcon.colcon_core.package_identification:_identify(src/location_pub) by extensions ['colcon_pkg']
[0.353s] Level 1:colcon.colcon_core.package_identification:_identify(src/location_pub) by extension 'colcon_pkg'
[0.353s] Level 1:colcon.colcon_core.package_identification:_identify(src/location_pub) by extensions ['colcon_meta']
[0.353s] Level 1:colcon.colcon_core.package_identification:_identify(src/location_pub) by extension 'colcon_meta'
[0.353s] Level 1:colcon.colcon_core.package_identification:_identify(src/location_pub) by extensions ['ros']
[0.353s] Level 1:colcon.colcon_core.package_identification:_identify(src/location_pub) by extension 'ros'
[0.356s] DEBUG:colcon.colcon_core.package_identification:Package 'src/location_pub' with type 'ros.ament_python' and name 'location_pub'
[0.356s] Level 1:colcon.colcon_core.package_identification:_identify(src/rgbd_process) by extensions ['ignore', 'ignore_ament_install']
[0.356s] Level 1:colcon.colcon_core.package_identification:_identify(src/rgbd_process) by extension 'ignore'
[0.356s] Level 1:colcon.colcon_core.package_identification:_identify(src/rgbd_process) by extension 'ignore_ament_install'
[0.356s] Level 1:colcon.colcon_core.package_identification:_identify(src/rgbd_process) by extensions ['colcon_pkg']
[0.356s] Level 1:colcon.colcon_core.package_identification:_identify(src/rgbd_process) by extension 'colcon_pkg'
[0.356s] Level 1:colcon.colcon_core.package_identification:_identify(src/rgbd_process) by extensions ['colcon_meta']
[0.356s] Level 1:colcon.colcon_core.package_identification:_identify(src/rgbd_process) by extension 'colcon_meta'
[0.356s] Level 1:colcon.colcon_core.package_identification:_identify(src/rgbd_process) by extensions ['ros']
[0.357s] Level 1:colcon.colcon_core.package_identification:_identify(src/rgbd_process) by extension 'ros'
[0.357s] DEBUG:colcon.colcon_core.package_identification:Package 'src/rgbd_process' with type 'ros.ament_python' and name 'rgbd_process'
[0.358s] Level 1:colcon.colcon_core.package_identification:_identify(src/server_client) by extensions ['ignore', 'ignore_ament_install']
[0.358s] Level 1:colcon.colcon_core.package_identification:_identify(src/server_client) by extension 'ignore'
[0.358s] Level 1:colcon.colcon_core.package_identification:_identify(src/server_client) by extension 'ignore_ament_install'
[0.358s] Level 1:colcon.colcon_core.package_identification:_identify(src/server_client) by extensions ['colcon_pkg']
[0.358s] Level 1:colcon.colcon_core.package_identification:_identify(src/server_client) by extension 'colcon_pkg'
[0.358s] Level 1:colcon.colcon_core.package_identification:_identify(src/server_client) by extensions ['colcon_meta']
[0.358s] Level 1:colcon.colcon_core.package_identification:_identify(src/server_client) by extension 'colcon_meta'
[0.358s] Level 1:colcon.colcon_core.package_identification:_identify(src/server_client) by extensions ['ros']
[0.358s] Level 1:colcon.colcon_core.package_identification:_identify(src/server_client) by extension 'ros'
[0.359s] DEBUG:colcon.colcon_core.package_identification:Package 'src/server_client' with type 'ros.ament_python' and name 'server_client'
[0.359s] Level 1:colcon.colcon_core.package_identification:_identify(src/talker_listener) by extensions ['ignore', 'ignore_ament_install']
[0.359s] Level 1:colcon.colcon_core.package_identification:_identify(src/talker_listener) by extension 'ignore'
[0.359s] Level 1:colcon.colcon_core.package_identification:_identify(src/talker_listener) by extension 'ignore_ament_install'
[0.359s] Level 1:colcon.colcon_core.package_identification:_identify(src/talker_listener) by extensions ['colcon_pkg']
[0.359s] Level 1:colcon.colcon_core.package_identification:_identify(src/talker_listener) by extension 'colcon_pkg'
[0.359s] Level 1:colcon.colcon_core.package_identification:_identify(src/talker_listener) by extensions ['colcon_meta']
[0.359s] Level 1:colcon.colcon_core.package_identification:_identify(src/talker_listener) by extension 'colcon_meta'
[0.359s] Level 1:colcon.colcon_core.package_identification:_identify(src/talker_listener) by extensions ['ros']
[0.359s] Level 1:colcon.colcon_core.package_identification:_identify(src/talker_listener) by extension 'ros'
[0.360s] DEBUG:colcon.colcon_core.package_identification:Package 'src/talker_listener' with type 'ros.ament_python' and name 'talker_listener'
[0.360s] Level 1:colcon.colcon_core.package_identification:_identify(~) by extensions ['ignore', 'ignore_ament_install']
[0.360s] Level 1:colcon.colcon_core.package_identification:_identify(~) by extension 'ignore'
[0.360s] Level 1:colcon.colcon_core.package_identification:_identify(~) by extension 'ignore_ament_install'
[0.360s] Level 1:colcon.colcon_core.package_identification:_identify(~) by extensions ['colcon_pkg']
[0.360s] Level 1:colcon.colcon_core.package_identification:_identify(~) by extension 'colcon_pkg'
[0.361s] Level 1:colcon.colcon_core.package_identification:_identify(~) by extensions ['colcon_meta']
[0.361s] Level 1:colcon.colcon_core.package_identification:_identify(~) by extension 'colcon_meta'
[0.361s] Level 1:colcon.colcon_core.package_identification:_identify(~) by extensions ['ros']
[0.361s] Level 1:colcon.colcon_core.package_identification:_identify(~) by extension 'ros'
[0.361s] Level 1:colcon.colcon_core.package_identification:_identify(~) by extensions ['cmake', 'python']
[0.361s] Level 1:colcon.colcon_core.package_identification:_identify(~) by extension 'cmake'
[0.361s] Level 1:colcon.colcon_core.package_identification:_identify(~) by extension 'python'
[0.361s] Level 1:colcon.colcon_core.package_identification:_identify(~) by extensions ['python_setup_py']
[0.361s] Level 1:colcon.colcon_core.package_identification:_identify(~) by extension 'python_setup_py'
[0.361s] Level 1:colcon.colcon_core.package_identification:_identify(~/subscribed_data) by extensions ['ignore', 'ignore_ament_install']
[0.361s] Level 1:colcon.colcon_core.package_identification:_identify(~/subscribed_data) by extension 'ignore'
[0.361s] Level 1:colcon.colcon_core.package_identification:_identify(~/subscribed_data) by extension 'ignore_ament_install'
[0.361s] Level 1:colcon.colcon_core.package_identification:_identify(~/subscribed_data) by extensions ['colcon_pkg']
[0.362s] Level 1:colcon.colcon_core.package_identification:_identify(~/subscribed_data) by extension 'colcon_pkg'
[0.362s] Level 1:colcon.colcon_core.package_identification:_identify(~/subscribed_data) by extensions ['colcon_meta']
[0.362s] Level 1:colcon.colcon_core.package_identification:_identify(~/subscribed_data) by extension 'colcon_meta'
[0.362s] Level 1:colcon.colcon_core.package_identification:_identify(~/subscribed_data) by extensions ['ros']
[0.362s] Level 1:colcon.colcon_core.package_identification:_identify(~/subscribed_data) by extension 'ros'
[0.362s] Level 1:colcon.colcon_core.package_identification:_identify(~/subscribed_data) by extensions ['cmake', 'python']
[0.362s] Level 1:colcon.colcon_core.package_identification:_identify(~/subscribed_data) by extension 'cmake'
[0.362s] Level 1:colcon.colcon_core.package_identification:_identify(~/subscribed_data) by extension 'python'
[0.362s] Level 1:colcon.colcon_core.package_identification:_identify(~/subscribed_data) by extensions ['python_setup_py']
[0.362s] Level 1:colcon.colcon_core.package_identification:_identify(~/subscribed_data) by extension 'python_setup_py'
[0.362s] Level 1:colcon.colcon_core.package_identification:_identify(~/subscribed_data/left_camera) by extensions ['ignore', 'ignore_ament_install']
[0.362s] Level 1:colcon.colcon_core.package_identification:_identify(~/subscribed_data/left_camera) by extension 'ignore'
[0.363s] Level 1:colcon.colcon_core.package_identification:_identify(~/subscribed_data/left_camera) by extension 'ignore_ament_install'
[0.363s] Level 1:colcon.colcon_core.package_identification:_identify(~/subscribed_data/left_camera) by extensions ['colcon_pkg']
[0.363s] Level 1:colcon.colcon_core.package_identification:_identify(~/subscribed_data/left_camera) by extension 'colcon_pkg'
[0.363s] Level 1:colcon.colcon_core.package_identification:_identify(~/subscribed_data/left_camera) by extensions ['colcon_meta']
[0.363s] Level 1:colcon.colcon_core.package_identification:_identify(~/subscribed_data/left_camera) by extension 'colcon_meta'
[0.363s] Level 1:colcon.colcon_core.package_identification:_identify(~/subscribed_data/left_camera) by extensions ['ros']
[0.363s] Level 1:colcon.colcon_core.package_identification:_identify(~/subscribed_data/left_camera) by extension 'ros'
[0.363s] Level 1:colcon.colcon_core.package_identification:_identify(~/subscribed_data/left_camera) by extensions ['cmake', 'python']
[0.363s] Level 1:colcon.colcon_core.package_identification:_identify(~/subscribed_data/left_camera) by extension 'cmake'
[0.363s] Level 1:colcon.colcon_core.package_identification:_identify(~/subscribed_data/left_camera) by extension 'python'
[0.363s] Level 1:colcon.colcon_core.package_identification:_identify(~/subscribed_data/left_camera) by extensions ['python_setup_py']
[0.363s] Level 1:colcon.colcon_core.package_identification:_identify(~/subscribed_data/left_camera) by extension 'python_setup_py'
[0.363s] Level 1:colcon.colcon_core.package_identification:_identify(~/subscribed_data/right_camera) by extensions ['ignore', 'ignore_ament_install']
[0.364s] Level 1:colcon.colcon_core.package_identification:_identify(~/subscribed_data/right_camera) by extension 'ignore'
[0.364s] Level 1:colcon.colcon_core.package_identification:_identify(~/subscribed_data/right_camera) by extension 'ignore_ament_install'
[0.364s] Level 1:colcon.colcon_core.package_identification:_identify(~/subscribed_data/right_camera) by extensions ['colcon_pkg']
[0.364s] Level 1:colcon.colcon_core.package_identification:_identify(~/subscribed_data/right_camera) by extension 'colcon_pkg'
[0.364s] Level 1:colcon.colcon_core.package_identification:_identify(~/subscribed_data/right_camera) by extensions ['colcon_meta']
[0.364s] Level 1:colcon.colcon_core.package_identification:_identify(~/subscribed_data/right_camera) by extension 'colcon_meta'
[0.364s] Level 1:colcon.colcon_core.package_identification:_identify(~/subscribed_data/right_camera) by extensions ['ros']
[0.364s] Level 1:colcon.colcon_core.package_identification:_identify(~/subscribed_data/right_camera) by extension 'ros'
[0.364s] Level 1:colcon.colcon_core.package_identification:_identify(~/subscribed_data/right_camera) by extensions ['cmake', 'python']
[0.364s] Level 1:colcon.colcon_core.package_identification:_identify(~/subscribed_data/right_camera) by extension 'cmake'
[0.364s] Level 1:colcon.colcon_core.package_identification:_identify(~/subscribed_data/right_camera) by extension 'python'
[0.364s] Level 1:colcon.colcon_core.package_identification:_identify(~/subscribed_data/right_camera) by extensions ['python_setup_py']
[0.364s] Level 1:colcon.colcon_core.package_identification:_identify(~/subscribed_data/right_camera) by extension 'python_setup_py'
[0.364s] Level 1:colcon.colcon_core.package_discovery:discover_packages(recursive) using defaults
[0.364s] Level 1:colcon.colcon_core.package_discovery:discover_packages(ignore) discover
[0.364s] Level 1:colcon.colcon_core.package_discovery:discover_packages(ignore) using defaults
[0.364s] Level 1:colcon.colcon_core.package_discovery:discover_packages(path) discover
[0.364s] Level 1:colcon.colcon_core.package_discovery:discover_packages(path) using defaults
[0.383s] Level 1:colcon.colcon_core.package_discovery:discover_packages(prefix_path) check parameters
[0.383s] Level 1:colcon.colcon_core.package_discovery:discover_packages(prefix_path) discover
[0.389s] DEBUG:colcon.colcon_installed_package_information.package_discovery:Found 14 installed packages in /bigdata/thao/franka_ros2_ws/install
[0.391s] DEBUG:colcon.colcon_installed_package_information.package_discovery:Found 336 installed packages in /opt/ros/humble
[0.392s] Level 1:colcon.colcon_core.package_discovery:discover_packages(prefix_path) using defaults
[0.443s] Level 5:colcon.colcon_core.verb:set package 'location_pub' build argument 'cmake_args' from command line to 'None'
[0.443s] Level 5:colcon.colcon_core.verb:set package 'location_pub' build argument 'cmake_target' from command line to 'None'
[0.443s] Level 5:colcon.colcon_core.verb:set package 'location_pub' build argument 'cmake_target_skip_unavailable' from command line to 'False'
[0.443s] Level 5:colcon.colcon_core.verb:set package 'location_pub' build argument 'cmake_clean_cache' from command line to 'False'
[0.443s] Level 5:colcon.colcon_core.verb:set package 'location_pub' build argument 'cmake_clean_first' from command line to 'False'
[0.443s] Level 5:colcon.colcon_core.verb:set package 'location_pub' build argument 'cmake_force_configure' from command line to 'False'
[0.443s] Level 5:colcon.colcon_core.verb:set package 'location_pub' build argument 'ament_cmake_args' from command line to 'None'
[0.444s] Level 5:colcon.colcon_core.verb:set package 'location_pub' build argument 'catkin_cmake_args' from command line to 'None'
[0.444s] Level 5:colcon.colcon_core.verb:set package 'location_pub' build argument 'catkin_skip_building_tests' from command line to 'False'
[0.444s] DEBUG:colcon.colcon_core.verb:Building package 'location_pub' with the following arguments: {'ament_cmake_args': None, 'build_base': '/homes/obluman/Robotics_Lab/ros2_ws/build/location_pub', 'catkin_cmake_args': None, 'catkin_skip_building_tests': False, 'cmake_args': None, 'cmake_clean_cache': False, 'cmake_clean_first': False, 'cmake_force_configure': False, 'cmake_target': None, 'cmake_target_skip_unavailable': False, 'install_base': '/homes/obluman/Robotics_Lab/ros2_ws/install/location_pub', 'merge_install': False, 'path': '/homes/obluman/Robotics_Lab/ros2_ws/src/location_pub', 'symlink_install': False, 'test_result_base': None}
[0.444s] Level 5:colcon.colcon_core.verb:set package 'rgbd_process' build argument 'cmake_args' from command line to 'None'
[0.444s] Level 5:colcon.colcon_core.verb:set package 'rgbd_process' build argument 'cmake_target' from command line to 'None'
[0.444s] Level 5:colcon.colcon_core.verb:set package 'rgbd_process' build argument 'cmake_target_skip_unavailable' from command line to 'False'
[0.444s] Level 5:colcon.colcon_core.verb:set package 'rgbd_process' build argument 'cmake_clean_cache' from command line to 'False'
[0.444s] Level 5:colcon.colcon_core.verb:set package 'rgbd_process' build argument 'cmake_clean_first' from command line to 'False'
[0.444s] Level 5:colcon.colcon_core.verb:set package 'rgbd_process' build argument 'cmake_force_configure' from command line to 'False'
[0.444s] Level 5:colcon.colcon_core.verb:set package 'rgbd_process' build argument 'ament_cmake_args' from command line to 'None'
[0.444s] Level 5:colcon.colcon_core.verb:set package 'rgbd_process' build argument 'catkin_cmake_args' from command line to 'None'
[0.444s] Level 5:colcon.colcon_core.verb:set package 'rgbd_process' build argument 'catkin_skip_building_tests' from command line to 'False'
[0.444s] DEBUG:colcon.colcon_core.verb:Building package 'rgbd_process' with the following arguments: {'ament_cmake_args': None, 'build_base': '/homes/obluman/Robotics_Lab/ros2_ws/build/rgbd_process', 'catkin_cmake_args': None, 'catkin_skip_building_tests': False, 'cmake_args': None, 'cmake_clean_cache': False, 'cmake_clean_first': False, 'cmake_force_configure': False, 'cmake_target': None, 'cmake_target_skip_unavailable': False, 'install_base': '/homes/obluman/Robotics_Lab/ros2_ws/install/rgbd_process', 'merge_install': False, 'path': '/homes/obluman/Robotics_Lab/ros2_ws/src/rgbd_process', 'symlink_install': False, 'test_result_base': None}
[0.444s] Level 5:colcon.colcon_core.verb:set package 'server_client' build argument 'cmake_args' from command line to 'None'
[0.445s] Level 5:colcon.colcon_core.verb:set package 'server_client' build argument 'cmake_target' from command line to 'None'
[0.445s] Level 5:colcon.colcon_core.verb:set package 'server_client' build argument 'cmake_target_skip_unavailable' from command line to 'False'
[0.445s] Level 5:colcon.colcon_core.verb:set package 'server_client' build argument 'cmake_clean_cache' from command line to 'False'
[0.445s] Level 5:colcon.colcon_core.verb:set package 'server_client' build argument 'cmake_clean_first' from command line to 'False'
[0.445s] Level 5:colcon.colcon_core.verb:set package 'server_client' build argument 'cmake_force_configure' from command line to 'False'
[0.445s] Level 5:colcon.colcon_core.verb:set package 'server_client' build argument 'ament_cmake_args' from command line to 'None'
[0.445s] Level 5:colcon.colcon_core.verb:set package 'server_client' build argument 'catkin_cmake_args' from command line to 'None'
[0.445s] Level 5:colcon.colcon_core.verb:set package 'server_client' build argument 'catkin_skip_building_tests' from command line to 'False'
[0.445s] DEBUG:colcon.colcon_core.verb:Building package 'server_client' with the following arguments: {'ament_cmake_args': None, 'build_base': '/homes/obluman/Robotics_Lab/ros2_ws/build/server_client', 'catkin_cmake_args': None, 'catkin_skip_building_tests': False, 'cmake_args': None, 'cmake_clean_cache': False, 'cmake_clean_first': False, 'cmake_force_configure': False, 'cmake_target': None, 'cmake_target_skip_unavailable': False, 'install_base': '/homes/obluman/Robotics_Lab/ros2_ws/install/server_client', 'merge_install': False, 'path': '/homes/obluman/Robotics_Lab/ros2_ws/src/server_client', 'symlink_install': False, 'test_result_base': None}
[0.445s] Level 5:colcon.colcon_core.verb:set package 'talker_listener' build argument 'cmake_args' from command line to 'None'
[0.445s] Level 5:colcon.colcon_core.verb:set package 'talker_listener' build argument 'cmake_target' from command line to 'None'
[0.445s] Level 5:colcon.colcon_core.verb:set package 'talker_listener' build argument 'cmake_target_skip_unavailable' from command line to 'False'
[0.445s] Level 5:colcon.colcon_core.verb:set package 'talker_listener' build argument 'cmake_clean_cache' from command line to 'False'
[0.445s] Level 5:colcon.colcon_core.verb:set package 'talker_listener' build argument 'cmake_clean_first' from command line to 'False'
[0.445s] Level 5:colcon.colcon_core.verb:set package 'talker_listener' build argument 'cmake_force_configure' from command line to 'False'
[0.445s] Level 5:colcon.colcon_core.verb:set package 'talker_listener' build argument 'ament_cmake_args' from command line to 'None'
[0.445s] Level 5:colcon.colcon_core.verb:set package 'talker_listener' build argument 'catkin_cmake_args' from command line to 'None'
[0.445s] Level 5:colcon.colcon_core.verb:set package 'talker_listener' build argument 'catkin_skip_building_tests' from command line to 'False'
[0.445s] DEBUG:colcon.colcon_core.verb:Building package 'talker_listener' with the following arguments: {'ament_cmake_args': None, 'build_base': '/homes/obluman/Robotics_Lab/ros2_ws/build/talker_listener', 'catkin_cmake_args': None, 'catkin_skip_building_tests': False, 'cmake_args': None, 'cmake_clean_cache': False, 'cmake_clean_first': False, 'cmake_force_configure': False, 'cmake_target': None, 'cmake_target_skip_unavailable': False, 'install_base': '/homes/obluman/Robotics_Lab/ros2_ws/install/talker_listener', 'merge_install': False, 'path': '/homes/obluman/Robotics_Lab/ros2_ws/src/talker_listener', 'symlink_install': False, 'test_result_base': None}
[0.445s] INFO:colcon.colcon_core.executor:Executing jobs using 'parallel' executor
[0.446s] DEBUG:colcon.colcon_parallel_executor.executor.parallel:run_until_complete
[0.446s] INFO:colcon.colcon_ros.task.ament_python.build:Building ROS package in '/homes/obluman/Robotics_Lab/ros2_ws/src/location_pub' with build type 'ament_python'
[0.446s] Level 1:colcon.colcon_core.shell:create_environment_hook('location_pub', 'ament_prefix_path')
[0.448s] INFO:colcon.colcon_core.plugin_system:Skipping extension 'colcon_core.shell.bat': Not used on non-Windows systems
[0.449s] INFO:colcon.colcon_core.shell:Creating environment hook '/homes/obluman/Robotics_Lab/ros2_ws/install/location_pub/share/location_pub/hook/ament_prefix_path.ps1'
[0.451s] INFO:colcon.colcon_core.shell:Creating environment descriptor '/homes/obluman/Robotics_Lab/ros2_ws/install/location_pub/share/location_pub/hook/ament_prefix_path.dsv'
[0.453s] INFO:colcon.colcon_core.shell:Creating environment hook '/homes/obluman/Robotics_Lab/ros2_ws/install/location_pub/share/location_pub/hook/ament_prefix_path.sh'
[0.455s] INFO:colcon.colcon_core.shell:Skip shell extension 'powershell' for command environment: Not usable outside of PowerShell
[0.455s] DEBUG:colcon.colcon_core.shell:Skip shell extension 'dsv' for command environment
[0.468s] INFO:colcon.colcon_ros.task.ament_python.build:Building ROS package in '/homes/obluman/Robotics_Lab/ros2_ws/src/rgbd_process' with build type 'ament_python'
[0.468s] Level 1:colcon.colcon_core.shell:create_environment_hook('rgbd_process', 'ament_prefix_path')
[0.468s] INFO:colcon.colcon_core.shell:Creating environment hook '/homes/obluman/Robotics_Lab/ros2_ws/install/rgbd_process/share/rgbd_process/hook/ament_prefix_path.ps1'
[0.470s] INFO:colcon.colcon_core.shell:Creating environment descriptor '/homes/obluman/Robotics_Lab/ros2_ws/install/rgbd_process/share/rgbd_process/hook/ament_prefix_path.dsv'
[0.472s] INFO:colcon.colcon_core.shell:Creating environment hook '/homes/obluman/Robotics_Lab/ros2_ws/install/rgbd_process/share/rgbd_process/hook/ament_prefix_path.sh'
[0.474s] INFO:colcon.colcon_core.shell:Skip shell extension 'powershell' for command environment: Not usable outside of PowerShell
[0.474s] DEBUG:colcon.colcon_core.shell:Skip shell extension 'dsv' for command environment
[0.484s] INFO:colcon.colcon_ros.task.ament_python.build:Building ROS package in '/homes/obluman/Robotics_Lab/ros2_ws/src/server_client' with build type 'ament_python'
[0.485s] Level 1:colcon.colcon_core.shell:create_environment_hook('server_client', 'ament_prefix_path')
[0.485s] INFO:colcon.colcon_core.shell:Creating environment hook '/homes/obluman/Robotics_Lab/ros2_ws/install/server_client/share/server_client/hook/ament_prefix_path.ps1'
[0.487s] INFO:colcon.colcon_core.shell:Creating environment descriptor '/homes/obluman/Robotics_Lab/ros2_ws/install/server_client/share/server_client/hook/ament_prefix_path.dsv'
[0.488s] INFO:colcon.colcon_core.shell:Creating environment hook '/homes/obluman/Robotics_Lab/ros2_ws/install/server_client/share/server_client/hook/ament_prefix_path.sh'
[0.490s] INFO:colcon.colcon_core.shell:Skip shell extension 'powershell' for command environment: Not usable outside of PowerShell
[0.490s] DEBUG:colcon.colcon_core.shell:Skip shell extension 'dsv' for command environment
[0.501s] INFO:colcon.colcon_ros.task.ament_python.build:Building ROS package in '/homes/obluman/Robotics_Lab/ros2_ws/src/talker_listener' with build type 'ament_python'
[0.502s] Level 1:colcon.colcon_core.shell:create_environment_hook('talker_listener', 'ament_prefix_path')
[0.502s] INFO:colcon.colcon_core.shell:Creating environment hook '/homes/obluman/Robotics_Lab/ros2_ws/install/talker_listener/share/talker_listener/hook/ament_prefix_path.ps1'
[0.503s] INFO:colcon.colcon_core.shell:Creating environment descriptor '/homes/obluman/Robotics_Lab/ros2_ws/install/talker_listener/share/talker_listener/hook/ament_prefix_path.dsv'
[0.505s] INFO:colcon.colcon_core.shell:Creating environment hook '/homes/obluman/Robotics_Lab/ros2_ws/install/talker_listener/share/talker_listener/hook/ament_prefix_path.sh'
[0.507s] INFO:colcon.colcon_core.shell:Skip shell extension 'powershell' for command environment: Not usable outside of PowerShell
[0.507s] DEBUG:colcon.colcon_core.shell:Skip shell extension 'dsv' for command environment
[0.817s] INFO:colcon.colcon_core.task.python.build:Building Python package in '/homes/obluman/Robotics_Lab/ros2_ws/src/location_pub'
[0.817s] INFO:colcon.colcon_core.shell:Skip shell extension 'powershell' for command environment: Not usable outside of PowerShell
[0.817s] DEBUG:colcon.colcon_core.shell:Skip shell extension 'dsv' for command environment
[1.121s] INFO:colcon.colcon_core.task.python.build:Building Python package in '/homes/obluman/Robotics_Lab/ros2_ws/src/rgbd_process'
[1.121s] INFO:colcon.colcon_core.shell:Skip shell extension 'powershell' for command environment: Not usable outside of PowerShell
[1.121s] DEBUG:colcon.colcon_core.shell:Skip shell extension 'dsv' for command environment
[1.428s] INFO:colcon.colcon_core.task.python.build:Building Python package in '/homes/obluman/Robotics_Lab/ros2_ws/src/server_client'
[1.428s] INFO:colcon.colcon_core.shell:Skip shell extension 'powershell' for command environment: Not usable outside of PowerShell
[1.429s] DEBUG:colcon.colcon_core.shell:Skip shell extension 'dsv' for command environment
[1.734s] INFO:colcon.colcon_core.task.python.build:Building Python package in '/homes/obluman/Robotics_Lab/ros2_ws/src/talker_listener'
[1.734s] INFO:colcon.colcon_core.shell:Skip shell extension 'powershell' for command environment: Not usable outside of PowerShell
[1.734s] DEBUG:colcon.colcon_core.shell:Skip shell extension 'dsv' for command environment
[2.183s] DEBUG:colcon.colcon_core.event_handler.log_command:Invoking command in '/homes/obluman/Robotics_Lab/ros2_ws/src/rgbd_process': PS1=(.env) PYTHONPATH=/homes/obluman/Robotics_Lab/ros2_ws/build/rgbd_process/prefix_override:/usr/lib/python3/dist-packages/colcon_core/task/python/colcon_distutils_commands:/homes/obluman/Robotics_Lab/ros2_ws/install/rgbd_process/lib/python3.10/site-packages:${PYTHONPATH} VIRTUAL_ENV_PROMPT=(.env) /usr/bin/python3 -W ignore:setup.py install is deprecated -W ignore:easy_install command is deprecated setup.py egg_info --egg-base ../../build/rgbd_process build --build-base /homes/obluman/Robotics_Lab/ros2_ws/build/rgbd_process/build install --record /homes/obluman/Robotics_Lab/ros2_ws/build/rgbd_process/install.log --single-version-externally-managed install_data
[2.284s] DEBUG:colcon.colcon_core.event_handler.log_command:Invoking command in '/homes/obluman/Robotics_Lab/ros2_ws/src/location_pub': PS1=(.env) PYTHONPATH=/homes/obluman/Robotics_Lab/ros2_ws/build/location_pub/prefix_override:/usr/lib/python3/dist-packages/colcon_core/task/python/colcon_distutils_commands:/homes/obluman/Robotics_Lab/ros2_ws/install/location_pub/lib/python3.10/site-packages:${PYTHONPATH} VIRTUAL_ENV_PROMPT=(.env) /usr/bin/python3 -W ignore:setup.py install is deprecated -W ignore:easy_install command is deprecated setup.py egg_info --egg-base ../../build/location_pub build --build-base /homes/obluman/Robotics_Lab/ros2_ws/build/location_pub/build install --record /homes/obluman/Robotics_Lab/ros2_ws/build/location_pub/install.log --single-version-externally-managed install_data
[2.333s] DEBUG:colcon.colcon_core.event_handler.log_command:Invoking command in '/homes/obluman/Robotics_Lab/ros2_ws/src/server_client': PS1=(.env) PYTHONPATH=/homes/obluman/Robotics_Lab/ros2_ws/build/server_client/prefix_override:/usr/lib/python3/dist-packages/colcon_core/task/python/colcon_distutils_commands:/homes/obluman/Robotics_Lab/ros2_ws/install/server_client/lib/python3.10/site-packages:${PYTHONPATH} VIRTUAL_ENV_PROMPT=(.env) /usr/bin/python3 -W ignore:setup.py install is deprecated -W ignore:easy_install command is deprecated setup.py egg_info --egg-base ../../build/server_client build --build-base /homes/obluman/Robotics_Lab/ros2_ws/build/server_client/build install --record /homes/obluman/Robotics_Lab/ros2_ws/build/server_client/install.log --single-version-externally-managed install_data
[2.342s] DEBUG:colcon.colcon_core.event_handler.log_command:Invoking command in '/homes/obluman/Robotics_Lab/ros2_ws/src/talker_listener': PS1=(.env) PYTHONPATH=/homes/obluman/Robotics_Lab/ros2_ws/build/talker_listener/prefix_override:/usr/lib/python3/dist-packages/colcon_core/task/python/colcon_distutils_commands:/homes/obluman/Robotics_Lab/ros2_ws/install/talker_listener/lib/python3.10/site-packages:${PYTHONPATH} VIRTUAL_ENV_PROMPT=(.env) /usr/bin/python3 -W ignore:setup.py install is deprecated -W ignore:easy_install command is deprecated setup.py egg_info --egg-base ../../build/talker_listener build --build-base /homes/obluman/Robotics_Lab/ros2_ws/build/talker_listener/build install --record /homes/obluman/Robotics_Lab/ros2_ws/build/talker_listener/install.log --single-version-externally-managed install_data
[2.581s] DEBUG:colcon.colcon_core.event_handler.log_command:Invoked command in '/homes/obluman/Robotics_Lab/ros2_ws/src/rgbd_process' returned '0': PS1=(.env) PYTHONPATH=/homes/obluman/Robotics_Lab/ros2_ws/build/rgbd_process/prefix_override:/usr/lib/python3/dist-packages/colcon_core/task/python/colcon_distutils_commands:/homes/obluman/Robotics_Lab/ros2_ws/install/rgbd_process/lib/python3.10/site-packages:${PYTHONPATH} VIRTUAL_ENV_PROMPT=(.env) /usr/bin/python3 -W ignore:setup.py install is deprecated -W ignore:easy_install command is deprecated setup.py egg_info --egg-base ../../build/rgbd_process build --build-base /homes/obluman/Robotics_Lab/ros2_ws/build/rgbd_process/build install --record /homes/obluman/Robotics_Lab/ros2_ws/build/rgbd_process/install.log --single-version-externally-managed install_data
[2.583s] Level 1:colcon.colcon_core.environment:checking '/homes/obluman/Robotics_Lab/ros2_ws/install/rgbd_process' for CMake module files
[2.584s] Level 1:colcon.colcon_core.environment:checking '/homes/obluman/Robotics_Lab/ros2_ws/install/rgbd_process' for CMake config files
[2.590s] Level 1:colcon.colcon_core.environment:checking '/homes/obluman/Robotics_Lab/ros2_ws/install/rgbd_process/lib'
[2.590s] Level 1:colcon.colcon_core.environment:checking '/homes/obluman/Robotics_Lab/ros2_ws/install/rgbd_process/bin'
[2.590s] Level 1:colcon.colcon_core.environment:checking '/homes/obluman/Robotics_Lab/ros2_ws/install/rgbd_process/lib/pkgconfig/rgbd_process.pc'
[2.591s] Level 1:colcon.colcon_core.environment:checking '/homes/obluman/Robotics_Lab/ros2_ws/install/rgbd_process/lib/python3.10/site-packages'
[2.591s] Level 1:colcon.colcon_core.shell:create_environment_hook('rgbd_process', 'pythonpath')
[2.591s] INFO:colcon.colcon_core.shell:Creating environment hook '/homes/obluman/Robotics_Lab/ros2_ws/install/rgbd_process/share/rgbd_process/hook/pythonpath.ps1'
[2.593s] INFO:colcon.colcon_core.shell:Creating environment descriptor '/homes/obluman/Robotics_Lab/ros2_ws/install/rgbd_process/share/rgbd_process/hook/pythonpath.dsv'
[2.595s] INFO:colcon.colcon_core.shell:Creating environment hook '/homes/obluman/Robotics_Lab/ros2_ws/install/rgbd_process/share/rgbd_process/hook/pythonpath.sh'
[2.597s] Level 1:colcon.colcon_core.environment:checking '/homes/obluman/Robotics_Lab/ros2_ws/install/rgbd_process/bin'
[2.597s] Level 1:colcon.colcon_core.environment:create_environment_scripts_only(rgbd_process)
[2.597s] INFO:colcon.colcon_core.shell:Creating package script '/homes/obluman/Robotics_Lab/ros2_ws/install/rgbd_process/share/rgbd_process/package.ps1'
[2.600s] INFO:colcon.colcon_core.shell:Creating package descriptor '/homes/obluman/Robotics_Lab/ros2_ws/install/rgbd_process/share/rgbd_process/package.dsv'
[2.602s] INFO:colcon.colcon_core.shell:Creating package script '/homes/obluman/Robotics_Lab/ros2_ws/install/rgbd_process/share/rgbd_process/package.sh'
[2.604s] INFO:colcon.colcon_core.shell:Creating package script '/homes/obluman/Robotics_Lab/ros2_ws/install/rgbd_process/share/rgbd_process/package.bash'
[2.606s] INFO:colcon.colcon_core.shell:Creating package script '/homes/obluman/Robotics_Lab/ros2_ws/install/rgbd_process/share/rgbd_process/package.zsh'
[2.609s] Level 1:colcon.colcon_core.environment:create_file_with_runtime_dependencies(/homes/obluman/Robotics_Lab/ros2_ws/install/rgbd_process/share/colcon-core/packages/rgbd_process)
[2.672s] Level 1:colcon.colcon_core.environment:checking '/homes/obluman/Robotics_Lab/ros2_ws/install/location_pub' for CMake module files
[2.672s] DEBUG:colcon.colcon_core.event_handler.log_command:Invoked command in '/homes/obluman/Robotics_Lab/ros2_ws/src/location_pub' returned '0': PS1=(.env) PYTHONPATH=/homes/obluman/Robotics_Lab/ros2_ws/build/location_pub/prefix_override:/usr/lib/python3/dist-packages/colcon_core/task/python/colcon_distutils_commands:/homes/obluman/Robotics_Lab/ros2_ws/install/location_pub/lib/python3.10/site-packages:${PYTHONPATH} VIRTUAL_ENV_PROMPT=(.env) /usr/bin/python3 -W ignore:setup.py install is deprecated -W ignore:easy_install command is deprecated setup.py egg_info --egg-base ../../build/location_pub build --build-base /homes/obluman/Robotics_Lab/ros2_ws/build/location_pub/build install --record /homes/obluman/Robotics_Lab/ros2_ws/build/location_pub/install.log --single-version-externally-managed install_data
[2.674s] Level 1:colcon.colcon_core.environment:checking '/homes/obluman/Robotics_Lab/ros2_ws/install/location_pub' for CMake config files
[2.679s] Level 1:colcon.colcon_core.environment:checking '/homes/obluman/Robotics_Lab/ros2_ws/install/location_pub/lib'
[2.680s] Level 1:colcon.colcon_core.environment:checking '/homes/obluman/Robotics_Lab/ros2_ws/install/location_pub/bin'
[2.680s] Level 1:colcon.colcon_core.environment:checking '/homes/obluman/Robotics_Lab/ros2_ws/install/location_pub/lib/pkgconfig/location_pub.pc'
[2.680s] Level 1:colcon.colcon_core.environment:checking '/homes/obluman/Robotics_Lab/ros2_ws/install/location_pub/lib/python3.10/site-packages'
[2.680s] Level 1:colcon.colcon_core.shell:create_environment_hook('location_pub', 'pythonpath')
[2.680s] INFO:colcon.colcon_core.shell:Creating environment hook '/homes/obluman/Robotics_Lab/ros2_ws/install/location_pub/share/location_pub/hook/pythonpath.ps1'
[2.682s] INFO:colcon.colcon_core.shell:Creating environment descriptor '/homes/obluman/Robotics_Lab/ros2_ws/install/location_pub/share/location_pub/hook/pythonpath.dsv'
[2.684s] INFO:colcon.colcon_core.shell:Creating environment hook '/homes/obluman/Robotics_Lab/ros2_ws/install/location_pub/share/location_pub/hook/pythonpath.sh'
[2.686s] Level 1:colcon.colcon_core.environment:checking '/homes/obluman/Robotics_Lab/ros2_ws/install/location_pub/bin'
[2.686s] Level 1:colcon.colcon_core.environment:create_environment_scripts_only(location_pub)
[2.686s] INFO:colcon.colcon_core.shell:Creating package script '/homes/obluman/Robotics_Lab/ros2_ws/install/location_pub/share/location_pub/package.ps1'
[2.688s] INFO:colcon.colcon_core.shell:Creating package descriptor '/homes/obluman/Robotics_Lab/ros2_ws/install/location_pub/share/location_pub/package.dsv'
[2.689s] INFO:colcon.colcon_core.shell:Creating package script '/homes/obluman/Robotics_Lab/ros2_ws/install/location_pub/share/location_pub/package.sh'
[2.690s] INFO:colcon.colcon_core.shell:Creating package script '/homes/obluman/Robotics_Lab/ros2_ws/install/location_pub/share/location_pub/package.bash'
[2.692s] INFO:colcon.colcon_core.shell:Creating package script '/homes/obluman/Robotics_Lab/ros2_ws/install/location_pub/share/location_pub/package.zsh'
[2.693s] Level 1:colcon.colcon_core.environment:create_file_with_runtime_dependencies(/homes/obluman/Robotics_Lab/ros2_ws/install/location_pub/share/colcon-core/packages/location_pub)
[2.882s] Level 1:colcon.colcon_core.environment:checking '/homes/obluman/Robotics_Lab/ros2_ws/install/server_client' for CMake module files
[2.882s] DEBUG:colcon.colcon_core.event_handler.log_command:Invoked command in '/homes/obluman/Robotics_Lab/ros2_ws/src/server_client' returned '0': PS1=(.env) PYTHONPATH=/homes/obluman/Robotics_Lab/ros2_ws/build/server_client/prefix_override:/usr/lib/python3/dist-packages/colcon_core/task/python/colcon_distutils_commands:/homes/obluman/Robotics_Lab/ros2_ws/install/server_client/lib/python3.10/site-packages:${PYTHONPATH} VIRTUAL_ENV_PROMPT=(.env) /usr/bin/python3 -W ignore:setup.py install is deprecated -W ignore:easy_install command is deprecated setup.py egg_info --egg-base ../../build/server_client build --build-base /homes/obluman/Robotics_Lab/ros2_ws/build/server_client/build install --record /homes/obluman/Robotics_Lab/ros2_ws/build/server_client/install.log --single-version-externally-managed install_data
[2.884s] Level 1:colcon.colcon_core.environment:checking '/homes/obluman/Robotics_Lab/ros2_ws/install/server_client' for CMake config files
[2.890s] Level 1:colcon.colcon_core.environment:checking '/homes/obluman/Robotics_Lab/ros2_ws/install/server_client/lib'
[2.890s] Level 1:colcon.colcon_core.environment:checking '/homes/obluman/Robotics_Lab/ros2_ws/install/server_client/bin'
[2.890s] Level 1:colcon.colcon_core.environment:checking '/homes/obluman/Robotics_Lab/ros2_ws/install/server_client/lib/pkgconfig/server_client.pc'
[2.891s] Level 1:colcon.colcon_core.environment:checking '/homes/obluman/Robotics_Lab/ros2_ws/install/server_client/lib/python3.10/site-packages'
[2.891s] Level 1:colcon.colcon_core.shell:create_environment_hook('server_client', 'pythonpath')
[2.891s] INFO:colcon.colcon_core.shell:Creating environment hook '/homes/obluman/Robotics_Lab/ros2_ws/install/server_client/share/server_client/hook/pythonpath.ps1'
[2.893s] INFO:colcon.colcon_core.shell:Creating environment descriptor '/homes/obluman/Robotics_Lab/ros2_ws/install/server_client/share/server_client/hook/pythonpath.dsv'
[2.895s] INFO:colcon.colcon_core.shell:Creating environment hook '/homes/obluman/Robotics_Lab/ros2_ws/install/server_client/share/server_client/hook/pythonpath.sh'
[2.898s] Level 1:colcon.colcon_core.environment:checking '/homes/obluman/Robotics_Lab/ros2_ws/install/server_client/bin'
[2.898s] Level 1:colcon.colcon_core.environment:create_environment_scripts_only(server_client)
[2.898s] INFO:colcon.colcon_core.shell:Creating package script '/homes/obluman/Robotics_Lab/ros2_ws/install/server_client/share/server_client/package.ps1'
[2.900s] INFO:colcon.colcon_core.shell:Creating package descriptor '/homes/obluman/Robotics_Lab/ros2_ws/install/server_client/share/server_client/package.dsv'
[2.902s] INFO:colcon.colcon_core.shell:Creating package script '/homes/obluman/Robotics_Lab/ros2_ws/install/server_client/share/server_client/package.sh'
[2.904s] INFO:colcon.colcon_core.shell:Creating package script '/homes/obluman/Robotics_Lab/ros2_ws/install/server_client/share/server_client/package.bash'
[2.906s] INFO:colcon.colcon_core.shell:Creating package script '/homes/obluman/Robotics_Lab/ros2_ws/install/server_client/share/server_client/package.zsh'
[2.908s] Level 1:colcon.colcon_core.environment:create_file_with_runtime_dependencies(/homes/obluman/Robotics_Lab/ros2_ws/install/server_client/share/colcon-core/packages/server_client)
[2.911s] Level 1:colcon.colcon_core.environment:checking '/homes/obluman/Robotics_Lab/ros2_ws/install/talker_listener' for CMake module files
[2.913s] Level 1:colcon.colcon_core.environment:checking '/homes/obluman/Robotics_Lab/ros2_ws/install/talker_listener' for CMake config files
[2.914s] DEBUG:colcon.colcon_core.event_handler.log_command:Invoked command in '/homes/obluman/Robotics_Lab/ros2_ws/src/talker_listener' returned '0': PS1=(.env) PYTHONPATH=/homes/obluman/Robotics_Lab/ros2_ws/build/talker_listener/prefix_override:/usr/lib/python3/dist-packages/colcon_core/task/python/colcon_distutils_commands:/homes/obluman/Robotics_Lab/ros2_ws/install/talker_listener/lib/python3.10/site-packages:${PYTHONPATH} VIRTUAL_ENV_PROMPT=(.env) /usr/bin/python3 -W ignore:setup.py install is deprecated -W ignore:easy_install command is deprecated setup.py egg_info --egg-base ../../build/talker_listener build --build-base /homes/obluman/Robotics_Lab/ros2_ws/build/talker_listener/build install --record /homes/obluman/Robotics_Lab/ros2_ws/build/talker_listener/install.log --single-version-externally-managed install_data
[2.918s] Level 1:colcon.colcon_core.environment:checking '/homes/obluman/Robotics_Lab/ros2_ws/install/talker_listener/lib'
[2.918s] Level 1:colcon.colcon_core.environment:checking '/homes/obluman/Robotics_Lab/ros2_ws/install/talker_listener/bin'
[2.918s] Level 1:colcon.colcon_core.environment:checking '/homes/obluman/Robotics_Lab/ros2_ws/install/talker_listener/lib/pkgconfig/talker_listener.pc'
[2.919s] Level 1:colcon.colcon_core.environment:checking '/homes/obluman/Robotics_Lab/ros2_ws/install/talker_listener/lib/python3.10/site-packages'
[2.919s] Level 1:colcon.colcon_core.shell:create_environment_hook('talker_listener', 'pythonpath')
[2.919s] INFO:colcon.colcon_core.shell:Creating environment hook '/homes/obluman/Robotics_Lab/ros2_ws/install/talker_listener/share/talker_listener/hook/pythonpath.ps1'
[2.921s] INFO:colcon.colcon_core.shell:Creating environment descriptor '/homes/obluman/Robotics_Lab/ros2_ws/install/talker_listener/share/talker_listener/hook/pythonpath.dsv'
[2.923s] INFO:colcon.colcon_core.shell:Creating environment hook '/homes/obluman/Robotics_Lab/ros2_ws/install/talker_listener/share/talker_listener/hook/pythonpath.sh'
[2.925s] Level 1:colcon.colcon_core.environment:checking '/homes/obluman/Robotics_Lab/ros2_ws/install/talker_listener/bin'
[2.925s] Level 1:colcon.colcon_core.environment:create_environment_scripts_only(talker_listener)
[2.925s] INFO:colcon.colcon_core.shell:Creating package script '/homes/obluman/Robotics_Lab/ros2_ws/install/talker_listener/share/talker_listener/package.ps1'
[2.927s] INFO:colcon.colcon_core.shell:Creating package descriptor '/homes/obluman/Robotics_Lab/ros2_ws/install/talker_listener/share/talker_listener/package.dsv'
[2.929s] INFO:colcon.colcon_core.shell:Creating package script '/homes/obluman/Robotics_Lab/ros2_ws/install/talker_listener/share/talker_listener/package.sh'
[2.931s] INFO:colcon.colcon_core.shell:Creating package script '/homes/obluman/Robotics_Lab/ros2_ws/install/talker_listener/share/talker_listener/package.bash'
[2.933s] INFO:colcon.colcon_core.shell:Creating package script '/homes/obluman/Robotics_Lab/ros2_ws/install/talker_listener/share/talker_listener/package.zsh'
[2.934s] Level 1:colcon.colcon_core.environment:create_file_with_runtime_dependencies(/homes/obluman/Robotics_Lab/ros2_ws/install/talker_listener/share/colcon-core/packages/talker_listener)
[2.936s] DEBUG:colcon.colcon_parallel_executor.executor.parallel:closing loop
[2.936s] DEBUG:colcon.colcon_parallel_executor.executor.parallel:loop closed
[2.936s] DEBUG:colcon.colcon_parallel_executor.executor.parallel:run_until_complete finished with '0'
[2.936s] DEBUG:colcon.colcon_core.event_reactor:joining thread
[2.946s] INFO:colcon.colcon_core.plugin_system:Skipping extension 'colcon_notification.desktop_notification.terminal_notifier': Not used on non-Darwin systems
[2.946s] INFO:colcon.colcon_core.plugin_system:Skipping extension 'colcon_notification.desktop_notification.win32': Not used on non-Windows systems
[2.946s] INFO:colcon.colcon_notification.desktop_notification:Sending desktop notification using 'notify2'
[3.260s] DEBUG:colcon.colcon_notification.desktop_notification.notify2:Failed to initialize notify2: org.freedesktop.DBus.Error.ServiceUnknown: The name org.freedesktop.Notifications was not provided by any .service files
[3.261s] DEBUG:colcon.colcon_core.event_reactor:joined thread
[3.263s] INFO:colcon.colcon_core.shell:Creating prefix script '/homes/obluman/Robotics_Lab/ros2_ws/install/local_setup.ps1'
[3.269s] INFO:colcon.colcon_core.shell:Creating prefix util module '/homes/obluman/Robotics_Lab/ros2_ws/install/_local_setup_util_ps1.py'
[3.272s] INFO:colcon.colcon_core.shell:Creating prefix chain script '/homes/obluman/Robotics_Lab/ros2_ws/install/setup.ps1'
[3.282s] INFO:colcon.colcon_core.shell:Creating prefix script '/homes/obluman/Robotics_Lab/ros2_ws/install/local_setup.sh'
[3.284s] INFO:colcon.colcon_core.shell:Creating prefix util module '/homes/obluman/Robotics_Lab/ros2_ws/install/_local_setup_util_sh.py'
[3.287s] INFO:colcon.colcon_core.shell:Creating prefix chain script '/homes/obluman/Robotics_Lab/ros2_ws/install/setup.sh'
[3.298s] INFO:colcon.colcon_core.shell:Creating prefix script '/homes/obluman/Robotics_Lab/ros2_ws/install/local_setup.bash'
[3.301s] INFO:colcon.colcon_core.shell:Creating prefix chain script '/homes/obluman/Robotics_Lab/ros2_ws/install/setup.bash'
[3.312s] INFO:colcon.colcon_core.shell:Creating prefix script '/homes/obluman/Robotics_Lab/ros2_ws/install/local_setup.zsh'
[3.315s] INFO:colcon.colcon_core.shell:Creating prefix chain script '/homes/obluman/Robotics_Lab/ros2_ws/install/setup.zsh'
