running egg_info
creating ../../../build/rgbd_process/rgbd_process.egg-info
writing ../../../build/rgbd_process/rgbd_process.egg-info/PKG-INFO
writing dependency_links to ../../../build/rgbd_process/rgbd_process.egg-info/dependency_links.txt
writing entry points to ../../../build/rgbd_process/rgbd_process.egg-info/entry_points.txt
writing requirements to ../../../build/rgbd_process/rgbd_process.egg-info/requires.txt
writing top-level names to ../../../build/rgbd_process/rgbd_process.egg-info/top_level.txt
writing manifest file '../../../build/rgbd_process/rgbd_process.egg-info/SOURCES.txt'
reading manifest file '../../../build/rgbd_process/rgbd_process.egg-info/SOURCES.txt'
adding license file 'LICENSE'
writing manifest file '../../../build/rgbd_process/rgbd_process.egg-info/SOURCES.txt'
running build
running build_py
creating /homes/obluman/Robotics_Lab/build/rgbd_process/build
creating /homes/obluman/Robotics_Lab/build/rgbd_process/build/lib
creating /homes/obluman/Robotics_Lab/build/rgbd_process/build/lib/rgbd_process
copying rgbd_process/__init__.py -> /homes/obluman/Robotics_Lab/build/rgbd_process/build/lib/rgbd_process
copying rgbd_process/rgbd_recorder.py -> /homes/obluman/Robotics_Lab/build/rgbd_process/build/lib/rgbd_process
running install
running install_lib
creating /homes/obluman/Robotics_Lab/install/rgbd_process/lib/python3.10/site-packages/rgbd_process
copying /homes/obluman/Robotics_Lab/build/rgbd_process/build/lib/rgbd_process/__init__.py -> /homes/obluman/Robotics_Lab/install/rgbd_process/lib/python3.10/site-packages/rgbd_process
copying /homes/obluman/Robotics_Lab/build/rgbd_process/build/lib/rgbd_process/rgbd_recorder.py -> /homes/obluman/Robotics_Lab/install/rgbd_process/lib/python3.10/site-packages/rgbd_process
byte-compiling /homes/obluman/Robotics_Lab/install/rgbd_process/lib/python3.10/site-packages/rgbd_process/__init__.py to __init__.cpython-310.pyc
byte-compiling /homes/obluman/Robotics_Lab/install/rgbd_process/lib/python3.10/site-packages/rgbd_process/rgbd_recorder.py to rgbd_recorder.cpython-310.pyc
running install_data
creating /homes/obluman/Robotics_Lab/install/rgbd_process/share/ament_index
creating /homes/obluman/Robotics_Lab/install/rgbd_process/share/ament_index/resource_index
creating /homes/obluman/Robotics_Lab/install/rgbd_process/share/ament_index/resource_index/packages
copying resource/rgbd_process -> /homes/obluman/Robotics_Lab/install/rgbd_process/share/ament_index/resource_index/packages
copying package.xml -> /homes/obluman/Robotics_Lab/install/rgbd_process/share/rgbd_process
running install_egg_info
Copying ../../../build/rgbd_process/rgbd_process.egg-info to /homes/obluman/Robotics_Lab/install/rgbd_process/lib/python3.10/site-packages/rgbd_process-0.0.0-py3.10.egg-info
running install_scripts
Installing recorder script to /homes/obluman/Robotics_Lab/install/rgbd_process/lib/rgbd_process
writing list of installed files to '/homes/obluman/Robotics_Lab/build/rgbd_process/install.log'
