[1.939s] Invoking command in '/homes/obluman/Robotics_Lab/ros2_ws/src/rgbd_process': PYTHONPATH=/homes/obluman/Robotics_Lab/build/rgbd_process/prefix_override:/usr/lib/python3/dist-packages/colcon_core/task/python/colcon_distutils_commands:/homes/obluman/Robotics_Lab/install/rgbd_process/lib/python3.10/site-packages:${PYTHONPATH} /usr/bin/python3 -W ignore:setup.py install is deprecated -W ignore:easy_install command is deprecated setup.py egg_info --egg-base ../../../build/rgbd_process build --build-base /homes/obluman/Robotics_Lab/build/rgbd_process/build install --record /homes/obluman/Robotics_Lab/build/rgbd_process/install.log --single-version-externally-managed install_data
[2.235s] running egg_info
[2.236s] creating ../../../build/rgbd_process/rgbd_process.egg-info
[2.237s] writing ../../../build/rgbd_process/rgbd_process.egg-info/PKG-INFO
[2.239s] writing dependency_links to ../../../build/rgbd_process/rgbd_process.egg-info/dependency_links.txt
[2.240s] writing entry points to ../../../build/rgbd_process/rgbd_process.egg-info/entry_points.txt
[2.241s] writing requirements to ../../../build/rgbd_process/rgbd_process.egg-info/requires.txt
[2.242s] writing top-level names to ../../../build/rgbd_process/rgbd_process.egg-info/top_level.txt
[2.244s] writing manifest file '../../../build/rgbd_process/rgbd_process.egg-info/SOURCES.txt'
[2.248s] reading manifest file '../../../build/rgbd_process/rgbd_process.egg-info/SOURCES.txt'
[2.250s] adding license file 'LICENSE'
[2.250s] writing manifest file '../../../build/rgbd_process/rgbd_process.egg-info/SOURCES.txt'
[2.251s] running build
[2.251s] running build_py
[2.252s] creating /homes/obluman/Robotics_Lab/build/rgbd_process/build
[2.252s] creating /homes/obluman/Robotics_Lab/build/rgbd_process/build/lib
[2.252s] creating /homes/obluman/Robotics_Lab/build/rgbd_process/build/lib/rgbd_process
[2.253s] copying rgbd_process/__init__.py -> /homes/obluman/Robotics_Lab/build/rgbd_process/build/lib/rgbd_process
[2.255s] copying rgbd_process/rgbd_recorder.py -> /homes/obluman/Robotics_Lab/build/rgbd_process/build/lib/rgbd_process
[2.257s] running install
[2.257s] running install_lib
[2.259s] creating /homes/obluman/Robotics_Lab/install/rgbd_process/lib/python3.10/site-packages/rgbd_process
[2.259s] copying /homes/obluman/Robotics_Lab/build/rgbd_process/build/lib/rgbd_process/__init__.py -> /homes/obluman/Robotics_Lab/install/rgbd_process/lib/python3.10/site-packages/rgbd_process
[2.261s] copying /homes/obluman/Robotics_Lab/build/rgbd_process/build/lib/rgbd_process/rgbd_recorder.py -> /homes/obluman/Robotics_Lab/install/rgbd_process/lib/python3.10/site-packages/rgbd_process
[2.265s] byte-compiling /homes/obluman/Robotics_Lab/install/rgbd_process/lib/python3.10/site-packages/rgbd_process/__init__.py to __init__.cpython-310.pyc
[2.267s] byte-compiling /homes/obluman/Robotics_Lab/install/rgbd_process/lib/python3.10/site-packages/rgbd_process/rgbd_recorder.py to rgbd_recorder.cpython-310.pyc
[2.271s] running install_data
[2.271s] creating /homes/obluman/Robotics_Lab/install/rgbd_process/share/ament_index
[2.271s] creating /homes/obluman/Robotics_Lab/install/rgbd_process/share/ament_index/resource_index
[2.272s] creating /homes/obluman/Robotics_Lab/install/rgbd_process/share/ament_index/resource_index/packages
[2.273s] copying resource/rgbd_process -> /homes/obluman/Robotics_Lab/install/rgbd_process/share/ament_index/resource_index/packages
[2.275s] copying package.xml -> /homes/obluman/Robotics_Lab/install/rgbd_process/share/rgbd_process
[2.276s] running install_egg_info
[2.279s] Copying ../../../build/rgbd_process/rgbd_process.egg-info to /homes/obluman/Robotics_Lab/install/rgbd_process/lib/python3.10/site-packages/rgbd_process-0.0.0-py3.10.egg-info
[2.298s] running install_scripts
[2.322s] Installing recorder script to /homes/obluman/Robotics_Lab/install/rgbd_process/lib/rgbd_process
[2.323s] writing list of installed files to '/homes/obluman/Robotics_Lab/build/rgbd_process/install.log'
[2.366s] Invoked command in '/homes/obluman/Robotics_Lab/ros2_ws/src/rgbd_process' returned '0': PYTHONPATH=/homes/obluman/Robotics_Lab/build/rgbd_process/prefix_override:/usr/lib/python3/dist-packages/colcon_core/task/python/colcon_distutils_commands:/homes/obluman/Robotics_Lab/install/rgbd_process/lib/python3.10/site-packages:${PYTHONPATH} /usr/bin/python3 -W ignore:setup.py install is deprecated -W ignore:easy_install command is deprecated setup.py egg_info --egg-base ../../../build/rgbd_process build --build-base /homes/obluman/Robotics_Lab/build/rgbd_process/build install --record /homes/obluman/Robotics_Lab/build/rgbd_process/install.log --single-version-externally-managed install_data
