[2.309s] Invoking command in '/homes/tlei/ros2_ws/src/talker_listener': PYTHONPATH=/homes/tlei/ros2_ws/build/talker_listener/prefix_override:/usr/lib/python3/dist-packages/colcon_core/task/python/colcon_distutils_commands:/homes/tlei/ros2_ws/install/talker_listener/lib/python3.10/site-packages:${PYTHONPATH} VIRTUAL_ENV_PROMPT=(.env) /usr/bin/python3 -W ignore:setup.py install is deprecated -W ignore:easy_install command is deprecated setup.py egg_info --egg-base ../../build/talker_listener build --build-base /homes/tlei/ros2_ws/build/talker_listener/build install --record /homes/tlei/ros2_ws/build/talker_listener/install.log --single-version-externally-managed install_data
[2.760s] running egg_info
[2.763s] writing ../../build/talker_listener/talker_listener.egg-info/PKG-INFO
[2.780s] writing dependency_links to ../../build/talker_listener/talker_listener.egg-info/dependency_links.txt
[2.789s] writing entry points to ../../build/talker_listener/talker_listener.egg-info/entry_points.txt
[2.799s] writing requirements to ../../build/talker_listener/talker_listener.egg-info/requires.txt
[2.812s] writing top-level names to ../../build/talker_listener/talker_listener.egg-info/top_level.txt
[2.852s] reading manifest file '../../build/talker_listener/talker_listener.egg-info/SOURCES.txt'
[2.855s] writing manifest file '../../build/talker_listener/talker_listener.egg-info/SOURCES.txt'
[2.872s] running build
[2.872s] running build_py
[2.902s] running install
[2.902s] running install_lib
[2.937s] running install_data
[2.952s] running install_egg_info
[2.957s] removing '/homes/tlei/ros2_ws/install/talker_listener/lib/python3.10/site-packages/talker_listener-0.0.0-py3.10.egg-info' (and everything under it)
[2.995s] Copying ../../build/talker_listener/talker_listener.egg-info to /homes/tlei/ros2_ws/install/talker_listener/lib/python3.10/site-packages/talker_listener-0.0.0-py3.10.egg-info
[3.162s] running install_scripts
[3.219s] Installing listener script to /homes/tlei/ros2_ws/install/talker_listener/lib/talker_listener
[3.241s] Installing talker script to /homes/tlei/ros2_ws/install/talker_listener/lib/talker_listener
[3.271s] writing list of installed files to '/homes/tlei/ros2_ws/build/talker_listener/install.log'
[3.747s] Invoked command in '/homes/tlei/ros2_ws/src/talker_listener' returned '0': PYTHONPATH=/homes/tlei/ros2_ws/build/talker_listener/prefix_override:/usr/lib/python3/dist-packages/colcon_core/task/python/colcon_distutils_commands:/homes/tlei/ros2_ws/install/talker_listener/lib/python3.10/site-packages:${PYTHONPATH} VIRTUAL_ENV_PROMPT=(.env) /usr/bin/python3 -W ignore:setup.py install is deprecated -W ignore:easy_install command is deprecated setup.py egg_info --egg-base ../../build/talker_listener build --build-base /homes/tlei/ros2_ws/build/talker_listener/build install --record /homes/tlei/ros2_ws/build/talker_listener/install.log --single-version-externally-managed install_data
