[1.937s] Invoking command in '/homes/obluman/Robotics_Lab/ros2_ws/src/location_pub': PYTHONPATH=/homes/obluman/Robotics_Lab/ros2_ws/build/location_pub/prefix_override:/usr/lib/python3/dist-packages/colcon_core/task/python/colcon_distutils_commands:/homes/obluman/Robotics_Lab/ros2_ws/install/location_pub/lib/python3.10/site-packages:${PYTHONPATH} /usr/bin/python3 -W ignore:setup.py install is deprecated -W ignore:easy_install command is deprecated setup.py egg_info --egg-base ../../build/location_pub build --build-base /homes/obluman/Robotics_Lab/ros2_ws/build/location_pub/build install --record /homes/obluman/Robotics_Lab/ros2_ws/build/location_pub/install.log --single-version-externally-managed install_data
[2.265s] running egg_info
[2.265s] writing ../../build/location_pub/location_pub.egg-info/PKG-INFO
[2.267s] writing dependency_links to ../../build/location_pub/location_pub.egg-info/dependency_links.txt
[2.268s] writing entry points to ../../build/location_pub/location_pub.egg-info/entry_points.txt
[2.275s] writing requirements to ../../build/location_pub/location_pub.egg-info/requires.txt
[2.275s] writing top-level names to ../../build/location_pub/location_pub.egg-info/top_level.txt
[2.277s] reading manifest file '../../build/location_pub/location_pub.egg-info/SOURCES.txt'
[2.279s] adding license file 'LICENSE'
[2.280s] writing manifest file '../../build/location_pub/location_pub.egg-info/SOURCES.txt'
[2.281s] running build
[2.281s] running build_py
[2.283s] running install
[2.283s] running install_lib
[2.287s] running install_data
[2.287s] running install_egg_info
[2.289s] removing '/homes/obluman/Robotics_Lab/ros2_ws/install/location_pub/lib/python3.10/site-packages/location_pub-0.0.0-py3.10.egg-info' (and everything under it)
[2.292s] Copying ../../build/location_pub/location_pub.egg-info to /homes/obluman/Robotics_Lab/ros2_ws/install/location_pub/lib/python3.10/site-packages/location_pub-0.0.0-py3.10.egg-info
[2.312s] running install_scripts
[2.333s] Installing publisher script to /homes/obluman/Robotics_Lab/ros2_ws/install/location_pub/lib/location_pub
[2.335s] writing list of installed files to '/homes/obluman/Robotics_Lab/ros2_ws/build/location_pub/install.log'
[2.359s] Invoked command in '/homes/obluman/Robotics_Lab/ros2_ws/src/location_pub' returned '0': PYTHONPATH=/homes/obluman/Robotics_Lab/ros2_ws/build/location_pub/prefix_override:/usr/lib/python3/dist-packages/colcon_core/task/python/colcon_distutils_commands:/homes/obluman/Robotics_Lab/ros2_ws/install/location_pub/lib/python3.10/site-packages:${PYTHONPATH} /usr/bin/python3 -W ignore:setup.py install is deprecated -W ignore:easy_install command is deprecated setup.py egg_info --egg-base ../../build/location_pub build --build-base /homes/obluman/Robotics_Lab/ros2_ws/build/location_pub/build install --record /homes/obluman/Robotics_Lab/ros2_ws/build/location_pub/install.log --single-version-externally-managed install_data
