running egg_info
writing ../../build/server_client/server_client.egg-info/PKG-INFO
writing dependency_links to ../../build/server_client/server_client.egg-info/dependency_links.txt
writing entry points to ../../build/server_client/server_client.egg-info/entry_points.txt
writing requirements to ../../build/server_client/server_client.egg-info/requires.txt
writing top-level names to ../../build/server_client/server_client.egg-info/top_level.txt
reading manifest file '../../build/server_client/server_client.egg-info/SOURCES.txt'
adding license file 'LICENSE'
writing manifest file '../../build/server_client/server_client.egg-info/SOURCES.txt'
running build
running build_py
running install
running install_lib
running install_data
running install_egg_info
removing '/homes/obluman/Robotics_Lab/ros2_ws/install/server_client/lib/python3.10/site-packages/server_client-0.0.0-py3.10.egg-info' (and everything under it)
Copying ../../build/server_client/server_client.egg-info to /homes/obluman/Robotics_Lab/ros2_ws/install/server_client/lib/python3.10/site-packages/server_client-0.0.0-py3.10.egg-info
running install_scripts
Installing client script to /homes/obluman/Robotics_Lab/ros2_ws/install/server_client/lib/server_client
Installing server script to /homes/obluman/Robotics_Lab/ros2_ws/install/server_client/lib/server_client
writing list of installed files to '/homes/obluman/Robotics_Lab/ros2_ws/build/server_client/install.log'
