running egg_info
creating ../../../build/server_client/server_client.egg-info
writing ../../../build/server_client/server_client.egg-info/PKG-INFO
writing dependency_links to ../../../build/server_client/server_client.egg-info/dependency_links.txt
writing entry points to ../../../build/server_client/server_client.egg-info/entry_points.txt
writing requirements to ../../../build/server_client/server_client.egg-info/requires.txt
writing top-level names to ../../../build/server_client/server_client.egg-info/top_level.txt
writing manifest file '../../../build/server_client/server_client.egg-info/SOURCES.txt'
reading manifest file '../../../build/server_client/server_client.egg-info/SOURCES.txt'
adding license file 'LICENSE'
writing manifest file '../../../build/server_client/server_client.egg-info/SOURCES.txt'
running build
running build_py
creating /homes/obluman/Robotics_Lab/build/server_client/build
creating /homes/obluman/Robotics_Lab/build/server_client/build/lib
creating /homes/obluman/Robotics_Lab/build/server_client/build/lib/server_client
copying server_client/__init__.py -> /homes/obluman/Robotics_Lab/build/server_client/build/lib/server_client
copying server_client/client.py -> /homes/obluman/Robotics_Lab/build/server_client/build/lib/server_client
copying server_client/server.py -> /homes/obluman/Robotics_Lab/build/server_client/build/lib/server_client
running install
running install_lib
creating /homes/obluman/Robotics_Lab/install/server_client/lib/python3.10/site-packages/server_client
copying /homes/obluman/Robotics_Lab/build/server_client/build/lib/server_client/__init__.py -> /homes/obluman/Robotics_Lab/install/server_client/lib/python3.10/site-packages/server_client
copying /homes/obluman/Robotics_Lab/build/server_client/build/lib/server_client/client.py -> /homes/obluman/Robotics_Lab/install/server_client/lib/python3.10/site-packages/server_client
copying /homes/obluman/Robotics_Lab/build/server_client/build/lib/server_client/server.py -> /homes/obluman/Robotics_Lab/install/server_client/lib/python3.10/site-packages/server_client
byte-compiling /homes/obluman/Robotics_Lab/install/server_client/lib/python3.10/site-packages/server_client/__init__.py to __init__.cpython-310.pyc
byte-compiling /homes/obluman/Robotics_Lab/install/server_client/lib/python3.10/site-packages/server_client/client.py to client.cpython-310.pyc
byte-compiling /homes/obluman/Robotics_Lab/install/server_client/lib/python3.10/site-packages/server_client/server.py to server.cpython-310.pyc
running install_data
creating /homes/obluman/Robotics_Lab/install/server_client/share/ament_index
creating /homes/obluman/Robotics_Lab/install/server_client/share/ament_index/resource_index
creating /homes/obluman/Robotics_Lab/install/server_client/share/ament_index/resource_index/packages
copying resource/server_client -> /homes/obluman/Robotics_Lab/install/server_client/share/ament_index/resource_index/packages
copying package.xml -> /homes/obluman/Robotics_Lab/install/server_client/share/server_client
running install_egg_info
Copying ../../../build/server_client/server_client.egg-info to /homes/obluman/Robotics_Lab/install/server_client/lib/python3.10/site-packages/server_client-0.0.0-py3.10.egg-info
running install_scripts
Installing client script to /homes/obluman/Robotics_Lab/install/server_client/lib/server_client
Installing server script to /homes/obluman/Robotics_Lab/install/server_client/lib/server_client
writing list of installed files to '/homes/obluman/Robotics_Lab/build/server_client/install.log'
