[1.912s] Invoking command in '/homes/obluman/Robotics_Lab/ros2_ws/src/server_client': PYTHONPATH=/homes/obluman/Robotics_Lab/build/server_client/prefix_override:/usr/lib/python3/dist-packages/colcon_core/task/python/colcon_distutils_commands:/homes/obluman/Robotics_Lab/install/server_client/lib/python3.10/site-packages:${PYTHONPATH} /usr/bin/python3 -W ignore:setup.py install is deprecated -W ignore:easy_install command is deprecated setup.py egg_info --egg-base ../../../build/server_client build --build-base /homes/obluman/Robotics_Lab/build/server_client/build install --record /homes/obluman/Robotics_Lab/build/server_client/install.log --single-version-externally-managed install_data
[2.370s] running egg_info
[2.371s] creating ../../../build/server_client/server_client.egg-info
[2.372s] writing ../../../build/server_client/server_client.egg-info/PKG-INFO
[2.377s] writing dependency_links to ../../../build/server_client/server_client.egg-info/dependency_links.txt
[2.377s] writing entry points to ../../../build/server_client/server_client.egg-info/entry_points.txt
[2.377s] writing requirements to ../../../build/server_client/server_client.egg-info/requires.txt
[2.377s] writing top-level names to ../../../build/server_client/server_client.egg-info/top_level.txt
[2.379s] writing manifest file '../../../build/server_client/server_client.egg-info/SOURCES.txt'
[2.383s] reading manifest file '../../../build/server_client/server_client.egg-info/SOURCES.txt'
[2.384s] adding license file 'LICENSE'
[2.385s] writing manifest file '../../../build/server_client/server_client.egg-info/SOURCES.txt'
[2.386s] running build
[2.386s] running build_py
[2.387s] creating /homes/obluman/Robotics_Lab/build/server_client/build
[2.387s] creating /homes/obluman/Robotics_Lab/build/server_client/build/lib
[2.388s] creating /homes/obluman/Robotics_Lab/build/server_client/build/lib/server_client
[2.389s] copying server_client/__init__.py -> /homes/obluman/Robotics_Lab/build/server_client/build/lib/server_client
[2.390s] copying server_client/client.py -> /homes/obluman/Robotics_Lab/build/server_client/build/lib/server_client
[2.392s] copying server_client/server.py -> /homes/obluman/Robotics_Lab/build/server_client/build/lib/server_client
[2.393s] running install
[2.394s] running install_lib
[2.396s] creating /homes/obluman/Robotics_Lab/install/server_client/lib/python3.10/site-packages/server_client
[2.397s] copying /homes/obluman/Robotics_Lab/build/server_client/build/lib/server_client/__init__.py -> /homes/obluman/Robotics_Lab/install/server_client/lib/python3.10/site-packages/server_client
[2.399s] copying /homes/obluman/Robotics_Lab/build/server_client/build/lib/server_client/client.py -> /homes/obluman/Robotics_Lab/install/server_client/lib/python3.10/site-packages/server_client
[2.401s] copying /homes/obluman/Robotics_Lab/build/server_client/build/lib/server_client/server.py -> /homes/obluman/Robotics_Lab/install/server_client/lib/python3.10/site-packages/server_client
[2.407s] byte-compiling /homes/obluman/Robotics_Lab/install/server_client/lib/python3.10/site-packages/server_client/__init__.py to __init__.cpython-310.pyc
[2.407s] byte-compiling /homes/obluman/Robotics_Lab/install/server_client/lib/python3.10/site-packages/server_client/client.py to client.cpython-310.pyc
[2.409s] byte-compiling /homes/obluman/Robotics_Lab/install/server_client/lib/python3.10/site-packages/server_client/server.py to server.cpython-310.pyc
[2.412s] running install_data
[2.412s] creating /homes/obluman/Robotics_Lab/install/server_client/share/ament_index
[2.412s] creating /homes/obluman/Robotics_Lab/install/server_client/share/ament_index/resource_index
[2.413s] creating /homes/obluman/Robotics_Lab/install/server_client/share/ament_index/resource_index/packages
[2.414s] copying resource/server_client -> /homes/obluman/Robotics_Lab/install/server_client/share/ament_index/resource_index/packages
[2.415s] copying package.xml -> /homes/obluman/Robotics_Lab/install/server_client/share/server_client
[2.416s] running install_egg_info
[2.419s] Copying ../../../build/server_client/server_client.egg-info to /homes/obluman/Robotics_Lab/install/server_client/lib/python3.10/site-packages/server_client-0.0.0-py3.10.egg-info
[2.436s] running install_scripts
[2.467s] Installing client script to /homes/obluman/Robotics_Lab/install/server_client/lib/server_client
[2.469s] Installing server script to /homes/obluman/Robotics_Lab/install/server_client/lib/server_client
[2.470s] writing list of installed files to '/homes/obluman/Robotics_Lab/build/server_client/install.log'
[2.495s] Invoked command in '/homes/obluman/Robotics_Lab/ros2_ws/src/server_client' returned '0': PYTHONPATH=/homes/obluman/Robotics_Lab/build/server_client/prefix_override:/usr/lib/python3/dist-packages/colcon_core/task/python/colcon_distutils_commands:/homes/obluman/Robotics_Lab/install/server_client/lib/python3.10/site-packages:${PYTHONPATH} /usr/bin/python3 -W ignore:setup.py install is deprecated -W ignore:easy_install command is deprecated setup.py egg_info --egg-base ../../../build/server_client build --build-base /homes/obluman/Robotics_Lab/build/server_client/build install --record /homes/obluman/Robotics_Lab/build/server_client/install.log --single-version-externally-managed install_data
