[2.360s] Invoking command in '/homes/obluman/Robotics_Lab/ros2_ws/src/rgbd_process': PYTHONPATH=/homes/obluman/Robotics_Lab/ros2_ws/build/rgbd_process/prefix_override:/usr/lib/python3/dist-packages/colcon_core/task/python/colcon_distutils_commands:/homes/obluman/Robotics_Lab/ros2_ws/install/rgbd_process/lib/python3.10/site-packages:${PYTHONPATH} /usr/bin/python3 -W ignore:setup.py install is deprecated -W ignore:easy_install command is deprecated setup.py egg_info --egg-base ../../build/rgbd_process build --build-base /homes/obluman/Robotics_Lab/ros2_ws/build/rgbd_process/build install --record /homes/obluman/Robotics_Lab/ros2_ws/build/rgbd_process/install.log --single-version-externally-managed install_data
[2.689s] running egg_info
[2.690s] writing ../../build/rgbd_process/rgbd_process.egg-info/PKG-INFO
[2.692s] writing dependency_links to ../../build/rgbd_process/rgbd_process.egg-info/dependency_links.txt
[2.693s] writing entry points to ../../build/rgbd_process/rgbd_process.egg-info/entry_points.txt
[2.796s] writing requirements to ../../build/rgbd_process/rgbd_process.egg-info/requires.txt
[2.797s] writing top-level names to ../../build/rgbd_process/rgbd_process.egg-info/top_level.txt
[2.803s] reading manifest file '../../build/rgbd_process/rgbd_process.egg-info/SOURCES.txt'
[2.805s] adding license file 'LICENSE'
[2.806s] writing manifest file '../../build/rgbd_process/rgbd_process.egg-info/SOURCES.txt'
[2.912s] running build
[2.912s] running build_py
[2.914s] running install
[2.914s] running install_lib
[2.917s] running install_data
[2.918s] running install_egg_info
[2.920s] removing '/homes/obluman/Robotics_Lab/ros2_ws/install/rgbd_process/lib/python3.10/site-packages/rgbd_process-0.0.0-py3.10.egg-info' (and everything under it)
[2.922s] Copying ../../build/rgbd_process/rgbd_process.egg-info to /homes/obluman/Robotics_Lab/ros2_ws/install/rgbd_process/lib/python3.10/site-packages/rgbd_process-0.0.0-py3.10.egg-info
[3.071s] running install_scripts
[3.071s] Installing recorder script to /homes/obluman/Robotics_Lab/ros2_ws/install/rgbd_process/lib/rgbd_process
[3.072s] writing list of installed files to '/homes/obluman/Robotics_Lab/ros2_ws/build/rgbd_process/install.log'
[3.073s] Invoked command in '/homes/obluman/Robotics_Lab/ros2_ws/src/rgbd_process' returned '0': PYTHONPATH=/homes/obluman/Robotics_Lab/ros2_ws/build/rgbd_process/prefix_override:/usr/lib/python3/dist-packages/colcon_core/task/python/colcon_distutils_commands:/homes/obluman/Robotics_Lab/ros2_ws/install/rgbd_process/lib/python3.10/site-packages:${PYTHONPATH} /usr/bin/python3 -W ignore:setup.py install is deprecated -W ignore:easy_install command is deprecated setup.py egg_info --egg-base ../../build/rgbd_process build --build-base /homes/obluman/Robotics_Lab/ros2_ws/build/rgbd_process/build install --record /homes/obluman/Robotics_Lab/ros2_ws/build/rgbd_process/install.log --single-version-externally-managed install_data
