[35m[1mConsolidate compiler generated dependencies of target custom_controller[0m
[100%] Built target custom_controller
-- Install configuration: ""
-- Up-to-date: /homes/obluman/robotics_ws/install/custom_controller/lib/custom_controller/custom_controller
-- Up-to-date: /homes/obluman/robotics_ws/install/custom_controller/share/custom_controller/launch
-- Installing: /homes/obluman/robotics_ws/install/custom_controller/share/custom_controller/launch/custom_controller_launch.py
-- Installing: /homes/obluman/robotics_ws/install/custom_controller/share/custom_controller/launch/log
-- Installing: /homes/obluman/robotics_ws/install/custom_controller/share/custom_controller/launch/log/build_2025-06-09_13-51-17
-- Installing: /homes/obluman/robotics_ws/install/custom_controller/share/custom_controller/launch/log/build_2025-06-09_13-51-17/logger_all.log
-- Installing: /homes/obluman/robotics_ws/install/custom_controller/share/custom_controller/launch/log/build_2025-06-09_13-51-17/events.log
-- Installing: /homes/obluman/robotics_ws/install/custom_controller/share/custom_controller/launch/log/COLCON_IGNORE
-- Installing: /homes/obluman/robotics_ws/install/custom_controller/share/custom_controller/launch/log/latest
-- Installing: /homes/obluman/robotics_ws/install/custom_controller/share/custom_controller/launch/log/build_2025-06-09_13-51-49
-- Installing: /homes/obluman/robotics_ws/install/custom_controller/share/custom_controller/launch/log/build_2025-06-09_13-51-49/logger_all.log
-- Installing: /homes/obluman/robotics_ws/install/custom_controller/share/custom_controller/launch/log/build_2025-06-09_13-51-49/events.log
-- Installing: /homes/obluman/robotics_ws/install/custom_controller/share/custom_controller/launch/log/latest_build
-- Installing: /homes/obluman/robotics_ws/install/custom_controller/share/custom_controller/launch/build
-- Installing: /homes/obluman/robotics_ws/install/custom_controller/share/custom_controller/launch/build/.built_by
-- Installing: /homes/obluman/robotics_ws/install/custom_controller/share/custom_controller/launch/build/COLCON_IGNORE
-- Installing: /homes/obluman/robotics_ws/install/custom_controller/share/custom_controller/launch/install
-- Installing: /homes/obluman/robotics_ws/install/custom_controller/share/custom_controller/launch/install/.colcon_install_layout
-- Installing: /homes/obluman/robotics_ws/install/custom_controller/share/custom_controller/launch/install/COLCON_IGNORE
-- Installing: /homes/obluman/robotics_ws/install/custom_controller/share/custom_controller/launch/install/local_setup.ps1
-- Installing: /homes/obluman/robotics_ws/install/custom_controller/share/custom_controller/launch/install/_local_setup_util_ps1.py
-- Installing: /homes/obluman/robotics_ws/install/custom_controller/share/custom_controller/launch/install/setup.ps1
-- Installing: /homes/obluman/robotics_ws/install/custom_controller/share/custom_controller/launch/install/local_setup.sh
-- Installing: /homes/obluman/robotics_ws/install/custom_controller/share/custom_controller/launch/install/_local_setup_util_sh.py
-- Installing: /homes/obluman/robotics_ws/install/custom_controller/share/custom_controller/launch/install/setup.sh
-- Installing: /homes/obluman/robotics_ws/install/custom_controller/share/custom_controller/launch/install/local_setup.bash
-- Installing: /homes/obluman/robotics_ws/install/custom_controller/share/custom_controller/launch/install/setup.bash
-- Installing: /homes/obluman/robotics_ws/install/custom_controller/share/custom_controller/launch/install/local_setup.zsh
-- Installing: /homes/obluman/robotics_ws/install/custom_controller/share/custom_controller/launch/install/setup.zsh
-- Up-to-date: /homes/obluman/robotics_ws/install/custom_controller/share/ament_index/resource_index/package_run_dependencies/custom_controller
-- Up-to-date: /homes/obluman/robotics_ws/install/custom_controller/share/ament_index/resource_index/parent_prefix_path/custom_controller
-- Up-to-date: /homes/obluman/robotics_ws/install/custom_controller/share/custom_controller/environment/ament_prefix_path.sh
-- Up-to-date: /homes/obluman/robotics_ws/install/custom_controller/share/custom_controller/environment/ament_prefix_path.dsv
-- Up-to-date: /homes/obluman/robotics_ws/install/custom_controller/share/custom_controller/environment/path.sh
-- Up-to-date: /homes/obluman/robotics_ws/install/custom_controller/share/custom_controller/environment/path.dsv
-- Up-to-date: /homes/obluman/robotics_ws/install/custom_controller/share/custom_controller/local_setup.bash
-- Up-to-date: /homes/obluman/robotics_ws/install/custom_controller/share/custom_controller/local_setup.sh
-- Up-to-date: /homes/obluman/robotics_ws/install/custom_controller/share/custom_controller/local_setup.zsh
-- Up-to-date: /homes/obluman/robotics_ws/install/custom_controller/share/custom_controller/local_setup.dsv
-- Installing: /homes/obluman/robotics_ws/install/custom_controller/share/custom_controller/package.dsv
-- Up-to-date: /homes/obluman/robotics_ws/install/custom_controller/share/ament_index/resource_index/packages/custom_controller
-- Up-to-date: /homes/obluman/robotics_ws/install/custom_controller/share/custom_controller/cmake/custom_controllerConfig.cmake
-- Up-to-date: /homes/obluman/robotics_ws/install/custom_controller/share/custom_controller/cmake/custom_controllerConfig-version.cmake
-- Up-to-date: /homes/obluman/robotics_ws/install/custom_controller/share/custom_controller/package.xml
