[0.030s] Invoking command in '/homes/obluman/robotics_ws/build/custom_controller': CMAKE_PREFIX_PATH=/homes/obluman/robotics_ws/install/custom_controller:/opt/ros/humble:/homes/obluman/robo_ws/install/my_custom_controller:/bigdata/thao/franka_ros2_ws/install/franka_ros2:/bigdata/thao/franka_ros2_ws/install/franka_bringup:/bigdata/thao/franka_ros2_ws/install/franka_robot_state_broadcaster:/bigdata/thao/franka_ros2_ws/install/franka_example_controllers:/bigdata/thao/franka_ros2_ws/install/franka_semantic_components:/bigdata/thao/franka_ros2_ws/install/franka_gazebo_bringup:/bigdata/thao/franka_ros2_ws/install/franka_ign_ros2_control:/bigdata/thao/franka_ros2_ws/install/franka_fr3_moveit_config:/bigdata/thao/franka_ros2_ws/install/franka_hardware:/bigdata/thao/franka_ros2_ws/install/franka_gripper:/bigdata/thao/franka_ros2_ws/install/libfranka:/bigdata/thao/franka_ros2_ws/install/integration_launch_testing:/bigdata/thao/franka_ros2_ws/install/franka_msgs:/bigdata/thao/franka_ros2_ws/install/franka_description /usr/bin/cmake --build /homes/obluman/robotics_ws/build/custom_controller -- -j12 -l12
[0.118s] [35m[1mConsolidate compiler generated dependencies of target custom_controller[0m
[0.161s] [100%] Built target custom_controller
[0.179s] Invoked command in '/homes/obluman/robotics_ws/build/custom_controller' returned '0': CMAKE_PREFIX_PATH=/homes/obluman/robotics_ws/install/custom_controller:/opt/ros/humble:/homes/obluman/robo_ws/install/my_custom_controller:/bigdata/thao/franka_ros2_ws/install/franka_ros2:/bigdata/thao/franka_ros2_ws/install/franka_bringup:/bigdata/thao/franka_ros2_ws/install/franka_robot_state_broadcaster:/bigdata/thao/franka_ros2_ws/install/franka_example_controllers:/bigdata/thao/franka_ros2_ws/install/franka_semantic_components:/bigdata/thao/franka_ros2_ws/install/franka_gazebo_bringup:/bigdata/thao/franka_ros2_ws/install/franka_ign_ros2_control:/bigdata/thao/franka_ros2_ws/install/franka_fr3_moveit_config:/bigdata/thao/franka_ros2_ws/install/franka_hardware:/bigdata/thao/franka_ros2_ws/install/franka_gripper:/bigdata/thao/franka_ros2_ws/install/libfranka:/bigdata/thao/franka_ros2_ws/install/integration_launch_testing:/bigdata/thao/franka_ros2_ws/install/franka_msgs:/bigdata/thao/franka_ros2_ws/install/franka_description /usr/bin/cmake --build /homes/obluman/robotics_ws/build/custom_controller -- -j12 -l12
[0.196s] Invoking command in '/homes/obluman/robotics_ws/build/custom_controller': CMAKE_PREFIX_PATH=/homes/obluman/robotics_ws/install/custom_controller:/opt/ros/humble:/homes/obluman/robo_ws/install/my_custom_controller:/bigdata/thao/franka_ros2_ws/install/franka_ros2:/bigdata/thao/franka_ros2_ws/install/franka_bringup:/bigdata/thao/franka_ros2_ws/install/franka_robot_state_broadcaster:/bigdata/thao/franka_ros2_ws/install/franka_example_controllers:/bigdata/thao/franka_ros2_ws/install/franka_semantic_components:/bigdata/thao/franka_ros2_ws/install/franka_gazebo_bringup:/bigdata/thao/franka_ros2_ws/install/franka_ign_ros2_control:/bigdata/thao/franka_ros2_ws/install/franka_fr3_moveit_config:/bigdata/thao/franka_ros2_ws/install/franka_hardware:/bigdata/thao/franka_ros2_ws/install/franka_gripper:/bigdata/thao/franka_ros2_ws/install/libfranka:/bigdata/thao/franka_ros2_ws/install/integration_launch_testing:/bigdata/thao/franka_ros2_ws/install/franka_msgs:/bigdata/thao/franka_ros2_ws/install/franka_description /usr/bin/cmake --install /homes/obluman/robotics_ws/build/custom_controller
[0.208s] -- Install configuration: ""
[0.211s] -- Up-to-date: /homes/obluman/robotics_ws/install/custom_controller/lib/custom_controller/custom_controller
[0.215s] -- Up-to-date: /homes/obluman/robotics_ws/install/custom_controller/share/custom_controller/launch
[0.216s] -- Installing: /homes/obluman/robotics_ws/install/custom_controller/share/custom_controller/launch/custom_controller_launch.py
[0.219s] -- Installing: /homes/obluman/robotics_ws/install/custom_controller/share/custom_controller/launch/log
[0.223s] -- Installing: /homes/obluman/robotics_ws/install/custom_controller/share/custom_controller/launch/log/build_2025-06-09_13-51-17
[0.226s] -- Installing: /homes/obluman/robotics_ws/install/custom_controller/share/custom_controller/launch/log/build_2025-06-09_13-51-17/logger_all.log
[0.229s] -- Installing: /homes/obluman/robotics_ws/install/custom_controller/share/custom_controller/launch/log/build_2025-06-09_13-51-17/events.log
[0.232s] -- Installing: /homes/obluman/robotics_ws/install/custom_controller/share/custom_controller/launch/log/COLCON_IGNORE
[0.235s] -- Installing: /homes/obluman/robotics_ws/install/custom_controller/share/custom_controller/launch/log/latest
[0.236s] -- Installing: /homes/obluman/robotics_ws/install/custom_controller/share/custom_controller/launch/log/build_2025-06-09_13-51-49
[0.240s] -- Installing: /homes/obluman/robotics_ws/install/custom_controller/share/custom_controller/launch/log/build_2025-06-09_13-51-49/logger_all.log
[0.243s] -- Installing: /homes/obluman/robotics_ws/install/custom_controller/share/custom_controller/launch/log/build_2025-06-09_13-51-49/events.log
[0.246s] -- Installing: /homes/obluman/robotics_ws/install/custom_controller/share/custom_controller/launch/log/latest_build
[0.247s] -- Installing: /homes/obluman/robotics_ws/install/custom_controller/share/custom_controller/launch/build
[0.250s] -- Installing: /homes/obluman/robotics_ws/install/custom_controller/share/custom_controller/launch/build/.built_by
[0.253s] -- Installing: /homes/obluman/robotics_ws/install/custom_controller/share/custom_controller/launch/build/COLCON_IGNORE
[0.257s] -- Installing: /homes/obluman/robotics_ws/install/custom_controller/share/custom_controller/launch/install
[0.261s] -- Installing: /homes/obluman/robotics_ws/install/custom_controller/share/custom_controller/launch/install/.colcon_install_layout
[0.264s] -- Installing: /homes/obluman/robotics_ws/install/custom_controller/share/custom_controller/launch/install/COLCON_IGNORE
[0.267s] -- Installing: /homes/obluman/robotics_ws/install/custom_controller/share/custom_controller/launch/install/local_setup.ps1
[0.270s] -- Installing: /homes/obluman/robotics_ws/install/custom_controller/share/custom_controller/launch/install/_local_setup_util_ps1.py
[0.273s] -- Installing: /homes/obluman/robotics_ws/install/custom_controller/share/custom_controller/launch/install/setup.ps1
[0.276s] -- Installing: /homes/obluman/robotics_ws/install/custom_controller/share/custom_controller/launch/install/local_setup.sh
[0.278s] -- Installing: /homes/obluman/robotics_ws/install/custom_controller/share/custom_controller/launch/install/_local_setup_util_sh.py
[0.281s] -- Installing: /homes/obluman/robotics_ws/install/custom_controller/share/custom_controller/launch/install/setup.sh
[0.283s] -- Installing: /homes/obluman/robotics_ws/install/custom_controller/share/custom_controller/launch/install/local_setup.bash
[0.285s] -- Installing: /homes/obluman/robotics_ws/install/custom_controller/share/custom_controller/launch/install/setup.bash
[0.287s] -- Installing: /homes/obluman/robotics_ws/install/custom_controller/share/custom_controller/launch/install/local_setup.zsh
[0.290s] -- Installing: /homes/obluman/robotics_ws/install/custom_controller/share/custom_controller/launch/install/setup.zsh
[0.292s] -- Up-to-date: /homes/obluman/robotics_ws/install/custom_controller/share/ament_index/resource_index/package_run_dependencies/custom_controller
[0.293s] -- Up-to-date: /homes/obluman/robotics_ws/install/custom_controller/share/ament_index/resource_index/parent_prefix_path/custom_controller
[0.293s] -- Up-to-date: /homes/obluman/robotics_ws/install/custom_controller/share/custom_controller/environment/ament_prefix_path.sh
[0.294s] -- Up-to-date: /homes/obluman/robotics_ws/install/custom_controller/share/custom_controller/environment/ament_prefix_path.dsv
[0.294s] -- Up-to-date: /homes/obluman/robotics_ws/install/custom_controller/share/custom_controller/environment/path.sh
[0.295s] -- Up-to-date: /homes/obluman/robotics_ws/install/custom_controller/share/custom_controller/environment/path.dsv
[0.295s] -- Up-to-date: /homes/obluman/robotics_ws/install/custom_controller/share/custom_controller/local_setup.bash
[0.295s] -- Up-to-date: /homes/obluman/robotics_ws/install/custom_controller/share/custom_controller/local_setup.sh
[0.296s] -- Up-to-date: /homes/obluman/robotics_ws/install/custom_controller/share/custom_controller/local_setup.zsh
[0.296s] -- Up-to-date: /homes/obluman/robotics_ws/install/custom_controller/share/custom_controller/local_setup.dsv
[0.297s] -- Installing: /homes/obluman/robotics_ws/install/custom_controller/share/custom_controller/package.dsv
[0.299s] -- Up-to-date: /homes/obluman/robotics_ws/install/custom_controller/share/ament_index/resource_index/packages/custom_controller
[0.300s] -- Up-to-date: /homes/obluman/robotics_ws/install/custom_controller/share/custom_controller/cmake/custom_controllerConfig.cmake
[0.300s] -- Up-to-date: /homes/obluman/robotics_ws/install/custom_controller/share/custom_controller/cmake/custom_controllerConfig-version.cmake
[0.301s] -- Up-to-date: /homes/obluman/robotics_ws/install/custom_controller/share/custom_controller/package.xml
[0.304s] Invoked command in '/homes/obluman/robotics_ws/build/custom_controller' returned '0': CMAKE_PREFIX_PATH=/homes/obluman/robotics_ws/install/custom_controller:/opt/ros/humble:/homes/obluman/robo_ws/install/my_custom_controller:/bigdata/thao/franka_ros2_ws/install/franka_ros2:/bigdata/thao/franka_ros2_ws/install/franka_bringup:/bigdata/thao/franka_ros2_ws/install/franka_robot_state_broadcaster:/bigdata/thao/franka_ros2_ws/install/franka_example_controllers:/bigdata/thao/franka_ros2_ws/install/franka_semantic_components:/bigdata/thao/franka_ros2_ws/install/franka_gazebo_bringup:/bigdata/thao/franka_ros2_ws/install/franka_ign_ros2_control:/bigdata/thao/franka_ros2_ws/install/franka_fr3_moveit_config:/bigdata/thao/franka_ros2_ws/install/franka_hardware:/bigdata/thao/franka_ros2_ws/install/franka_gripper:/bigdata/thao/franka_ros2_ws/install/libfranka:/bigdata/thao/franka_ros2_ws/install/integration_launch_testing:/bigdata/thao/franka_ros2_ws/install/franka_msgs:/bigdata/thao/franka_ros2_ws/install/franka_description /usr/bin/cmake --install /homes/obluman/robotics_ws/build/custom_controller
