running egg_info
writing ../../build/location_pub/location_pub.egg-info/PKG-INFO
writing dependency_links to ../../build/location_pub/location_pub.egg-info/dependency_links.txt
writing entry points to ../../build/location_pub/location_pub.egg-info/entry_points.txt
writing requirements to ../../build/location_pub/location_pub.egg-info/requires.txt
writing top-level names to ../../build/location_pub/location_pub.egg-info/top_level.txt
reading manifest file '../../build/location_pub/location_pub.egg-info/SOURCES.txt'
adding license file 'LICENSE'
writing manifest file '../../build/location_pub/location_pub.egg-info/SOURCES.txt'
running build
running build_py
running install
running install_lib
running install_data
running install_egg_info
removing '/homes/obluman/Robotics_Lab/ros2_ws/install/location_pub/lib/python3.10/site-packages/location_pub-0.0.0-py3.10.egg-info' (and everything under it)
Copying ../../build/location_pub/location_pub.egg-info to /homes/obluman/Robotics_Lab/ros2_ws/install/location_pub/lib/python3.10/site-packages/location_pub-0.0.0-py3.10.egg-info
running install_scripts
Installing publisher script to /homes/obluman/Robotics_Lab/ros2_ws/install/location_pub/lib/location_pub
writing list of installed files to '/homes/obluman/Robotics_Lab/ros2_ws/build/location_pub/install.log'
