[1.452s] Invoking command in '/homes/tlei/Robotics_Lab/ros2_ws/src/rgbd_process': PYTHONPATH=/homes/tlei/Robotics_Lab/ros2_ws/build/rgbd_process/prefix_override:/usr/lib/python3/dist-packages/colcon_core/task/python/colcon_distutils_commands:/homes/tlei/Robotics_Lab/ros2_ws/install/rgbd_process/lib/python3.10/site-packages:${PYTHONPATH} VIRTUAL_ENV_PROMPT=(.env) /usr/bin/python3 -W ignore:setup.py install is deprecated -W ignore:easy_install command is deprecated setup.py egg_info --egg-base ../../build/rgbd_process build --build-base /homes/tlei/Robotics_Lab/ros2_ws/build/rgbd_process/build install --record /homes/tlei/Robotics_Lab/ros2_ws/build/rgbd_process/install.log --single-version-externally-managed install_data
[1.741s] running egg_info
[1.742s] creating ../../build/rgbd_process/rgbd_process.egg-info
[1.743s] writing ../../build/rgbd_process/rgbd_process.egg-info/PKG-INFO
[1.748s] writing dependency_links to ../../build/rgbd_process/rgbd_process.egg-info/dependency_links.txt
[1.752s] writing entry points to ../../build/rgbd_process/rgbd_process.egg-info/entry_points.txt
[1.755s] writing requirements to ../../build/rgbd_process/rgbd_process.egg-info/requires.txt
[1.758s] writing top-level names to ../../build/rgbd_process/rgbd_process.egg-info/top_level.txt
[2.108s] writing manifest file '../../build/rgbd_process/rgbd_process.egg-info/SOURCES.txt'
[2.147s] reading manifest file '../../build/rgbd_process/rgbd_process.egg-info/SOURCES.txt'
[2.170s] adding license file 'LICENSE'
[2.170s] writing manifest file '../../build/rgbd_process/rgbd_process.egg-info/SOURCES.txt'
[2.182s] running build
[2.182s] running build_py
[2.194s] creating /homes/tlei/Robotics_Lab/ros2_ws/build/rgbd_process/build
[2.196s] creating /homes/tlei/Robotics_Lab/ros2_ws/build/rgbd_process/build/lib
[2.204s] creating /homes/tlei/Robotics_Lab/ros2_ws/build/rgbd_process/build/lib/rgbd_process
[2.218s] copying rgbd_process/__init__.py -> /homes/tlei/Robotics_Lab/ros2_ws/build/rgbd_process/build/lib/rgbd_process
[2.248s] copying rgbd_process/rgbd_recorder.py -> /homes/tlei/Robotics_Lab/ros2_ws/build/rgbd_process/build/lib/rgbd_process
[2.302s] running install
[2.305s] running install_lib
[2.331s] creating /homes/tlei/Robotics_Lab/ros2_ws/install/rgbd_process/lib/python3.10/site-packages/rgbd_process
[2.342s] copying /homes/tlei/Robotics_Lab/ros2_ws/build/rgbd_process/build/lib/rgbd_process/__init__.py -> /homes/tlei/Robotics_Lab/ros2_ws/install/rgbd_process/lib/python3.10/site-packages/rgbd_process
[2.373s] copying /homes/tlei/Robotics_Lab/ros2_ws/build/rgbd_process/build/lib/rgbd_process/rgbd_recorder.py -> /homes/tlei/Robotics_Lab/ros2_ws/install/rgbd_process/lib/python3.10/site-packages/rgbd_process
[2.424s] byte-compiling /homes/tlei/Robotics_Lab/ros2_ws/install/rgbd_process/lib/python3.10/site-packages/rgbd_process/__init__.py to __init__.cpython-310.pyc
[2.454s] byte-compiling /homes/tlei/Robotics_Lab/ros2_ws/install/rgbd_process/lib/python3.10/site-packages/rgbd_process/rgbd_recorder.py to rgbd_recorder.cpython-310.pyc
[2.481s] running install_data
[2.486s] creating /homes/tlei/Robotics_Lab/ros2_ws/install/rgbd_process/share/ament_index
[2.488s] creating /homes/tlei/Robotics_Lab/ros2_ws/install/rgbd_process/share/ament_index/resource_index
[2.496s] creating /homes/tlei/Robotics_Lab/ros2_ws/install/rgbd_process/share/ament_index/resource_index/packages
[2.503s] copying resource/rgbd_process -> /homes/tlei/Robotics_Lab/ros2_ws/install/rgbd_process/share/ament_index/resource_index/packages
[2.524s] copying package.xml -> /homes/tlei/Robotics_Lab/ros2_ws/install/rgbd_process/share/rgbd_process
[2.540s] running install_egg_info
[2.552s] Copying ../../build/rgbd_process/rgbd_process.egg-info to /homes/tlei/Robotics_Lab/ros2_ws/install/rgbd_process/lib/python3.10/site-packages/rgbd_process-0.0.0-py3.10.egg-info
[2.840s] running install_scripts
[2.876s] Installing recorder script to /homes/tlei/Robotics_Lab/ros2_ws/install/rgbd_process/lib/rgbd_process
[2.878s] writing list of installed files to '/homes/tlei/Robotics_Lab/ros2_ws/build/rgbd_process/install.log'
[2.949s] Invoked command in '/homes/tlei/Robotics_Lab/ros2_ws/src/rgbd_process' returned '0': PYTHONPATH=/homes/tlei/Robotics_Lab/ros2_ws/build/rgbd_process/prefix_override:/usr/lib/python3/dist-packages/colcon_core/task/python/colcon_distutils_commands:/homes/tlei/Robotics_Lab/ros2_ws/install/rgbd_process/lib/python3.10/site-packages:${PYTHONPATH} VIRTUAL_ENV_PROMPT=(.env) /usr/bin/python3 -W ignore:setup.py install is deprecated -W ignore:easy_install command is deprecated setup.py egg_info --egg-base ../../build/rgbd_process build --build-base /homes/tlei/Robotics_Lab/ros2_ws/build/rgbd_process/build install --record /homes/tlei/Robotics_Lab/ros2_ws/build/rgbd_process/install.log --single-version-externally-managed install_data
