[1.490s] Invoking command in '/homes/tlei/Robotics_Lab/ros2_ws/src/talker_listener': PYTHONPATH=/homes/tlei/Robotics_Lab/ros2_ws/build/talker_listener/prefix_override:/usr/lib/python3/dist-packages/colcon_core/task/python/colcon_distutils_commands:/homes/tlei/Robotics_Lab/ros2_ws/install/talker_listener/lib/python3.10/site-packages:${PYTHONPATH} VIRTUAL_ENV_PROMPT=(.env) /usr/bin/python3 -W ignore:setup.py install is deprecated -W ignore:easy_install command is deprecated setup.py egg_info --egg-base ../../build/talker_listener build --build-base /homes/tlei/Robotics_Lab/ros2_ws/build/talker_listener/build install --record /homes/tlei/Robotics_Lab/ros2_ws/build/talker_listener/install.log --single-version-externally-managed install_data
[1.786s] running egg_info
[1.788s] creating ../../build/talker_listener/talker_listener.egg-info
[1.790s] writing ../../build/talker_listener/talker_listener.egg-info/PKG-INFO
[1.801s] writing dependency_links to ../../build/talker_listener/talker_listener.egg-info/dependency_links.txt
[1.807s] writing entry points to ../../build/talker_listener/talker_listener.egg-info/entry_points.txt
[1.811s] writing requirements to ../../build/talker_listener/talker_listener.egg-info/requires.txt
[1.815s] writing top-level names to ../../build/talker_listener/talker_listener.egg-info/top_level.txt
[1.821s] writing manifest file '../../build/talker_listener/talker_listener.egg-info/SOURCES.txt'
[1.840s] reading manifest file '../../build/talker_listener/talker_listener.egg-info/SOURCES.txt'
[1.848s] writing manifest file '../../build/talker_listener/talker_listener.egg-info/SOURCES.txt'
[1.853s] running build
[1.855s] running build_py
[1.858s] creating /homes/tlei/Robotics_Lab/ros2_ws/build/talker_listener/build
[1.861s] creating /homes/tlei/Robotics_Lab/ros2_ws/build/talker_listener/build/lib
[1.864s] creating /homes/tlei/Robotics_Lab/ros2_ws/build/talker_listener/build/lib/talker_listener
[1.871s] copying talker_listener/__init__.py -> /homes/tlei/Robotics_Lab/ros2_ws/build/talker_listener/build/lib/talker_listener
[1.883s] copying talker_listener/listener_node.py -> /homes/tlei/Robotics_Lab/ros2_ws/build/talker_listener/build/lib/talker_listener
[1.899s] copying talker_listener/talker_node.py -> /homes/tlei/Robotics_Lab/ros2_ws/build/talker_listener/build/lib/talker_listener
[1.915s] running install
[1.915s] running install_lib
[1.932s] creating /homes/tlei/Robotics_Lab/ros2_ws/install/talker_listener/lib/python3.10/site-packages/talker_listener
[1.942s] copying /homes/tlei/Robotics_Lab/ros2_ws/build/talker_listener/build/lib/talker_listener/__init__.py -> /homes/tlei/Robotics_Lab/ros2_ws/install/talker_listener/lib/python3.10/site-packages/talker_listener
[1.959s] copying /homes/tlei/Robotics_Lab/ros2_ws/build/talker_listener/build/lib/talker_listener/listener_node.py -> /homes/tlei/Robotics_Lab/ros2_ws/install/talker_listener/lib/python3.10/site-packages/talker_listener
[1.984s] copying /homes/tlei/Robotics_Lab/ros2_ws/build/talker_listener/build/lib/talker_listener/talker_node.py -> /homes/tlei/Robotics_Lab/ros2_ws/install/talker_listener/lib/python3.10/site-packages/talker_listener
[2.019s] byte-compiling /homes/tlei/Robotics_Lab/ros2_ws/install/talker_listener/lib/python3.10/site-packages/talker_listener/__init__.py to __init__.cpython-310.pyc
[2.046s] byte-compiling /homes/tlei/Robotics_Lab/ros2_ws/install/talker_listener/lib/python3.10/site-packages/talker_listener/listener_node.py to listener_node.cpython-310.pyc
[2.080s] byte-compiling /homes/tlei/Robotics_Lab/ros2_ws/install/talker_listener/lib/python3.10/site-packages/talker_listener/talker_node.py to talker_node.cpython-310.pyc
[2.110s] running install_data
[2.116s] creating /homes/tlei/Robotics_Lab/ros2_ws/install/talker_listener/share/ament_index
[2.119s] creating /homes/tlei/Robotics_Lab/ros2_ws/install/talker_listener/share/ament_index/resource_index
[2.126s] creating /homes/tlei/Robotics_Lab/ros2_ws/install/talker_listener/share/ament_index/resource_index/packages
[2.140s] copying resource/talker_listener -> /homes/tlei/Robotics_Lab/ros2_ws/install/talker_listener/share/ament_index/resource_index/packages
[2.170s] copying package.xml -> /homes/tlei/Robotics_Lab/ros2_ws/install/talker_listener/share/talker_listener
[2.191s] running install_egg_info
[2.208s] Copying ../../build/talker_listener/talker_listener.egg-info to /homes/tlei/Robotics_Lab/ros2_ws/install/talker_listener/lib/python3.10/site-packages/talker_listener-0.0.0-py3.10.egg-info
[2.482s] running install_scripts
[2.532s] Installing listener script to /homes/tlei/Robotics_Lab/ros2_ws/install/talker_listener/lib/talker_listener
[2.554s] Installing talker script to /homes/tlei/Robotics_Lab/ros2_ws/install/talker_listener/lib/talker_listener
[2.579s] writing list of installed files to '/homes/tlei/Robotics_Lab/ros2_ws/build/talker_listener/install.log'
[2.835s] Invoked command in '/homes/tlei/Robotics_Lab/ros2_ws/src/talker_listener' returned '0': PYTHONPATH=/homes/tlei/Robotics_Lab/ros2_ws/build/talker_listener/prefix_override:/usr/lib/python3/dist-packages/colcon_core/task/python/colcon_distutils_commands:/homes/tlei/Robotics_Lab/ros2_ws/install/talker_listener/lib/python3.10/site-packages:${PYTHONPATH} VIRTUAL_ENV_PROMPT=(.env) /usr/bin/python3 -W ignore:setup.py install is deprecated -W ignore:easy_install command is deprecated setup.py egg_info --egg-base ../../build/talker_listener build --build-base /homes/tlei/Robotics_Lab/ros2_ws/build/talker_listener/build install --record /homes/tlei/Robotics_Lab/ros2_ws/build/talker_listener/install.log --single-version-externally-managed install_data
