[0.916s] Invoking command in '/homes/tlei/Robotics_Lab/ros2_ws/src/rgbd_process': PYTHONPATH=/homes/tlei/Robotics_Lab/ros2_ws/build/rgbd_process/prefix_override:/usr/lib/python3/dist-packages/colcon_core/task/python/colcon_distutils_commands:/homes/tlei/Robotics_Lab/ros2_ws/install/rgbd_process/lib/python3.10/site-packages:${PYTHONPATH} VIRTUAL_ENV_PROMPT=(.env) /usr/bin/python3 -W ignore:setup.py install is deprecated -W ignore:easy_install command is deprecated setup.py egg_info --egg-base ../../build/rgbd_process build --build-base /homes/tlei/Robotics_Lab/ros2_ws/build/rgbd_process/build install --record /homes/tlei/Robotics_Lab/ros2_ws/build/rgbd_process/install.log --single-version-externally-managed install_data
[1.189s] running egg_info
[1.190s] writing ../../build/rgbd_process/rgbd_process.egg-info/PKG-INFO
[1.192s] writing dependency_links to ../../build/rgbd_process/rgbd_process.egg-info/dependency_links.txt
[1.194s] writing entry points to ../../build/rgbd_process/rgbd_process.egg-info/entry_points.txt
[1.196s] writing requirements to ../../build/rgbd_process/rgbd_process.egg-info/requires.txt
[1.197s] writing top-level names to ../../build/rgbd_process/rgbd_process.egg-info/top_level.txt
[1.201s] reading manifest file '../../build/rgbd_process/rgbd_process.egg-info/SOURCES.txt'
[1.202s] adding license file 'LICENSE'
[1.203s] writing manifest file '../../build/rgbd_process/rgbd_process.egg-info/SOURCES.txt'
[1.204s] running build
[1.204s] running build_py
[1.204s] copying rgbd_process/rgbd_recorder.py -> /homes/tlei/Robotics_Lab/ros2_ws/build/rgbd_process/build/lib/rgbd_process
[1.207s] running install
[1.207s] running install_lib
[1.209s] copying /homes/tlei/Robotics_Lab/ros2_ws/build/rgbd_process/build/lib/rgbd_process/rgbd_recorder.py -> /homes/tlei/Robotics_Lab/ros2_ws/install/rgbd_process/lib/python3.10/site-packages/rgbd_process
[1.212s] byte-compiling /homes/tlei/Robotics_Lab/ros2_ws/install/rgbd_process/lib/python3.10/site-packages/rgbd_process/rgbd_recorder.py to rgbd_recorder.cpython-310.pyc
[1.215s] running install_data
[1.215s] running install_egg_info
[1.218s] removing '/homes/tlei/Robotics_Lab/ros2_ws/install/rgbd_process/lib/python3.10/site-packages/rgbd_process-0.0.0-py3.10.egg-info' (and everything under it)
[1.222s] Copying ../../build/rgbd_process/rgbd_process.egg-info to /homes/tlei/Robotics_Lab/ros2_ws/install/rgbd_process/lib/python3.10/site-packages/rgbd_process-0.0.0-py3.10.egg-info
[1.240s] running install_scripts
[1.267s] Installing recorder script to /homes/tlei/Robotics_Lab/ros2_ws/install/rgbd_process/lib/rgbd_process
[1.269s] writing list of installed files to '/homes/tlei/Robotics_Lab/ros2_ws/build/rgbd_process/install.log'
[1.290s] Invoked command in '/homes/tlei/Robotics_Lab/ros2_ws/src/rgbd_process' returned '0': PYTHONPATH=/homes/tlei/Robotics_Lab/ros2_ws/build/rgbd_process/prefix_override:/usr/lib/python3/dist-packages/colcon_core/task/python/colcon_distutils_commands:/homes/tlei/Robotics_Lab/ros2_ws/install/rgbd_process/lib/python3.10/site-packages:${PYTHONPATH} VIRTUAL_ENV_PROMPT=(.env) /usr/bin/python3 -W ignore:setup.py install is deprecated -W ignore:easy_install command is deprecated setup.py egg_info --egg-base ../../build/rgbd_process build --build-base /homes/tlei/Robotics_Lab/ros2_ws/build/rgbd_process/build install --record /homes/tlei/Robotics_Lab/ros2_ws/build/rgbd_process/install.log --single-version-externally-managed install_data
