[2.805s] Invoking command in '/homes/tlei/Robotics_Lab/ros2_ws/src/rgbd_process': PYTHONPATH=/homes/tlei/Robotics_Lab/ros2_ws/build/rgbd_process/prefix_override:/usr/lib/python3/dist-packages/colcon_core/task/python/colcon_distutils_commands:/homes/tlei/Robotics_Lab/ros2_ws/install/rgbd_process/lib/python3.10/site-packages:${PYTHONPATH} VIRTUAL_ENV_PROMPT=(.env) /usr/bin/python3 -W ignore:setup.py install is deprecated -W ignore:easy_install command is deprecated setup.py egg_info --egg-base ../../build/rgbd_process build --build-base /homes/tlei/Robotics_Lab/ros2_ws/build/rgbd_process/build install --record /homes/tlei/Robotics_Lab/ros2_ws/build/rgbd_process/install.log --single-version-externally-managed install_data
[3.311s] running egg_info
[3.314s] writing ../../build/rgbd_process/rgbd_process.egg-info/PKG-INFO
[3.321s] writing dependency_links to ../../build/rgbd_process/rgbd_process.egg-info/dependency_links.txt
[3.325s] writing entry points to ../../build/rgbd_process/rgbd_process.egg-info/entry_points.txt
[3.329s] writing requirements to ../../build/rgbd_process/rgbd_process.egg-info/requires.txt
[3.332s] writing top-level names to ../../build/rgbd_process/rgbd_process.egg-info/top_level.txt
[3.353s] reading manifest file '../../build/rgbd_process/rgbd_process.egg-info/SOURCES.txt'
[3.357s] adding license file 'LICENSE'
[3.358s] writing manifest file '../../build/rgbd_process/rgbd_process.egg-info/SOURCES.txt'
[3.362s] running build
[3.363s] running build_py
[3.371s] running install
[3.371s] running install_lib
[3.379s] running install_data
[3.385s] running install_egg_info
[3.387s] removing '/homes/tlei/Robotics_Lab/ros2_ws/install/rgbd_process/lib/python3.10/site-packages/rgbd_process-0.0.0-py3.10.egg-info' (and everything under it)
[3.401s] Copying ../../build/rgbd_process/rgbd_process.egg-info to /homes/tlei/Robotics_Lab/ros2_ws/install/rgbd_process/lib/python3.10/site-packages/rgbd_process-0.0.0-py3.10.egg-info
[3.489s] running install_scripts
[3.519s] Installing recorder script to /homes/tlei/Robotics_Lab/ros2_ws/install/rgbd_process/lib/rgbd_process
[3.526s] writing list of installed files to '/homes/tlei/Robotics_Lab/ros2_ws/build/rgbd_process/install.log'
[3.688s] Invoked command in '/homes/tlei/Robotics_Lab/ros2_ws/src/rgbd_process' returned '0': PYTHONPATH=/homes/tlei/Robotics_Lab/ros2_ws/build/rgbd_process/prefix_override:/usr/lib/python3/dist-packages/colcon_core/task/python/colcon_distutils_commands:/homes/tlei/Robotics_Lab/ros2_ws/install/rgbd_process/lib/python3.10/site-packages:${PYTHONPATH} VIRTUAL_ENV_PROMPT=(.env) /usr/bin/python3 -W ignore:setup.py install is deprecated -W ignore:easy_install command is deprecated setup.py egg_info --egg-base ../../build/rgbd_process build --build-base /homes/tlei/Robotics_Lab/ros2_ws/build/rgbd_process/build install --record /homes/tlei/Robotics_Lab/ros2_ws/build/rgbd_process/install.log --single-version-externally-managed install_data
