[2.891s] Invoking command in '/homes/tlei/Robotics_Lab/ros2_ws/src/location_pub': PYTHONPATH=/homes/tlei/Robotics_Lab/ros2_ws/build/location_pub/prefix_override:/usr/lib/python3/dist-packages/colcon_core/task/python/colcon_distutils_commands:/homes/tlei/Robotics_Lab/ros2_ws/install/location_pub/lib/python3.10/site-packages:${PYTHONPATH} VIRTUAL_ENV_PROMPT=(.env) /usr/bin/python3 -W ignore:setup.py install is deprecated -W ignore:easy_install command is deprecated setup.py egg_info --egg-base ../../build/location_pub build --build-base /homes/tlei/Robotics_Lab/ros2_ws/build/location_pub/build install --record /homes/tlei/Robotics_Lab/ros2_ws/build/location_pub/install.log --single-version-externally-managed install_data
[3.315s] running egg_info
[3.318s] writing ../../build/location_pub/location_pub.egg-info/PKG-INFO
[3.325s] writing dependency_links to ../../build/location_pub/location_pub.egg-info/dependency_links.txt
[3.329s] writing entry points to ../../build/location_pub/location_pub.egg-info/entry_points.txt
[3.333s] writing requirements to ../../build/location_pub/location_pub.egg-info/requires.txt
[3.337s] writing top-level names to ../../build/location_pub/location_pub.egg-info/top_level.txt
[3.356s] reading manifest file '../../build/location_pub/location_pub.egg-info/SOURCES.txt'
[3.361s] adding license file 'LICENSE'
[3.362s] writing manifest file '../../build/location_pub/location_pub.egg-info/SOURCES.txt'
[3.366s] running build
[3.366s] running build_py
[3.372s] running install
[3.373s] running install_lib
[3.381s] running install_data
[3.387s] running install_egg_info
[3.389s] removing '/homes/tlei/Robotics_Lab/ros2_ws/install/location_pub/lib/python3.10/site-packages/location_pub-0.0.0-py3.10.egg-info' (and everything under it)
[3.405s] Copying ../../build/location_pub/location_pub.egg-info to /homes/tlei/Robotics_Lab/ros2_ws/install/location_pub/lib/python3.10/site-packages/location_pub-0.0.0-py3.10.egg-info
[3.484s] running install_scripts
[3.515s] Installing publisher script to /homes/tlei/Robotics_Lab/ros2_ws/install/location_pub/lib/location_pub
[3.522s] writing list of installed files to '/homes/tlei/Robotics_Lab/ros2_ws/build/location_pub/install.log'
[3.551s] Invoked command in '/homes/tlei/Robotics_Lab/ros2_ws/src/location_pub' returned '0': PYTHONPATH=/homes/tlei/Robotics_Lab/ros2_ws/build/location_pub/prefix_override:/usr/lib/python3/dist-packages/colcon_core/task/python/colcon_distutils_commands:/homes/tlei/Robotics_Lab/ros2_ws/install/location_pub/lib/python3.10/site-packages:${PYTHONPATH} VIRTUAL_ENV_PROMPT=(.env) /usr/bin/python3 -W ignore:setup.py install is deprecated -W ignore:easy_install command is deprecated setup.py egg_info --egg-base ../../build/location_pub build --build-base /homes/tlei/Robotics_Lab/ros2_ws/build/location_pub/build install --record /homes/tlei/Robotics_Lab/ros2_ws/build/location_pub/install.log --single-version-externally-managed install_data
