[2.001s] Invoking command in '/homes/obluman/Robotics_Lab/ros2_ws/src/location_pub': PS1=(.env) PYTHONPATH=/homes/obluman/Robotics_Lab/ros2_ws/build/location_pub/prefix_override:/usr/lib/python3/dist-packages/colcon_core/task/python/colcon_distutils_commands:/homes/obluman/Robotics_Lab/ros2_ws/install/location_pub/lib/python3.10/site-packages:${PYTHONPATH} VIRTUAL_ENV_PROMPT=(.env) /usr/bin/python3 -W ignore:setup.py install is deprecated -W ignore:easy_install command is deprecated setup.py egg_info --egg-base ../../build/location_pub build --build-base /homes/obluman/Robotics_Lab/ros2_ws/build/location_pub/build install --record /homes/obluman/Robotics_Lab/ros2_ws/build/location_pub/install.log --single-version-externally-managed install_data
[2.301s] running egg_info
[2.302s] writing ../../build/location_pub/location_pub.egg-info/PKG-INFO
[2.304s] writing dependency_links to ../../build/location_pub/location_pub.egg-info/dependency_links.txt
[2.305s] writing entry points to ../../build/location_pub/location_pub.egg-info/entry_points.txt
[2.307s] writing requirements to ../../build/location_pub/location_pub.egg-info/requires.txt
[2.308s] writing top-level names to ../../build/location_pub/location_pub.egg-info/top_level.txt
[2.315s] reading manifest file '../../build/location_pub/location_pub.egg-info/SOURCES.txt'
[2.316s] adding license file 'LICENSE'
[2.318s] writing manifest file '../../build/location_pub/location_pub.egg-info/SOURCES.txt'
[2.319s] running build
[2.319s] running build_py
[2.320s] copying location_pub/__init__.py -> /homes/obluman/Robotics_Lab/ros2_ws/build/location_pub/build/lib/location_pub
[2.322s] copying location_pub/publisher.py -> /homes/obluman/Robotics_Lab/ros2_ws/build/location_pub/build/lib/location_pub
[2.324s] running install
[2.325s] running install_lib
[2.327s] copying /homes/obluman/Robotics_Lab/ros2_ws/build/location_pub/build/lib/location_pub/__init__.py -> /homes/obluman/Robotics_Lab/ros2_ws/install/location_pub/lib/python3.10/site-packages/location_pub
[2.329s] copying /homes/obluman/Robotics_Lab/ros2_ws/build/location_pub/build/lib/location_pub/publisher.py -> /homes/obluman/Robotics_Lab/ros2_ws/install/location_pub/lib/python3.10/site-packages/location_pub
[2.332s] byte-compiling /homes/obluman/Robotics_Lab/ros2_ws/install/location_pub/lib/python3.10/site-packages/location_pub/__init__.py to __init__.cpython-310.pyc
[2.335s] byte-compiling /homes/obluman/Robotics_Lab/ros2_ws/install/location_pub/lib/python3.10/site-packages/location_pub/publisher.py to publisher.cpython-310.pyc
[2.338s] running install_data
[2.339s] copying resource/location_pub -> /homes/obluman/Robotics_Lab/ros2_ws/install/location_pub/share/ament_index/resource_index/packages
[2.341s] copying package.xml -> /homes/obluman/Robotics_Lab/ros2_ws/install/location_pub/share/location_pub
[2.343s] running install_egg_info
[2.344s] removing '/homes/obluman/Robotics_Lab/ros2_ws/install/location_pub/lib/python3.10/site-packages/location_pub-0.0.0-py3.10.egg-info' (and everything under it)
[2.348s] Copying ../../build/location_pub/location_pub.egg-info to /homes/obluman/Robotics_Lab/ros2_ws/install/location_pub/lib/python3.10/site-packages/location_pub-0.0.0-py3.10.egg-info
[2.368s] running install_scripts
[2.392s] Installing publisher script to /homes/obluman/Robotics_Lab/ros2_ws/install/location_pub/lib/location_pub
[2.394s] writing list of installed files to '/homes/obluman/Robotics_Lab/ros2_ws/build/location_pub/install.log'
[2.498s] Invoked command in '/homes/obluman/Robotics_Lab/ros2_ws/src/location_pub' returned '0': PS1=(.env) PYTHONPATH=/homes/obluman/Robotics_Lab/ros2_ws/build/location_pub/prefix_override:/usr/lib/python3/dist-packages/colcon_core/task/python/colcon_distutils_commands:/homes/obluman/Robotics_Lab/ros2_ws/install/location_pub/lib/python3.10/site-packages:${PYTHONPATH} VIRTUAL_ENV_PROMPT=(.env) /usr/bin/python3 -W ignore:setup.py install is deprecated -W ignore:easy_install command is deprecated setup.py egg_info --egg-base ../../build/location_pub build --build-base /homes/obluman/Robotics_Lab/ros2_ws/build/location_pub/build install --record /homes/obluman/Robotics_Lab/ros2_ws/build/location_pub/install.log --single-version-externally-managed install_data
