[1.000s] Invoking command in '/homes/tlei/ros2_ws/src/rgbd_process': PYTHONPATH=/homes/tlei/ros2_ws/build/rgbd_process/prefix_override:/usr/lib/python3/dist-packages/colcon_core/task/python/colcon_distutils_commands:/homes/tlei/ros2_ws/install/rgbd_process/lib/python3.10/site-packages:${PYTHONPATH} VIRTUAL_ENV_PROMPT=(.env) /usr/bin/python3 -W ignore:setup.py install is deprecated -W ignore:easy_install command is deprecated setup.py egg_info --egg-base ../../build/rgbd_process build --build-base /homes/tlei/ros2_ws/build/rgbd_process/build install --record /homes/tlei/ros2_ws/build/rgbd_process/install.log --single-version-externally-managed install_data
[1.267s] running egg_info
[1.268s] writing ../../build/rgbd_process/rgbd_process.egg-info/PKG-INFO
[1.270s] writing dependency_links to ../../build/rgbd_process/rgbd_process.egg-info/dependency_links.txt
[1.272s] writing entry points to ../../build/rgbd_process/rgbd_process.egg-info/entry_points.txt
[1.273s] writing requirements to ../../build/rgbd_process/rgbd_process.egg-info/requires.txt
[1.274s] writing top-level names to ../../build/rgbd_process/rgbd_process.egg-info/top_level.txt
[1.278s] reading manifest file '../../build/rgbd_process/rgbd_process.egg-info/SOURCES.txt'
[1.280s] adding license file 'LICENSE'
[1.281s] writing manifest file '../../build/rgbd_process/rgbd_process.egg-info/SOURCES.txt'
[1.282s] running build
[1.282s] running build_py
[1.284s] copying rgbd_process/rgbd_recorder.py -> /homes/tlei/ros2_ws/build/rgbd_process/build/lib/rgbd_process
[1.286s] running install
[1.287s] running install_lib
[1.289s] copying /homes/tlei/ros2_ws/build/rgbd_process/build/lib/rgbd_process/rgbd_recorder.py -> /homes/tlei/ros2_ws/install/rgbd_process/lib/python3.10/site-packages/rgbd_process
[1.292s] byte-compiling /homes/tlei/ros2_ws/install/rgbd_process/lib/python3.10/site-packages/rgbd_process/rgbd_recorder.py to rgbd_recorder.cpython-310.pyc
[1.295s] running install_data
[1.296s] running install_egg_info
[1.299s] removing '/homes/tlei/ros2_ws/install/rgbd_process/lib/python3.10/site-packages/rgbd_process-0.0.0-py3.10.egg-info' (and everything under it)
[1.301s] Copying ../../build/rgbd_process/rgbd_process.egg-info to /homes/tlei/ros2_ws/install/rgbd_process/lib/python3.10/site-packages/rgbd_process-0.0.0-py3.10.egg-info
[1.317s] running install_scripts
[1.338s] Installing recorder script to /homes/tlei/ros2_ws/install/rgbd_process/lib/rgbd_process
[1.340s] writing list of installed files to '/homes/tlei/ros2_ws/build/rgbd_process/install.log'
[1.364s] Invoked command in '/homes/tlei/ros2_ws/src/rgbd_process' returned '0': PYTHONPATH=/homes/tlei/ros2_ws/build/rgbd_process/prefix_override:/usr/lib/python3/dist-packages/colcon_core/task/python/colcon_distutils_commands:/homes/tlei/ros2_ws/install/rgbd_process/lib/python3.10/site-packages:${PYTHONPATH} VIRTUAL_ENV_PROMPT=(.env) /usr/bin/python3 -W ignore:setup.py install is deprecated -W ignore:easy_install command is deprecated setup.py egg_info --egg-base ../../build/rgbd_process build --build-base /homes/tlei/ros2_ws/build/rgbd_process/build install --record /homes/tlei/ros2_ws/build/rgbd_process/install.log --single-version-externally-managed install_data
