[1.865s] Invoking command in '/homes/obluman/Robotics_Lab/ros2_ws/src/location_pub': PYTHONPATH=/homes/obluman/Robotics_Lab/ros2_ws/build/location_pub/prefix_override:/usr/lib/python3/dist-packages/colcon_core/task/python/colcon_distutils_commands:/homes/obluman/Robotics_Lab/ros2_ws/install/location_pub/lib/python3.10/site-packages:${PYTHONPATH} VIRTUAL_ENV_PROMPT=(.env) /usr/bin/python3 -W ignore:setup.py install is deprecated -W ignore:easy_install command is deprecated setup.py egg_info --egg-base ../../build/location_pub build --build-base /homes/obluman/Robotics_Lab/ros2_ws/build/location_pub/build install --record /homes/obluman/Robotics_Lab/ros2_ws/build/location_pub/install.log --single-version-externally-managed install_data
[2.273s] running egg_info
[2.273s] writing ../../build/location_pub/location_pub.egg-info/PKG-INFO
[2.276s] writing dependency_links to ../../build/location_pub/location_pub.egg-info/dependency_links.txt
[2.278s] writing entry points to ../../build/location_pub/location_pub.egg-info/entry_points.txt
[2.279s] writing requirements to ../../build/location_pub/location_pub.egg-info/requires.txt
[2.280s] writing top-level names to ../../build/location_pub/location_pub.egg-info/top_level.txt
[2.286s] reading manifest file '../../build/location_pub/location_pub.egg-info/SOURCES.txt'
[2.288s] adding license file 'LICENSE'
[2.289s] writing manifest file '../../build/location_pub/location_pub.egg-info/SOURCES.txt'
[2.290s] running build
[2.290s] running build_py
[2.292s] running install
[2.292s] running install_lib
[2.295s] running install_data
[2.296s] running install_egg_info
[2.299s] removing '/homes/obluman/Robotics_Lab/ros2_ws/install/location_pub/lib/python3.10/site-packages/location_pub-0.0.0-py3.10.egg-info' (and everything under it)
[2.302s] Copying ../../build/location_pub/location_pub.egg-info to /homes/obluman/Robotics_Lab/ros2_ws/install/location_pub/lib/python3.10/site-packages/location_pub-0.0.0-py3.10.egg-info
[2.320s] running install_scripts
[2.341s] Installing publisher script to /homes/obluman/Robotics_Lab/ros2_ws/install/location_pub/lib/location_pub
[2.343s] writing list of installed files to '/homes/obluman/Robotics_Lab/ros2_ws/build/location_pub/install.log'
[2.364s] Invoked command in '/homes/obluman/Robotics_Lab/ros2_ws/src/location_pub' returned '0': PYTHONPATH=/homes/obluman/Robotics_Lab/ros2_ws/build/location_pub/prefix_override:/usr/lib/python3/dist-packages/colcon_core/task/python/colcon_distutils_commands:/homes/obluman/Robotics_Lab/ros2_ws/install/location_pub/lib/python3.10/site-packages:${PYTHONPATH} VIRTUAL_ENV_PROMPT=(.env) /usr/bin/python3 -W ignore:setup.py install is deprecated -W ignore:easy_install command is deprecated setup.py egg_info --egg-base ../../build/location_pub build --build-base /homes/obluman/Robotics_Lab/ros2_ws/build/location_pub/build install --record /homes/obluman/Robotics_Lab/ros2_ws/build/location_pub/install.log --single-version-externally-managed install_data
