[2.739s] Invoking command in '/homes/tlei/Robotics_Lab/ros2_ws/src/server_client': PYTHONPATH=/homes/tlei/Robotics_Lab/ros2_ws/build/server_client/prefix_override:/usr/lib/python3/dist-packages/colcon_core/task/python/colcon_distutils_commands:/homes/tlei/Robotics_Lab/ros2_ws/install/server_client/lib/python3.10/site-packages:${PYTHONPATH} VIRTUAL_ENV_PROMPT=(.env) /usr/bin/python3 -W ignore:setup.py install is deprecated -W ignore:easy_install command is deprecated setup.py egg_info --egg-base ../../build/server_client build --build-base /homes/tlei/Robotics_Lab/ros2_ws/build/server_client/build install --record /homes/tlei/Robotics_Lab/ros2_ws/build/server_client/install.log --single-version-externally-managed install_data
[3.172s] running egg_info
[3.175s] writing ../../build/server_client/server_client.egg-info/PKG-INFO
[3.181s] writing dependency_links to ../../build/server_client/server_client.egg-info/dependency_links.txt
[3.186s] writing entry points to ../../build/server_client/server_client.egg-info/entry_points.txt
[3.189s] writing requirements to ../../build/server_client/server_client.egg-info/requires.txt
[3.192s] writing top-level names to ../../build/server_client/server_client.egg-info/top_level.txt
[3.212s] reading manifest file '../../build/server_client/server_client.egg-info/SOURCES.txt'
[3.216s] adding license file 'LICENSE'
[3.218s] writing manifest file '../../build/server_client/server_client.egg-info/SOURCES.txt'
[3.221s] running build
[3.221s] running build_py
[3.230s] running install
[3.230s] running install_lib
[3.245s] running install_data
[3.249s] running install_egg_info
[3.252s] removing '/homes/tlei/Robotics_Lab/ros2_ws/install/server_client/lib/python3.10/site-packages/server_client-0.0.0-py3.10.egg-info' (and everything under it)
[3.265s] Copying ../../build/server_client/server_client.egg-info to /homes/tlei/Robotics_Lab/ros2_ws/install/server_client/lib/python3.10/site-packages/server_client-0.0.0-py3.10.egg-info
[3.343s] running install_scripts
[3.377s] Installing client script to /homes/tlei/Robotics_Lab/ros2_ws/install/server_client/lib/server_client
[3.382s] Installing server script to /homes/tlei/Robotics_Lab/ros2_ws/install/server_client/lib/server_client
[3.389s] writing list of installed files to '/homes/tlei/Robotics_Lab/ros2_ws/build/server_client/install.log'
[3.560s] Invoked command in '/homes/tlei/Robotics_Lab/ros2_ws/src/server_client' returned '0': PYTHONPATH=/homes/tlei/Robotics_Lab/ros2_ws/build/server_client/prefix_override:/usr/lib/python3/dist-packages/colcon_core/task/python/colcon_distutils_commands:/homes/tlei/Robotics_Lab/ros2_ws/install/server_client/lib/python3.10/site-packages:${PYTHONPATH} VIRTUAL_ENV_PROMPT=(.env) /usr/bin/python3 -W ignore:setup.py install is deprecated -W ignore:easy_install command is deprecated setup.py egg_info --egg-base ../../build/server_client build --build-base /homes/tlei/Robotics_Lab/ros2_ws/build/server_client/build install --record /homes/tlei/Robotics_Lab/ros2_ws/build/server_client/install.log --single-version-externally-managed install_data
