[0.739s] Invoking command in '/homes/tlei/Robotics_Lab/ros2_ws/src/server_client': PYTHONPATH=/homes/tlei/Robotics_Lab/ros2_ws/build/server_client/prefix_override:/usr/lib/python3/dist-packages/colcon_core/task/python/colcon_distutils_commands:/homes/tlei/Robotics_Lab/ros2_ws/install/server_client/lib/python3.10/site-packages:${PYTHONPATH} VIRTUAL_ENV_PROMPT=(.env) /usr/bin/python3 -W ignore:setup.py install is deprecated -W ignore:easy_install command is deprecated setup.py egg_info --egg-base ../../build/server_client build --build-base /homes/tlei/Robotics_Lab/ros2_ws/build/server_client/build install --record /homes/tlei/Robotics_Lab/ros2_ws/build/server_client/install.log --single-version-externally-managed install_data
[1.018s] running egg_info
[1.019s] writing ../../build/server_client/server_client.egg-info/PKG-INFO
[1.020s] writing dependency_links to ../../build/server_client/server_client.egg-info/dependency_links.txt
[1.022s] writing entry points to ../../build/server_client/server_client.egg-info/entry_points.txt
[1.023s] writing requirements to ../../build/server_client/server_client.egg-info/requires.txt
[1.024s] writing top-level names to ../../build/server_client/server_client.egg-info/top_level.txt
[1.028s] reading manifest file '../../build/server_client/server_client.egg-info/SOURCES.txt'
[1.030s] adding license file 'LICENSE'
[1.031s] writing manifest file '../../build/server_client/server_client.egg-info/SOURCES.txt'
[1.032s] running build
[1.032s] running build_py
[1.033s] running install
[1.034s] running install_lib
[1.037s] running install_data
[1.037s] running install_egg_info
[1.039s] removing '/homes/tlei/Robotics_Lab/ros2_ws/install/server_client/lib/python3.10/site-packages/server_client-0.0.0-py3.10.egg-info' (and everything under it)
[1.043s] Copying ../../build/server_client/server_client.egg-info to /homes/tlei/Robotics_Lab/ros2_ws/install/server_client/lib/python3.10/site-packages/server_client-0.0.0-py3.10.egg-info
[1.058s] running install_scripts
[1.080s] Installing client script to /homes/tlei/Robotics_Lab/ros2_ws/install/server_client/lib/server_client
[1.081s] Installing server script to /homes/tlei/Robotics_Lab/ros2_ws/install/server_client/lib/server_client
[1.083s] writing list of installed files to '/homes/tlei/Robotics_Lab/ros2_ws/build/server_client/install.log'
[1.104s] Invoked command in '/homes/tlei/Robotics_Lab/ros2_ws/src/server_client' returned '0': PYTHONPATH=/homes/tlei/Robotics_Lab/ros2_ws/build/server_client/prefix_override:/usr/lib/python3/dist-packages/colcon_core/task/python/colcon_distutils_commands:/homes/tlei/Robotics_Lab/ros2_ws/install/server_client/lib/python3.10/site-packages:${PYTHONPATH} VIRTUAL_ENV_PROMPT=(.env) /usr/bin/python3 -W ignore:setup.py install is deprecated -W ignore:easy_install command is deprecated setup.py egg_info --egg-base ../../build/server_client build --build-base /homes/tlei/Robotics_Lab/ros2_ws/build/server_client/build install --record /homes/tlei/Robotics_Lab/ros2_ws/build/server_client/install.log --single-version-externally-managed install_data
