[1.808s] Invoking command in '/homes/obluman/Robotics_Lab/ros2_ws/src/location_pub': PS1=(.env) PYTHONPATH=/homes/obluman/Robotics_Lab/ros2_ws/build/location_pub/prefix_override:/usr/lib/python3/dist-packages/colcon_core/task/python/colcon_distutils_commands:/homes/obluman/Robotics_Lab/ros2_ws/install/location_pub/lib/python3.10/site-packages:${PYTHONPATH} VIRTUAL_ENV_PROMPT=(.env) /usr/bin/python3 -W ignore:setup.py install is deprecated -W ignore:easy_install command is deprecated setup.py egg_info --egg-base ../../build/location_pub build --build-base /homes/obluman/Robotics_Lab/ros2_ws/build/location_pub/build install --record /homes/obluman/Robotics_Lab/ros2_ws/build/location_pub/install.log --single-version-externally-managed install_data
[2.105s] running egg_info
[2.105s] writing ../../build/location_pub/location_pub.egg-info/PKG-INFO
[2.107s] writing dependency_links to ../../build/location_pub/location_pub.egg-info/dependency_links.txt
[2.109s] writing entry points to ../../build/location_pub/location_pub.egg-info/entry_points.txt
[2.110s] writing requirements to ../../build/location_pub/location_pub.egg-info/requires.txt
[2.111s] writing top-level names to ../../build/location_pub/location_pub.egg-info/top_level.txt
[2.116s] reading manifest file '../../build/location_pub/location_pub.egg-info/SOURCES.txt'
[2.118s] adding license file 'LICENSE'
[2.119s] writing manifest file '../../build/location_pub/location_pub.egg-info/SOURCES.txt'
[2.120s] running build
[2.120s] running build_py
[2.122s] running install
[2.122s] running install_lib
[2.125s] running install_data
[2.126s] running install_egg_info
[2.127s] removing '/homes/obluman/Robotics_Lab/ros2_ws/install/location_pub/lib/python3.10/site-packages/location_pub-0.0.0-py3.10.egg-info' (and everything under it)
[2.130s] Copying ../../build/location_pub/location_pub.egg-info to /homes/obluman/Robotics_Lab/ros2_ws/install/location_pub/lib/python3.10/site-packages/location_pub-0.0.0-py3.10.egg-info
[2.148s] running install_scripts
[2.169s] Installing publisher script to /homes/obluman/Robotics_Lab/ros2_ws/install/location_pub/lib/location_pub
[2.171s] writing list of installed files to '/homes/obluman/Robotics_Lab/ros2_ws/build/location_pub/install.log'
[2.193s] Invoked command in '/homes/obluman/Robotics_Lab/ros2_ws/src/location_pub' returned '0': PS1=(.env) PYTHONPATH=/homes/obluman/Robotics_Lab/ros2_ws/build/location_pub/prefix_override:/usr/lib/python3/dist-packages/colcon_core/task/python/colcon_distutils_commands:/homes/obluman/Robotics_Lab/ros2_ws/install/location_pub/lib/python3.10/site-packages:${PYTHONPATH} VIRTUAL_ENV_PROMPT=(.env) /usr/bin/python3 -W ignore:setup.py install is deprecated -W ignore:easy_install command is deprecated setup.py egg_info --egg-base ../../build/location_pub build --build-base /homes/obluman/Robotics_Lab/ros2_ws/build/location_pub/build install --record /homes/obluman/Robotics_Lab/ros2_ws/build/location_pub/install.log --single-version-externally-managed install_data
