[0.117s] DEBUG:colcon:Command line arguments: ['/usr/bin/colcon', 'build', '--packages-select', 'custom_controller']
[0.117s] DEBUG:colcon:Parsed command line arguments: Namespace(log_base=None, log_level=None, verb_name='build', build_base='build', install_base='install', merge_install=False, symlink_install=False, test_result_base=None, continue_on_error=False, executor='parallel', parallel_workers=12, event_handlers=None, ignore_user_meta=False, metas=['./colcon.meta'], base_paths=['.'], packages_ignore=None, packages_ignore_regex=None, paths=None, packages_up_to=None, packages_up_to_regex=None, packages_above=None, packages_above_and_dependencies=None, packages_above_depth=None, packages_select_by_dep=None, packages_skip_by_dep=None, packages_skip_up_to=None, packages_select_build_failed=False, packages_skip_build_finished=False, packages_select_test_failures=False, packages_skip_test_passed=False, packages_select=['custom_controller'], packages_skip=None, packages_select_regex=None, packages_skip_regex=None, packages_start=None, packages_end=None, allow_overriding=[], cmake_args=None, cmake_target=None, cmake_target_skip_unavailable=False, cmake_clean_cache=False, cmake_clean_first=False, cmake_force_configure=False, ament_cmake_args=None, catkin_cmake_args=None, catkin_skip_building_tests=False, mixin_files=None, mixin=None, verb_parser=<colcon_mixin.mixin.mixin_argument.MixinArgumentDecorator object at 0x7f95ede73880>, verb_extension=<colcon_core.verb.build.BuildVerb object at 0x7f95ede731c0>, main=<bound method BuildVerb.main of <colcon_core.verb.build.BuildVerb object at 0x7f95ede731c0>>, mixin_verb=('build',))
[0.334s] Level 1:colcon.colcon_core.package_discovery:discover_packages(colcon_meta) check parameters
[0.335s] Level 1:colcon.colcon_core.package_discovery:discover_packages(recursive) check parameters
[0.335s] Level 1:colcon.colcon_core.package_discovery:discover_packages(ignore) check parameters
[0.335s] Level 1:colcon.colcon_core.package_discovery:discover_packages(path) check parameters
[0.335s] Level 1:colcon.colcon_core.package_discovery:discover_packages(colcon_meta) discover
[0.335s] Level 1:colcon.colcon_core.package_discovery:discover_packages(recursive) discover
[0.335s] INFO:colcon.colcon_core.package_discovery:Crawling recursively for packages in '/homes/obluman/robotics_ws'
[0.335s] Level 1:colcon.colcon_core.package_identification:_identify(.) by extensions ['ignore', 'ignore_ament_install']
[0.335s] Level 1:colcon.colcon_core.package_identification:_identify(.) by extension 'ignore'
[0.335s] Level 1:colcon.colcon_core.package_identification:_identify(.) by extension 'ignore_ament_install'
[0.335s] Level 1:colcon.colcon_core.package_identification:_identify(.) by extensions ['colcon_pkg']
[0.335s] Level 1:colcon.colcon_core.package_identification:_identify(.) by extension 'colcon_pkg'
[0.335s] Level 1:colcon.colcon_core.package_identification:_identify(.) by extensions ['colcon_meta']
[0.336s] Level 1:colcon.colcon_core.package_identification:_identify(.) by extension 'colcon_meta'
[0.336s] Level 1:colcon.colcon_core.package_identification:_identify(.) by extensions ['ros']
[0.336s] Level 1:colcon.colcon_core.package_identification:_identify(.) by extension 'ros'
[0.352s] Level 1:colcon.colcon_core.package_identification:_identify(.) by extensions ['cmake', 'python']
[0.352s] Level 1:colcon.colcon_core.package_identification:_identify(.) by extension 'cmake'
[0.352s] Level 1:colcon.colcon_core.package_identification:_identify(.) by extension 'python'
[0.352s] Level 1:colcon.colcon_core.package_identification:_identify(.) by extensions ['python_setup_py']
[0.353s] Level 1:colcon.colcon_core.package_identification:_identify(.) by extension 'python_setup_py'
[0.353s] Level 1:colcon.colcon_core.package_identification:_identify(build) by extensions ['ignore', 'ignore_ament_install']
[0.353s] Level 1:colcon.colcon_core.package_identification:_identify(build) by extension 'ignore'
[0.353s] Level 1:colcon.colcon_core.package_identification:_identify(build) ignored
[0.354s] Level 1:colcon.colcon_core.package_identification:_identify(install) by extensions ['ignore', 'ignore_ament_install']
[0.354s] Level 1:colcon.colcon_core.package_identification:_identify(install) by extension 'ignore'
[0.354s] Level 1:colcon.colcon_core.package_identification:_identify(install) ignored
[0.355s] Level 1:colcon.colcon_core.package_identification:_identify(log) by extensions ['ignore', 'ignore_ament_install']
[0.355s] Level 1:colcon.colcon_core.package_identification:_identify(log) by extension 'ignore'
[0.356s] Level 1:colcon.colcon_core.package_identification:_identify(log) ignored
[0.356s] Level 1:colcon.colcon_core.package_identification:_identify(src) by extensions ['ignore', 'ignore_ament_install']
[0.356s] Level 1:colcon.colcon_core.package_identification:_identify(src) by extension 'ignore'
[0.356s] Level 1:colcon.colcon_core.package_identification:_identify(src) by extension 'ignore_ament_install'
[0.356s] Level 1:colcon.colcon_core.package_identification:_identify(src) by extensions ['colcon_pkg']
[0.356s] Level 1:colcon.colcon_core.package_identification:_identify(src) by extension 'colcon_pkg'
[0.356s] Level 1:colcon.colcon_core.package_identification:_identify(src) by extensions ['colcon_meta']
[0.356s] Level 1:colcon.colcon_core.package_identification:_identify(src) by extension 'colcon_meta'
[0.356s] Level 1:colcon.colcon_core.package_identification:_identify(src) by extensions ['ros']
[0.356s] Level 1:colcon.colcon_core.package_identification:_identify(src) by extension 'ros'
[0.356s] Level 1:colcon.colcon_core.package_identification:_identify(src) by extensions ['cmake', 'python']
[0.356s] Level 1:colcon.colcon_core.package_identification:_identify(src) by extension 'cmake'
[0.356s] Level 1:colcon.colcon_core.package_identification:_identify(src) by extension 'python'
[0.356s] Level 1:colcon.colcon_core.package_identification:_identify(src) by extensions ['python_setup_py']
[0.356s] Level 1:colcon.colcon_core.package_identification:_identify(src) by extension 'python_setup_py'
[0.358s] Level 1:colcon.colcon_core.package_identification:_identify(src/custom_controller) by extensions ['ignore', 'ignore_ament_install']
[0.358s] Level 1:colcon.colcon_core.package_identification:_identify(src/custom_controller) by extension 'ignore'
[0.359s] Level 1:colcon.colcon_core.package_identification:_identify(src/custom_controller) by extension 'ignore_ament_install'
[0.359s] Level 1:colcon.colcon_core.package_identification:_identify(src/custom_controller) by extensions ['colcon_pkg']
[0.359s] Level 1:colcon.colcon_core.package_identification:_identify(src/custom_controller) by extension 'colcon_pkg'
[0.360s] Level 1:colcon.colcon_core.package_identification:_identify(src/custom_controller) by extensions ['colcon_meta']
[0.360s] Level 1:colcon.colcon_core.package_identification:_identify(src/custom_controller) by extension 'colcon_meta'
[0.360s] Level 1:colcon.colcon_core.package_identification:_identify(src/custom_controller) by extensions ['ros']
[0.360s] Level 1:colcon.colcon_core.package_identification:_identify(src/custom_controller) by extension 'ros'
[0.364s] DEBUG:colcon.colcon_core.package_identification:Package 'src/custom_controller' with type 'ros.ament_cmake' and name 'custom_controller'
[0.364s] Level 1:colcon.colcon_core.package_discovery:discover_packages(recursive) using defaults
[0.364s] Level 1:colcon.colcon_core.package_discovery:discover_packages(ignore) discover
[0.364s] Level 1:colcon.colcon_core.package_discovery:discover_packages(ignore) using defaults
[0.364s] Level 1:colcon.colcon_core.package_discovery:discover_packages(path) discover
[0.364s] Level 1:colcon.colcon_core.package_discovery:discover_packages(path) using defaults
[0.382s] Level 1:colcon.colcon_core.package_discovery:discover_packages(prefix_path) check parameters
[0.382s] Level 1:colcon.colcon_core.package_discovery:discover_packages(prefix_path) discover
[0.393s] DEBUG:colcon.colcon_installed_package_information.package_discovery:Found 1 installed packages in /homes/obluman/robotics_ws/install
[0.394s] DEBUG:colcon.colcon_installed_package_information.package_discovery:Found 0 installed packages in /homes/obluman/robo_ws/src/my_franka_controller/launch/install
[0.395s] DEBUG:colcon.colcon_installed_package_information.package_discovery:Found 2 installed packages in /homes/obluman/robo_ws/install
[0.396s] DEBUG:colcon.colcon_installed_package_information.package_discovery:Found 14 installed packages in /bigdata/thao/franka_ros2_ws/install
[0.398s] DEBUG:colcon.colcon_installed_package_information.package_discovery:Found 336 installed packages in /opt/ros/humble
[0.400s] Level 1:colcon.colcon_core.package_discovery:discover_packages(prefix_path) using defaults
[0.485s] Level 5:colcon.colcon_core.verb:set package 'custom_controller' build argument 'cmake_args' from command line to 'None'
[0.485s] Level 5:colcon.colcon_core.verb:set package 'custom_controller' build argument 'cmake_target' from command line to 'None'
[0.485s] Level 5:colcon.colcon_core.verb:set package 'custom_controller' build argument 'cmake_target_skip_unavailable' from command line to 'False'
[0.485s] Level 5:colcon.colcon_core.verb:set package 'custom_controller' build argument 'cmake_clean_cache' from command line to 'False'
[0.485s] Level 5:colcon.colcon_core.verb:set package 'custom_controller' build argument 'cmake_clean_first' from command line to 'False'
[0.485s] Level 5:colcon.colcon_core.verb:set package 'custom_controller' build argument 'cmake_force_configure' from command line to 'False'
[0.485s] Level 5:colcon.colcon_core.verb:set package 'custom_controller' build argument 'ament_cmake_args' from command line to 'None'
[0.485s] Level 5:colcon.colcon_core.verb:set package 'custom_controller' build argument 'catkin_cmake_args' from command line to 'None'
[0.485s] Level 5:colcon.colcon_core.verb:set package 'custom_controller' build argument 'catkin_skip_building_tests' from command line to 'False'
[0.485s] DEBUG:colcon.colcon_core.verb:Building package 'custom_controller' with the following arguments: {'ament_cmake_args': None, 'build_base': '/homes/obluman/robotics_ws/build/custom_controller', 'catkin_cmake_args': None, 'catkin_skip_building_tests': False, 'cmake_args': None, 'cmake_clean_cache': False, 'cmake_clean_first': False, 'cmake_force_configure': False, 'cmake_target': None, 'cmake_target_skip_unavailable': False, 'install_base': '/homes/obluman/robotics_ws/install/custom_controller', 'merge_install': False, 'path': '/homes/obluman/robotics_ws/src/custom_controller', 'symlink_install': False, 'test_result_base': None}
[0.485s] INFO:colcon.colcon_core.executor:Executing jobs using 'parallel' executor
[0.486s] DEBUG:colcon.colcon_parallel_executor.executor.parallel:run_until_complete
[0.486s] INFO:colcon.colcon_ros.task.ament_cmake.build:Building ROS package in '/homes/obluman/robotics_ws/src/custom_controller' with build type 'ament_cmake'
[0.486s] INFO:colcon.colcon_cmake.task.cmake.build:Building CMake package in '/homes/obluman/robotics_ws/src/custom_controller'
[0.488s] INFO:colcon.colcon_core.plugin_system:Skipping extension 'colcon_core.shell.bat': Not used on non-Windows systems
[0.488s] INFO:colcon.colcon_core.shell:Skip shell extension 'powershell' for command environment: Not usable outside of PowerShell
[0.488s] DEBUG:colcon.colcon_core.shell:Skip shell extension 'dsv' for command environment
[0.516s] DEBUG:colcon.colcon_core.event_handler.log_command:Invoking command in '/homes/obluman/robotics_ws/build/custom_controller': CMAKE_PREFIX_PATH=/homes/obluman/robotics_ws/install/custom_controller:/opt/ros/humble:/homes/obluman/robo_ws/install/my_custom_controller:/bigdata/thao/franka_ros2_ws/install/franka_ros2:/bigdata/thao/franka_ros2_ws/install/franka_bringup:/bigdata/thao/franka_ros2_ws/install/franka_robot_state_broadcaster:/bigdata/thao/franka_ros2_ws/install/franka_example_controllers:/bigdata/thao/franka_ros2_ws/install/franka_semantic_components:/bigdata/thao/franka_ros2_ws/install/franka_gazebo_bringup:/bigdata/thao/franka_ros2_ws/install/franka_ign_ros2_control:/bigdata/thao/franka_ros2_ws/install/franka_fr3_moveit_config:/bigdata/thao/franka_ros2_ws/install/franka_hardware:/bigdata/thao/franka_ros2_ws/install/franka_gripper:/bigdata/thao/franka_ros2_ws/install/libfranka:/bigdata/thao/franka_ros2_ws/install/integration_launch_testing:/bigdata/thao/franka_ros2_ws/install/franka_msgs:/bigdata/thao/franka_ros2_ws/install/franka_description /usr/bin/cmake --build /homes/obluman/robotics_ws/build/custom_controller -- -j12 -l12
[1.741s] DEBUG:colcon.colcon_core.event_handler.log_command:Invoked command in '/homes/obluman/robotics_ws/build/custom_controller' returned '0': CMAKE_PREFIX_PATH=/homes/obluman/robotics_ws/install/custom_controller:/opt/ros/humble:/homes/obluman/robo_ws/install/my_custom_controller:/bigdata/thao/franka_ros2_ws/install/franka_ros2:/bigdata/thao/franka_ros2_ws/install/franka_bringup:/bigdata/thao/franka_ros2_ws/install/franka_robot_state_broadcaster:/bigdata/thao/franka_ros2_ws/install/franka_example_controllers:/bigdata/thao/franka_ros2_ws/install/franka_semantic_components:/bigdata/thao/franka_ros2_ws/install/franka_gazebo_bringup:/bigdata/thao/franka_ros2_ws/install/franka_ign_ros2_control:/bigdata/thao/franka_ros2_ws/install/franka_fr3_moveit_config:/bigdata/thao/franka_ros2_ws/install/franka_hardware:/bigdata/thao/franka_ros2_ws/install/franka_gripper:/bigdata/thao/franka_ros2_ws/install/libfranka:/bigdata/thao/franka_ros2_ws/install/integration_launch_testing:/bigdata/thao/franka_ros2_ws/install/franka_msgs:/bigdata/thao/franka_ros2_ws/install/franka_description /usr/bin/cmake --build /homes/obluman/robotics_ws/build/custom_controller -- -j12 -l12
[1.759s] DEBUG:colcon.colcon_core.event_handler.log_command:Invoking command in '/homes/obluman/robotics_ws/build/custom_controller': CMAKE_PREFIX_PATH=/homes/obluman/robotics_ws/install/custom_controller:/opt/ros/humble:/homes/obluman/robo_ws/install/my_custom_controller:/bigdata/thao/franka_ros2_ws/install/franka_ros2:/bigdata/thao/franka_ros2_ws/install/franka_bringup:/bigdata/thao/franka_ros2_ws/install/franka_robot_state_broadcaster:/bigdata/thao/franka_ros2_ws/install/franka_example_controllers:/bigdata/thao/franka_ros2_ws/install/franka_semantic_components:/bigdata/thao/franka_ros2_ws/install/franka_gazebo_bringup:/bigdata/thao/franka_ros2_ws/install/franka_ign_ros2_control:/bigdata/thao/franka_ros2_ws/install/franka_fr3_moveit_config:/bigdata/thao/franka_ros2_ws/install/franka_hardware:/bigdata/thao/franka_ros2_ws/install/franka_gripper:/bigdata/thao/franka_ros2_ws/install/libfranka:/bigdata/thao/franka_ros2_ws/install/integration_launch_testing:/bigdata/thao/franka_ros2_ws/install/franka_msgs:/bigdata/thao/franka_ros2_ws/install/franka_description /usr/bin/cmake --install /homes/obluman/robotics_ws/build/custom_controller
[1.807s] Level 1:colcon.colcon_core.environment:create_environment_scripts_only(custom_controller)
[1.808s] DEBUG:colcon.colcon_core.event_handler.log_command:Invoked command in '/homes/obluman/robotics_ws/build/custom_controller' returned '0': CMAKE_PREFIX_PATH=/homes/obluman/robotics_ws/install/custom_controller:/opt/ros/humble:/homes/obluman/robo_ws/install/my_custom_controller:/bigdata/thao/franka_ros2_ws/install/franka_ros2:/bigdata/thao/franka_ros2_ws/install/franka_bringup:/bigdata/thao/franka_ros2_ws/install/franka_robot_state_broadcaster:/bigdata/thao/franka_ros2_ws/install/franka_example_controllers:/bigdata/thao/franka_ros2_ws/install/franka_semantic_components:/bigdata/thao/franka_ros2_ws/install/franka_gazebo_bringup:/bigdata/thao/franka_ros2_ws/install/franka_ign_ros2_control:/bigdata/thao/franka_ros2_ws/install/franka_fr3_moveit_config:/bigdata/thao/franka_ros2_ws/install/franka_hardware:/bigdata/thao/franka_ros2_ws/install/franka_gripper:/bigdata/thao/franka_ros2_ws/install/libfranka:/bigdata/thao/franka_ros2_ws/install/integration_launch_testing:/bigdata/thao/franka_ros2_ws/install/franka_msgs:/bigdata/thao/franka_ros2_ws/install/franka_description /usr/bin/cmake --install /homes/obluman/robotics_ws/build/custom_controller
[1.810s] Level 1:colcon.colcon_core.environment:checking '/homes/obluman/robotics_ws/install/custom_controller' for CMake module files
[1.812s] Level 1:colcon.colcon_core.environment:checking '/homes/obluman/robotics_ws/install/custom_controller' for CMake config files
[1.818s] Level 1:colcon.colcon_core.shell:create_environment_hook('custom_controller', 'cmake_prefix_path')
[1.818s] INFO:colcon.colcon_core.shell:Creating environment hook '/homes/obluman/robotics_ws/install/custom_controller/share/custom_controller/hook/cmake_prefix_path.ps1'
[1.821s] INFO:colcon.colcon_core.shell:Creating environment descriptor '/homes/obluman/robotics_ws/install/custom_controller/share/custom_controller/hook/cmake_prefix_path.dsv'
[1.823s] INFO:colcon.colcon_core.shell:Creating environment hook '/homes/obluman/robotics_ws/install/custom_controller/share/custom_controller/hook/cmake_prefix_path.sh'
[1.826s] Level 1:colcon.colcon_core.environment:checking '/homes/obluman/robotics_ws/install/custom_controller/lib'
[1.827s] Level 1:colcon.colcon_core.environment:checking '/homes/obluman/robotics_ws/install/custom_controller/bin'
[1.827s] Level 1:colcon.colcon_core.environment:checking '/homes/obluman/robotics_ws/install/custom_controller/lib/pkgconfig/custom_controller.pc'
[1.828s] Level 1:colcon.colcon_core.environment:checking '/homes/obluman/robotics_ws/install/custom_controller/lib/python3.10/site-packages'
[1.828s] Level 1:colcon.colcon_core.environment:checking '/homes/obluman/robotics_ws/install/custom_controller/bin'
[1.828s] INFO:colcon.colcon_core.shell:Creating package script '/homes/obluman/robotics_ws/install/custom_controller/share/custom_controller/package.ps1'
[1.831s] INFO:colcon.colcon_core.shell:Creating package descriptor '/homes/obluman/robotics_ws/install/custom_controller/share/custom_controller/package.dsv'
[1.833s] INFO:colcon.colcon_core.shell:Creating package script '/homes/obluman/robotics_ws/install/custom_controller/share/custom_controller/package.sh'
[1.836s] INFO:colcon.colcon_core.shell:Creating package script '/homes/obluman/robotics_ws/install/custom_controller/share/custom_controller/package.bash'
[1.839s] INFO:colcon.colcon_core.shell:Creating package script '/homes/obluman/robotics_ws/install/custom_controller/share/custom_controller/package.zsh'
[1.842s] Level 1:colcon.colcon_core.environment:create_file_with_runtime_dependencies(/homes/obluman/robotics_ws/install/custom_controller/share/colcon-core/packages/custom_controller)
[1.848s] Level 1:colcon.colcon_core.environment:create_environment_scripts_only(custom_controller)
[1.848s] Level 1:colcon.colcon_core.environment:checking '/homes/obluman/robotics_ws/install/custom_controller' for CMake module files
[1.850s] Level 1:colcon.colcon_core.environment:checking '/homes/obluman/robotics_ws/install/custom_controller' for CMake config files
[1.854s] Level 1:colcon.colcon_core.shell:create_environment_hook('custom_controller', 'cmake_prefix_path')
[1.854s] INFO:colcon.colcon_core.shell:Creating environment hook '/homes/obluman/robotics_ws/install/custom_controller/share/custom_controller/hook/cmake_prefix_path.ps1'
[1.856s] INFO:colcon.colcon_core.shell:Creating environment descriptor '/homes/obluman/robotics_ws/install/custom_controller/share/custom_controller/hook/cmake_prefix_path.dsv'
[1.858s] INFO:colcon.colcon_core.shell:Creating environment hook '/homes/obluman/robotics_ws/install/custom_controller/share/custom_controller/hook/cmake_prefix_path.sh'
[1.859s] Level 1:colcon.colcon_core.environment:checking '/homes/obluman/robotics_ws/install/custom_controller/lib'
[1.860s] Level 1:colcon.colcon_core.environment:checking '/homes/obluman/robotics_ws/install/custom_controller/bin'
[1.860s] Level 1:colcon.colcon_core.environment:checking '/homes/obluman/robotics_ws/install/custom_controller/lib/pkgconfig/custom_controller.pc'
[1.860s] Level 1:colcon.colcon_core.environment:checking '/homes/obluman/robotics_ws/install/custom_controller/lib/python3.10/site-packages'
[1.860s] Level 1:colcon.colcon_core.environment:checking '/homes/obluman/robotics_ws/install/custom_controller/bin'
[1.860s] INFO:colcon.colcon_core.shell:Creating package script '/homes/obluman/robotics_ws/install/custom_controller/share/custom_controller/package.ps1'
[1.862s] INFO:colcon.colcon_core.shell:Creating package descriptor '/homes/obluman/robotics_ws/install/custom_controller/share/custom_controller/package.dsv'
[1.863s] INFO:colcon.colcon_core.shell:Creating package script '/homes/obluman/robotics_ws/install/custom_controller/share/custom_controller/package.sh'
[1.865s] INFO:colcon.colcon_core.shell:Creating package script '/homes/obluman/robotics_ws/install/custom_controller/share/custom_controller/package.bash'
[1.867s] INFO:colcon.colcon_core.shell:Creating package script '/homes/obluman/robotics_ws/install/custom_controller/share/custom_controller/package.zsh'
[1.868s] Level 1:colcon.colcon_core.environment:create_file_with_runtime_dependencies(/homes/obluman/robotics_ws/install/custom_controller/share/colcon-core/packages/custom_controller)
[1.870s] DEBUG:colcon.colcon_parallel_executor.executor.parallel:closing loop
[1.870s] DEBUG:colcon.colcon_parallel_executor.executor.parallel:loop closed
[1.870s] DEBUG:colcon.colcon_parallel_executor.executor.parallel:run_until_complete finished with '0'
[1.870s] DEBUG:colcon.colcon_core.event_reactor:joining thread
[1.879s] INFO:colcon.colcon_core.plugin_system:Skipping extension 'colcon_notification.desktop_notification.terminal_notifier': Not used on non-Darwin systems
[1.879s] INFO:colcon.colcon_core.plugin_system:Skipping extension 'colcon_notification.desktop_notification.win32': Not used on non-Windows systems
[1.879s] INFO:colcon.colcon_notification.desktop_notification:Sending desktop notification using 'notify2'
[2.134s] DEBUG:colcon.colcon_notification.desktop_notification.notify2:Failed to initialize notify2: org.freedesktop.DBus.Error.ServiceUnknown: The name org.freedesktop.Notifications was not provided by any .service files
[2.135s] DEBUG:colcon.colcon_core.event_reactor:joined thread
[2.136s] INFO:colcon.colcon_core.shell:Creating prefix script '/homes/obluman/robotics_ws/install/local_setup.ps1'
[2.141s] INFO:colcon.colcon_core.shell:Creating prefix util module '/homes/obluman/robotics_ws/install/_local_setup_util_ps1.py'
[2.149s] INFO:colcon.colcon_core.shell:Creating prefix chain script '/homes/obluman/robotics_ws/install/setup.ps1'
[2.172s] INFO:colcon.colcon_core.shell:Creating prefix script '/homes/obluman/robotics_ws/install/local_setup.sh'
[2.177s] INFO:colcon.colcon_core.shell:Creating prefix util module '/homes/obluman/robotics_ws/install/_local_setup_util_sh.py'
[2.182s] INFO:colcon.colcon_core.shell:Creating prefix chain script '/homes/obluman/robotics_ws/install/setup.sh'
[2.203s] INFO:colcon.colcon_core.shell:Creating prefix script '/homes/obluman/robotics_ws/install/local_setup.bash'
[2.208s] INFO:colcon.colcon_core.shell:Creating prefix chain script '/homes/obluman/robotics_ws/install/setup.bash'
[2.229s] INFO:colcon.colcon_core.shell:Creating prefix script '/homes/obluman/robotics_ws/install/local_setup.zsh'
[2.233s] INFO:colcon.colcon_core.shell:Creating prefix chain script '/homes/obluman/robotics_ws/install/setup.zsh'
