-- The C compiler identification is GNU 13.1.0
-- The CXX compiler identification is GNU 13.1.0
-- Detecting C compiler ABI info
-- Detecting C compiler ABI info - done
-- Check for working C compiler: /usr/bin/cc - skipped
-- Detecting C compile features
-- Detecting C compile features - done
-- Detecting CXX compiler ABI info
-- Detecting CXX compiler ABI info - done
-- Check for working CXX compiler: /usr/bin/c++ - skipped
-- Detecting CXX compile features
-- Detecting CXX compile features - done
-- Found ament_cmake: 1.3.11 (/opt/ros/humble/share/ament_cmake/cmake)
-- Found Python3: /usr/bin/python3 (found version "3.10.12") found components: Interpreter 
-- Found rclcpp: 16.0.12 (/opt/ros/humble/share/rclcpp/cmake)
-- Found rosidl_generator_c: 3.1.6 (/opt/ros/humble/share/rosidl_generator_c/cmake)
-- Found rosidl_adapter: 3.1.6 (/opt/ros/humble/share/rosidl_adapter/cmake)
-- Found rosidl_generator_cpp: 3.1.6 (/opt/ros/humble/share/rosidl_generator_cpp/cmake)
-- Using all available rosidl_typesupport_c: rosidl_typesupport_fastrtps_c;rosidl_typesupport_introspection_c
-- Using all available rosidl_typesupport_cpp: rosidl_typesupport_fastrtps_cpp;rosidl_typesupport_introspection_cpp
-- Found rmw_implementation_cmake: 6.1.2 (/opt/ros/humble/share/rmw_implementation_cmake/cmake)
-- Found rmw_fastrtps_cpp: 6.2.7 (/opt/ros/humble/share/rmw_fastrtps_cpp/cmake)
-- Found OpenSSL: /usr/lib/x86_64-linux-gnu/libcrypto.so (found version "3.0.2")  
-- Found FastRTPS: /opt/ros/humble/include  
-- Using RMW implementation 'rmw_fastrtps_cpp' as default
-- Looking for pthread.h
-- Looking for pthread.h - found
-- Performing Test CMAKE_HAVE_LIBC_PTHREAD
-- Performing Test CMAKE_HAVE_LIBC_PTHREAD - Success
-- Found Threads: TRUE  
-- Found rclcpp_action: 16.0.12 (/opt/ros/humble/share/rclcpp_action/cmake)
-- Found franka_msgs: 1.0.0 (/bigdata/thao/franka_ros2_ws/install/franka_msgs/share/franka_msgs/cmake)
-- Found ament_lint_auto: 0.12.12 (/opt/ros/humble/share/ament_lint_auto/cmake)
-- Added test 'cppcheck' to perform static code analysis on C / C++ code
-- Configured cppcheck include dirs: 
-- Configured cppcheck exclude dirs and/or files: 
-- Added test 'flake8' to check Python code syntax and style conventions
-- Added test 'lint_cmake' to check CMake code style
-- Added test 'pep257' to check Python code against some of the docstring style conventions in PEP 257
-- Added test 'uncrustify' to check C / C++ code style
-- Configured uncrustify additional arguments: 
-- Added test 'xmllint' to check XML markup files
-- Configuring done
-- Generating done
-- Build files have been written to: /homes/obluman/Robotics_Lab/build/custom_controller
[ 50%] [32mBuilding CXX object CMakeFiles/custom_controller.dir/src/custom_controller.cpp.o[0m
[100%] [32m[1mLinking CXX executable custom_controller[0m
[100%] Built target custom_controller
-- Install configuration: ""
-- Installing: /homes/obluman/Robotics_Lab/install/custom_controller/lib/custom_controller/custom_controller
-- Set runtime path of "/homes/obluman/Robotics_Lab/install/custom_controller/lib/custom_controller/custom_controller" to ""
-- Installing: /homes/obluman/Robotics_Lab/install/custom_controller/share/custom_controller/launch
-- Installing: /homes/obluman/Robotics_Lab/install/custom_controller/share/custom_controller/launch/custom_controller_launch.py
-- Installing: /homes/obluman/Robotics_Lab/install/custom_controller/share/custom_controller/config
-- Installing: /homes/obluman/Robotics_Lab/install/custom_controller/share/custom_controller/config/controllers.yaml
-- Installing: /homes/obluman/Robotics_Lab/install/custom_controller/share/ament_index/resource_index/package_run_dependencies/custom_controller
-- Installing: /homes/obluman/Robotics_Lab/install/custom_controller/share/ament_index/resource_index/parent_prefix_path/custom_controller
-- Installing: /homes/obluman/Robotics_Lab/install/custom_controller/share/custom_controller/environment/ament_prefix_path.sh
-- Installing: /homes/obluman/Robotics_Lab/install/custom_controller/share/custom_controller/environment/ament_prefix_path.dsv
-- Installing: /homes/obluman/Robotics_Lab/install/custom_controller/share/custom_controller/environment/path.sh
-- Installing: /homes/obluman/Robotics_Lab/install/custom_controller/share/custom_controller/environment/path.dsv
-- Installing: /homes/obluman/Robotics_Lab/install/custom_controller/share/custom_controller/local_setup.bash
-- Installing: /homes/obluman/Robotics_Lab/install/custom_controller/share/custom_controller/local_setup.sh
-- Installing: /homes/obluman/Robotics_Lab/install/custom_controller/share/custom_controller/local_setup.zsh
-- Installing: /homes/obluman/Robotics_Lab/install/custom_controller/share/custom_controller/local_setup.dsv
-- Installing: /homes/obluman/Robotics_Lab/install/custom_controller/share/custom_controller/package.dsv
-- Installing: /homes/obluman/Robotics_Lab/install/custom_controller/share/ament_index/resource_index/packages/custom_controller
-- Installing: /homes/obluman/Robotics_Lab/install/custom_controller/share/custom_controller/cmake/custom_controllerConfig.cmake
-- Installing: /homes/obluman/Robotics_Lab/install/custom_controller/share/custom_controller/cmake/custom_controllerConfig-version.cmake
-- Installing: /homes/obluman/Robotics_Lab/install/custom_controller/share/custom_controller/package.xml
