[0.113s] Invoking command in '/homes/obluman/Robotics_Lab/build/custom_controller': CMAKE_PREFIX_PATH=${CMAKE_PREFIX_PATH}:/opt/ros/humble /usr/bin/cmake /homes/obluman/Robotics_Lab/robotics_ws/src/custom_controller -DCMAKE_INSTALL_PREFIX=/homes/obluman/Robotics_Lab/install/custom_controller
[1.067s] -- The C compiler identification is GNU 13.1.0
[1.067s] -- The CXX compiler identification is GNU 13.1.0
[1.067s] -- Detecting C compiler ABI info
[1.067s] -- Detecting C compiler ABI info - done
[1.067s] -- Check for working C compiler: /usr/bin/cc - skipped
[1.068s] -- Detecting C compile features
[1.068s] -- Detecting C compile features - done
[1.068s] -- Detecting CXX compiler ABI info
[1.068s] -- Detecting CXX compiler ABI info - done
[1.068s] -- Check for working CXX compiler: /usr/bin/c++ - skipped
[1.069s] -- Detecting CXX compile features
[1.069s] -- Detecting CXX compile features - done
[1.069s] -- Found ament_cmake: 1.3.11 (/opt/ros/humble/share/ament_cmake/cmake)
[1.187s] -- Found Python3: /usr/bin/python3 (found version "3.10.12") found components: Interpreter 
[1.852s] -- Found rclcpp: 16.0.12 (/opt/ros/humble/share/rclcpp/cmake)
[2.246s] -- Found rosidl_generator_c: 3.1.6 (/opt/ros/humble/share/rosidl_generator_c/cmake)
[2.321s] -- Found rosidl_adapter: 3.1.6 (/opt/ros/humble/share/rosidl_adapter/cmake)
[2.403s] -- Found rosidl_generator_cpp: 3.1.6 (/opt/ros/humble/share/rosidl_generator_cpp/cmake)
[2.487s] -- Using all available rosidl_typesupport_c: rosidl_typesupport_fastrtps_c;rosidl_typesupport_introspection_c
[2.597s] -- Using all available rosidl_typesupport_cpp: rosidl_typesupport_fastrtps_cpp;rosidl_typesupport_introspection_cpp
[3.103s] -- Found rmw_implementation_cmake: 6.1.2 (/opt/ros/humble/share/rmw_implementation_cmake/cmake)
[3.140s] -- Found rmw_fastrtps_cpp: 6.2.7 (/opt/ros/humble/share/rmw_fastrtps_cpp/cmake)
[3.976s] -- Found OpenSSL: /usr/lib/x86_64-linux-gnu/libcrypto.so (found version "3.0.2")  
[4.109s] -- Found FastRTPS: /opt/ros/humble/include  
[4.242s] -- Using RMW implementation 'rmw_fastrtps_cpp' as default
[4.393s] -- Looking for pthread.h
[4.769s] -- Looking for pthread.h - found
[4.772s] -- Performing Test CMAKE_HAVE_LIBC_PTHREAD
[5.121s] -- Performing Test CMAKE_HAVE_LIBC_PTHREAD - Success
[5.123s] -- Found Threads: TRUE  
[5.439s] -- Found rclcpp_action: 16.0.12 (/opt/ros/humble/share/rclcpp_action/cmake)
[5.688s] -- Found franka_msgs: 1.0.0 (/bigdata/thao/franka_ros2_ws/install/franka_msgs/share/franka_msgs/cmake)
[6.189s] -- Found ament_lint_auto: 0.12.12 (/opt/ros/humble/share/ament_lint_auto/cmake)
[6.617s] -- Added test 'cppcheck' to perform static code analysis on C / C++ code
[6.618s] -- Configured cppcheck include dirs: 
[6.618s] -- Configured cppcheck exclude dirs and/or files: 
[6.632s] -- Added test 'flake8' to check Python code syntax and style conventions
[6.643s] -- Added test 'lint_cmake' to check CMake code style
[6.652s] -- Added test 'pep257' to check Python code against some of the docstring style conventions in PEP 257
[6.667s] -- Added test 'uncrustify' to check C / C++ code style
[6.667s] -- Configured uncrustify additional arguments: 
[6.674s] -- Added test 'xmllint' to check XML markup files
[6.699s] -- Configuring done
[6.812s] -- Generating done
[6.843s] -- Build files have been written to: /homes/obluman/Robotics_Lab/build/custom_controller
[6.854s] Invoked command in '/homes/obluman/Robotics_Lab/build/custom_controller' returned '0': CMAKE_PREFIX_PATH=${CMAKE_PREFIX_PATH}:/opt/ros/humble /usr/bin/cmake /homes/obluman/Robotics_Lab/robotics_ws/src/custom_controller -DCMAKE_INSTALL_PREFIX=/homes/obluman/Robotics_Lab/install/custom_controller
[6.860s] Invoking command in '/homes/obluman/Robotics_Lab/build/custom_controller': CMAKE_PREFIX_PATH=${CMAKE_PREFIX_PATH}:/opt/ros/humble /usr/bin/cmake --build /homes/obluman/Robotics_Lab/build/custom_controller -- -j12 -l12
[6.963s] [ 50%] [32mBuilding CXX object CMakeFiles/custom_controller.dir/src/custom_controller.cpp.o[0m
[9.352s] [01m[K/homes/obluman/Robotics_Lab/robotics_ws/src/custom_controller/src/custom_controller.cpp:[m[K In lambda function:
[9.352s] [01m[K/homes/obluman/Robotics_Lab/robotics_ws/src/custom_controller/src/custom_controller.cpp:58:90:[m[K [01;35m[Kwarning: [m[Kunused parameter ‘[01m[Kresult[m[K’ [[01;35m[K]8;;https://gcc.gnu.org/onlinedocs/gcc/Warning-Options.html#index-Wunused-parameter-Wunused-parameter]8;;[m[K]
[9.352s]    58 | sult_callback = [this]([01;35m[Kconst GraspGoalHandle::WrappedResult & result[m[K) {
[9.353s]       |                        [01;35m[K~~~~~~~~~~~~~~~~~~~~~~~~~~~~~~~~~~~~~~~^~~~~~[m[K
[9.353s] 
[9.364s] [01m[K/homes/obluman/Robotics_Lab/robotics_ws/src/custom_controller/src/custom_controller.cpp:[m[K In lambda function:
[9.364s] [01m[K/homes/obluman/Robotics_Lab/robotics_ws/src/custom_controller/src/custom_controller.cpp:47:86:[m[K [01;35m[Kwarning: [m[Kunused parameter ‘[01m[Kresult[m[K’ [[01;35m[K]8;;https://gcc.gnu.org/onlinedocs/gcc/Warning-Options.html#index-Wunused-parameter-Wunused-parameter]8;;[m[K]
[9.364s]    47 | esult_callback = [this]([01;35m[Kconst MoveGoalHandle::WrappedResult & result[m[K) {
[9.365s]       |                         [01;35m[K~~~~~~~~~~~~~~~~~~~~~~~~~~~~~~~~~~~~~~^~~~~~[m[K
[9.365s] 
[11.138s] [100%] [32m[1mLinking CXX executable custom_controller[0m
[11.689s] [100%] Built target custom_controller
[11.706s] Invoked command in '/homes/obluman/Robotics_Lab/build/custom_controller' returned '0': CMAKE_PREFIX_PATH=${CMAKE_PREFIX_PATH}:/opt/ros/humble /usr/bin/cmake --build /homes/obluman/Robotics_Lab/build/custom_controller -- -j12 -l12
[11.724s] Invoking command in '/homes/obluman/Robotics_Lab/build/custom_controller': CMAKE_PREFIX_PATH=${CMAKE_PREFIX_PATH}:/opt/ros/humble /usr/bin/cmake --install /homes/obluman/Robotics_Lab/build/custom_controller
[11.734s] -- Install configuration: ""
[11.737s] -- Installing: /homes/obluman/Robotics_Lab/install/custom_controller/lib/custom_controller/custom_controller
[11.747s] -- Set runtime path of "/homes/obluman/Robotics_Lab/install/custom_controller/lib/custom_controller/custom_controller" to ""
[11.747s] -- Installing: /homes/obluman/Robotics_Lab/install/custom_controller/share/custom_controller/launch
[11.750s] -- Installing: /homes/obluman/Robotics_Lab/install/custom_controller/share/custom_controller/launch/custom_controller_launch.py
[11.789s] -- Installing: /homes/obluman/Robotics_Lab/install/custom_controller/share/custom_controller/config
[11.795s] -- Installing: /homes/obluman/Robotics_Lab/install/custom_controller/share/custom_controller/config/controllers.yaml
[11.821s] -- Installing: /homes/obluman/Robotics_Lab/install/custom_controller/share/ament_index/resource_index/package_run_dependencies/custom_controller
[11.849s] -- Installing: /homes/obluman/Robotics_Lab/install/custom_controller/share/ament_index/resource_index/parent_prefix_path/custom_controller
[11.855s] -- Installing: /homes/obluman/Robotics_Lab/install/custom_controller/share/custom_controller/environment/ament_prefix_path.sh
[11.858s] -- Installing: /homes/obluman/Robotics_Lab/install/custom_controller/share/custom_controller/environment/ament_prefix_path.dsv
[11.860s] -- Installing: /homes/obluman/Robotics_Lab/install/custom_controller/share/custom_controller/environment/path.sh
[11.863s] -- Installing: /homes/obluman/Robotics_Lab/install/custom_controller/share/custom_controller/environment/path.dsv
[11.865s] -- Installing: /homes/obluman/Robotics_Lab/install/custom_controller/share/custom_controller/local_setup.bash
[11.867s] -- Installing: /homes/obluman/Robotics_Lab/install/custom_controller/share/custom_controller/local_setup.sh
[11.869s] -- Installing: /homes/obluman/Robotics_Lab/install/custom_controller/share/custom_controller/local_setup.zsh
[11.871s] -- Installing: /homes/obluman/Robotics_Lab/install/custom_controller/share/custom_controller/local_setup.dsv
[11.874s] -- Installing: /homes/obluman/Robotics_Lab/install/custom_controller/share/custom_controller/package.dsv
[11.877s] -- Installing: /homes/obluman/Robotics_Lab/install/custom_controller/share/ament_index/resource_index/packages/custom_controller
[11.881s] -- Installing: /homes/obluman/Robotics_Lab/install/custom_controller/share/custom_controller/cmake/custom_controllerConfig.cmake
[11.883s] -- Installing: /homes/obluman/Robotics_Lab/install/custom_controller/share/custom_controller/cmake/custom_controllerConfig-version.cmake
[11.885s] -- Installing: /homes/obluman/Robotics_Lab/install/custom_controller/share/custom_controller/package.xml
[11.890s] Invoked command in '/homes/obluman/Robotics_Lab/build/custom_controller' returned '0': CMAKE_PREFIX_PATH=${CMAKE_PREFIX_PATH}:/opt/ros/humble /usr/bin/cmake --install /homes/obluman/Robotics_Lab/build/custom_controller
