[0.924s] DEBUG:colcon:Command line arguments: ['/usr/bin/colcon', 'build']
[0.924s] DEBUG:colcon:Parsed command line arguments: Namespace(log_base=None, log_level=None, verb_name='build', build_base='build', install_base='install', merge_install=False, symlink_install=False, test_result_base=None, continue_on_error=False, executor='parallel', parallel_workers=12, event_handlers=None, ignore_user_meta=False, metas=['./colcon.meta'], base_paths=['.'], packages_ignore=None, packages_ignore_regex=None, paths=None, packages_up_to=None, packages_up_to_regex=None, packages_above=None, packages_above_and_dependencies=None, packages_above_depth=None, packages_select_by_dep=None, packages_skip_by_dep=None, packages_skip_up_to=None, packages_select_build_failed=False, packages_skip_build_finished=False, packages_select_test_failures=False, packages_skip_test_passed=False, packages_select=None, packages_skip=None, packages_select_regex=None, packages_skip_regex=None, packages_start=None, packages_end=None, allow_overriding=[], cmake_args=None, cmake_target=None, cmake_target_skip_unavailable=False, cmake_clean_cache=False, cmake_clean_first=False, cmake_force_configure=False, ament_cmake_args=None, catkin_cmake_args=None, catkin_skip_building_tests=False, mixin_files=None, mixin=None, verb_parser=<colcon_mixin.mixin.mixin_argument.MixinArgumentDecorator object at 0x784877382a40>, verb_extension=<colcon_core.verb.build.BuildVerb object at 0x7848773824d0>, main=<bound method BuildVerb.main of <colcon_core.verb.build.BuildVerb object at 0x7848773824d0>>, mixin_verb=('build',))
[3.002s] Level 1:colcon.colcon_core.package_discovery:discover_packages(colcon_meta) check parameters
[3.002s] Level 1:colcon.colcon_core.package_discovery:discover_packages(recursive) check parameters
[3.002s] Level 1:colcon.colcon_core.package_discovery:discover_packages(ignore) check parameters
[3.035s] Level 1:colcon.colcon_core.package_discovery:discover_packages(path) check parameters
[3.104s] Level 1:colcon.colcon_core.package_discovery:discover_packages(colcon_meta) discover
[3.168s] Level 1:colcon.colcon_core.package_discovery:discover_packages(recursive) discover
[3.230s] INFO:colcon.colcon_core.package_discovery:Crawling recursively for packages in '/homes/tlei/ros2_ws'
[3.363s] Level 1:colcon.colcon_core.package_identification:_identify(.) by extensions ['ignore', 'ignore_ament_install']
[3.363s] Level 1:colcon.colcon_core.package_identification:_identify(.) by extension 'ignore'
[3.407s] Level 1:colcon.colcon_core.package_identification:_identify(.) by extension 'ignore_ament_install'
[3.485s] Level 1:colcon.colcon_core.package_identification:_identify(.) by extensions ['colcon_pkg']
[3.541s] Level 1:colcon.colcon_core.package_identification:_identify(.) by extension 'colcon_pkg'
[3.541s] Level 1:colcon.colcon_core.package_identification:_identify(.) by extensions ['colcon_meta']
[3.541s] Level 1:colcon.colcon_core.package_identification:_identify(.) by extension 'colcon_meta'
[3.620s] Level 1:colcon.colcon_core.package_identification:_identify(.) by extensions ['ros']
[3.701s] Level 1:colcon.colcon_core.package_identification:_identify(.) by extension 'ros'
[3.767s] Level 1:colcon.colcon_core.package_identification:_identify(.) by extensions ['cmake', 'python']
[3.793s] Level 1:colcon.colcon_core.package_identification:_identify(.) by extension 'cmake'
[3.819s] Level 1:colcon.colcon_core.package_identification:_identify(.) by extension 'python'
[3.864s] Level 1:colcon.colcon_core.package_identification:_identify(.) by extensions ['python_setup_py']
[3.929s] Level 1:colcon.colcon_core.package_identification:_identify(.) by extension 'python_setup_py'
[4.074s] Level 1:colcon.colcon_core.package_identification:_identify(build) by extensions ['ignore', 'ignore_ament_install']
[4.074s] Level 1:colcon.colcon_core.package_identification:_identify(build) by extension 'ignore'
[4.148s] Level 1:colcon.colcon_core.package_identification:_identify(build) ignored
[4.314s] Level 1:colcon.colcon_core.package_identification:_identify(install) by extensions ['ignore', 'ignore_ament_install']
[4.314s] Level 1:colcon.colcon_core.package_identification:_identify(install) by extension 'ignore'
[4.424s] Level 1:colcon.colcon_core.package_identification:_identify(install) ignored
[4.742s] Level 1:colcon.colcon_core.package_identification:_identify(log) by extensions ['ignore', 'ignore_ament_install']
[4.742s] Level 1:colcon.colcon_core.package_identification:_identify(log) by extension 'ignore'
[4.837s] Level 1:colcon.colcon_core.package_identification:_identify(log) ignored
[4.950s] Level 1:colcon.colcon_core.package_identification:_identify(src) by extensions ['ignore', 'ignore_ament_install']
[4.950s] Level 1:colcon.colcon_core.package_identification:_identify(src) by extension 'ignore'
[4.997s] Level 1:colcon.colcon_core.package_identification:_identify(src) by extension 'ignore_ament_install'
[5.051s] Level 1:colcon.colcon_core.package_identification:_identify(src) by extensions ['colcon_pkg']
[5.100s] Level 1:colcon.colcon_core.package_identification:_identify(src) by extension 'colcon_pkg'
[5.161s] Level 1:colcon.colcon_core.package_identification:_identify(src) by extensions ['colcon_meta']
[5.251s] Level 1:colcon.colcon_core.package_identification:_identify(src) by extension 'colcon_meta'
[5.295s] Level 1:colcon.colcon_core.package_identification:_identify(src) by extensions ['ros']
[5.372s] Level 1:colcon.colcon_core.package_identification:_identify(src) by extension 'ros'
[5.439s] Level 1:colcon.colcon_core.package_identification:_identify(src) by extensions ['cmake', 'python']
[5.517s] Level 1:colcon.colcon_core.package_identification:_identify(src) by extension 'cmake'
[5.578s] Level 1:colcon.colcon_core.package_identification:_identify(src) by extension 'python'
[5.578s] Level 1:colcon.colcon_core.package_identification:_identify(src) by extensions ['python_setup_py']
[5.578s] Level 1:colcon.colcon_core.package_identification:_identify(src) by extension 'python_setup_py'
[5.690s] Level 1:colcon.colcon_core.package_identification:_identify(src/rgbd_process) by extensions ['ignore', 'ignore_ament_install']
[5.691s] Level 1:colcon.colcon_core.package_identification:_identify(src/rgbd_process) by extension 'ignore'
[5.741s] Level 1:colcon.colcon_core.package_identification:_identify(src/rgbd_process) by extension 'ignore_ament_install'
[5.803s] Level 1:colcon.colcon_core.package_identification:_identify(src/rgbd_process) by extensions ['colcon_pkg']
[5.838s] Level 1:colcon.colcon_core.package_identification:_identify(src/rgbd_process) by extension 'colcon_pkg'
[5.892s] Level 1:colcon.colcon_core.package_identification:_identify(src/rgbd_process) by extensions ['colcon_meta']
[5.953s] Level 1:colcon.colcon_core.package_identification:_identify(src/rgbd_process) by extension 'colcon_meta'
[6.061s] Level 1:colcon.colcon_core.package_identification:_identify(src/rgbd_process) by extensions ['ros']
[6.116s] Level 1:colcon.colcon_core.package_identification:_identify(src/rgbd_process) by extension 'ros'
[6.348s] DEBUG:colcon.colcon_core.package_identification:Package 'src/rgbd_process' with type 'ros.ament_python' and name 'rgbd_process'
[6.424s] Level 1:colcon.colcon_core.package_identification:_identify(src/talker_listener) by extensions ['ignore', 'ignore_ament_install']
[6.425s] Level 1:colcon.colcon_core.package_identification:_identify(src/talker_listener) by extension 'ignore'
[6.460s] Level 1:colcon.colcon_core.package_identification:_identify(src/talker_listener) by extension 'ignore_ament_install'
[6.515s] Level 1:colcon.colcon_core.package_identification:_identify(src/talker_listener) by extensions ['colcon_pkg']
[6.569s] Level 1:colcon.colcon_core.package_identification:_identify(src/talker_listener) by extension 'colcon_pkg'
[6.617s] Level 1:colcon.colcon_core.package_identification:_identify(src/talker_listener) by extensions ['colcon_meta']
[6.693s] Level 1:colcon.colcon_core.package_identification:_identify(src/talker_listener) by extension 'colcon_meta'
[6.734s] Level 1:colcon.colcon_core.package_identification:_identify(src/talker_listener) by extensions ['ros']
[6.810s] Level 1:colcon.colcon_core.package_identification:_identify(src/talker_listener) by extension 'ros'
[7.114s] DEBUG:colcon.colcon_core.package_identification:Package 'src/talker_listener' with type 'ros.ament_python' and name 'talker_listener'
[7.114s] Level 1:colcon.colcon_core.package_discovery:discover_packages(recursive) using defaults
[7.114s] Level 1:colcon.colcon_core.package_discovery:discover_packages(ignore) discover
[7.170s] Level 1:colcon.colcon_core.package_discovery:discover_packages(ignore) using defaults
[7.216s] Level 1:colcon.colcon_core.package_discovery:discover_packages(path) discover
[7.291s] Level 1:colcon.colcon_core.package_discovery:discover_packages(path) using defaults
[8.156s] Level 1:colcon.colcon_core.package_discovery:discover_packages(prefix_path) check parameters
[8.156s] Level 1:colcon.colcon_core.package_discovery:discover_packages(prefix_path) discover
[9.908s] DEBUG:colcon.colcon_installed_package_information.package_discovery:Found 2 installed packages in /homes/tlei/ros2_ws/install
[9.910s] DEBUG:colcon.colcon_installed_package_information.package_discovery:Found 277 installed packages in /opt/ros/humble
[9.944s] Level 1:colcon.colcon_core.package_discovery:discover_packages(prefix_path) using defaults
[10.109s] Level 5:colcon.colcon_core.verb:set package 'rgbd_process' build argument 'cmake_args' from command line to 'None'
[10.109s] Level 5:colcon.colcon_core.verb:set package 'rgbd_process' build argument 'cmake_target' from command line to 'None'
[10.109s] Level 5:colcon.colcon_core.verb:set package 'rgbd_process' build argument 'cmake_target_skip_unavailable' from command line to 'False'
[10.109s] Level 5:colcon.colcon_core.verb:set package 'rgbd_process' build argument 'cmake_clean_cache' from command line to 'False'
[10.109s] Level 5:colcon.colcon_core.verb:set package 'rgbd_process' build argument 'cmake_clean_first' from command line to 'False'
[10.109s] Level 5:colcon.colcon_core.verb:set package 'rgbd_process' build argument 'cmake_force_configure' from command line to 'False'
[10.126s] Level 5:colcon.colcon_core.verb:set package 'rgbd_process' build argument 'ament_cmake_args' from command line to 'None'
[10.129s] Level 5:colcon.colcon_core.verb:set package 'rgbd_process' build argument 'catkin_cmake_args' from command line to 'None'
[10.143s] Level 5:colcon.colcon_core.verb:set package 'rgbd_process' build argument 'catkin_skip_building_tests' from command line to 'False'
[10.143s] DEBUG:colcon.colcon_core.verb:Building package 'rgbd_process' with the following arguments: {'ament_cmake_args': None, 'build_base': '/homes/tlei/ros2_ws/build/rgbd_process', 'catkin_cmake_args': None, 'catkin_skip_building_tests': False, 'cmake_args': None, 'cmake_clean_cache': False, 'cmake_clean_first': False, 'cmake_force_configure': False, 'cmake_target': None, 'cmake_target_skip_unavailable': False, 'install_base': '/homes/tlei/ros2_ws/install/rgbd_process', 'merge_install': False, 'path': '/homes/tlei/ros2_ws/src/rgbd_process', 'symlink_install': False, 'test_result_base': None}
[10.154s] Level 5:colcon.colcon_core.verb:set package 'talker_listener' build argument 'cmake_args' from command line to 'None'
[10.154s] Level 5:colcon.colcon_core.verb:set package 'talker_listener' build argument 'cmake_target' from command line to 'None'
[10.154s] Level 5:colcon.colcon_core.verb:set package 'talker_listener' build argument 'cmake_target_skip_unavailable' from command line to 'False'
[10.168s] Level 5:colcon.colcon_core.verb:set package 'talker_listener' build argument 'cmake_clean_cache' from command line to 'False'
[10.177s] Level 5:colcon.colcon_core.verb:set package 'talker_listener' build argument 'cmake_clean_first' from command line to 'False'
[10.186s] Level 5:colcon.colcon_core.verb:set package 'talker_listener' build argument 'cmake_force_configure' from command line to 'False'
[10.186s] Level 5:colcon.colcon_core.verb:set package 'talker_listener' build argument 'ament_cmake_args' from command line to 'None'
[10.186s] Level 5:colcon.colcon_core.verb:set package 'talker_listener' build argument 'catkin_cmake_args' from command line to 'None'
[10.188s] Level 5:colcon.colcon_core.verb:set package 'talker_listener' build argument 'catkin_skip_building_tests' from command line to 'False'
[10.190s] DEBUG:colcon.colcon_core.verb:Building package 'talker_listener' with the following arguments: {'ament_cmake_args': None, 'build_base': '/homes/tlei/ros2_ws/build/talker_listener', 'catkin_cmake_args': None, 'catkin_skip_building_tests': False, 'cmake_args': None, 'cmake_clean_cache': False, 'cmake_clean_first': False, 'cmake_force_configure': False, 'cmake_target': None, 'cmake_target_skip_unavailable': False, 'install_base': '/homes/tlei/ros2_ws/install/talker_listener', 'merge_install': False, 'path': '/homes/tlei/ros2_ws/src/talker_listener', 'symlink_install': False, 'test_result_base': None}
[10.191s] INFO:colcon.colcon_core.executor:Executing jobs using 'parallel' executor
[10.198s] DEBUG:colcon.colcon_parallel_executor.executor.parallel:run_until_complete
[10.209s] INFO:colcon.colcon_ros.task.ament_python.build:Building ROS package in '/homes/tlei/ros2_ws/src/rgbd_process' with build type 'ament_python'
[10.211s] Level 1:colcon.colcon_core.shell:create_environment_hook('rgbd_process', 'ament_prefix_path')
[10.216s] INFO:colcon.colcon_core.plugin_system:Skipping extension 'colcon_core.shell.bat': Not used on non-Windows systems
[10.217s] INFO:colcon.colcon_core.shell:Creating environment hook '/homes/tlei/ros2_ws/install/rgbd_process/share/rgbd_process/hook/ament_prefix_path.ps1'
[10.230s] INFO:colcon.colcon_core.shell:Creating environment descriptor '/homes/tlei/ros2_ws/install/rgbd_process/share/rgbd_process/hook/ament_prefix_path.dsv'
[10.289s] INFO:colcon.colcon_core.shell:Creating environment hook '/homes/tlei/ros2_ws/install/rgbd_process/share/rgbd_process/hook/ament_prefix_path.sh'
[10.313s] INFO:colcon.colcon_core.shell:Skip shell extension 'powershell' for command environment: Not usable outside of PowerShell
[10.313s] DEBUG:colcon.colcon_core.shell:Skip shell extension 'dsv' for command environment
[10.402s] INFO:colcon.colcon_ros.task.ament_python.build:Building ROS package in '/homes/tlei/ros2_ws/src/talker_listener' with build type 'ament_python'
[10.403s] Level 1:colcon.colcon_core.shell:create_environment_hook('talker_listener', 'ament_prefix_path')
[10.409s] INFO:colcon.colcon_core.shell:Creating environment hook '/homes/tlei/ros2_ws/install/talker_listener/share/talker_listener/hook/ament_prefix_path.ps1'
[10.460s] INFO:colcon.colcon_core.shell:Creating environment descriptor '/homes/tlei/ros2_ws/install/talker_listener/share/talker_listener/hook/ament_prefix_path.dsv'
[10.480s] INFO:colcon.colcon_core.shell:Creating environment hook '/homes/tlei/ros2_ws/install/talker_listener/share/talker_listener/hook/ament_prefix_path.sh'
[10.520s] INFO:colcon.colcon_core.shell:Skip shell extension 'powershell' for command environment: Not usable outside of PowerShell
[10.520s] DEBUG:colcon.colcon_core.shell:Skip shell extension 'dsv' for command environment
[11.184s] INFO:colcon.colcon_core.task.python.build:Building Python package in '/homes/tlei/ros2_ws/src/rgbd_process'
[11.184s] INFO:colcon.colcon_core.shell:Skip shell extension 'powershell' for command environment: Not usable outside of PowerShell
[11.199s] DEBUG:colcon.colcon_core.shell:Skip shell extension 'dsv' for command environment
[11.804s] INFO:colcon.colcon_core.task.python.build:Building Python package in '/homes/tlei/ros2_ws/src/talker_listener'
[11.804s] INFO:colcon.colcon_core.shell:Skip shell extension 'powershell' for command environment: Not usable outside of PowerShell
[11.805s] DEBUG:colcon.colcon_core.shell:Skip shell extension 'dsv' for command environment
[12.644s] DEBUG:colcon.colcon_core.event_handler.log_command:Invoking command in '/homes/tlei/ros2_ws/src/rgbd_process': PYTHONPATH=/homes/tlei/ros2_ws/build/rgbd_process/prefix_override:/usr/lib/python3/dist-packages/colcon_core/task/python/colcon_distutils_commands:/homes/tlei/ros2_ws/install/rgbd_process/lib/python3.10/site-packages:${PYTHONPATH} VIRTUAL_ENV_PROMPT=(.env) /usr/bin/python3 -W ignore:setup.py install is deprecated -W ignore:easy_install command is deprecated setup.py egg_info --egg-base ../../build/rgbd_process build --build-base /homes/tlei/ros2_ws/build/rgbd_process/build install --record /homes/tlei/ros2_ws/build/rgbd_process/install.log --single-version-externally-managed install_data
[12.712s] DEBUG:colcon.colcon_core.event_handler.log_command:Invoking command in '/homes/tlei/ros2_ws/src/talker_listener': PYTHONPATH=/homes/tlei/ros2_ws/build/talker_listener/prefix_override:/usr/lib/python3/dist-packages/colcon_core/task/python/colcon_distutils_commands:/homes/tlei/ros2_ws/install/talker_listener/lib/python3.10/site-packages:${PYTHONPATH} VIRTUAL_ENV_PROMPT=(.env) /usr/bin/python3 -W ignore:setup.py install is deprecated -W ignore:easy_install command is deprecated setup.py egg_info --egg-base ../../build/talker_listener build --build-base /homes/tlei/ros2_ws/build/talker_listener/build install --record /homes/tlei/ros2_ws/build/talker_listener/install.log --single-version-externally-managed install_data
[13.687s] DEBUG:colcon.colcon_core.event_handler.log_command:Invoked command in '/homes/tlei/ros2_ws/src/rgbd_process' returned '0': PYTHONPATH=/homes/tlei/ros2_ws/build/rgbd_process/prefix_override:/usr/lib/python3/dist-packages/colcon_core/task/python/colcon_distutils_commands:/homes/tlei/ros2_ws/install/rgbd_process/lib/python3.10/site-packages:${PYTHONPATH} VIRTUAL_ENV_PROMPT=(.env) /usr/bin/python3 -W ignore:setup.py install is deprecated -W ignore:easy_install command is deprecated setup.py egg_info --egg-base ../../build/rgbd_process build --build-base /homes/tlei/ros2_ws/build/rgbd_process/build install --record /homes/tlei/ros2_ws/build/rgbd_process/install.log --single-version-externally-managed install_data
[13.695s] Level 1:colcon.colcon_core.environment:checking '/homes/tlei/ros2_ws/install/rgbd_process' for CMake module files
[13.729s] Level 1:colcon.colcon_core.environment:checking '/homes/tlei/ros2_ws/install/rgbd_process' for CMake config files
[13.829s] Level 1:colcon.colcon_core.environment:checking '/homes/tlei/ros2_ws/install/rgbd_process/lib'
[13.844s] Level 1:colcon.colcon_core.environment:checking '/homes/tlei/ros2_ws/install/rgbd_process/bin'
[13.849s] Level 1:colcon.colcon_core.environment:checking '/homes/tlei/ros2_ws/install/rgbd_process/lib/pkgconfig/rgbd_process.pc'
[13.852s] Level 1:colcon.colcon_core.environment:checking '/homes/tlei/ros2_ws/install/rgbd_process/lib/python3.10/site-packages'
[13.853s] Level 1:colcon.colcon_core.shell:create_environment_hook('rgbd_process', 'pythonpath')
[13.857s] INFO:colcon.colcon_core.shell:Creating environment hook '/homes/tlei/ros2_ws/install/rgbd_process/share/rgbd_process/hook/pythonpath.ps1'
[13.896s] INFO:colcon.colcon_core.shell:Creating environment descriptor '/homes/tlei/ros2_ws/install/rgbd_process/share/rgbd_process/hook/pythonpath.dsv'
[13.905s] INFO:colcon.colcon_core.shell:Creating environment hook '/homes/tlei/ros2_ws/install/rgbd_process/share/rgbd_process/hook/pythonpath.sh'
[13.973s] Level 1:colcon.colcon_core.environment:checking '/homes/tlei/ros2_ws/install/rgbd_process/bin'
[13.973s] Level 1:colcon.colcon_core.environment:create_environment_scripts_only(rgbd_process)
[13.975s] INFO:colcon.colcon_core.shell:Creating package script '/homes/tlei/ros2_ws/install/rgbd_process/share/rgbd_process/package.ps1'
[13.985s] INFO:colcon.colcon_core.shell:Creating package descriptor '/homes/tlei/ros2_ws/install/rgbd_process/share/rgbd_process/package.dsv'
[14.007s] INFO:colcon.colcon_core.shell:Creating package script '/homes/tlei/ros2_ws/install/rgbd_process/share/rgbd_process/package.sh'
[14.041s] INFO:colcon.colcon_core.shell:Creating package script '/homes/tlei/ros2_ws/install/rgbd_process/share/rgbd_process/package.bash'
[14.086s] INFO:colcon.colcon_core.shell:Creating package script '/homes/tlei/ros2_ws/install/rgbd_process/share/rgbd_process/package.zsh'
[14.103s] Level 1:colcon.colcon_core.environment:create_file_with_runtime_dependencies(/homes/tlei/ros2_ws/install/rgbd_process/share/colcon-core/packages/rgbd_process)
[14.109s] Level 1:colcon.colcon_core.environment:checking '/homes/tlei/ros2_ws/install/talker_listener' for CMake module files
[14.133s] Level 1:colcon.colcon_core.environment:checking '/homes/tlei/ros2_ws/install/talker_listener' for CMake config files
[14.150s] DEBUG:colcon.colcon_core.event_handler.log_command:Invoked command in '/homes/tlei/ros2_ws/src/talker_listener' returned '0': PYTHONPATH=/homes/tlei/ros2_ws/build/talker_listener/prefix_override:/usr/lib/python3/dist-packages/colcon_core/task/python/colcon_distutils_commands:/homes/tlei/ros2_ws/install/talker_listener/lib/python3.10/site-packages:${PYTHONPATH} VIRTUAL_ENV_PROMPT=(.env) /usr/bin/python3 -W ignore:setup.py install is deprecated -W ignore:easy_install command is deprecated setup.py egg_info --egg-base ../../build/talker_listener build --build-base /homes/tlei/ros2_ws/build/talker_listener/build install --record /homes/tlei/ros2_ws/build/talker_listener/install.log --single-version-externally-managed install_data
[14.228s] Level 1:colcon.colcon_core.environment:checking '/homes/tlei/ros2_ws/install/talker_listener/lib'
[14.235s] Level 1:colcon.colcon_core.environment:checking '/homes/tlei/ros2_ws/install/talker_listener/bin'
[14.235s] Level 1:colcon.colcon_core.environment:checking '/homes/tlei/ros2_ws/install/talker_listener/lib/pkgconfig/talker_listener.pc'
[14.245s] Level 1:colcon.colcon_core.environment:checking '/homes/tlei/ros2_ws/install/talker_listener/lib/python3.10/site-packages'
[14.263s] Level 1:colcon.colcon_core.shell:create_environment_hook('talker_listener', 'pythonpath')
[14.265s] INFO:colcon.colcon_core.shell:Creating environment hook '/homes/tlei/ros2_ws/install/talker_listener/share/talker_listener/hook/pythonpath.ps1'
[14.290s] INFO:colcon.colcon_core.shell:Creating environment descriptor '/homes/tlei/ros2_ws/install/talker_listener/share/talker_listener/hook/pythonpath.dsv'
[14.308s] INFO:colcon.colcon_core.shell:Creating environment hook '/homes/tlei/ros2_ws/install/talker_listener/share/talker_listener/hook/pythonpath.sh'
[14.341s] Level 1:colcon.colcon_core.environment:checking '/homes/tlei/ros2_ws/install/talker_listener/bin'
[14.341s] Level 1:colcon.colcon_core.environment:create_environment_scripts_only(talker_listener)
[14.342s] INFO:colcon.colcon_core.shell:Creating package script '/homes/tlei/ros2_ws/install/talker_listener/share/talker_listener/package.ps1'
[14.370s] INFO:colcon.colcon_core.shell:Creating package descriptor '/homes/tlei/ros2_ws/install/talker_listener/share/talker_listener/package.dsv'
[14.381s] INFO:colcon.colcon_core.shell:Creating package script '/homes/tlei/ros2_ws/install/talker_listener/share/talker_listener/package.sh'
[14.413s] INFO:colcon.colcon_core.shell:Creating package script '/homes/tlei/ros2_ws/install/talker_listener/share/talker_listener/package.bash'
[14.429s] INFO:colcon.colcon_core.shell:Creating package script '/homes/tlei/ros2_ws/install/talker_listener/share/talker_listener/package.zsh'
[14.445s] Level 1:colcon.colcon_core.environment:create_file_with_runtime_dependencies(/homes/tlei/ros2_ws/install/talker_listener/share/colcon-core/packages/talker_listener)
[14.471s] DEBUG:colcon.colcon_parallel_executor.executor.parallel:closing loop
[14.472s] DEBUG:colcon.colcon_parallel_executor.executor.parallel:loop closed
[14.483s] DEBUG:colcon.colcon_parallel_executor.executor.parallel:run_until_complete finished with '0'
[14.483s] DEBUG:colcon.colcon_core.event_reactor:joining thread
[14.496s] INFO:colcon.colcon_core.plugin_system:Skipping extension 'colcon_notification.desktop_notification.terminal_notifier': Not used on non-Darwin systems
[14.496s] INFO:colcon.colcon_core.plugin_system:Skipping extension 'colcon_notification.desktop_notification.win32': Not used on non-Windows systems
[14.497s] INFO:colcon.colcon_notification.desktop_notification:Sending desktop notification using 'notify2'
[14.497s] DEBUG:colcon.colcon_notification.desktop_notification.notify2:Failed to initialize notify2: org.freedesktop.DBus.Error.NotSupported: Unable to autolaunch a dbus-daemon without a $DISPLAY for X11
[14.497s] DEBUG:colcon.colcon_core.event_reactor:joined thread
[14.498s] INFO:colcon.colcon_core.shell:Creating prefix script '/homes/tlei/ros2_ws/install/local_setup.ps1'
[14.503s] INFO:colcon.colcon_core.shell:Creating prefix util module '/homes/tlei/ros2_ws/install/_local_setup_util_ps1.py'
[14.507s] INFO:colcon.colcon_core.shell:Creating prefix chain script '/homes/tlei/ros2_ws/install/setup.ps1'
[14.514s] INFO:colcon.colcon_core.shell:Creating prefix script '/homes/tlei/ros2_ws/install/local_setup.sh'
[14.516s] INFO:colcon.colcon_core.shell:Creating prefix util module '/homes/tlei/ros2_ws/install/_local_setup_util_sh.py'
[14.518s] INFO:colcon.colcon_core.shell:Creating prefix chain script '/homes/tlei/ros2_ws/install/setup.sh'
[14.524s] INFO:colcon.colcon_core.shell:Creating prefix script '/homes/tlei/ros2_ws/install/local_setup.bash'
[14.532s] INFO:colcon.colcon_core.shell:Creating prefix chain script '/homes/tlei/ros2_ws/install/setup.bash'
[14.537s] INFO:colcon.colcon_core.shell:Creating prefix script '/homes/tlei/ros2_ws/install/local_setup.zsh'
[14.539s] INFO:colcon.colcon_core.shell:Creating prefix chain script '/homes/tlei/ros2_ws/install/setup.zsh'
