[0.997s] Invoking command in '/homes/tlei/ros2_ws/src/rgbd_process': PS1=(.env) \[\e]0;\u@\h: \w\a\]${debian_chroot:+($debian_chroot)}\[\033[01;32m\]\u@\h\[\033[00m\]:\[\033[01;34m\]\w\[\033[00m\]\$ PYTHONPATH=/homes/tlei/ros2_ws/build/rgbd_process/prefix_override:/usr/lib/python3/dist-packages/colcon_core/task/python/colcon_distutils_commands:/homes/tlei/ros2_ws/install/rgbd_process/lib/python3.10/site-packages:${PYTHONPATH} VIRTUAL_ENV_PROMPT=(.env) /usr/bin/python3 -W ignore:setup.py install is deprecated -W ignore:easy_install command is deprecated setup.py egg_info --egg-base ../../build/rgbd_process build --build-base /homes/tlei/ros2_ws/build/rgbd_process/build install --record /homes/tlei/ros2_ws/build/rgbd_process/install.log --single-version-externally-managed install_data
[1.253s] running egg_info
[1.254s] writing ../../build/rgbd_process/rgbd_process.egg-info/PKG-INFO
[1.256s] writing dependency_links to ../../build/rgbd_process/rgbd_process.egg-info/dependency_links.txt
[1.258s] writing entry points to ../../build/rgbd_process/rgbd_process.egg-info/entry_points.txt
[1.259s] writing requirements to ../../build/rgbd_process/rgbd_process.egg-info/requires.txt
[1.260s] writing top-level names to ../../build/rgbd_process/rgbd_process.egg-info/top_level.txt
[1.276s] reading manifest file '../../build/rgbd_process/rgbd_process.egg-info/SOURCES.txt'
[1.277s] adding license file 'LICENSE'
[1.278s] writing manifest file '../../build/rgbd_process/rgbd_process.egg-info/SOURCES.txt'
[1.280s] running build
[1.280s] running build_py
[1.281s] running install
[1.282s] running install_lib
[1.285s] running install_data
[1.287s] running install_egg_info
[1.288s] removing '/homes/tlei/ros2_ws/install/rgbd_process/lib/python3.10/site-packages/rgbd_process-0.0.0-py3.10.egg-info' (and everything under it)
[1.324s] Copying ../../build/rgbd_process/rgbd_process.egg-info to /homes/tlei/ros2_ws/install/rgbd_process/lib/python3.10/site-packages/rgbd_process-0.0.0-py3.10.egg-info
[1.343s] running install_scripts
[1.375s] Installing rgbd_recorder script to /homes/tlei/ros2_ws/install/rgbd_process/lib/rgbd_process
[1.377s] writing list of installed files to '/homes/tlei/ros2_ws/build/rgbd_process/install.log'
[1.491s] Invoked command in '/homes/tlei/ros2_ws/src/rgbd_process' returned '0': PS1=(.env) \[\e]0;\u@\h: \w\a\]${debian_chroot:+($debian_chroot)}\[\033[01;32m\]\u@\h\[\033[00m\]:\[\033[01;34m\]\w\[\033[00m\]\$ PYTHONPATH=/homes/tlei/ros2_ws/build/rgbd_process/prefix_override:/usr/lib/python3/dist-packages/colcon_core/task/python/colcon_distutils_commands:/homes/tlei/ros2_ws/install/rgbd_process/lib/python3.10/site-packages:${PYTHONPATH} VIRTUAL_ENV_PROMPT=(.env) /usr/bin/python3 -W ignore:setup.py install is deprecated -W ignore:easy_install command is deprecated setup.py egg_info --egg-base ../../build/rgbd_process build --build-base /homes/tlei/ros2_ws/build/rgbd_process/build install --record /homes/tlei/ros2_ws/build/rgbd_process/install.log --single-version-externally-managed install_data
