[0.173s] DEBUG:colcon:Command line arguments: ['/usr/bin/colcon', 'build']
[0.173s] DEBUG:colcon:Parsed command line arguments: Namespace(log_base=None, log_level=None, verb_name='build', build_base='build', install_base='install', merge_install=False, symlink_install=False, test_result_base=None, continue_on_error=False, executor='parallel', parallel_workers=12, event_handlers=None, ignore_user_meta=False, metas=['./colcon.meta'], base_paths=['.'], packages_ignore=None, packages_ignore_regex=None, paths=None, packages_up_to=None, packages_up_to_regex=None, packages_above=None, packages_above_and_dependencies=None, packages_above_depth=None, packages_select_by_dep=None, packages_skip_by_dep=None, packages_skip_up_to=None, packages_select_build_failed=False, packages_skip_build_finished=False, packages_select_test_failures=False, packages_skip_test_passed=False, packages_select=None, packages_skip=None, packages_select_regex=None, packages_skip_regex=None, packages_start=None, packages_end=None, allow_overriding=[], cmake_args=None, cmake_target=None, cmake_target_skip_unavailable=False, cmake_clean_cache=False, cmake_clean_first=False, cmake_force_configure=False, ament_cmake_args=None, catkin_cmake_args=None, catkin_skip_building_tests=False, mixin_files=None, mixin=None, verb_parser=<colcon_mixin.mixin.mixin_argument.MixinArgumentDecorator object at 0x7f193c6a37c0>, verb_extension=<colcon_core.verb.build.BuildVerb object at 0x7f193c6a3100>, main=<bound method BuildVerb.main of <colcon_core.verb.build.BuildVerb object at 0x7f193c6a3100>>, mixin_verb=('build',))
[0.411s] Level 1:colcon.colcon_core.package_discovery:discover_packages(colcon_meta) check parameters
[0.411s] Level 1:colcon.colcon_core.package_discovery:discover_packages(recursive) check parameters
[0.411s] Level 1:colcon.colcon_core.package_discovery:discover_packages(ignore) check parameters
[0.411s] Level 1:colcon.colcon_core.package_discovery:discover_packages(path) check parameters
[0.411s] Level 1:colcon.colcon_core.package_discovery:discover_packages(colcon_meta) discover
[0.411s] Level 1:colcon.colcon_core.package_discovery:discover_packages(recursive) discover
[0.411s] INFO:colcon.colcon_core.package_discovery:Crawling recursively for packages in '/homes/obluman/Robotics_Lab/ros2_ws'
[0.411s] Level 1:colcon.colcon_core.package_identification:_identify(.) by extensions ['ignore', 'ignore_ament_install']
[0.411s] Level 1:colcon.colcon_core.package_identification:_identify(.) by extension 'ignore'
[0.411s] Level 1:colcon.colcon_core.package_identification:_identify(.) by extension 'ignore_ament_install'
[0.412s] Level 1:colcon.colcon_core.package_identification:_identify(.) by extensions ['colcon_pkg']
[0.412s] Level 1:colcon.colcon_core.package_identification:_identify(.) by extension 'colcon_pkg'
[0.412s] Level 1:colcon.colcon_core.package_identification:_identify(.) by extensions ['colcon_meta']
[0.412s] Level 1:colcon.colcon_core.package_identification:_identify(.) by extension 'colcon_meta'
[0.412s] Level 1:colcon.colcon_core.package_identification:_identify(.) by extensions ['ros']
[0.412s] Level 1:colcon.colcon_core.package_identification:_identify(.) by extension 'ros'
[0.428s] Level 1:colcon.colcon_core.package_identification:_identify(.) by extensions ['cmake', 'python']
[0.428s] Level 1:colcon.colcon_core.package_identification:_identify(.) by extension 'cmake'
[0.428s] Level 1:colcon.colcon_core.package_identification:_identify(.) by extension 'python'
[0.428s] Level 1:colcon.colcon_core.package_identification:_identify(.) by extensions ['python_setup_py']
[0.429s] Level 1:colcon.colcon_core.package_identification:_identify(.) by extension 'python_setup_py'
[0.429s] Level 1:colcon.colcon_core.package_identification:_identify(build) by extensions ['ignore', 'ignore_ament_install']
[0.429s] Level 1:colcon.colcon_core.package_identification:_identify(build) by extension 'ignore'
[0.429s] Level 1:colcon.colcon_core.package_identification:_identify(build) ignored
[0.429s] Level 1:colcon.colcon_core.package_identification:_identify(install) by extensions ['ignore', 'ignore_ament_install']
[0.430s] Level 1:colcon.colcon_core.package_identification:_identify(install) by extension 'ignore'
[0.430s] Level 1:colcon.colcon_core.package_identification:_identify(install) ignored
[0.431s] Level 1:colcon.colcon_core.package_identification:_identify(log) by extensions ['ignore', 'ignore_ament_install']
[0.431s] Level 1:colcon.colcon_core.package_identification:_identify(log) by extension 'ignore'
[0.431s] Level 1:colcon.colcon_core.package_identification:_identify(log) ignored
[0.432s] Level 1:colcon.colcon_core.package_identification:_identify(output) by extensions ['ignore', 'ignore_ament_install']
[0.432s] Level 1:colcon.colcon_core.package_identification:_identify(output) by extension 'ignore'
[0.432s] Level 1:colcon.colcon_core.package_identification:_identify(output) by extension 'ignore_ament_install'
[0.432s] Level 1:colcon.colcon_core.package_identification:_identify(output) by extensions ['colcon_pkg']
[0.432s] Level 1:colcon.colcon_core.package_identification:_identify(output) by extension 'colcon_pkg'
[0.432s] Level 1:colcon.colcon_core.package_identification:_identify(output) by extensions ['colcon_meta']
[0.432s] Level 1:colcon.colcon_core.package_identification:_identify(output) by extension 'colcon_meta'
[0.432s] Level 1:colcon.colcon_core.package_identification:_identify(output) by extensions ['ros']
[0.432s] Level 1:colcon.colcon_core.package_identification:_identify(output) by extension 'ros'
[0.432s] Level 1:colcon.colcon_core.package_identification:_identify(output) by extensions ['cmake', 'python']
[0.432s] Level 1:colcon.colcon_core.package_identification:_identify(output) by extension 'cmake'
[0.432s] Level 1:colcon.colcon_core.package_identification:_identify(output) by extension 'python'
[0.432s] Level 1:colcon.colcon_core.package_identification:_identify(output) by extensions ['python_setup_py']
[0.432s] Level 1:colcon.colcon_core.package_identification:_identify(output) by extension 'python_setup_py'
[0.433s] Level 1:colcon.colcon_core.package_identification:_identify(output/left_camera) by extensions ['ignore', 'ignore_ament_install']
[0.433s] Level 1:colcon.colcon_core.package_identification:_identify(output/left_camera) by extension 'ignore'
[0.433s] Level 1:colcon.colcon_core.package_identification:_identify(output/left_camera) by extension 'ignore_ament_install'
[0.433s] Level 1:colcon.colcon_core.package_identification:_identify(output/left_camera) by extensions ['colcon_pkg']
[0.433s] Level 1:colcon.colcon_core.package_identification:_identify(output/left_camera) by extension 'colcon_pkg'
[0.433s] Level 1:colcon.colcon_core.package_identification:_identify(output/left_camera) by extensions ['colcon_meta']
[0.433s] Level 1:colcon.colcon_core.package_identification:_identify(output/left_camera) by extension 'colcon_meta'
[0.433s] Level 1:colcon.colcon_core.package_identification:_identify(output/left_camera) by extensions ['ros']
[0.433s] Level 1:colcon.colcon_core.package_identification:_identify(output/left_camera) by extension 'ros'
[0.433s] Level 1:colcon.colcon_core.package_identification:_identify(output/left_camera) by extensions ['cmake', 'python']
[0.433s] Level 1:colcon.colcon_core.package_identification:_identify(output/left_camera) by extension 'cmake'
[0.433s] Level 1:colcon.colcon_core.package_identification:_identify(output/left_camera) by extension 'python'
[0.433s] Level 1:colcon.colcon_core.package_identification:_identify(output/left_camera) by extensions ['python_setup_py']
[0.433s] Level 1:colcon.colcon_core.package_identification:_identify(output/left_camera) by extension 'python_setup_py'
[0.434s] Level 1:colcon.colcon_core.package_identification:_identify(output/right_camera) by extensions ['ignore', 'ignore_ament_install']
[0.434s] Level 1:colcon.colcon_core.package_identification:_identify(output/right_camera) by extension 'ignore'
[0.434s] Level 1:colcon.colcon_core.package_identification:_identify(output/right_camera) by extension 'ignore_ament_install'
[0.434s] Level 1:colcon.colcon_core.package_identification:_identify(output/right_camera) by extensions ['colcon_pkg']
[0.434s] Level 1:colcon.colcon_core.package_identification:_identify(output/right_camera) by extension 'colcon_pkg'
[0.434s] Level 1:colcon.colcon_core.package_identification:_identify(output/right_camera) by extensions ['colcon_meta']
[0.434s] Level 1:colcon.colcon_core.package_identification:_identify(output/right_camera) by extension 'colcon_meta'
[0.434s] Level 1:colcon.colcon_core.package_identification:_identify(output/right_camera) by extensions ['ros']
[0.434s] Level 1:colcon.colcon_core.package_identification:_identify(output/right_camera) by extension 'ros'
[0.434s] Level 1:colcon.colcon_core.package_identification:_identify(output/right_camera) by extensions ['cmake', 'python']
[0.434s] Level 1:colcon.colcon_core.package_identification:_identify(output/right_camera) by extension 'cmake'
[0.434s] Level 1:colcon.colcon_core.package_identification:_identify(output/right_camera) by extension 'python'
[0.434s] Level 1:colcon.colcon_core.package_identification:_identify(output/right_camera) by extensions ['python_setup_py']
[0.434s] Level 1:colcon.colcon_core.package_identification:_identify(output/right_camera) by extension 'python_setup_py'
[0.435s] Level 1:colcon.colcon_core.package_identification:_identify(src) by extensions ['ignore', 'ignore_ament_install']
[0.435s] Level 1:colcon.colcon_core.package_identification:_identify(src) by extension 'ignore'
[0.435s] Level 1:colcon.colcon_core.package_identification:_identify(src) by extension 'ignore_ament_install'
[0.435s] Level 1:colcon.colcon_core.package_identification:_identify(src) by extensions ['colcon_pkg']
[0.435s] Level 1:colcon.colcon_core.package_identification:_identify(src) by extension 'colcon_pkg'
[0.435s] Level 1:colcon.colcon_core.package_identification:_identify(src) by extensions ['colcon_meta']
[0.435s] Level 1:colcon.colcon_core.package_identification:_identify(src) by extension 'colcon_meta'
[0.435s] Level 1:colcon.colcon_core.package_identification:_identify(src) by extensions ['ros']
[0.435s] Level 1:colcon.colcon_core.package_identification:_identify(src) by extension 'ros'
[0.435s] Level 1:colcon.colcon_core.package_identification:_identify(src) by extensions ['cmake', 'python']
[0.435s] Level 1:colcon.colcon_core.package_identification:_identify(src) by extension 'cmake'
[0.435s] Level 1:colcon.colcon_core.package_identification:_identify(src) by extension 'python'
[0.435s] Level 1:colcon.colcon_core.package_identification:_identify(src) by extensions ['python_setup_py']
[0.435s] Level 1:colcon.colcon_core.package_identification:_identify(src) by extension 'python_setup_py'
[0.435s] Level 1:colcon.colcon_core.package_identification:_identify(src/location_pub) by extensions ['ignore', 'ignore_ament_install']
[0.435s] Level 1:colcon.colcon_core.package_identification:_identify(src/location_pub) by extension 'ignore'
[0.436s] Level 1:colcon.colcon_core.package_identification:_identify(src/location_pub) by extension 'ignore_ament_install'
[0.436s] Level 1:colcon.colcon_core.package_identification:_identify(src/location_pub) by extensions ['colcon_pkg']
[0.436s] Level 1:colcon.colcon_core.package_identification:_identify(src/location_pub) by extension 'colcon_pkg'
[0.436s] Level 1:colcon.colcon_core.package_identification:_identify(src/location_pub) by extensions ['colcon_meta']
[0.436s] Level 1:colcon.colcon_core.package_identification:_identify(src/location_pub) by extension 'colcon_meta'
[0.436s] Level 1:colcon.colcon_core.package_identification:_identify(src/location_pub) by extensions ['ros']
[0.436s] Level 1:colcon.colcon_core.package_identification:_identify(src/location_pub) by extension 'ros'
[0.439s] DEBUG:colcon.colcon_core.package_identification:Package 'src/location_pub' with type 'ros.ament_python' and name 'location_pub'
[0.439s] Level 1:colcon.colcon_core.package_identification:_identify(src/rgbd_process) by extensions ['ignore', 'ignore_ament_install']
[0.439s] Level 1:colcon.colcon_core.package_identification:_identify(src/rgbd_process) by extension 'ignore'
[0.439s] Level 1:colcon.colcon_core.package_identification:_identify(src/rgbd_process) by extension 'ignore_ament_install'
[0.439s] Level 1:colcon.colcon_core.package_identification:_identify(src/rgbd_process) by extensions ['colcon_pkg']
[0.439s] Level 1:colcon.colcon_core.package_identification:_identify(src/rgbd_process) by extension 'colcon_pkg'
[0.439s] Level 1:colcon.colcon_core.package_identification:_identify(src/rgbd_process) by extensions ['colcon_meta']
[0.439s] Level 1:colcon.colcon_core.package_identification:_identify(src/rgbd_process) by extension 'colcon_meta'
[0.439s] Level 1:colcon.colcon_core.package_identification:_identify(src/rgbd_process) by extensions ['ros']
[0.439s] Level 1:colcon.colcon_core.package_identification:_identify(src/rgbd_process) by extension 'ros'
[0.441s] DEBUG:colcon.colcon_core.package_identification:Package 'src/rgbd_process' with type 'ros.ament_python' and name 'rgbd_process'
[0.441s] Level 1:colcon.colcon_core.package_identification:_identify(src/server_client) by extensions ['ignore', 'ignore_ament_install']
[0.441s] Level 1:colcon.colcon_core.package_identification:_identify(src/server_client) by extension 'ignore'
[0.442s] Level 1:colcon.colcon_core.package_identification:_identify(src/server_client) by extension 'ignore_ament_install'
[0.442s] Level 1:colcon.colcon_core.package_identification:_identify(src/server_client) by extensions ['colcon_pkg']
[0.442s] Level 1:colcon.colcon_core.package_identification:_identify(src/server_client) by extension 'colcon_pkg'
[0.442s] Level 1:colcon.colcon_core.package_identification:_identify(src/server_client) by extensions ['colcon_meta']
[0.442s] Level 1:colcon.colcon_core.package_identification:_identify(src/server_client) by extension 'colcon_meta'
[0.442s] Level 1:colcon.colcon_core.package_identification:_identify(src/server_client) by extensions ['ros']
[0.442s] Level 1:colcon.colcon_core.package_identification:_identify(src/server_client) by extension 'ros'
[0.444s] DEBUG:colcon.colcon_core.package_identification:Package 'src/server_client' with type 'ros.ament_python' and name 'server_client'
[0.444s] Level 1:colcon.colcon_core.package_identification:_identify(src/talker_listener) by extensions ['ignore', 'ignore_ament_install']
[0.444s] Level 1:colcon.colcon_core.package_identification:_identify(src/talker_listener) by extension 'ignore'
[0.444s] Level 1:colcon.colcon_core.package_identification:_identify(src/talker_listener) by extension 'ignore_ament_install'
[0.444s] Level 1:colcon.colcon_core.package_identification:_identify(src/talker_listener) by extensions ['colcon_pkg']
[0.444s] Level 1:colcon.colcon_core.package_identification:_identify(src/talker_listener) by extension 'colcon_pkg'
[0.444s] Level 1:colcon.colcon_core.package_identification:_identify(src/talker_listener) by extensions ['colcon_meta']
[0.444s] Level 1:colcon.colcon_core.package_identification:_identify(src/talker_listener) by extension 'colcon_meta'
[0.444s] Level 1:colcon.colcon_core.package_identification:_identify(src/talker_listener) by extensions ['ros']
[0.445s] Level 1:colcon.colcon_core.package_identification:_identify(src/talker_listener) by extension 'ros'
[0.446s] DEBUG:colcon.colcon_core.package_identification:Package 'src/talker_listener' with type 'ros.ament_python' and name 'talker_listener'
[0.446s] Level 1:colcon.colcon_core.package_identification:_identify(~) by extensions ['ignore', 'ignore_ament_install']
[0.446s] Level 1:colcon.colcon_core.package_identification:_identify(~) by extension 'ignore'
[0.446s] Level 1:colcon.colcon_core.package_identification:_identify(~) by extension 'ignore_ament_install'
[0.447s] Level 1:colcon.colcon_core.package_identification:_identify(~) by extensions ['colcon_pkg']
[0.447s] Level 1:colcon.colcon_core.package_identification:_identify(~) by extension 'colcon_pkg'
[0.447s] Level 1:colcon.colcon_core.package_identification:_identify(~) by extensions ['colcon_meta']
[0.447s] Level 1:colcon.colcon_core.package_identification:_identify(~) by extension 'colcon_meta'
[0.447s] Level 1:colcon.colcon_core.package_identification:_identify(~) by extensions ['ros']
[0.447s] Level 1:colcon.colcon_core.package_identification:_identify(~) by extension 'ros'
[0.447s] Level 1:colcon.colcon_core.package_identification:_identify(~) by extensions ['cmake', 'python']
[0.447s] Level 1:colcon.colcon_core.package_identification:_identify(~) by extension 'cmake'
[0.447s] Level 1:colcon.colcon_core.package_identification:_identify(~) by extension 'python'
[0.447s] Level 1:colcon.colcon_core.package_identification:_identify(~) by extensions ['python_setup_py']
[0.447s] Level 1:colcon.colcon_core.package_identification:_identify(~) by extension 'python_setup_py'
[0.447s] Level 1:colcon.colcon_core.package_identification:_identify(~/subscribed_data) by extensions ['ignore', 'ignore_ament_install']
[0.448s] Level 1:colcon.colcon_core.package_identification:_identify(~/subscribed_data) by extension 'ignore'
[0.448s] Level 1:colcon.colcon_core.package_identification:_identify(~/subscribed_data) by extension 'ignore_ament_install'
[0.448s] Level 1:colcon.colcon_core.package_identification:_identify(~/subscribed_data) by extensions ['colcon_pkg']
[0.448s] Level 1:colcon.colcon_core.package_identification:_identify(~/subscribed_data) by extension 'colcon_pkg'
[0.448s] Level 1:colcon.colcon_core.package_identification:_identify(~/subscribed_data) by extensions ['colcon_meta']
[0.448s] Level 1:colcon.colcon_core.package_identification:_identify(~/subscribed_data) by extension 'colcon_meta'
[0.448s] Level 1:colcon.colcon_core.package_identification:_identify(~/subscribed_data) by extensions ['ros']
[0.448s] Level 1:colcon.colcon_core.package_identification:_identify(~/subscribed_data) by extension 'ros'
[0.448s] Level 1:colcon.colcon_core.package_identification:_identify(~/subscribed_data) by extensions ['cmake', 'python']
[0.448s] Level 1:colcon.colcon_core.package_identification:_identify(~/subscribed_data) by extension 'cmake'
[0.448s] Level 1:colcon.colcon_core.package_identification:_identify(~/subscribed_data) by extension 'python'
[0.448s] Level 1:colcon.colcon_core.package_identification:_identify(~/subscribed_data) by extensions ['python_setup_py']
[0.448s] Level 1:colcon.colcon_core.package_identification:_identify(~/subscribed_data) by extension 'python_setup_py'
[0.450s] Level 1:colcon.colcon_core.package_identification:_identify(~/subscribed_data/left_camera) by extensions ['ignore', 'ignore_ament_install']
[0.450s] Level 1:colcon.colcon_core.package_identification:_identify(~/subscribed_data/left_camera) by extension 'ignore'
[0.450s] Level 1:colcon.colcon_core.package_identification:_identify(~/subscribed_data/left_camera) by extension 'ignore_ament_install'
[0.450s] Level 1:colcon.colcon_core.package_identification:_identify(~/subscribed_data/left_camera) by extensions ['colcon_pkg']
[0.450s] Level 1:colcon.colcon_core.package_identification:_identify(~/subscribed_data/left_camera) by extension 'colcon_pkg'
[0.451s] Level 1:colcon.colcon_core.package_identification:_identify(~/subscribed_data/left_camera) by extensions ['colcon_meta']
[0.451s] Level 1:colcon.colcon_core.package_identification:_identify(~/subscribed_data/left_camera) by extension 'colcon_meta'
[0.451s] Level 1:colcon.colcon_core.package_identification:_identify(~/subscribed_data/left_camera) by extensions ['ros']
[0.451s] Level 1:colcon.colcon_core.package_identification:_identify(~/subscribed_data/left_camera) by extension 'ros'
[0.452s] Level 1:colcon.colcon_core.package_identification:_identify(~/subscribed_data/left_camera) by extensions ['cmake', 'python']
[0.452s] Level 1:colcon.colcon_core.package_identification:_identify(~/subscribed_data/left_camera) by extension 'cmake'
[0.452s] Level 1:colcon.colcon_core.package_identification:_identify(~/subscribed_data/left_camera) by extension 'python'
[0.452s] Level 1:colcon.colcon_core.package_identification:_identify(~/subscribed_data/left_camera) by extensions ['python_setup_py']
[0.452s] Level 1:colcon.colcon_core.package_identification:_identify(~/subscribed_data/left_camera) by extension 'python_setup_py'
[0.454s] Level 1:colcon.colcon_core.package_identification:_identify(~/subscribed_data/right_camera) by extensions ['ignore', 'ignore_ament_install']
[0.454s] Level 1:colcon.colcon_core.package_identification:_identify(~/subscribed_data/right_camera) by extension 'ignore'
[0.454s] Level 1:colcon.colcon_core.package_identification:_identify(~/subscribed_data/right_camera) by extension 'ignore_ament_install'
[0.455s] Level 1:colcon.colcon_core.package_identification:_identify(~/subscribed_data/right_camera) by extensions ['colcon_pkg']
[0.455s] Level 1:colcon.colcon_core.package_identification:_identify(~/subscribed_data/right_camera) by extension 'colcon_pkg'
[0.455s] Level 1:colcon.colcon_core.package_identification:_identify(~/subscribed_data/right_camera) by extensions ['colcon_meta']
[0.455s] Level 1:colcon.colcon_core.package_identification:_identify(~/subscribed_data/right_camera) by extension 'colcon_meta'
[0.455s] Level 1:colcon.colcon_core.package_identification:_identify(~/subscribed_data/right_camera) by extensions ['ros']
[0.455s] Level 1:colcon.colcon_core.package_identification:_identify(~/subscribed_data/right_camera) by extension 'ros'
[0.456s] Level 1:colcon.colcon_core.package_identification:_identify(~/subscribed_data/right_camera) by extensions ['cmake', 'python']
[0.456s] Level 1:colcon.colcon_core.package_identification:_identify(~/subscribed_data/right_camera) by extension 'cmake'
[0.456s] Level 1:colcon.colcon_core.package_identification:_identify(~/subscribed_data/right_camera) by extension 'python'
[0.456s] Level 1:colcon.colcon_core.package_identification:_identify(~/subscribed_data/right_camera) by extensions ['python_setup_py']
[0.456s] Level 1:colcon.colcon_core.package_identification:_identify(~/subscribed_data/right_camera) by extension 'python_setup_py'
[0.456s] Level 1:colcon.colcon_core.package_discovery:discover_packages(recursive) using defaults
[0.457s] Level 1:colcon.colcon_core.package_discovery:discover_packages(ignore) discover
[0.457s] Level 1:colcon.colcon_core.package_discovery:discover_packages(ignore) using defaults
[0.457s] Level 1:colcon.colcon_core.package_discovery:discover_packages(path) discover
[0.457s] Level 1:colcon.colcon_core.package_discovery:discover_packages(path) using defaults
[0.479s] Level 1:colcon.colcon_core.package_discovery:discover_packages(prefix_path) check parameters
[0.479s] Level 1:colcon.colcon_core.package_discovery:discover_packages(prefix_path) discover
[0.495s] DEBUG:colcon.colcon_installed_package_information.package_discovery:Found 14 installed packages in /bigdata/thao/franka_ros2_ws/install
[0.497s] DEBUG:colcon.colcon_installed_package_information.package_discovery:Found 336 installed packages in /opt/ros/humble
[0.499s] Level 1:colcon.colcon_core.package_discovery:discover_packages(prefix_path) using defaults
[0.581s] Level 5:colcon.colcon_core.verb:set package 'location_pub' build argument 'cmake_args' from command line to 'None'
[0.581s] Level 5:colcon.colcon_core.verb:set package 'location_pub' build argument 'cmake_target' from command line to 'None'
[0.581s] Level 5:colcon.colcon_core.verb:set package 'location_pub' build argument 'cmake_target_skip_unavailable' from command line to 'False'
[0.582s] Level 5:colcon.colcon_core.verb:set package 'location_pub' build argument 'cmake_clean_cache' from command line to 'False'
[0.582s] Level 5:colcon.colcon_core.verb:set package 'location_pub' build argument 'cmake_clean_first' from command line to 'False'
[0.582s] Level 5:colcon.colcon_core.verb:set package 'location_pub' build argument 'cmake_force_configure' from command line to 'False'
[0.582s] Level 5:colcon.colcon_core.verb:set package 'location_pub' build argument 'ament_cmake_args' from command line to 'None'
[0.582s] Level 5:colcon.colcon_core.verb:set package 'location_pub' build argument 'catkin_cmake_args' from command line to 'None'
[0.582s] Level 5:colcon.colcon_core.verb:set package 'location_pub' build argument 'catkin_skip_building_tests' from command line to 'False'
[0.582s] DEBUG:colcon.colcon_core.verb:Building package 'location_pub' with the following arguments: {'ament_cmake_args': None, 'build_base': '/homes/obluman/Robotics_Lab/ros2_ws/build/location_pub', 'catkin_cmake_args': None, 'catkin_skip_building_tests': False, 'cmake_args': None, 'cmake_clean_cache': False, 'cmake_clean_first': False, 'cmake_force_configure': False, 'cmake_target': None, 'cmake_target_skip_unavailable': False, 'install_base': '/homes/obluman/Robotics_Lab/ros2_ws/install/location_pub', 'merge_install': False, 'path': '/homes/obluman/Robotics_Lab/ros2_ws/src/location_pub', 'symlink_install': False, 'test_result_base': None}
[0.582s] Level 5:colcon.colcon_core.verb:set package 'rgbd_process' build argument 'cmake_args' from command line to 'None'
[0.582s] Level 5:colcon.colcon_core.verb:set package 'rgbd_process' build argument 'cmake_target' from command line to 'None'
[0.582s] Level 5:colcon.colcon_core.verb:set package 'rgbd_process' build argument 'cmake_target_skip_unavailable' from command line to 'False'
[0.582s] Level 5:colcon.colcon_core.verb:set package 'rgbd_process' build argument 'cmake_clean_cache' from command line to 'False'
[0.582s] Level 5:colcon.colcon_core.verb:set package 'rgbd_process' build argument 'cmake_clean_first' from command line to 'False'
[0.582s] Level 5:colcon.colcon_core.verb:set package 'rgbd_process' build argument 'cmake_force_configure' from command line to 'False'
[0.582s] Level 5:colcon.colcon_core.verb:set package 'rgbd_process' build argument 'ament_cmake_args' from command line to 'None'
[0.582s] Level 5:colcon.colcon_core.verb:set package 'rgbd_process' build argument 'catkin_cmake_args' from command line to 'None'
[0.582s] Level 5:colcon.colcon_core.verb:set package 'rgbd_process' build argument 'catkin_skip_building_tests' from command line to 'False'
[0.582s] DEBUG:colcon.colcon_core.verb:Building package 'rgbd_process' with the following arguments: {'ament_cmake_args': None, 'build_base': '/homes/obluman/Robotics_Lab/ros2_ws/build/rgbd_process', 'catkin_cmake_args': None, 'catkin_skip_building_tests': False, 'cmake_args': None, 'cmake_clean_cache': False, 'cmake_clean_first': False, 'cmake_force_configure': False, 'cmake_target': None, 'cmake_target_skip_unavailable': False, 'install_base': '/homes/obluman/Robotics_Lab/ros2_ws/install/rgbd_process', 'merge_install': False, 'path': '/homes/obluman/Robotics_Lab/ros2_ws/src/rgbd_process', 'symlink_install': False, 'test_result_base': None}
[0.583s] Level 5:colcon.colcon_core.verb:set package 'server_client' build argument 'cmake_args' from command line to 'None'
[0.583s] Level 5:colcon.colcon_core.verb:set package 'server_client' build argument 'cmake_target' from command line to 'None'
[0.583s] Level 5:colcon.colcon_core.verb:set package 'server_client' build argument 'cmake_target_skip_unavailable' from command line to 'False'
[0.583s] Level 5:colcon.colcon_core.verb:set package 'server_client' build argument 'cmake_clean_cache' from command line to 'False'
[0.583s] Level 5:colcon.colcon_core.verb:set package 'server_client' build argument 'cmake_clean_first' from command line to 'False'
[0.583s] Level 5:colcon.colcon_core.verb:set package 'server_client' build argument 'cmake_force_configure' from command line to 'False'
[0.583s] Level 5:colcon.colcon_core.verb:set package 'server_client' build argument 'ament_cmake_args' from command line to 'None'
[0.583s] Level 5:colcon.colcon_core.verb:set package 'server_client' build argument 'catkin_cmake_args' from command line to 'None'
[0.583s] Level 5:colcon.colcon_core.verb:set package 'server_client' build argument 'catkin_skip_building_tests' from command line to 'False'
[0.583s] DEBUG:colcon.colcon_core.verb:Building package 'server_client' with the following arguments: {'ament_cmake_args': None, 'build_base': '/homes/obluman/Robotics_Lab/ros2_ws/build/server_client', 'catkin_cmake_args': None, 'catkin_skip_building_tests': False, 'cmake_args': None, 'cmake_clean_cache': False, 'cmake_clean_first': False, 'cmake_force_configure': False, 'cmake_target': None, 'cmake_target_skip_unavailable': False, 'install_base': '/homes/obluman/Robotics_Lab/ros2_ws/install/server_client', 'merge_install': False, 'path': '/homes/obluman/Robotics_Lab/ros2_ws/src/server_client', 'symlink_install': False, 'test_result_base': None}
[0.583s] Level 5:colcon.colcon_core.verb:set package 'talker_listener' build argument 'cmake_args' from command line to 'None'
[0.583s] Level 5:colcon.colcon_core.verb:set package 'talker_listener' build argument 'cmake_target' from command line to 'None'
[0.583s] Level 5:colcon.colcon_core.verb:set package 'talker_listener' build argument 'cmake_target_skip_unavailable' from command line to 'False'
[0.583s] Level 5:colcon.colcon_core.verb:set package 'talker_listener' build argument 'cmake_clean_cache' from command line to 'False'
[0.583s] Level 5:colcon.colcon_core.verb:set package 'talker_listener' build argument 'cmake_clean_first' from command line to 'False'
[0.583s] Level 5:colcon.colcon_core.verb:set package 'talker_listener' build argument 'cmake_force_configure' from command line to 'False'
[0.583s] Level 5:colcon.colcon_core.verb:set package 'talker_listener' build argument 'ament_cmake_args' from command line to 'None'
[0.583s] Level 5:colcon.colcon_core.verb:set package 'talker_listener' build argument 'catkin_cmake_args' from command line to 'None'
[0.583s] Level 5:colcon.colcon_core.verb:set package 'talker_listener' build argument 'catkin_skip_building_tests' from command line to 'False'
[0.583s] DEBUG:colcon.colcon_core.verb:Building package 'talker_listener' with the following arguments: {'ament_cmake_args': None, 'build_base': '/homes/obluman/Robotics_Lab/ros2_ws/build/talker_listener', 'catkin_cmake_args': None, 'catkin_skip_building_tests': False, 'cmake_args': None, 'cmake_clean_cache': False, 'cmake_clean_first': False, 'cmake_force_configure': False, 'cmake_target': None, 'cmake_target_skip_unavailable': False, 'install_base': '/homes/obluman/Robotics_Lab/ros2_ws/install/talker_listener', 'merge_install': False, 'path': '/homes/obluman/Robotics_Lab/ros2_ws/src/talker_listener', 'symlink_install': False, 'test_result_base': None}
[0.583s] INFO:colcon.colcon_core.executor:Executing jobs using 'parallel' executor
[0.584s] DEBUG:colcon.colcon_parallel_executor.executor.parallel:run_until_complete
[0.584s] INFO:colcon.colcon_ros.task.ament_python.build:Building ROS package in '/homes/obluman/Robotics_Lab/ros2_ws/src/location_pub' with build type 'ament_python'
[0.584s] Level 1:colcon.colcon_core.shell:create_environment_hook('location_pub', 'ament_prefix_path')
[0.586s] INFO:colcon.colcon_core.plugin_system:Skipping extension 'colcon_core.shell.bat': Not used on non-Windows systems
[0.587s] INFO:colcon.colcon_core.shell:Creating environment hook '/homes/obluman/Robotics_Lab/ros2_ws/install/location_pub/share/location_pub/hook/ament_prefix_path.ps1'
[0.589s] INFO:colcon.colcon_core.shell:Creating environment descriptor '/homes/obluman/Robotics_Lab/ros2_ws/install/location_pub/share/location_pub/hook/ament_prefix_path.dsv'
[0.591s] INFO:colcon.colcon_core.shell:Creating environment hook '/homes/obluman/Robotics_Lab/ros2_ws/install/location_pub/share/location_pub/hook/ament_prefix_path.sh'
[0.593s] INFO:colcon.colcon_core.shell:Skip shell extension 'powershell' for command environment: Not usable outside of PowerShell
[0.593s] DEBUG:colcon.colcon_core.shell:Skip shell extension 'dsv' for command environment
[0.605s] INFO:colcon.colcon_ros.task.ament_python.build:Building ROS package in '/homes/obluman/Robotics_Lab/ros2_ws/src/rgbd_process' with build type 'ament_python'
[0.605s] Level 1:colcon.colcon_core.shell:create_environment_hook('rgbd_process', 'ament_prefix_path')
[0.605s] INFO:colcon.colcon_core.shell:Creating environment hook '/homes/obluman/Robotics_Lab/ros2_ws/install/rgbd_process/share/rgbd_process/hook/ament_prefix_path.ps1'
[0.608s] INFO:colcon.colcon_core.shell:Creating environment descriptor '/homes/obluman/Robotics_Lab/ros2_ws/install/rgbd_process/share/rgbd_process/hook/ament_prefix_path.dsv'
[0.609s] INFO:colcon.colcon_core.shell:Creating environment hook '/homes/obluman/Robotics_Lab/ros2_ws/install/rgbd_process/share/rgbd_process/hook/ament_prefix_path.sh'
[0.611s] INFO:colcon.colcon_core.shell:Skip shell extension 'powershell' for command environment: Not usable outside of PowerShell
[0.611s] DEBUG:colcon.colcon_core.shell:Skip shell extension 'dsv' for command environment
[0.620s] INFO:colcon.colcon_ros.task.ament_python.build:Building ROS package in '/homes/obluman/Robotics_Lab/ros2_ws/src/server_client' with build type 'ament_python'
[0.620s] Level 1:colcon.colcon_core.shell:create_environment_hook('server_client', 'ament_prefix_path')
[0.620s] INFO:colcon.colcon_core.shell:Creating environment hook '/homes/obluman/Robotics_Lab/ros2_ws/install/server_client/share/server_client/hook/ament_prefix_path.ps1'
[0.623s] INFO:colcon.colcon_core.shell:Creating environment descriptor '/homes/obluman/Robotics_Lab/ros2_ws/install/server_client/share/server_client/hook/ament_prefix_path.dsv'
[0.624s] INFO:colcon.colcon_core.shell:Creating environment hook '/homes/obluman/Robotics_Lab/ros2_ws/install/server_client/share/server_client/hook/ament_prefix_path.sh'
[0.626s] INFO:colcon.colcon_core.shell:Skip shell extension 'powershell' for command environment: Not usable outside of PowerShell
[0.626s] DEBUG:colcon.colcon_core.shell:Skip shell extension 'dsv' for command environment
[0.634s] INFO:colcon.colcon_ros.task.ament_python.build:Building ROS package in '/homes/obluman/Robotics_Lab/ros2_ws/src/talker_listener' with build type 'ament_python'
[0.634s] Level 1:colcon.colcon_core.shell:create_environment_hook('talker_listener', 'ament_prefix_path')
[0.635s] INFO:colcon.colcon_core.shell:Creating environment hook '/homes/obluman/Robotics_Lab/ros2_ws/install/talker_listener/share/talker_listener/hook/ament_prefix_path.ps1'
[0.637s] INFO:colcon.colcon_core.shell:Creating environment descriptor '/homes/obluman/Robotics_Lab/ros2_ws/install/talker_listener/share/talker_listener/hook/ament_prefix_path.dsv'
[0.639s] INFO:colcon.colcon_core.shell:Creating environment hook '/homes/obluman/Robotics_Lab/ros2_ws/install/talker_listener/share/talker_listener/hook/ament_prefix_path.sh'
[0.641s] INFO:colcon.colcon_core.shell:Skip shell extension 'powershell' for command environment: Not usable outside of PowerShell
[0.641s] DEBUG:colcon.colcon_core.shell:Skip shell extension 'dsv' for command environment
[0.977s] INFO:colcon.colcon_core.task.python.build:Building Python package in '/homes/obluman/Robotics_Lab/ros2_ws/src/location_pub'
[0.977s] INFO:colcon.colcon_core.shell:Skip shell extension 'powershell' for command environment: Not usable outside of PowerShell
[0.977s] DEBUG:colcon.colcon_core.shell:Skip shell extension 'dsv' for command environment
[1.303s] INFO:colcon.colcon_core.task.python.build:Building Python package in '/homes/obluman/Robotics_Lab/ros2_ws/src/rgbd_process'
[1.303s] INFO:colcon.colcon_core.shell:Skip shell extension 'powershell' for command environment: Not usable outside of PowerShell
[1.303s] DEBUG:colcon.colcon_core.shell:Skip shell extension 'dsv' for command environment
[1.666s] INFO:colcon.colcon_core.task.python.build:Building Python package in '/homes/obluman/Robotics_Lab/ros2_ws/src/server_client'
[1.666s] INFO:colcon.colcon_core.shell:Skip shell extension 'powershell' for command environment: Not usable outside of PowerShell
[1.667s] DEBUG:colcon.colcon_core.shell:Skip shell extension 'dsv' for command environment
[2.092s] INFO:colcon.colcon_core.task.python.build:Building Python package in '/homes/obluman/Robotics_Lab/ros2_ws/src/talker_listener'
[2.092s] INFO:colcon.colcon_core.shell:Skip shell extension 'powershell' for command environment: Not usable outside of PowerShell
[2.093s] DEBUG:colcon.colcon_core.shell:Skip shell extension 'dsv' for command environment
[2.589s] DEBUG:colcon.colcon_core.event_handler.log_command:Invoking command in '/homes/obluman/Robotics_Lab/ros2_ws/src/server_client': PYTHONPATH=/homes/obluman/Robotics_Lab/ros2_ws/build/server_client/prefix_override:/usr/lib/python3/dist-packages/colcon_core/task/python/colcon_distutils_commands:/homes/obluman/Robotics_Lab/ros2_ws/install/server_client/lib/python3.10/site-packages:${PYTHONPATH} /usr/bin/python3 -W ignore:setup.py install is deprecated -W ignore:easy_install command is deprecated setup.py egg_info --egg-base ../../build/server_client build --build-base /homes/obluman/Robotics_Lab/ros2_ws/build/server_client/build install --record /homes/obluman/Robotics_Lab/ros2_ws/build/server_client/install.log --single-version-externally-managed install_data
[2.596s] DEBUG:colcon.colcon_core.event_handler.log_command:Invoking command in '/homes/obluman/Robotics_Lab/ros2_ws/src/talker_listener': PYTHONPATH=/homes/obluman/Robotics_Lab/ros2_ws/build/talker_listener/prefix_override:/usr/lib/python3/dist-packages/colcon_core/task/python/colcon_distutils_commands:/homes/obluman/Robotics_Lab/ros2_ws/install/talker_listener/lib/python3.10/site-packages:${PYTHONPATH} /usr/bin/python3 -W ignore:setup.py install is deprecated -W ignore:easy_install command is deprecated setup.py egg_info --egg-base ../../build/talker_listener build --build-base /homes/obluman/Robotics_Lab/ros2_ws/build/talker_listener/build install --record /homes/obluman/Robotics_Lab/ros2_ws/build/talker_listener/install.log --single-version-externally-managed install_data
[2.716s] DEBUG:colcon.colcon_core.event_handler.log_command:Invoking command in '/homes/obluman/Robotics_Lab/ros2_ws/src/location_pub': PYTHONPATH=/homes/obluman/Robotics_Lab/ros2_ws/build/location_pub/prefix_override:/usr/lib/python3/dist-packages/colcon_core/task/python/colcon_distutils_commands:/homes/obluman/Robotics_Lab/ros2_ws/install/location_pub/lib/python3.10/site-packages:${PYTHONPATH} /usr/bin/python3 -W ignore:setup.py install is deprecated -W ignore:easy_install command is deprecated setup.py egg_info --egg-base ../../build/location_pub build --build-base /homes/obluman/Robotics_Lab/ros2_ws/build/location_pub/build install --record /homes/obluman/Robotics_Lab/ros2_ws/build/location_pub/install.log --single-version-externally-managed install_data
[2.751s] DEBUG:colcon.colcon_core.event_handler.log_command:Invoking command in '/homes/obluman/Robotics_Lab/ros2_ws/src/rgbd_process': PYTHONPATH=/homes/obluman/Robotics_Lab/ros2_ws/build/rgbd_process/prefix_override:/usr/lib/python3/dist-packages/colcon_core/task/python/colcon_distutils_commands:/homes/obluman/Robotics_Lab/ros2_ws/install/rgbd_process/lib/python3.10/site-packages:${PYTHONPATH} /usr/bin/python3 -W ignore:setup.py install is deprecated -W ignore:easy_install command is deprecated setup.py egg_info --egg-base ../../build/rgbd_process build --build-base /homes/obluman/Robotics_Lab/ros2_ws/build/rgbd_process/build install --record /homes/obluman/Robotics_Lab/ros2_ws/build/rgbd_process/install.log --single-version-externally-managed install_data
[3.294s] DEBUG:colcon.colcon_core.event_handler.log_command:Invoked command in '/homes/obluman/Robotics_Lab/ros2_ws/src/talker_listener' returned '0': PYTHONPATH=/homes/obluman/Robotics_Lab/ros2_ws/build/talker_listener/prefix_override:/usr/lib/python3/dist-packages/colcon_core/task/python/colcon_distutils_commands:/homes/obluman/Robotics_Lab/ros2_ws/install/talker_listener/lib/python3.10/site-packages:${PYTHONPATH} /usr/bin/python3 -W ignore:setup.py install is deprecated -W ignore:easy_install command is deprecated setup.py egg_info --egg-base ../../build/talker_listener build --build-base /homes/obluman/Robotics_Lab/ros2_ws/build/talker_listener/build install --record /homes/obluman/Robotics_Lab/ros2_ws/build/talker_listener/install.log --single-version-externally-managed install_data
[3.296s] Level 1:colcon.colcon_core.environment:checking '/homes/obluman/Robotics_Lab/ros2_ws/install/talker_listener' for CMake module files
[3.298s] Level 1:colcon.colcon_core.environment:checking '/homes/obluman/Robotics_Lab/ros2_ws/install/talker_listener' for CMake config files
[3.303s] Level 1:colcon.colcon_core.environment:checking '/homes/obluman/Robotics_Lab/ros2_ws/install/talker_listener/lib'
[3.303s] Level 1:colcon.colcon_core.environment:checking '/homes/obluman/Robotics_Lab/ros2_ws/install/talker_listener/bin'
[3.303s] Level 1:colcon.colcon_core.environment:checking '/homes/obluman/Robotics_Lab/ros2_ws/install/talker_listener/lib/pkgconfig/talker_listener.pc'
[3.304s] Level 1:colcon.colcon_core.environment:checking '/homes/obluman/Robotics_Lab/ros2_ws/install/talker_listener/lib/python3.10/site-packages'
[3.304s] Level 1:colcon.colcon_core.shell:create_environment_hook('talker_listener', 'pythonpath')
[3.305s] INFO:colcon.colcon_core.shell:Creating environment hook '/homes/obluman/Robotics_Lab/ros2_ws/install/talker_listener/share/talker_listener/hook/pythonpath.ps1'
[3.307s] INFO:colcon.colcon_core.shell:Creating environment descriptor '/homes/obluman/Robotics_Lab/ros2_ws/install/talker_listener/share/talker_listener/hook/pythonpath.dsv'
[3.308s] INFO:colcon.colcon_core.shell:Creating environment hook '/homes/obluman/Robotics_Lab/ros2_ws/install/talker_listener/share/talker_listener/hook/pythonpath.sh'
[3.311s] Level 1:colcon.colcon_core.environment:checking '/homes/obluman/Robotics_Lab/ros2_ws/install/talker_listener/bin'
[3.311s] Level 1:colcon.colcon_core.environment:create_environment_scripts_only(talker_listener)
[3.311s] INFO:colcon.colcon_core.shell:Creating package script '/homes/obluman/Robotics_Lab/ros2_ws/install/talker_listener/share/talker_listener/package.ps1'
[3.314s] INFO:colcon.colcon_core.shell:Creating package descriptor '/homes/obluman/Robotics_Lab/ros2_ws/install/talker_listener/share/talker_listener/package.dsv'
[3.316s] INFO:colcon.colcon_core.shell:Creating package script '/homes/obluman/Robotics_Lab/ros2_ws/install/talker_listener/share/talker_listener/package.sh'
[3.318s] INFO:colcon.colcon_core.shell:Creating package script '/homes/obluman/Robotics_Lab/ros2_ws/install/talker_listener/share/talker_listener/package.bash'
[3.319s] INFO:colcon.colcon_core.shell:Creating package script '/homes/obluman/Robotics_Lab/ros2_ws/install/talker_listener/share/talker_listener/package.zsh'
[3.321s] Level 1:colcon.colcon_core.environment:create_file_with_runtime_dependencies(/homes/obluman/Robotics_Lab/ros2_ws/install/talker_listener/share/colcon-core/packages/talker_listener)
[3.324s] Level 1:colcon.colcon_core.environment:checking '/homes/obluman/Robotics_Lab/ros2_ws/install/location_pub' for CMake module files
[3.325s] Level 1:colcon.colcon_core.environment:checking '/homes/obluman/Robotics_Lab/ros2_ws/install/location_pub' for CMake config files
[3.327s] DEBUG:colcon.colcon_core.event_handler.log_command:Invoked command in '/homes/obluman/Robotics_Lab/ros2_ws/src/location_pub' returned '0': PYTHONPATH=/homes/obluman/Robotics_Lab/ros2_ws/build/location_pub/prefix_override:/usr/lib/python3/dist-packages/colcon_core/task/python/colcon_distutils_commands:/homes/obluman/Robotics_Lab/ros2_ws/install/location_pub/lib/python3.10/site-packages:${PYTHONPATH} /usr/bin/python3 -W ignore:setup.py install is deprecated -W ignore:easy_install command is deprecated setup.py egg_info --egg-base ../../build/location_pub build --build-base /homes/obluman/Robotics_Lab/ros2_ws/build/location_pub/build install --record /homes/obluman/Robotics_Lab/ros2_ws/build/location_pub/install.log --single-version-externally-managed install_data
[3.331s] Level 1:colcon.colcon_core.environment:checking '/homes/obluman/Robotics_Lab/ros2_ws/install/location_pub/lib'
[3.331s] Level 1:colcon.colcon_core.environment:checking '/homes/obluman/Robotics_Lab/ros2_ws/install/location_pub/bin'
[3.331s] Level 1:colcon.colcon_core.environment:checking '/homes/obluman/Robotics_Lab/ros2_ws/install/location_pub/lib/pkgconfig/location_pub.pc'
[3.332s] Level 1:colcon.colcon_core.environment:checking '/homes/obluman/Robotics_Lab/ros2_ws/install/location_pub/lib/python3.10/site-packages'
[3.332s] Level 1:colcon.colcon_core.shell:create_environment_hook('location_pub', 'pythonpath')
[3.332s] INFO:colcon.colcon_core.shell:Creating environment hook '/homes/obluman/Robotics_Lab/ros2_ws/install/location_pub/share/location_pub/hook/pythonpath.ps1'
[3.334s] INFO:colcon.colcon_core.shell:Creating environment descriptor '/homes/obluman/Robotics_Lab/ros2_ws/install/location_pub/share/location_pub/hook/pythonpath.dsv'
[3.336s] INFO:colcon.colcon_core.shell:Creating environment hook '/homes/obluman/Robotics_Lab/ros2_ws/install/location_pub/share/location_pub/hook/pythonpath.sh'
[3.337s] Level 1:colcon.colcon_core.environment:checking '/homes/obluman/Robotics_Lab/ros2_ws/install/location_pub/bin'
[3.337s] Level 1:colcon.colcon_core.environment:create_environment_scripts_only(location_pub)
[3.338s] INFO:colcon.colcon_core.shell:Creating package script '/homes/obluman/Robotics_Lab/ros2_ws/install/location_pub/share/location_pub/package.ps1'
[3.339s] INFO:colcon.colcon_core.shell:Creating package descriptor '/homes/obluman/Robotics_Lab/ros2_ws/install/location_pub/share/location_pub/package.dsv'
[3.340s] INFO:colcon.colcon_core.shell:Creating package script '/homes/obluman/Robotics_Lab/ros2_ws/install/location_pub/share/location_pub/package.sh'
[3.342s] INFO:colcon.colcon_core.shell:Creating package script '/homes/obluman/Robotics_Lab/ros2_ws/install/location_pub/share/location_pub/package.bash'
[3.343s] INFO:colcon.colcon_core.shell:Creating package script '/homes/obluman/Robotics_Lab/ros2_ws/install/location_pub/share/location_pub/package.zsh'
[3.345s] Level 1:colcon.colcon_core.environment:create_file_with_runtime_dependencies(/homes/obluman/Robotics_Lab/ros2_ws/install/location_pub/share/colcon-core/packages/location_pub)
[3.455s] Level 1:colcon.colcon_core.environment:checking '/homes/obluman/Robotics_Lab/ros2_ws/install/server_client' for CMake module files
[3.457s] Level 1:colcon.colcon_core.environment:checking '/homes/obluman/Robotics_Lab/ros2_ws/install/server_client' for CMake config files
[3.460s] DEBUG:colcon.colcon_core.event_handler.log_command:Invoked command in '/homes/obluman/Robotics_Lab/ros2_ws/src/server_client' returned '0': PYTHONPATH=/homes/obluman/Robotics_Lab/ros2_ws/build/server_client/prefix_override:/usr/lib/python3/dist-packages/colcon_core/task/python/colcon_distutils_commands:/homes/obluman/Robotics_Lab/ros2_ws/install/server_client/lib/python3.10/site-packages:${PYTHONPATH} /usr/bin/python3 -W ignore:setup.py install is deprecated -W ignore:easy_install command is deprecated setup.py egg_info --egg-base ../../build/server_client build --build-base /homes/obluman/Robotics_Lab/ros2_ws/build/server_client/build install --record /homes/obluman/Robotics_Lab/ros2_ws/build/server_client/install.log --single-version-externally-managed install_data
[3.464s] Level 1:colcon.colcon_core.environment:checking '/homes/obluman/Robotics_Lab/ros2_ws/install/server_client/lib'
[3.464s] Level 1:colcon.colcon_core.environment:checking '/homes/obluman/Robotics_Lab/ros2_ws/install/server_client/bin'
[3.464s] Level 1:colcon.colcon_core.environment:checking '/homes/obluman/Robotics_Lab/ros2_ws/install/server_client/lib/pkgconfig/server_client.pc'
[3.464s] Level 1:colcon.colcon_core.environment:checking '/homes/obluman/Robotics_Lab/ros2_ws/install/server_client/lib/python3.10/site-packages'
[3.465s] Level 1:colcon.colcon_core.shell:create_environment_hook('server_client', 'pythonpath')
[3.465s] INFO:colcon.colcon_core.shell:Creating environment hook '/homes/obluman/Robotics_Lab/ros2_ws/install/server_client/share/server_client/hook/pythonpath.ps1'
[3.467s] INFO:colcon.colcon_core.shell:Creating environment descriptor '/homes/obluman/Robotics_Lab/ros2_ws/install/server_client/share/server_client/hook/pythonpath.dsv'
[3.469s] INFO:colcon.colcon_core.shell:Creating environment hook '/homes/obluman/Robotics_Lab/ros2_ws/install/server_client/share/server_client/hook/pythonpath.sh'
[3.472s] Level 1:colcon.colcon_core.environment:checking '/homes/obluman/Robotics_Lab/ros2_ws/install/server_client/bin'
[3.472s] Level 1:colcon.colcon_core.environment:create_environment_scripts_only(server_client)
[3.472s] INFO:colcon.colcon_core.shell:Creating package script '/homes/obluman/Robotics_Lab/ros2_ws/install/server_client/share/server_client/package.ps1'
[3.475s] INFO:colcon.colcon_core.shell:Creating package descriptor '/homes/obluman/Robotics_Lab/ros2_ws/install/server_client/share/server_client/package.dsv'
[3.477s] INFO:colcon.colcon_core.shell:Creating package script '/homes/obluman/Robotics_Lab/ros2_ws/install/server_client/share/server_client/package.sh'
[3.479s] INFO:colcon.colcon_core.shell:Creating package script '/homes/obluman/Robotics_Lab/ros2_ws/install/server_client/share/server_client/package.bash'
[3.481s] INFO:colcon.colcon_core.shell:Creating package script '/homes/obluman/Robotics_Lab/ros2_ws/install/server_client/share/server_client/package.zsh'
[3.483s] Level 1:colcon.colcon_core.environment:create_file_with_runtime_dependencies(/homes/obluman/Robotics_Lab/ros2_ws/install/server_client/share/colcon-core/packages/server_client)
[3.485s] Level 1:colcon.colcon_core.environment:checking '/homes/obluman/Robotics_Lab/ros2_ws/install/rgbd_process' for CMake module files
[3.488s] Level 1:colcon.colcon_core.environment:checking '/homes/obluman/Robotics_Lab/ros2_ws/install/rgbd_process' for CMake config files
[3.491s] DEBUG:colcon.colcon_core.event_handler.log_command:Invoked command in '/homes/obluman/Robotics_Lab/ros2_ws/src/rgbd_process' returned '0': PYTHONPATH=/homes/obluman/Robotics_Lab/ros2_ws/build/rgbd_process/prefix_override:/usr/lib/python3/dist-packages/colcon_core/task/python/colcon_distutils_commands:/homes/obluman/Robotics_Lab/ros2_ws/install/rgbd_process/lib/python3.10/site-packages:${PYTHONPATH} /usr/bin/python3 -W ignore:setup.py install is deprecated -W ignore:easy_install command is deprecated setup.py egg_info --egg-base ../../build/rgbd_process build --build-base /homes/obluman/Robotics_Lab/ros2_ws/build/rgbd_process/build install --record /homes/obluman/Robotics_Lab/ros2_ws/build/rgbd_process/install.log --single-version-externally-managed install_data
[3.496s] Level 1:colcon.colcon_core.environment:checking '/homes/obluman/Robotics_Lab/ros2_ws/install/rgbd_process/lib'
[3.496s] Level 1:colcon.colcon_core.environment:checking '/homes/obluman/Robotics_Lab/ros2_ws/install/rgbd_process/bin'
[3.497s] Level 1:colcon.colcon_core.environment:checking '/homes/obluman/Robotics_Lab/ros2_ws/install/rgbd_process/lib/pkgconfig/rgbd_process.pc'
[3.497s] Level 1:colcon.colcon_core.environment:checking '/homes/obluman/Robotics_Lab/ros2_ws/install/rgbd_process/lib/python3.10/site-packages'
[3.497s] Level 1:colcon.colcon_core.shell:create_environment_hook('rgbd_process', 'pythonpath')
[3.498s] INFO:colcon.colcon_core.shell:Creating environment hook '/homes/obluman/Robotics_Lab/ros2_ws/install/rgbd_process/share/rgbd_process/hook/pythonpath.ps1'
[3.500s] INFO:colcon.colcon_core.shell:Creating environment descriptor '/homes/obluman/Robotics_Lab/ros2_ws/install/rgbd_process/share/rgbd_process/hook/pythonpath.dsv'
[3.503s] INFO:colcon.colcon_core.shell:Creating environment hook '/homes/obluman/Robotics_Lab/ros2_ws/install/rgbd_process/share/rgbd_process/hook/pythonpath.sh'
[3.506s] Level 1:colcon.colcon_core.environment:checking '/homes/obluman/Robotics_Lab/ros2_ws/install/rgbd_process/bin'
[3.506s] Level 1:colcon.colcon_core.environment:create_environment_scripts_only(rgbd_process)
[3.507s] INFO:colcon.colcon_core.shell:Creating package script '/homes/obluman/Robotics_Lab/ros2_ws/install/rgbd_process/share/rgbd_process/package.ps1'
[3.509s] INFO:colcon.colcon_core.shell:Creating package descriptor '/homes/obluman/Robotics_Lab/ros2_ws/install/rgbd_process/share/rgbd_process/package.dsv'
[3.512s] INFO:colcon.colcon_core.shell:Creating package script '/homes/obluman/Robotics_Lab/ros2_ws/install/rgbd_process/share/rgbd_process/package.sh'
[3.514s] INFO:colcon.colcon_core.shell:Creating package script '/homes/obluman/Robotics_Lab/ros2_ws/install/rgbd_process/share/rgbd_process/package.bash'
[3.516s] INFO:colcon.colcon_core.shell:Creating package script '/homes/obluman/Robotics_Lab/ros2_ws/install/rgbd_process/share/rgbd_process/package.zsh'
[3.519s] Level 1:colcon.colcon_core.environment:create_file_with_runtime_dependencies(/homes/obluman/Robotics_Lab/ros2_ws/install/rgbd_process/share/colcon-core/packages/rgbd_process)
[3.520s] DEBUG:colcon.colcon_parallel_executor.executor.parallel:closing loop
[3.521s] DEBUG:colcon.colcon_parallel_executor.executor.parallel:loop closed
[3.521s] DEBUG:colcon.colcon_parallel_executor.executor.parallel:run_until_complete finished with '0'
[3.521s] DEBUG:colcon.colcon_core.event_reactor:joining thread
[3.536s] INFO:colcon.colcon_core.plugin_system:Skipping extension 'colcon_notification.desktop_notification.terminal_notifier': Not used on non-Darwin systems
[3.536s] INFO:colcon.colcon_core.plugin_system:Skipping extension 'colcon_notification.desktop_notification.win32': Not used on non-Windows systems
[3.536s] INFO:colcon.colcon_notification.desktop_notification:Sending desktop notification using 'notify2'
[3.882s] DEBUG:colcon.colcon_notification.desktop_notification.notify2:Failed to initialize notify2: org.freedesktop.DBus.Error.ServiceUnknown: The name org.freedesktop.Notifications was not provided by any .service files
[3.883s] DEBUG:colcon.colcon_core.event_reactor:joined thread
[3.885s] INFO:colcon.colcon_core.shell:Creating prefix script '/homes/obluman/Robotics_Lab/ros2_ws/install/local_setup.ps1'
[3.890s] INFO:colcon.colcon_core.shell:Creating prefix util module '/homes/obluman/Robotics_Lab/ros2_ws/install/_local_setup_util_ps1.py'
[3.893s] INFO:colcon.colcon_core.shell:Creating prefix chain script '/homes/obluman/Robotics_Lab/ros2_ws/install/setup.ps1'
[3.899s] INFO:colcon.colcon_core.shell:Creating prefix script '/homes/obluman/Robotics_Lab/ros2_ws/install/local_setup.sh'
[3.900s] INFO:colcon.colcon_core.shell:Creating prefix util module '/homes/obluman/Robotics_Lab/ros2_ws/install/_local_setup_util_sh.py'
[3.903s] INFO:colcon.colcon_core.shell:Creating prefix chain script '/homes/obluman/Robotics_Lab/ros2_ws/install/setup.sh'
[3.909s] INFO:colcon.colcon_core.shell:Creating prefix script '/homes/obluman/Robotics_Lab/ros2_ws/install/local_setup.bash'
[3.911s] INFO:colcon.colcon_core.shell:Creating prefix chain script '/homes/obluman/Robotics_Lab/ros2_ws/install/setup.bash'
[3.917s] INFO:colcon.colcon_core.shell:Creating prefix script '/homes/obluman/Robotics_Lab/ros2_ws/install/local_setup.zsh'
[3.919s] INFO:colcon.colcon_core.shell:Creating prefix chain script '/homes/obluman/Robotics_Lab/ros2_ws/install/setup.zsh'
