[35m[1mConsolidate compiler generated dependencies of target custom_controller[0m
[ 50%] [32mBuilding CXX object CMakeFiles/custom_controller.dir/src/custom_controller.cpp.o[0m
[01m[K/homes/obluman/robotics_ws/src/custom_controller/src/custom_controller.cpp:[m[K In lambda function:
[01m[K/homes/obluman/robotics_ws/src/custom_controller/src/custom_controller.cpp:58:90:[m[K [01;35m[Kwarning: [m[Kunused parameter ‘[01m[Kresult[m[K’ [[01;35m[K]8;;https://gcc.gnu.org/onlinedocs/gcc/Warning-Options.html#index-Wunused-parameter-Wunused-parameter]8;;[m[K]
   58 |       grasp_goal_options.result_callback = [this]([01;35m[Kconst GraspGoalHandle::WrappedResult & result[m[K) {
      |                                                   [01;35m[K~~~~~~~~~~~~~~~~~~~~~~~~~~~~~~~~~~~~~~~^~~~~~[m[K
[01m[K/homes/obluman/robotics_ws/src/custom_controller/src/custom_controller.cpp:[m[K In lambda function:
[01m[K/homes/obluman/robotics_ws/src/custom_controller/src/custom_controller.cpp:47:86:[m[K [01;35m[Kwarning: [m[Kunused parameter ‘[01m[Kresult[m[K’ [[01;35m[K]8;;https://gcc.gnu.org/onlinedocs/gcc/Warning-Options.html#index-Wunused-parameter-Wunused-parameter]8;;[m[K]
   47 |     move_goal_options.result_callback = [this]([01;35m[Kconst MoveGoalHandle::WrappedResult & result[m[K) {
      |                                                [01;35m[K~~~~~~~~~~~~~~~~~~~~~~~~~~~~~~~~~~~~~~^~~~~~[m[K
[100%] [32m[1mLinking CXX executable custom_controller[0m
[100%] Built target custom_controller
-- Install configuration: ""
-- Installing: /homes/obluman/robotics_ws/install/custom_controller/lib/custom_controller/custom_controller
-- Set runtime path of "/homes/obluman/robotics_ws/install/custom_controller/lib/custom_controller/custom_controller" to ""
-- Installing: /homes/obluman/robotics_ws/install/custom_controller/share/custom_controller/launch
-- Installing: /homes/obluman/robotics_ws/install/custom_controller/share/custom_controller/launch/custom_controller_launch.py
-- Installing: /homes/obluman/robotics_ws/install/custom_controller/share/ament_index/resource_index/package_run_dependencies/custom_controller
-- Installing: /homes/obluman/robotics_ws/install/custom_controller/share/ament_index/resource_index/parent_prefix_path/custom_controller
-- Installing: /homes/obluman/robotics_ws/install/custom_controller/share/custom_controller/environment/ament_prefix_path.sh
-- Installing: /homes/obluman/robotics_ws/install/custom_controller/share/custom_controller/environment/ament_prefix_path.dsv
-- Installing: /homes/obluman/robotics_ws/install/custom_controller/share/custom_controller/environment/path.sh
-- Installing: /homes/obluman/robotics_ws/install/custom_controller/share/custom_controller/environment/path.dsv
-- Installing: /homes/obluman/robotics_ws/install/custom_controller/share/custom_controller/local_setup.bash
-- Installing: /homes/obluman/robotics_ws/install/custom_controller/share/custom_controller/local_setup.sh
-- Installing: /homes/obluman/robotics_ws/install/custom_controller/share/custom_controller/local_setup.zsh
-- Installing: /homes/obluman/robotics_ws/install/custom_controller/share/custom_controller/local_setup.dsv
-- Installing: /homes/obluman/robotics_ws/install/custom_controller/share/custom_controller/package.dsv
-- Installing: /homes/obluman/robotics_ws/install/custom_controller/share/ament_index/resource_index/packages/custom_controller
-- Installing: /homes/obluman/robotics_ws/install/custom_controller/share/custom_controller/cmake/custom_controllerConfig.cmake
-- Installing: /homes/obluman/robotics_ws/install/custom_controller/share/custom_controller/cmake/custom_controllerConfig-version.cmake
-- Installing: /homes/obluman/robotics_ws/install/custom_controller/share/custom_controller/package.xml
