[35m[1mConsolidate compiler generated dependencies of target custom_controller[0m
[ 50%] [32mBuilding CXX object CMakeFiles/custom_controller.dir/src/custom_controller.cpp.o[0m
[100%] [32m[1mLinking CXX executable custom_controller[0m
[100%] Built target custom_controller
-- Install configuration: ""
-- Installing: /homes/obluman/robotics_ws/install/custom_controller/lib/custom_controller/custom_controller
-- Set runtime path of "/homes/obluman/robotics_ws/install/custom_controller/lib/custom_controller/custom_controller" to ""
-- Installing: /homes/obluman/robotics_ws/install/custom_controller/share/custom_controller/launch
-- Installing: /homes/obluman/robotics_ws/install/custom_controller/share/custom_controller/launch/custom_controller_launch.py
-- Installing: /homes/obluman/robotics_ws/install/custom_controller/share/ament_index/resource_index/package_run_dependencies/custom_controller
-- Installing: /homes/obluman/robotics_ws/install/custom_controller/share/ament_index/resource_index/parent_prefix_path/custom_controller
-- Installing: /homes/obluman/robotics_ws/install/custom_controller/share/custom_controller/environment/ament_prefix_path.sh
-- Installing: /homes/obluman/robotics_ws/install/custom_controller/share/custom_controller/environment/ament_prefix_path.dsv
-- Installing: /homes/obluman/robotics_ws/install/custom_controller/share/custom_controller/environment/path.sh
-- Installing: /homes/obluman/robotics_ws/install/custom_controller/share/custom_controller/environment/path.dsv
-- Installing: /homes/obluman/robotics_ws/install/custom_controller/share/custom_controller/local_setup.bash
-- Installing: /homes/obluman/robotics_ws/install/custom_controller/share/custom_controller/local_setup.sh
-- Installing: /homes/obluman/robotics_ws/install/custom_controller/share/custom_controller/local_setup.zsh
-- Installing: /homes/obluman/robotics_ws/install/custom_controller/share/custom_controller/local_setup.dsv
-- Installing: /homes/obluman/robotics_ws/install/custom_controller/share/custom_controller/package.dsv
-- Installing: /homes/obluman/robotics_ws/install/custom_controller/share/ament_index/resource_index/packages/custom_controller
-- Installing: /homes/obluman/robotics_ws/install/custom_controller/share/custom_controller/cmake/custom_controllerConfig.cmake
-- Installing: /homes/obluman/robotics_ws/install/custom_controller/share/custom_controller/cmake/custom_controllerConfig-version.cmake
-- Installing: /homes/obluman/robotics_ws/install/custom_controller/share/custom_controller/package.xml
