[1.697s] Invoking command in '/homes/obluman/Robotics_Lab/ros2_ws/src/location_pub': PYTHONPATH=/homes/obluman/Robotics_Lab/ros2_ws/build/location_pub/prefix_override:/usr/lib/python3/dist-packages/colcon_core/task/python/colcon_distutils_commands:/homes/obluman/Robotics_Lab/ros2_ws/install/location_pub/lib/python3.10/site-packages:${PYTHONPATH} /usr/bin/python3 -W ignore:setup.py install is deprecated -W ignore:easy_install command is deprecated setup.py egg_info --egg-base ../../build/location_pub build --build-base /homes/obluman/Robotics_Lab/ros2_ws/build/location_pub/build install --record /homes/obluman/Robotics_Lab/ros2_ws/build/location_pub/install.log --single-version-externally-managed install_data
[1.988s] running egg_info
[1.989s] writing ../../build/location_pub/location_pub.egg-info/PKG-INFO
[1.991s] writing dependency_links to ../../build/location_pub/location_pub.egg-info/dependency_links.txt
[1.992s] writing entry points to ../../build/location_pub/location_pub.egg-info/entry_points.txt
[1.994s] writing requirements to ../../build/location_pub/location_pub.egg-info/requires.txt
[1.995s] writing top-level names to ../../build/location_pub/location_pub.egg-info/top_level.txt
[1.999s] reading manifest file '../../build/location_pub/location_pub.egg-info/SOURCES.txt'
[2.001s] adding license file 'LICENSE'
[2.002s] writing manifest file '../../build/location_pub/location_pub.egg-info/SOURCES.txt'
[2.003s] running build
[2.003s] running build_py
[2.005s] running install
[2.005s] running install_lib
[2.008s] running install_data
[2.010s] running install_egg_info
[2.012s] removing '/homes/obluman/Robotics_Lab/ros2_ws/install/location_pub/lib/python3.10/site-packages/location_pub-0.0.0-py3.10.egg-info' (and everything under it)
[2.014s] Copying ../../build/location_pub/location_pub.egg-info to /homes/obluman/Robotics_Lab/ros2_ws/install/location_pub/lib/python3.10/site-packages/location_pub-0.0.0-py3.10.egg-info
[2.032s] running install_scripts
[2.055s] Installing publisher script to /homes/obluman/Robotics_Lab/ros2_ws/install/location_pub/lib/location_pub
[2.057s] writing list of installed files to '/homes/obluman/Robotics_Lab/ros2_ws/build/location_pub/install.log'
[2.082s] Invoked command in '/homes/obluman/Robotics_Lab/ros2_ws/src/location_pub' returned '0': PYTHONPATH=/homes/obluman/Robotics_Lab/ros2_ws/build/location_pub/prefix_override:/usr/lib/python3/dist-packages/colcon_core/task/python/colcon_distutils_commands:/homes/obluman/Robotics_Lab/ros2_ws/install/location_pub/lib/python3.10/site-packages:${PYTHONPATH} /usr/bin/python3 -W ignore:setup.py install is deprecated -W ignore:easy_install command is deprecated setup.py egg_info --egg-base ../../build/location_pub build --build-base /homes/obluman/Robotics_Lab/ros2_ws/build/location_pub/build install --record /homes/obluman/Robotics_Lab/ros2_ws/build/location_pub/install.log --single-version-externally-managed install_data
