[0.785s] Invoking command in '/homes/tlei/ros2_ws/src/talker_listener': PYTHONPATH=/homes/tlei/ros2_ws/build/talker_listener/prefix_override:/usr/lib/python3/dist-packages/colcon_core/task/python/colcon_distutils_commands:/homes/tlei/ros2_ws/install/talker_listener/lib/python3.10/site-packages:${PYTHONPATH} VIRTUAL_ENV_PROMPT=(.env) /usr/bin/python3 -W ignore:setup.py install is deprecated -W ignore:easy_install command is deprecated setup.py egg_info --egg-base ../../build/talker_listener build --build-base /homes/tlei/ros2_ws/build/talker_listener/build install --record /homes/tlei/ros2_ws/build/talker_listener/install.log --single-version-externally-managed install_data
[1.026s] running egg_info
[1.027s] creating ../../build/talker_listener/talker_listener.egg-info
[1.027s] writing ../../build/talker_listener/talker_listener.egg-info/PKG-INFO
[1.030s] writing dependency_links to ../../build/talker_listener/talker_listener.egg-info/dependency_links.txt
[1.031s] writing entry points to ../../build/talker_listener/talker_listener.egg-info/entry_points.txt
[1.032s] writing requirements to ../../build/talker_listener/talker_listener.egg-info/requires.txt
[1.033s] writing top-level names to ../../build/talker_listener/talker_listener.egg-info/top_level.txt
[1.034s] writing manifest file '../../build/talker_listener/talker_listener.egg-info/SOURCES.txt'
[1.038s] reading manifest file '../../build/talker_listener/talker_listener.egg-info/SOURCES.txt'
[1.040s] writing manifest file '../../build/talker_listener/talker_listener.egg-info/SOURCES.txt'
[1.041s] running build
[1.041s] running build_py
[1.042s] creating /homes/tlei/ros2_ws/build/talker_listener/build
[1.042s] creating /homes/tlei/ros2_ws/build/talker_listener/build/lib
[1.042s] creating /homes/tlei/ros2_ws/build/talker_listener/build/lib/talker_listener
[1.043s] copying talker_listener/__init__.py -> /homes/tlei/ros2_ws/build/talker_listener/build/lib/talker_listener
[1.044s] copying talker_listener/talker_node.py -> /homes/tlei/ros2_ws/build/talker_listener/build/lib/talker_listener
[1.046s] copying talker_listener/listener_node.py -> /homes/tlei/ros2_ws/build/talker_listener/build/lib/talker_listener
[1.048s] running install
[1.048s] running install_lib
[1.050s] creating /homes/tlei/ros2_ws/install/talker_listener/lib/python3.10/site-packages/talker_listener
[1.050s] copying /homes/tlei/ros2_ws/build/talker_listener/build/lib/talker_listener/__init__.py -> /homes/tlei/ros2_ws/install/talker_listener/lib/python3.10/site-packages/talker_listener
[1.052s] copying /homes/tlei/ros2_ws/build/talker_listener/build/lib/talker_listener/talker_node.py -> /homes/tlei/ros2_ws/install/talker_listener/lib/python3.10/site-packages/talker_listener
[1.054s] copying /homes/tlei/ros2_ws/build/talker_listener/build/lib/talker_listener/listener_node.py -> /homes/tlei/ros2_ws/install/talker_listener/lib/python3.10/site-packages/talker_listener
[1.057s] byte-compiling /homes/tlei/ros2_ws/install/talker_listener/lib/python3.10/site-packages/talker_listener/__init__.py to __init__.cpython-310.pyc
[1.059s] byte-compiling /homes/tlei/ros2_ws/install/talker_listener/lib/python3.10/site-packages/talker_listener/talker_node.py to talker_node.cpython-310.pyc
[1.062s] byte-compiling /homes/tlei/ros2_ws/install/talker_listener/lib/python3.10/site-packages/talker_listener/listener_node.py to listener_node.cpython-310.pyc
[1.064s] running install_data
[1.065s] creating /homes/tlei/ros2_ws/install/talker_listener/share/ament_index
[1.065s] creating /homes/tlei/ros2_ws/install/talker_listener/share/ament_index/resource_index
[1.066s] creating /homes/tlei/ros2_ws/install/talker_listener/share/ament_index/resource_index/packages
[1.067s] copying resource/talker_listener -> /homes/tlei/ros2_ws/install/talker_listener/share/ament_index/resource_index/packages
[1.068s] copying package.xml -> /homes/tlei/ros2_ws/install/talker_listener/share/talker_listener
[1.069s] running install_egg_info
[1.072s] Copying ../../build/talker_listener/talker_listener.egg-info to /homes/tlei/ros2_ws/install/talker_listener/lib/python3.10/site-packages/talker_listener-0.0.0-py3.10.egg-info
[1.088s] running install_scripts
[1.108s] Installing listener script to /homes/tlei/ros2_ws/install/talker_listener/lib/talker_listener
[1.109s] Installing talker script to /homes/tlei/ros2_ws/install/talker_listener/lib/talker_listener
[1.111s] writing list of installed files to '/homes/tlei/ros2_ws/build/talker_listener/install.log'
[1.129s] Invoked command in '/homes/tlei/ros2_ws/src/talker_listener' returned '0': PYTHONPATH=/homes/tlei/ros2_ws/build/talker_listener/prefix_override:/usr/lib/python3/dist-packages/colcon_core/task/python/colcon_distutils_commands:/homes/tlei/ros2_ws/install/talker_listener/lib/python3.10/site-packages:${PYTHONPATH} VIRTUAL_ENV_PROMPT=(.env) /usr/bin/python3 -W ignore:setup.py install is deprecated -W ignore:easy_install command is deprecated setup.py egg_info --egg-base ../../build/talker_listener build --build-base /homes/tlei/ros2_ws/build/talker_listener/build install --record /homes/tlei/ros2_ws/build/talker_listener/install.log --single-version-externally-managed install_data
