[0.117s] DEBUG:colcon:Command line arguments: ['/usr/bin/colcon', 'build', '--packages-select', 'server_client']
[0.117s] DEBUG:colcon:Parsed command line arguments: Namespace(log_base=None, log_level=None, verb_name='build', build_base='build', install_base='install', merge_install=False, symlink_install=False, test_result_base=None, continue_on_error=False, executor='parallel', parallel_workers=12, event_handlers=None, ignore_user_meta=False, metas=['./colcon.meta'], base_paths=['.'], packages_ignore=None, packages_ignore_regex=None, paths=None, packages_up_to=None, packages_up_to_regex=None, packages_above=None, packages_above_and_dependencies=None, packages_above_depth=None, packages_select_by_dep=None, packages_skip_by_dep=None, packages_skip_up_to=None, packages_select_build_failed=False, packages_skip_build_finished=False, packages_select_test_failures=False, packages_skip_test_passed=False, packages_select=['server_client'], packages_skip=None, packages_select_regex=None, packages_skip_regex=None, packages_start=None, packages_end=None, allow_overriding=[], cmake_args=None, cmake_target=None, cmake_target_skip_unavailable=False, cmake_clean_cache=False, cmake_clean_first=False, cmake_force_configure=False, ament_cmake_args=None, catkin_cmake_args=None, catkin_skip_building_tests=False, mixin_files=None, mixin=None, verb_parser=<colcon_mixin.mixin.mixin_argument.MixinArgumentDecorator object at 0x741eef0a1090>, verb_extension=<colcon_core.verb.build.BuildVerb object at 0x741eef0a0b20>, main=<bound method BuildVerb.main of <colcon_core.verb.build.BuildVerb object at 0x741eef0a0b20>>, mixin_verb=('build',))
[0.377s] Level 1:colcon.colcon_core.package_discovery:discover_packages(colcon_meta) check parameters
[0.377s] Level 1:colcon.colcon_core.package_discovery:discover_packages(recursive) check parameters
[0.378s] Level 1:colcon.colcon_core.package_discovery:discover_packages(ignore) check parameters
[0.378s] Level 1:colcon.colcon_core.package_discovery:discover_packages(path) check parameters
[0.378s] Level 1:colcon.colcon_core.package_discovery:discover_packages(colcon_meta) discover
[0.379s] Level 1:colcon.colcon_core.package_discovery:discover_packages(recursive) discover
[0.379s] INFO:colcon.colcon_core.package_discovery:Crawling recursively for packages in '/homes/tlei/Robotics_Lab/ros2_ws'
[0.379s] Level 1:colcon.colcon_core.package_identification:_identify(.) by extensions ['ignore', 'ignore_ament_install']
[0.379s] Level 1:colcon.colcon_core.package_identification:_identify(.) by extension 'ignore'
[0.380s] Level 1:colcon.colcon_core.package_identification:_identify(.) by extension 'ignore_ament_install'
[0.380s] Level 1:colcon.colcon_core.package_identification:_identify(.) by extensions ['colcon_pkg']
[0.380s] Level 1:colcon.colcon_core.package_identification:_identify(.) by extension 'colcon_pkg'
[0.380s] Level 1:colcon.colcon_core.package_identification:_identify(.) by extensions ['colcon_meta']
[0.381s] Level 1:colcon.colcon_core.package_identification:_identify(.) by extension 'colcon_meta'
[0.381s] Level 1:colcon.colcon_core.package_identification:_identify(.) by extensions ['ros']
[0.381s] Level 1:colcon.colcon_core.package_identification:_identify(.) by extension 'ros'
[0.402s] Level 1:colcon.colcon_core.package_identification:_identify(.) by extensions ['cmake', 'python']
[0.402s] Level 1:colcon.colcon_core.package_identification:_identify(.) by extension 'cmake'
[0.402s] Level 1:colcon.colcon_core.package_identification:_identify(.) by extension 'python'
[0.403s] Level 1:colcon.colcon_core.package_identification:_identify(.) by extensions ['python_setup_py']
[0.403s] Level 1:colcon.colcon_core.package_identification:_identify(.) by extension 'python_setup_py'
[0.404s] Level 1:colcon.colcon_core.package_identification:_identify(build) by extensions ['ignore', 'ignore_ament_install']
[0.404s] Level 1:colcon.colcon_core.package_identification:_identify(build) by extension 'ignore'
[0.404s] Level 1:colcon.colcon_core.package_identification:_identify(build) ignored
[0.405s] Level 1:colcon.colcon_core.package_identification:_identify(install) by extensions ['ignore', 'ignore_ament_install']
[0.405s] Level 1:colcon.colcon_core.package_identification:_identify(install) by extension 'ignore'
[0.405s] Level 1:colcon.colcon_core.package_identification:_identify(install) ignored
[0.406s] Level 1:colcon.colcon_core.package_identification:_identify(log) by extensions ['ignore', 'ignore_ament_install']
[0.407s] Level 1:colcon.colcon_core.package_identification:_identify(log) by extension 'ignore'
[0.407s] Level 1:colcon.colcon_core.package_identification:_identify(log) ignored
[0.407s] Level 1:colcon.colcon_core.package_identification:_identify(output) by extensions ['ignore', 'ignore_ament_install']
[0.408s] Level 1:colcon.colcon_core.package_identification:_identify(output) by extension 'ignore'
[0.408s] Level 1:colcon.colcon_core.package_identification:_identify(output) by extension 'ignore_ament_install'
[0.408s] Level 1:colcon.colcon_core.package_identification:_identify(output) by extensions ['colcon_pkg']
[0.408s] Level 1:colcon.colcon_core.package_identification:_identify(output) by extension 'colcon_pkg'
[0.408s] Level 1:colcon.colcon_core.package_identification:_identify(output) by extensions ['colcon_meta']
[0.409s] Level 1:colcon.colcon_core.package_identification:_identify(output) by extension 'colcon_meta'
[0.409s] Level 1:colcon.colcon_core.package_identification:_identify(output) by extensions ['ros']
[0.409s] Level 1:colcon.colcon_core.package_identification:_identify(output) by extension 'ros'
[0.409s] Level 1:colcon.colcon_core.package_identification:_identify(output) by extensions ['cmake', 'python']
[0.409s] Level 1:colcon.colcon_core.package_identification:_identify(output) by extension 'cmake'
[0.409s] Level 1:colcon.colcon_core.package_identification:_identify(output) by extension 'python'
[0.409s] Level 1:colcon.colcon_core.package_identification:_identify(output) by extensions ['python_setup_py']
[0.410s] Level 1:colcon.colcon_core.package_identification:_identify(output) by extension 'python_setup_py'
[0.410s] Level 1:colcon.colcon_core.package_identification:_identify(output/left_camera) by extensions ['ignore', 'ignore_ament_install']
[0.410s] Level 1:colcon.colcon_core.package_identification:_identify(output/left_camera) by extension 'ignore'
[0.410s] Level 1:colcon.colcon_core.package_identification:_identify(output/left_camera) by extension 'ignore_ament_install'
[0.411s] Level 1:colcon.colcon_core.package_identification:_identify(output/left_camera) by extensions ['colcon_pkg']
[0.411s] Level 1:colcon.colcon_core.package_identification:_identify(output/left_camera) by extension 'colcon_pkg'
[0.411s] Level 1:colcon.colcon_core.package_identification:_identify(output/left_camera) by extensions ['colcon_meta']
[0.411s] Level 1:colcon.colcon_core.package_identification:_identify(output/left_camera) by extension 'colcon_meta'
[0.411s] Level 1:colcon.colcon_core.package_identification:_identify(output/left_camera) by extensions ['ros']
[0.411s] Level 1:colcon.colcon_core.package_identification:_identify(output/left_camera) by extension 'ros'
[0.411s] Level 1:colcon.colcon_core.package_identification:_identify(output/left_camera) by extensions ['cmake', 'python']
[0.412s] Level 1:colcon.colcon_core.package_identification:_identify(output/left_camera) by extension 'cmake'
[0.412s] Level 1:colcon.colcon_core.package_identification:_identify(output/left_camera) by extension 'python'
[0.412s] Level 1:colcon.colcon_core.package_identification:_identify(output/left_camera) by extensions ['python_setup_py']
[0.412s] Level 1:colcon.colcon_core.package_identification:_identify(output/left_camera) by extension 'python_setup_py'
[0.412s] Level 1:colcon.colcon_core.package_identification:_identify(output/right_camera) by extensions ['ignore', 'ignore_ament_install']
[0.412s] Level 1:colcon.colcon_core.package_identification:_identify(output/right_camera) by extension 'ignore'
[0.413s] Level 1:colcon.colcon_core.package_identification:_identify(output/right_camera) by extension 'ignore_ament_install'
[0.413s] Level 1:colcon.colcon_core.package_identification:_identify(output/right_camera) by extensions ['colcon_pkg']
[0.413s] Level 1:colcon.colcon_core.package_identification:_identify(output/right_camera) by extension 'colcon_pkg'
[0.413s] Level 1:colcon.colcon_core.package_identification:_identify(output/right_camera) by extensions ['colcon_meta']
[0.413s] Level 1:colcon.colcon_core.package_identification:_identify(output/right_camera) by extension 'colcon_meta'
[0.413s] Level 1:colcon.colcon_core.package_identification:_identify(output/right_camera) by extensions ['ros']
[0.413s] Level 1:colcon.colcon_core.package_identification:_identify(output/right_camera) by extension 'ros'
[0.414s] Level 1:colcon.colcon_core.package_identification:_identify(output/right_camera) by extensions ['cmake', 'python']
[0.414s] Level 1:colcon.colcon_core.package_identification:_identify(output/right_camera) by extension 'cmake'
[0.414s] Level 1:colcon.colcon_core.package_identification:_identify(output/right_camera) by extension 'python'
[0.414s] Level 1:colcon.colcon_core.package_identification:_identify(output/right_camera) by extensions ['python_setup_py']
[0.414s] Level 1:colcon.colcon_core.package_identification:_identify(output/right_camera) by extension 'python_setup_py'
[0.414s] Level 1:colcon.colcon_core.package_identification:_identify(src) by extensions ['ignore', 'ignore_ament_install']
[0.414s] Level 1:colcon.colcon_core.package_identification:_identify(src) by extension 'ignore'
[0.415s] Level 1:colcon.colcon_core.package_identification:_identify(src) by extension 'ignore_ament_install'
[0.415s] Level 1:colcon.colcon_core.package_identification:_identify(src) by extensions ['colcon_pkg']
[0.415s] Level 1:colcon.colcon_core.package_identification:_identify(src) by extension 'colcon_pkg'
[0.415s] Level 1:colcon.colcon_core.package_identification:_identify(src) by extensions ['colcon_meta']
[0.415s] Level 1:colcon.colcon_core.package_identification:_identify(src) by extension 'colcon_meta'
[0.415s] Level 1:colcon.colcon_core.package_identification:_identify(src) by extensions ['ros']
[0.415s] Level 1:colcon.colcon_core.package_identification:_identify(src) by extension 'ros'
[0.415s] Level 1:colcon.colcon_core.package_identification:_identify(src) by extensions ['cmake', 'python']
[0.415s] Level 1:colcon.colcon_core.package_identification:_identify(src) by extension 'cmake'
[0.416s] Level 1:colcon.colcon_core.package_identification:_identify(src) by extension 'python'
[0.416s] Level 1:colcon.colcon_core.package_identification:_identify(src) by extensions ['python_setup_py']
[0.416s] Level 1:colcon.colcon_core.package_identification:_identify(src) by extension 'python_setup_py'
[0.416s] Level 1:colcon.colcon_core.package_identification:_identify(src/location_pub) by extensions ['ignore', 'ignore_ament_install']
[0.416s] Level 1:colcon.colcon_core.package_identification:_identify(src/location_pub) by extension 'ignore'
[0.416s] Level 1:colcon.colcon_core.package_identification:_identify(src/location_pub) by extension 'ignore_ament_install'
[0.416s] Level 1:colcon.colcon_core.package_identification:_identify(src/location_pub) by extensions ['colcon_pkg']
[0.417s] Level 1:colcon.colcon_core.package_identification:_identify(src/location_pub) by extension 'colcon_pkg'
[0.417s] Level 1:colcon.colcon_core.package_identification:_identify(src/location_pub) by extensions ['colcon_meta']
[0.417s] Level 1:colcon.colcon_core.package_identification:_identify(src/location_pub) by extension 'colcon_meta'
[0.417s] Level 1:colcon.colcon_core.package_identification:_identify(src/location_pub) by extensions ['ros']
[0.417s] Level 1:colcon.colcon_core.package_identification:_identify(src/location_pub) by extension 'ros'
[0.420s] DEBUG:colcon.colcon_core.package_identification:Package 'src/location_pub' with type 'ros.ament_python' and name 'location_pub'
[0.420s] Level 1:colcon.colcon_core.package_identification:_identify(src/rgbd_process) by extensions ['ignore', 'ignore_ament_install']
[0.420s] Level 1:colcon.colcon_core.package_identification:_identify(src/rgbd_process) by extension 'ignore'
[0.421s] Level 1:colcon.colcon_core.package_identification:_identify(src/rgbd_process) by extension 'ignore_ament_install'
[0.421s] Level 1:colcon.colcon_core.package_identification:_identify(src/rgbd_process) by extensions ['colcon_pkg']
[0.421s] Level 1:colcon.colcon_core.package_identification:_identify(src/rgbd_process) by extension 'colcon_pkg'
[0.421s] Level 1:colcon.colcon_core.package_identification:_identify(src/rgbd_process) by extensions ['colcon_meta']
[0.421s] Level 1:colcon.colcon_core.package_identification:_identify(src/rgbd_process) by extension 'colcon_meta'
[0.421s] Level 1:colcon.colcon_core.package_identification:_identify(src/rgbd_process) by extensions ['ros']
[0.421s] Level 1:colcon.colcon_core.package_identification:_identify(src/rgbd_process) by extension 'ros'
[0.422s] DEBUG:colcon.colcon_core.package_identification:Package 'src/rgbd_process' with type 'ros.ament_python' and name 'rgbd_process'
[0.423s] Level 1:colcon.colcon_core.package_identification:_identify(src/server_client) by extensions ['ignore', 'ignore_ament_install']
[0.423s] Level 1:colcon.colcon_core.package_identification:_identify(src/server_client) by extension 'ignore'
[0.423s] Level 1:colcon.colcon_core.package_identification:_identify(src/server_client) by extension 'ignore_ament_install'
[0.423s] Level 1:colcon.colcon_core.package_identification:_identify(src/server_client) by extensions ['colcon_pkg']
[0.423s] Level 1:colcon.colcon_core.package_identification:_identify(src/server_client) by extension 'colcon_pkg'
[0.423s] Level 1:colcon.colcon_core.package_identification:_identify(src/server_client) by extensions ['colcon_meta']
[0.423s] Level 1:colcon.colcon_core.package_identification:_identify(src/server_client) by extension 'colcon_meta'
[0.423s] Level 1:colcon.colcon_core.package_identification:_identify(src/server_client) by extensions ['ros']
[0.424s] Level 1:colcon.colcon_core.package_identification:_identify(src/server_client) by extension 'ros'
[0.425s] DEBUG:colcon.colcon_core.package_identification:Package 'src/server_client' with type 'ros.ament_python' and name 'server_client'
[0.425s] Level 1:colcon.colcon_core.package_identification:_identify(src/talker_listener) by extensions ['ignore', 'ignore_ament_install']
[0.425s] Level 1:colcon.colcon_core.package_identification:_identify(src/talker_listener) by extension 'ignore'
[0.425s] Level 1:colcon.colcon_core.package_identification:_identify(src/talker_listener) by extension 'ignore_ament_install'
[0.425s] Level 1:colcon.colcon_core.package_identification:_identify(src/talker_listener) by extensions ['colcon_pkg']
[0.425s] Level 1:colcon.colcon_core.package_identification:_identify(src/talker_listener) by extension 'colcon_pkg'
[0.426s] Level 1:colcon.colcon_core.package_identification:_identify(src/talker_listener) by extensions ['colcon_meta']
[0.426s] Level 1:colcon.colcon_core.package_identification:_identify(src/talker_listener) by extension 'colcon_meta'
[0.426s] Level 1:colcon.colcon_core.package_identification:_identify(src/talker_listener) by extensions ['ros']
[0.426s] Level 1:colcon.colcon_core.package_identification:_identify(src/talker_listener) by extension 'ros'
[0.427s] DEBUG:colcon.colcon_core.package_identification:Package 'src/talker_listener' with type 'ros.ament_python' and name 'talker_listener'
[0.427s] Level 1:colcon.colcon_core.package_identification:_identify(~) by extensions ['ignore', 'ignore_ament_install']
[0.427s] Level 1:colcon.colcon_core.package_identification:_identify(~) by extension 'ignore'
[0.427s] Level 1:colcon.colcon_core.package_identification:_identify(~) by extension 'ignore_ament_install'
[0.428s] Level 1:colcon.colcon_core.package_identification:_identify(~) by extensions ['colcon_pkg']
[0.428s] Level 1:colcon.colcon_core.package_identification:_identify(~) by extension 'colcon_pkg'
[0.428s] Level 1:colcon.colcon_core.package_identification:_identify(~) by extensions ['colcon_meta']
[0.428s] Level 1:colcon.colcon_core.package_identification:_identify(~) by extension 'colcon_meta'
[0.428s] Level 1:colcon.colcon_core.package_identification:_identify(~) by extensions ['ros']
[0.428s] Level 1:colcon.colcon_core.package_identification:_identify(~) by extension 'ros'
[0.428s] Level 1:colcon.colcon_core.package_identification:_identify(~) by extensions ['cmake', 'python']
[0.429s] Level 1:colcon.colcon_core.package_identification:_identify(~) by extension 'cmake'
[0.429s] Level 1:colcon.colcon_core.package_identification:_identify(~) by extension 'python'
[0.429s] Level 1:colcon.colcon_core.package_identification:_identify(~) by extensions ['python_setup_py']
[0.429s] Level 1:colcon.colcon_core.package_identification:_identify(~) by extension 'python_setup_py'
[0.429s] Level 1:colcon.colcon_core.package_identification:_identify(~/subscribed_data) by extensions ['ignore', 'ignore_ament_install']
[0.429s] Level 1:colcon.colcon_core.package_identification:_identify(~/subscribed_data) by extension 'ignore'
[0.429s] Level 1:colcon.colcon_core.package_identification:_identify(~/subscribed_data) by extension 'ignore_ament_install'
[0.430s] Level 1:colcon.colcon_core.package_identification:_identify(~/subscribed_data) by extensions ['colcon_pkg']
[0.430s] Level 1:colcon.colcon_core.package_identification:_identify(~/subscribed_data) by extension 'colcon_pkg'
[0.430s] Level 1:colcon.colcon_core.package_identification:_identify(~/subscribed_data) by extensions ['colcon_meta']
[0.430s] Level 1:colcon.colcon_core.package_identification:_identify(~/subscribed_data) by extension 'colcon_meta'
[0.430s] Level 1:colcon.colcon_core.package_identification:_identify(~/subscribed_data) by extensions ['ros']
[0.430s] Level 1:colcon.colcon_core.package_identification:_identify(~/subscribed_data) by extension 'ros'
[0.431s] Level 1:colcon.colcon_core.package_identification:_identify(~/subscribed_data) by extensions ['cmake', 'python']
[0.431s] Level 1:colcon.colcon_core.package_identification:_identify(~/subscribed_data) by extension 'cmake'
[0.431s] Level 1:colcon.colcon_core.package_identification:_identify(~/subscribed_data) by extension 'python'
[0.431s] Level 1:colcon.colcon_core.package_identification:_identify(~/subscribed_data) by extensions ['python_setup_py']
[0.431s] Level 1:colcon.colcon_core.package_identification:_identify(~/subscribed_data) by extension 'python_setup_py'
[0.431s] Level 1:colcon.colcon_core.package_identification:_identify(~/subscribed_data/left_camera) by extensions ['ignore', 'ignore_ament_install']
[0.432s] Level 1:colcon.colcon_core.package_identification:_identify(~/subscribed_data/left_camera) by extension 'ignore'
[0.432s] Level 1:colcon.colcon_core.package_identification:_identify(~/subscribed_data/left_camera) by extension 'ignore_ament_install'
[0.432s] Level 1:colcon.colcon_core.package_identification:_identify(~/subscribed_data/left_camera) by extensions ['colcon_pkg']
[0.432s] Level 1:colcon.colcon_core.package_identification:_identify(~/subscribed_data/left_camera) by extension 'colcon_pkg'
[0.432s] Level 1:colcon.colcon_core.package_identification:_identify(~/subscribed_data/left_camera) by extensions ['colcon_meta']
[0.432s] Level 1:colcon.colcon_core.package_identification:_identify(~/subscribed_data/left_camera) by extension 'colcon_meta'
[0.432s] Level 1:colcon.colcon_core.package_identification:_identify(~/subscribed_data/left_camera) by extensions ['ros']
[0.432s] Level 1:colcon.colcon_core.package_identification:_identify(~/subscribed_data/left_camera) by extension 'ros'
[0.432s] Level 1:colcon.colcon_core.package_identification:_identify(~/subscribed_data/left_camera) by extensions ['cmake', 'python']
[0.433s] Level 1:colcon.colcon_core.package_identification:_identify(~/subscribed_data/left_camera) by extension 'cmake'
[0.433s] Level 1:colcon.colcon_core.package_identification:_identify(~/subscribed_data/left_camera) by extension 'python'
[0.433s] Level 1:colcon.colcon_core.package_identification:_identify(~/subscribed_data/left_camera) by extensions ['python_setup_py']
[0.433s] Level 1:colcon.colcon_core.package_identification:_identify(~/subscribed_data/left_camera) by extension 'python_setup_py'
[0.433s] Level 1:colcon.colcon_core.package_identification:_identify(~/subscribed_data/right_camera) by extensions ['ignore', 'ignore_ament_install']
[0.433s] Level 1:colcon.colcon_core.package_identification:_identify(~/subscribed_data/right_camera) by extension 'ignore'
[0.434s] Level 1:colcon.colcon_core.package_identification:_identify(~/subscribed_data/right_camera) by extension 'ignore_ament_install'
[0.434s] Level 1:colcon.colcon_core.package_identification:_identify(~/subscribed_data/right_camera) by extensions ['colcon_pkg']
[0.434s] Level 1:colcon.colcon_core.package_identification:_identify(~/subscribed_data/right_camera) by extension 'colcon_pkg'
[0.434s] Level 1:colcon.colcon_core.package_identification:_identify(~/subscribed_data/right_camera) by extensions ['colcon_meta']
[0.434s] Level 1:colcon.colcon_core.package_identification:_identify(~/subscribed_data/right_camera) by extension 'colcon_meta'
[0.434s] Level 1:colcon.colcon_core.package_identification:_identify(~/subscribed_data/right_camera) by extensions ['ros']
[0.434s] Level 1:colcon.colcon_core.package_identification:_identify(~/subscribed_data/right_camera) by extension 'ros'
[0.434s] Level 1:colcon.colcon_core.package_identification:_identify(~/subscribed_data/right_camera) by extensions ['cmake', 'python']
[0.434s] Level 1:colcon.colcon_core.package_identification:_identify(~/subscribed_data/right_camera) by extension 'cmake'
[0.435s] Level 1:colcon.colcon_core.package_identification:_identify(~/subscribed_data/right_camera) by extension 'python'
[0.435s] Level 1:colcon.colcon_core.package_identification:_identify(~/subscribed_data/right_camera) by extensions ['python_setup_py']
[0.435s] Level 1:colcon.colcon_core.package_identification:_identify(~/subscribed_data/right_camera) by extension 'python_setup_py'
[0.435s] Level 1:colcon.colcon_core.package_identification:_identify(~/suscribed_data) by extensions ['ignore', 'ignore_ament_install']
[0.435s] Level 1:colcon.colcon_core.package_identification:_identify(~/suscribed_data) by extension 'ignore'
[0.435s] Level 1:colcon.colcon_core.package_identification:_identify(~/suscribed_data) by extension 'ignore_ament_install'
[0.435s] Level 1:colcon.colcon_core.package_identification:_identify(~/suscribed_data) by extensions ['colcon_pkg']
[0.435s] Level 1:colcon.colcon_core.package_identification:_identify(~/suscribed_data) by extension 'colcon_pkg'
[0.435s] Level 1:colcon.colcon_core.package_identification:_identify(~/suscribed_data) by extensions ['colcon_meta']
[0.436s] Level 1:colcon.colcon_core.package_identification:_identify(~/suscribed_data) by extension 'colcon_meta'
[0.436s] Level 1:colcon.colcon_core.package_identification:_identify(~/suscribed_data) by extensions ['ros']
[0.436s] Level 1:colcon.colcon_core.package_identification:_identify(~/suscribed_data) by extension 'ros'
[0.436s] Level 1:colcon.colcon_core.package_identification:_identify(~/suscribed_data) by extensions ['cmake', 'python']
[0.436s] Level 1:colcon.colcon_core.package_identification:_identify(~/suscribed_data) by extension 'cmake'
[0.436s] Level 1:colcon.colcon_core.package_identification:_identify(~/suscribed_data) by extension 'python'
[0.436s] Level 1:colcon.colcon_core.package_identification:_identify(~/suscribed_data) by extensions ['python_setup_py']
[0.436s] Level 1:colcon.colcon_core.package_identification:_identify(~/suscribed_data) by extension 'python_setup_py'
[0.437s] Level 1:colcon.colcon_core.package_identification:_identify(~/suscribed_data/left_camera) by extensions ['ignore', 'ignore_ament_install']
[0.437s] Level 1:colcon.colcon_core.package_identification:_identify(~/suscribed_data/left_camera) by extension 'ignore'
[0.437s] Level 1:colcon.colcon_core.package_identification:_identify(~/suscribed_data/left_camera) by extension 'ignore_ament_install'
[0.438s] Level 1:colcon.colcon_core.package_identification:_identify(~/suscribed_data/left_camera) by extensions ['colcon_pkg']
[0.438s] Level 1:colcon.colcon_core.package_identification:_identify(~/suscribed_data/left_camera) by extension 'colcon_pkg'
[0.438s] Level 1:colcon.colcon_core.package_identification:_identify(~/suscribed_data/left_camera) by extensions ['colcon_meta']
[0.438s] Level 1:colcon.colcon_core.package_identification:_identify(~/suscribed_data/left_camera) by extension 'colcon_meta'
[0.438s] Level 1:colcon.colcon_core.package_identification:_identify(~/suscribed_data/left_camera) by extensions ['ros']
[0.438s] Level 1:colcon.colcon_core.package_identification:_identify(~/suscribed_data/left_camera) by extension 'ros'
[0.439s] Level 1:colcon.colcon_core.package_identification:_identify(~/suscribed_data/left_camera) by extensions ['cmake', 'python']
[0.439s] Level 1:colcon.colcon_core.package_identification:_identify(~/suscribed_data/left_camera) by extension 'cmake'
[0.440s] Level 1:colcon.colcon_core.package_identification:_identify(~/suscribed_data/left_camera) by extension 'python'
[0.440s] Level 1:colcon.colcon_core.package_identification:_identify(~/suscribed_data/left_camera) by extensions ['python_setup_py']
[0.440s] Level 1:colcon.colcon_core.package_identification:_identify(~/suscribed_data/left_camera) by extension 'python_setup_py'
[0.440s] Level 1:colcon.colcon_core.package_identification:_identify(~/suscribed_data/right_camera) by extensions ['ignore', 'ignore_ament_install']
[0.441s] Level 1:colcon.colcon_core.package_identification:_identify(~/suscribed_data/right_camera) by extension 'ignore'
[0.441s] Level 1:colcon.colcon_core.package_identification:_identify(~/suscribed_data/right_camera) by extension 'ignore_ament_install'
[0.441s] Level 1:colcon.colcon_core.package_identification:_identify(~/suscribed_data/right_camera) by extensions ['colcon_pkg']
[0.441s] Level 1:colcon.colcon_core.package_identification:_identify(~/suscribed_data/right_camera) by extension 'colcon_pkg'
[0.442s] Level 1:colcon.colcon_core.package_identification:_identify(~/suscribed_data/right_camera) by extensions ['colcon_meta']
[0.442s] Level 1:colcon.colcon_core.package_identification:_identify(~/suscribed_data/right_camera) by extension 'colcon_meta'
[0.442s] Level 1:colcon.colcon_core.package_identification:_identify(~/suscribed_data/right_camera) by extensions ['ros']
[0.442s] Level 1:colcon.colcon_core.package_identification:_identify(~/suscribed_data/right_camera) by extension 'ros'
[0.443s] Level 1:colcon.colcon_core.package_identification:_identify(~/suscribed_data/right_camera) by extensions ['cmake', 'python']
[0.443s] Level 1:colcon.colcon_core.package_identification:_identify(~/suscribed_data/right_camera) by extension 'cmake'
[0.443s] Level 1:colcon.colcon_core.package_identification:_identify(~/suscribed_data/right_camera) by extension 'python'
[0.443s] Level 1:colcon.colcon_core.package_identification:_identify(~/suscribed_data/right_camera) by extensions ['python_setup_py']
[0.443s] Level 1:colcon.colcon_core.package_identification:_identify(~/suscribed_data/right_camera) by extension 'python_setup_py'
[0.443s] Level 1:colcon.colcon_core.package_discovery:discover_packages(recursive) using defaults
[0.444s] Level 1:colcon.colcon_core.package_discovery:discover_packages(ignore) discover
[0.444s] Level 1:colcon.colcon_core.package_discovery:discover_packages(ignore) using defaults
[0.444s] Level 1:colcon.colcon_core.package_discovery:discover_packages(path) discover
[0.444s] Level 1:colcon.colcon_core.package_discovery:discover_packages(path) using defaults
[0.465s] INFO:colcon.colcon_core.package_selection:Skipping not selected package 'location_pub' in 'src/location_pub'
[0.465s] INFO:colcon.colcon_core.package_selection:Skipping not selected package 'rgbd_process' in 'src/rgbd_process'
[0.465s] INFO:colcon.colcon_core.package_selection:Skipping not selected package 'talker_listener' in 'src/talker_listener'
[0.465s] Level 1:colcon.colcon_core.package_discovery:discover_packages(prefix_path) check parameters
[0.465s] Level 1:colcon.colcon_core.package_discovery:discover_packages(prefix_path) discover
[0.472s] DEBUG:colcon.colcon_installed_package_information.package_discovery:Found 4 installed packages in /homes/tlei/Robotics_Lab/ros2_ws/install
[0.478s] DEBUG:colcon.colcon_installed_package_information.package_discovery:Found 6 installed packages in /homes/tlei/ros2_ws/install
[0.479s] DEBUG:colcon.colcon_installed_package_information.package_discovery:Found 277 installed packages in /opt/ros/humble
[0.480s] Level 1:colcon.colcon_core.package_discovery:discover_packages(prefix_path) using defaults
[0.524s] Level 5:colcon.colcon_core.verb:set package 'server_client' build argument 'cmake_args' from command line to 'None'
[0.524s] Level 5:colcon.colcon_core.verb:set package 'server_client' build argument 'cmake_target' from command line to 'None'
[0.524s] Level 5:colcon.colcon_core.verb:set package 'server_client' build argument 'cmake_target_skip_unavailable' from command line to 'False'
[0.524s] Level 5:colcon.colcon_core.verb:set package 'server_client' build argument 'cmake_clean_cache' from command line to 'False'
[0.524s] Level 5:colcon.colcon_core.verb:set package 'server_client' build argument 'cmake_clean_first' from command line to 'False'
[0.525s] Level 5:colcon.colcon_core.verb:set package 'server_client' build argument 'cmake_force_configure' from command line to 'False'
[0.525s] Level 5:colcon.colcon_core.verb:set package 'server_client' build argument 'ament_cmake_args' from command line to 'None'
[0.525s] Level 5:colcon.colcon_core.verb:set package 'server_client' build argument 'catkin_cmake_args' from command line to 'None'
[0.525s] Level 5:colcon.colcon_core.verb:set package 'server_client' build argument 'catkin_skip_building_tests' from command line to 'False'
[0.526s] DEBUG:colcon.colcon_core.verb:Building package 'server_client' with the following arguments: {'ament_cmake_args': None, 'build_base': '/homes/tlei/Robotics_Lab/ros2_ws/build/server_client', 'catkin_cmake_args': None, 'catkin_skip_building_tests': False, 'cmake_args': None, 'cmake_clean_cache': False, 'cmake_clean_first': False, 'cmake_force_configure': False, 'cmake_target': None, 'cmake_target_skip_unavailable': False, 'install_base': '/homes/tlei/Robotics_Lab/ros2_ws/install/server_client', 'merge_install': False, 'path': '/homes/tlei/Robotics_Lab/ros2_ws/src/server_client', 'symlink_install': False, 'test_result_base': None}
[0.526s] INFO:colcon.colcon_core.executor:Executing jobs using 'parallel' executor
[0.527s] DEBUG:colcon.colcon_parallel_executor.executor.parallel:run_until_complete
[0.527s] INFO:colcon.colcon_ros.task.ament_python.build:Building ROS package in '/homes/tlei/Robotics_Lab/ros2_ws/src/server_client' with build type 'ament_python'
[0.527s] Level 1:colcon.colcon_core.shell:create_environment_hook('server_client', 'ament_prefix_path')
[0.529s] INFO:colcon.colcon_core.plugin_system:Skipping extension 'colcon_core.shell.bat': Not used on non-Windows systems
[0.529s] INFO:colcon.colcon_core.shell:Creating environment hook '/homes/tlei/Robotics_Lab/ros2_ws/install/server_client/share/server_client/hook/ament_prefix_path.ps1'
[0.531s] INFO:colcon.colcon_core.shell:Creating environment descriptor '/homes/tlei/Robotics_Lab/ros2_ws/install/server_client/share/server_client/hook/ament_prefix_path.dsv'
[0.533s] INFO:colcon.colcon_core.shell:Creating environment hook '/homes/tlei/Robotics_Lab/ros2_ws/install/server_client/share/server_client/hook/ament_prefix_path.sh'
[0.535s] INFO:colcon.colcon_core.shell:Skip shell extension 'powershell' for command environment: Not usable outside of PowerShell
[0.535s] DEBUG:colcon.colcon_core.shell:Skip shell extension 'dsv' for command environment
[0.866s] INFO:colcon.colcon_core.task.python.build:Building Python package in '/homes/tlei/Robotics_Lab/ros2_ws/src/server_client'
[0.867s] INFO:colcon.colcon_core.shell:Skip shell extension 'powershell' for command environment: Not usable outside of PowerShell
[0.867s] DEBUG:colcon.colcon_core.shell:Skip shell extension 'dsv' for command environment
[1.324s] DEBUG:colcon.colcon_core.event_handler.log_command:Invoking command in '/homes/tlei/Robotics_Lab/ros2_ws/src/server_client': PYTHONPATH=/homes/tlei/Robotics_Lab/ros2_ws/build/server_client/prefix_override:/usr/lib/python3/dist-packages/colcon_core/task/python/colcon_distutils_commands:/homes/tlei/Robotics_Lab/ros2_ws/install/server_client/lib/python3.10/site-packages:${PYTHONPATH} VIRTUAL_ENV_PROMPT=(.env) /usr/bin/python3 -W ignore:setup.py install is deprecated -W ignore:easy_install command is deprecated setup.py egg_info --egg-base ../../build/server_client build --build-base /homes/tlei/Robotics_Lab/ros2_ws/build/server_client/build install --record /homes/tlei/Robotics_Lab/ros2_ws/build/server_client/install.log --single-version-externally-managed install_data
[1.720s] DEBUG:colcon.colcon_core.event_handler.log_command:Invoked command in '/homes/tlei/Robotics_Lab/ros2_ws/src/server_client' returned '0': PYTHONPATH=/homes/tlei/Robotics_Lab/ros2_ws/build/server_client/prefix_override:/usr/lib/python3/dist-packages/colcon_core/task/python/colcon_distutils_commands:/homes/tlei/Robotics_Lab/ros2_ws/install/server_client/lib/python3.10/site-packages:${PYTHONPATH} VIRTUAL_ENV_PROMPT=(.env) /usr/bin/python3 -W ignore:setup.py install is deprecated -W ignore:easy_install command is deprecated setup.py egg_info --egg-base ../../build/server_client build --build-base /homes/tlei/Robotics_Lab/ros2_ws/build/server_client/build install --record /homes/tlei/Robotics_Lab/ros2_ws/build/server_client/install.log --single-version-externally-managed install_data
[1.724s] Level 1:colcon.colcon_core.environment:checking '/homes/tlei/Robotics_Lab/ros2_ws/install/server_client' for CMake module files
[1.725s] Level 1:colcon.colcon_core.environment:checking '/homes/tlei/Robotics_Lab/ros2_ws/install/server_client' for CMake config files
[1.729s] Level 1:colcon.colcon_core.environment:checking '/homes/tlei/Robotics_Lab/ros2_ws/install/server_client/lib'
[1.730s] Level 1:colcon.colcon_core.environment:checking '/homes/tlei/Robotics_Lab/ros2_ws/install/server_client/bin'
[1.730s] Level 1:colcon.colcon_core.environment:checking '/homes/tlei/Robotics_Lab/ros2_ws/install/server_client/lib/pkgconfig/server_client.pc'
[1.730s] Level 1:colcon.colcon_core.environment:checking '/homes/tlei/Robotics_Lab/ros2_ws/install/server_client/lib/python3.10/site-packages'
[1.730s] Level 1:colcon.colcon_core.shell:create_environment_hook('server_client', 'pythonpath')
[1.731s] INFO:colcon.colcon_core.shell:Creating environment hook '/homes/tlei/Robotics_Lab/ros2_ws/install/server_client/share/server_client/hook/pythonpath.ps1'
[1.732s] INFO:colcon.colcon_core.shell:Creating environment descriptor '/homes/tlei/Robotics_Lab/ros2_ws/install/server_client/share/server_client/hook/pythonpath.dsv'
[1.734s] INFO:colcon.colcon_core.shell:Creating environment hook '/homes/tlei/Robotics_Lab/ros2_ws/install/server_client/share/server_client/hook/pythonpath.sh'
[1.736s] Level 1:colcon.colcon_core.environment:checking '/homes/tlei/Robotics_Lab/ros2_ws/install/server_client/bin'
[1.736s] Level 1:colcon.colcon_core.environment:create_environment_scripts_only(server_client)
[1.736s] INFO:colcon.colcon_core.shell:Creating package script '/homes/tlei/Robotics_Lab/ros2_ws/install/server_client/share/server_client/package.ps1'
[1.738s] INFO:colcon.colcon_core.shell:Creating package descriptor '/homes/tlei/Robotics_Lab/ros2_ws/install/server_client/share/server_client/package.dsv'
[1.740s] INFO:colcon.colcon_core.shell:Creating package script '/homes/tlei/Robotics_Lab/ros2_ws/install/server_client/share/server_client/package.sh'
[1.742s] INFO:colcon.colcon_core.shell:Creating package script '/homes/tlei/Robotics_Lab/ros2_ws/install/server_client/share/server_client/package.bash'
[1.744s] INFO:colcon.colcon_core.shell:Creating package script '/homes/tlei/Robotics_Lab/ros2_ws/install/server_client/share/server_client/package.zsh'
[1.745s] Level 1:colcon.colcon_core.environment:create_file_with_runtime_dependencies(/homes/tlei/Robotics_Lab/ros2_ws/install/server_client/share/colcon-core/packages/server_client)
[1.747s] DEBUG:colcon.colcon_parallel_executor.executor.parallel:closing loop
[1.747s] DEBUG:colcon.colcon_parallel_executor.executor.parallel:loop closed
[1.747s] DEBUG:colcon.colcon_parallel_executor.executor.parallel:run_until_complete finished with '0'
[1.747s] DEBUG:colcon.colcon_core.event_reactor:joining thread
[1.755s] INFO:colcon.colcon_core.plugin_system:Skipping extension 'colcon_notification.desktop_notification.terminal_notifier': Not used on non-Darwin systems
[1.755s] INFO:colcon.colcon_core.plugin_system:Skipping extension 'colcon_notification.desktop_notification.win32': Not used on non-Windows systems
[1.756s] INFO:colcon.colcon_notification.desktop_notification:Sending desktop notification using 'notify2'
[1.756s] DEBUG:colcon.colcon_notification.desktop_notification.notify2:Failed to initialize notify2: org.freedesktop.DBus.Error.NotSupported: Unable to autolaunch a dbus-daemon without a $DISPLAY for X11
[1.756s] DEBUG:colcon.colcon_core.event_reactor:joined thread
[1.757s] INFO:colcon.colcon_core.shell:Creating prefix script '/homes/tlei/Robotics_Lab/ros2_ws/install/local_setup.ps1'
[1.759s] INFO:colcon.colcon_core.shell:Creating prefix util module '/homes/tlei/Robotics_Lab/ros2_ws/install/_local_setup_util_ps1.py'
[1.761s] INFO:colcon.colcon_core.shell:Creating prefix chain script '/homes/tlei/Robotics_Lab/ros2_ws/install/setup.ps1'
[1.766s] INFO:colcon.colcon_core.shell:Creating prefix script '/homes/tlei/Robotics_Lab/ros2_ws/install/local_setup.sh'
[1.767s] INFO:colcon.colcon_core.shell:Creating prefix util module '/homes/tlei/Robotics_Lab/ros2_ws/install/_local_setup_util_sh.py'
[1.769s] INFO:colcon.colcon_core.shell:Creating prefix chain script '/homes/tlei/Robotics_Lab/ros2_ws/install/setup.sh'
[1.774s] INFO:colcon.colcon_core.shell:Creating prefix script '/homes/tlei/Robotics_Lab/ros2_ws/install/local_setup.bash'
[1.775s] INFO:colcon.colcon_core.shell:Creating prefix chain script '/homes/tlei/Robotics_Lab/ros2_ws/install/setup.bash'
[1.780s] INFO:colcon.colcon_core.shell:Creating prefix script '/homes/tlei/Robotics_Lab/ros2_ws/install/local_setup.zsh'
[1.781s] INFO:colcon.colcon_core.shell:Creating prefix chain script '/homes/tlei/Robotics_Lab/ros2_ws/install/setup.zsh'
