[0.776s] Invoking command in '/homes/tlei/Robotics_Lab/ros2_ws/src/server_client': PYTHONPATH=/homes/tlei/Robotics_Lab/ros2_ws/build/server_client/prefix_override:/usr/lib/python3/dist-packages/colcon_core/task/python/colcon_distutils_commands:/homes/tlei/Robotics_Lab/ros2_ws/install/server_client/lib/python3.10/site-packages:${PYTHONPATH} VIRTUAL_ENV_PROMPT=(.env) /usr/bin/python3 -W ignore:setup.py install is deprecated -W ignore:easy_install command is deprecated setup.py egg_info --egg-base ../../build/server_client build --build-base /homes/tlei/Robotics_Lab/ros2_ws/build/server_client/build install --record /homes/tlei/Robotics_Lab/ros2_ws/build/server_client/install.log --single-version-externally-managed install_data
[1.038s] running egg_info
[1.039s] creating ../../build/server_client/server_client.egg-info
[1.039s] writing ../../build/server_client/server_client.egg-info/PKG-INFO
[1.041s] writing dependency_links to ../../build/server_client/server_client.egg-info/dependency_links.txt
[1.044s] writing entry points to ../../build/server_client/server_client.egg-info/entry_points.txt
[1.045s] writing requirements to ../../build/server_client/server_client.egg-info/requires.txt
[1.046s] writing top-level names to ../../build/server_client/server_client.egg-info/top_level.txt
[1.047s] writing manifest file '../../build/server_client/server_client.egg-info/SOURCES.txt'
[1.052s] reading manifest file '../../build/server_client/server_client.egg-info/SOURCES.txt'
[1.055s] adding license file 'LICENSE'
[1.055s] writing manifest file '../../build/server_client/server_client.egg-info/SOURCES.txt'
[1.056s] running build
[1.056s] running build_py
[1.057s] creating /homes/tlei/Robotics_Lab/ros2_ws/build/server_client/build
[1.057s] creating /homes/tlei/Robotics_Lab/ros2_ws/build/server_client/build/lib
[1.058s] creating /homes/tlei/Robotics_Lab/ros2_ws/build/server_client/build/lib/server_client
[1.059s] copying server_client/__init__.py -> /homes/tlei/Robotics_Lab/ros2_ws/build/server_client/build/lib/server_client
[1.060s] copying server_client/client.py -> /homes/tlei/Robotics_Lab/ros2_ws/build/server_client/build/lib/server_client
[1.068s] copying server_client/server.py -> /homes/tlei/Robotics_Lab/ros2_ws/build/server_client/build/lib/server_client
[1.070s] running install
[1.070s] running install_lib
[1.072s] creating /homes/tlei/Robotics_Lab/ros2_ws/install/server_client/lib/python3.10/site-packages/server_client
[1.073s] copying /homes/tlei/Robotics_Lab/ros2_ws/build/server_client/build/lib/server_client/__init__.py -> /homes/tlei/Robotics_Lab/ros2_ws/install/server_client/lib/python3.10/site-packages/server_client
[1.075s] copying /homes/tlei/Robotics_Lab/ros2_ws/build/server_client/build/lib/server_client/client.py -> /homes/tlei/Robotics_Lab/ros2_ws/install/server_client/lib/python3.10/site-packages/server_client
[1.077s] copying /homes/tlei/Robotics_Lab/ros2_ws/build/server_client/build/lib/server_client/server.py -> /homes/tlei/Robotics_Lab/ros2_ws/install/server_client/lib/python3.10/site-packages/server_client
[1.080s] byte-compiling /homes/tlei/Robotics_Lab/ros2_ws/install/server_client/lib/python3.10/site-packages/server_client/__init__.py to __init__.cpython-310.pyc
[1.083s] byte-compiling /homes/tlei/Robotics_Lab/ros2_ws/install/server_client/lib/python3.10/site-packages/server_client/client.py to client.cpython-310.pyc
[1.086s] byte-compiling /homes/tlei/Robotics_Lab/ros2_ws/install/server_client/lib/python3.10/site-packages/server_client/server.py to server.cpython-310.pyc
[1.089s] running install_data
[1.089s] creating /homes/tlei/Robotics_Lab/ros2_ws/install/server_client/share/ament_index
[1.090s] creating /homes/tlei/Robotics_Lab/ros2_ws/install/server_client/share/ament_index/resource_index
[1.090s] creating /homes/tlei/Robotics_Lab/ros2_ws/install/server_client/share/ament_index/resource_index/packages
[1.091s] copying resource/server_client -> /homes/tlei/Robotics_Lab/ros2_ws/install/server_client/share/ament_index/resource_index/packages
[1.092s] copying package.xml -> /homes/tlei/Robotics_Lab/ros2_ws/install/server_client/share/server_client
[1.093s] running install_egg_info
[1.096s] Copying ../../build/server_client/server_client.egg-info to /homes/tlei/Robotics_Lab/ros2_ws/install/server_client/lib/python3.10/site-packages/server_client-0.0.0-py3.10.egg-info
[1.114s] running install_scripts
[1.136s] Installing client script to /homes/tlei/Robotics_Lab/ros2_ws/install/server_client/lib/server_client
[1.137s] Installing server script to /homes/tlei/Robotics_Lab/ros2_ws/install/server_client/lib/server_client
[1.139s] writing list of installed files to '/homes/tlei/Robotics_Lab/ros2_ws/build/server_client/install.log'
[1.160s] Invoked command in '/homes/tlei/Robotics_Lab/ros2_ws/src/server_client' returned '0': PYTHONPATH=/homes/tlei/Robotics_Lab/ros2_ws/build/server_client/prefix_override:/usr/lib/python3/dist-packages/colcon_core/task/python/colcon_distutils_commands:/homes/tlei/Robotics_Lab/ros2_ws/install/server_client/lib/python3.10/site-packages:${PYTHONPATH} VIRTUAL_ENV_PROMPT=(.env) /usr/bin/python3 -W ignore:setup.py install is deprecated -W ignore:easy_install command is deprecated setup.py egg_info --egg-base ../../build/server_client build --build-base /homes/tlei/Robotics_Lab/ros2_ws/build/server_client/build install --record /homes/tlei/Robotics_Lab/ros2_ws/build/server_client/install.log --single-version-externally-managed install_data
