[1.800s] Invoking command in '/homes/obluman/Robotics_Lab/ros2_ws/src/rgbd_process': PYTHONPATH=/homes/obluman/Robotics_Lab/ros2_ws/build/rgbd_process/prefix_override:/usr/lib/python3/dist-packages/colcon_core/task/python/colcon_distutils_commands:/homes/obluman/Robotics_Lab/ros2_ws/install/rgbd_process/lib/python3.10/site-packages:${PYTHONPATH} /usr/bin/python3 -W ignore:setup.py install is deprecated -W ignore:easy_install command is deprecated setup.py egg_info --egg-base ../../build/rgbd_process build --build-base /homes/obluman/Robotics_Lab/ros2_ws/build/rgbd_process/build install --record /homes/obluman/Robotics_Lab/ros2_ws/build/rgbd_process/install.log --single-version-externally-managed install_data
[2.092s] running egg_info
[2.093s] writing ../../build/rgbd_process/rgbd_process.egg-info/PKG-INFO
[2.094s] writing dependency_links to ../../build/rgbd_process/rgbd_process.egg-info/dependency_links.txt
[2.096s] writing entry points to ../../build/rgbd_process/rgbd_process.egg-info/entry_points.txt
[2.097s] writing requirements to ../../build/rgbd_process/rgbd_process.egg-info/requires.txt
[2.098s] writing top-level names to ../../build/rgbd_process/rgbd_process.egg-info/top_level.txt
[2.103s] reading manifest file '../../build/rgbd_process/rgbd_process.egg-info/SOURCES.txt'
[2.105s] adding license file 'LICENSE'
[2.105s] writing manifest file '../../build/rgbd_process/rgbd_process.egg-info/SOURCES.txt'
[2.107s] running build
[2.107s] running build_py
[2.108s] running install
[2.109s] running install_lib
[2.112s] running install_data
[2.113s] running install_egg_info
[2.115s] removing '/homes/obluman/Robotics_Lab/ros2_ws/install/rgbd_process/lib/python3.10/site-packages/rgbd_process-0.0.0-py3.10.egg-info' (and everything under it)
[2.117s] Copying ../../build/rgbd_process/rgbd_process.egg-info to /homes/obluman/Robotics_Lab/ros2_ws/install/rgbd_process/lib/python3.10/site-packages/rgbd_process-0.0.0-py3.10.egg-info
[2.135s] running install_scripts
[2.161s] Installing recorder script to /homes/obluman/Robotics_Lab/ros2_ws/install/rgbd_process/lib/rgbd_process
[2.163s] writing list of installed files to '/homes/obluman/Robotics_Lab/ros2_ws/build/rgbd_process/install.log'
[2.207s] Invoked command in '/homes/obluman/Robotics_Lab/ros2_ws/src/rgbd_process' returned '0': PYTHONPATH=/homes/obluman/Robotics_Lab/ros2_ws/build/rgbd_process/prefix_override:/usr/lib/python3/dist-packages/colcon_core/task/python/colcon_distutils_commands:/homes/obluman/Robotics_Lab/ros2_ws/install/rgbd_process/lib/python3.10/site-packages:${PYTHONPATH} /usr/bin/python3 -W ignore:setup.py install is deprecated -W ignore:easy_install command is deprecated setup.py egg_info --egg-base ../../build/rgbd_process build --build-base /homes/obluman/Robotics_Lab/ros2_ws/build/rgbd_process/build install --record /homes/obluman/Robotics_Lab/ros2_ws/build/rgbd_process/install.log --single-version-externally-managed install_data
