[100%] Built target custom_controller
-- Install configuration: ""
-- Up-to-date: /homes/obluman/robotics_ws/install/custom_controller/lib/custom_controller/custom_controller
-- Up-to-date: /homes/obluman/robotics_ws/install/custom_controller/share/custom_controller/launch
-- Up-to-date: /homes/obluman/robotics_ws/install/custom_controller/share/custom_controller/launch/custom_controller_launch.py
-- Up-to-date: /homes/obluman/robotics_ws/install/custom_controller/share/custom_controller/launch/log
-- Up-to-date: /homes/obluman/robotics_ws/install/custom_controller/share/custom_controller/launch/log/build_2025-06-09_13-51-17
-- Up-to-date: /homes/obluman/robotics_ws/install/custom_controller/share/custom_controller/launch/log/build_2025-06-09_13-51-17/logger_all.log
-- Up-to-date: /homes/obluman/robotics_ws/install/custom_controller/share/custom_controller/launch/log/build_2025-06-09_13-51-17/events.log
-- Up-to-date: /homes/obluman/robotics_ws/install/custom_controller/share/custom_controller/launch/log/COLCON_IGNORE
-- Up-to-date: /homes/obluman/robotics_ws/install/custom_controller/share/custom_controller/launch/log/latest
-- Up-to-date: /homes/obluman/robotics_ws/install/custom_controller/share/custom_controller/launch/log/build_2025-06-09_13-51-49
-- Up-to-date: /homes/obluman/robotics_ws/install/custom_controller/share/custom_controller/launch/log/build_2025-06-09_13-51-49/logger_all.log
-- Up-to-date: /homes/obluman/robotics_ws/install/custom_controller/share/custom_controller/launch/log/build_2025-06-09_13-51-49/events.log
-- Up-to-date: /homes/obluman/robotics_ws/install/custom_controller/share/custom_controller/launch/log/latest_build
-- Up-to-date: /homes/obluman/robotics_ws/install/custom_controller/share/custom_controller/launch/build
-- Up-to-date: /homes/obluman/robotics_ws/install/custom_controller/share/custom_controller/launch/build/.built_by
-- Up-to-date: /homes/obluman/robotics_ws/install/custom_controller/share/custom_controller/launch/build/COLCON_IGNORE
-- Up-to-date: /homes/obluman/robotics_ws/install/custom_controller/share/custom_controller/launch/install
-- Up-to-date: /homes/obluman/robotics_ws/install/custom_controller/share/custom_controller/launch/install/.colcon_install_layout
-- Up-to-date: /homes/obluman/robotics_ws/install/custom_controller/share/custom_controller/launch/install/COLCON_IGNORE
-- Up-to-date: /homes/obluman/robotics_ws/install/custom_controller/share/custom_controller/launch/install/local_setup.ps1
-- Up-to-date: /homes/obluman/robotics_ws/install/custom_controller/share/custom_controller/launch/install/_local_setup_util_ps1.py
-- Up-to-date: /homes/obluman/robotics_ws/install/custom_controller/share/custom_controller/launch/install/setup.ps1
-- Up-to-date: /homes/obluman/robotics_ws/install/custom_controller/share/custom_controller/launch/install/local_setup.sh
-- Up-to-date: /homes/obluman/robotics_ws/install/custom_controller/share/custom_controller/launch/install/_local_setup_util_sh.py
-- Up-to-date: /homes/obluman/robotics_ws/install/custom_controller/share/custom_controller/launch/install/setup.sh
-- Up-to-date: /homes/obluman/robotics_ws/install/custom_controller/share/custom_controller/launch/install/local_setup.bash
-- Up-to-date: /homes/obluman/robotics_ws/install/custom_controller/share/custom_controller/launch/install/setup.bash
-- Up-to-date: /homes/obluman/robotics_ws/install/custom_controller/share/custom_controller/launch/install/local_setup.zsh
-- Up-to-date: /homes/obluman/robotics_ws/install/custom_controller/share/custom_controller/launch/install/setup.zsh
-- Up-to-date: /homes/obluman/robotics_ws/install/custom_controller/share/ament_index/resource_index/package_run_dependencies/custom_controller
-- Up-to-date: /homes/obluman/robotics_ws/install/custom_controller/share/ament_index/resource_index/parent_prefix_path/custom_controller
-- Up-to-date: /homes/obluman/robotics_ws/install/custom_controller/share/custom_controller/environment/ament_prefix_path.sh
-- Up-to-date: /homes/obluman/robotics_ws/install/custom_controller/share/custom_controller/environment/ament_prefix_path.dsv
-- Up-to-date: /homes/obluman/robotics_ws/install/custom_controller/share/custom_controller/environment/path.sh
-- Up-to-date: /homes/obluman/robotics_ws/install/custom_controller/share/custom_controller/environment/path.dsv
-- Up-to-date: /homes/obluman/robotics_ws/install/custom_controller/share/custom_controller/local_setup.bash
-- Up-to-date: /homes/obluman/robotics_ws/install/custom_controller/share/custom_controller/local_setup.sh
-- Up-to-date: /homes/obluman/robotics_ws/install/custom_controller/share/custom_controller/local_setup.zsh
-- Up-to-date: /homes/obluman/robotics_ws/install/custom_controller/share/custom_controller/local_setup.dsv
-- Installing: /homes/obluman/robotics_ws/install/custom_controller/share/custom_controller/package.dsv
-- Up-to-date: /homes/obluman/robotics_ws/install/custom_controller/share/ament_index/resource_index/packages/custom_controller
-- Up-to-date: /homes/obluman/robotics_ws/install/custom_controller/share/custom_controller/cmake/custom_controllerConfig.cmake
-- Up-to-date: /homes/obluman/robotics_ws/install/custom_controller/share/custom_controller/cmake/custom_controllerConfig-version.cmake
-- Up-to-date: /homes/obluman/robotics_ws/install/custom_controller/share/custom_controller/package.xml
