[0.717s] Invoking command in '/homes/tlei/Robotics_Lab/ros2_ws/src/server_client': PYTHONPATH=/homes/tlei/Robotics_Lab/ros2_ws/build/server_client/prefix_override:/usr/lib/python3/dist-packages/colcon_core/task/python/colcon_distutils_commands:/homes/tlei/Robotics_Lab/ros2_ws/install/server_client/lib/python3.10/site-packages:${PYTHONPATH} VIRTUAL_ENV_PROMPT=(.env) /usr/bin/python3 -W ignore:setup.py install is deprecated -W ignore:easy_install command is deprecated setup.py egg_info --egg-base ../../build/server_client build --build-base /homes/tlei/Robotics_Lab/ros2_ws/build/server_client/build install --record /homes/tlei/Robotics_Lab/ros2_ws/build/server_client/install.log --single-version-externally-managed install_data
[0.997s] running egg_info
[0.998s] writing ../../build/server_client/server_client.egg-info/PKG-INFO
[1.000s] writing dependency_links to ../../build/server_client/server_client.egg-info/dependency_links.txt
[1.001s] writing entry points to ../../build/server_client/server_client.egg-info/entry_points.txt
[1.002s] writing requirements to ../../build/server_client/server_client.egg-info/requires.txt
[1.004s] writing top-level names to ../../build/server_client/server_client.egg-info/top_level.txt
[1.008s] reading manifest file '../../build/server_client/server_client.egg-info/SOURCES.txt'
[1.010s] adding license file 'LICENSE'
[1.011s] writing manifest file '../../build/server_client/server_client.egg-info/SOURCES.txt'
[1.011s] running build
[1.012s] running build_py
[1.012s] copying server_client/client.py -> /homes/tlei/Robotics_Lab/ros2_ws/build/server_client/build/lib/server_client
[1.014s] copying server_client/server.py -> /homes/tlei/Robotics_Lab/ros2_ws/build/server_client/build/lib/server_client
[1.016s] running install
[1.017s] running install_lib
[1.019s] copying /homes/tlei/Robotics_Lab/ros2_ws/build/server_client/build/lib/server_client/client.py -> /homes/tlei/Robotics_Lab/ros2_ws/install/server_client/lib/python3.10/site-packages/server_client
[1.021s] copying /homes/tlei/Robotics_Lab/ros2_ws/build/server_client/build/lib/server_client/server.py -> /homes/tlei/Robotics_Lab/ros2_ws/install/server_client/lib/python3.10/site-packages/server_client
[1.024s] byte-compiling /homes/tlei/Robotics_Lab/ros2_ws/install/server_client/lib/python3.10/site-packages/server_client/client.py to client.cpython-310.pyc
[1.026s] byte-compiling /homes/tlei/Robotics_Lab/ros2_ws/install/server_client/lib/python3.10/site-packages/server_client/server.py to server.cpython-310.pyc
[1.029s] running install_data
[1.029s] running install_egg_info
[1.031s] removing '/homes/tlei/Robotics_Lab/ros2_ws/install/server_client/lib/python3.10/site-packages/server_client-0.0.0-py3.10.egg-info' (and everything under it)
[1.034s] Copying ../../build/server_client/server_client.egg-info to /homes/tlei/Robotics_Lab/ros2_ws/install/server_client/lib/python3.10/site-packages/server_client-0.0.0-py3.10.egg-info
[1.050s] running install_scripts
[1.071s] Installing client script to /homes/tlei/Robotics_Lab/ros2_ws/install/server_client/lib/server_client
[1.072s] Installing server script to /homes/tlei/Robotics_Lab/ros2_ws/install/server_client/lib/server_client
[1.075s] writing list of installed files to '/homes/tlei/Robotics_Lab/ros2_ws/build/server_client/install.log'
[1.095s] Invoked command in '/homes/tlei/Robotics_Lab/ros2_ws/src/server_client' returned '0': PYTHONPATH=/homes/tlei/Robotics_Lab/ros2_ws/build/server_client/prefix_override:/usr/lib/python3/dist-packages/colcon_core/task/python/colcon_distutils_commands:/homes/tlei/Robotics_Lab/ros2_ws/install/server_client/lib/python3.10/site-packages:${PYTHONPATH} VIRTUAL_ENV_PROMPT=(.env) /usr/bin/python3 -W ignore:setup.py install is deprecated -W ignore:easy_install command is deprecated setup.py egg_info --egg-base ../../build/server_client build --build-base /homes/tlei/Robotics_Lab/ros2_ws/build/server_client/build install --record /homes/tlei/Robotics_Lab/ros2_ws/build/server_client/install.log --single-version-externally-managed install_data
