[1.682s] Invoking command in '/homes/obluman/Robotics_Lab/ros2_ws/src/talker_listener': PYTHONPATH=/homes/obluman/Robotics_Lab/ros2_ws/build/talker_listener/prefix_override:/usr/lib/python3/dist-packages/colcon_core/task/python/colcon_distutils_commands:/homes/obluman/Robotics_Lab/ros2_ws/install/talker_listener/lib/python3.10/site-packages:${PYTHONPATH} /usr/bin/python3 -W ignore:setup.py install is deprecated -W ignore:easy_install command is deprecated setup.py egg_info --egg-base ../../build/talker_listener build --build-base /homes/obluman/Robotics_Lab/ros2_ws/build/talker_listener/build install --record /homes/obluman/Robotics_Lab/ros2_ws/build/talker_listener/install.log --single-version-externally-managed install_data
[1.970s] running egg_info
[1.971s] writing ../../build/talker_listener/talker_listener.egg-info/PKG-INFO
[1.972s] writing dependency_links to ../../build/talker_listener/talker_listener.egg-info/dependency_links.txt
[1.974s] writing entry points to ../../build/talker_listener/talker_listener.egg-info/entry_points.txt
[1.975s] writing requirements to ../../build/talker_listener/talker_listener.egg-info/requires.txt
[1.976s] writing top-level names to ../../build/talker_listener/talker_listener.egg-info/top_level.txt
[1.981s] reading manifest file '../../build/talker_listener/talker_listener.egg-info/SOURCES.txt'
[1.983s] writing manifest file '../../build/talker_listener/talker_listener.egg-info/SOURCES.txt'
[1.984s] running build
[1.984s] running build_py
[1.985s] running install
[1.986s] running install_lib
[1.989s] running install_data
[1.990s] running install_egg_info
[1.992s] removing '/homes/obluman/Robotics_Lab/ros2_ws/install/talker_listener/lib/python3.10/site-packages/talker_listener-0.0.0-py3.10.egg-info' (and everything under it)
[1.995s] Copying ../../build/talker_listener/talker_listener.egg-info to /homes/obluman/Robotics_Lab/ros2_ws/install/talker_listener/lib/python3.10/site-packages/talker_listener-0.0.0-py3.10.egg-info
[2.012s] running install_scripts
[2.035s] Installing listener script to /homes/obluman/Robotics_Lab/ros2_ws/install/talker_listener/lib/talker_listener
[2.036s] Installing talker script to /homes/obluman/Robotics_Lab/ros2_ws/install/talker_listener/lib/talker_listener
[2.038s] writing list of installed files to '/homes/obluman/Robotics_Lab/ros2_ws/build/talker_listener/install.log'
[2.070s] Invoked command in '/homes/obluman/Robotics_Lab/ros2_ws/src/talker_listener' returned '0': PYTHONPATH=/homes/obluman/Robotics_Lab/ros2_ws/build/talker_listener/prefix_override:/usr/lib/python3/dist-packages/colcon_core/task/python/colcon_distutils_commands:/homes/obluman/Robotics_Lab/ros2_ws/install/talker_listener/lib/python3.10/site-packages:${PYTHONPATH} /usr/bin/python3 -W ignore:setup.py install is deprecated -W ignore:easy_install command is deprecated setup.py egg_info --egg-base ../../build/talker_listener build --build-base /homes/obluman/Robotics_Lab/ros2_ws/build/talker_listener/build install --record /homes/obluman/Robotics_Lab/ros2_ws/build/talker_listener/install.log --single-version-externally-managed install_data
